running egg_info
creating ../../build/my_gyro_pkg/my_gyro_pkg.egg-info
writing ../../build/my_gyro_pkg/my_gyro_pkg.egg-info/PKG-INFO
writing dependency_links to ../../build/my_gyro_pkg/my_gyro_pkg.egg-info/dependency_links.txt
writing entry points to ../../build/my_gyro_pkg/my_gyro_pkg.egg-info/entry_points.txt
writing requirements to ../../build/my_gyro_pkg/my_gyro_pkg.egg-info/requires.txt
writing top-level names to ../../build/my_gyro_pkg/my_gyro_pkg.egg-info/top_level.txt
writing manifest file '../../build/my_gyro_pkg/my_gyro_pkg.egg-info/SOURCES.txt'
reading manifest file '../../build/my_gyro_pkg/my_gyro_pkg.egg-info/SOURCES.txt'
writing manifest file '../../build/my_gyro_pkg/my_gyro_pkg.egg-info/SOURCES.txt'
running build
running build_py
creating /home/user/high_tide_ws/build/my_gyro_pkg/build
creating /home/user/high_tide_ws/build/my_gyro_pkg/build/lib
creating /home/user/high_tide_ws/build/my_gyro_pkg/build/lib/my_gyro_pkg
copying my_gyro_pkg/fog_node.py -> /home/user/high_tide_ws/build/my_gyro_pkg/build/lib/my_gyro_pkg
copying my_gyro_pkg/__init__.py -> /home/user/high_tide_ws/build/my_gyro_pkg/build/lib/my_gyro_pkg
copying my_gyro_pkg/fog.py -> /home/user/high_tide_ws/build/my_gyro_pkg/build/lib/my_gyro_pkg
running install
running install_lib
creating /home/user/high_tide_ws/install/my_gyro_pkg/lib/python3.10/site-packages/my_gyro_pkg
copying /home/user/high_tide_ws/build/my_gyro_pkg/build/lib/my_gyro_pkg/fog_node.py -> /home/user/high_tide_ws/install/my_gyro_pkg/lib/python3.10/site-packages/my_gyro_pkg
copying /home/user/high_tide_ws/build/my_gyro_pkg/build/lib/my_gyro_pkg/__init__.py -> /home/user/high_tide_ws/install/my_gyro_pkg/lib/python3.10/site-packages/my_gyro_pkg
copying /home/user/high_tide_ws/build/my_gyro_pkg/build/lib/my_gyro_pkg/fog.py -> /home/user/high_tide_ws/install/my_gyro_pkg/lib/python3.10/site-packages/my_gyro_pkg
byte-compiling /home/user/high_tide_ws/install/my_gyro_pkg/lib/python3.10/site-packages/my_gyro_pkg/fog_node.py to fog_node.cpython-310.pyc
byte-compiling /home/user/high_tide_ws/install/my_gyro_pkg/lib/python3.10/site-packages/my_gyro_pkg/__init__.py to __init__.cpython-310.pyc
byte-compiling /home/user/high_tide_ws/install/my_gyro_pkg/lib/python3.10/site-packages/my_gyro_pkg/fog.py to fog.cpython-310.pyc
running install_data
creating /home/user/high_tide_ws/install/my_gyro_pkg/share/ament_index
creating /home/user/high_tide_ws/install/my_gyro_pkg/share/ament_index/resource_index
creating /home/user/high_tide_ws/install/my_gyro_pkg/share/ament_index/resource_index/packages
copying resource/my_gyro_pkg -> /home/user/high_tide_ws/install/my_gyro_pkg/share/ament_index/resource_index/packages
copying package.xml -> /home/user/high_tide_ws/install/my_gyro_pkg/share/my_gyro_pkg
running install_egg_info
Copying ../../build/my_gyro_pkg/my_gyro_pkg.egg-info to /home/user/high_tide_ws/install/my_gyro_pkg/lib/python3.10/site-packages/my_gyro_pkg-0.0.0-py3.10.egg-info
running install_scripts
Installing fog_node script to /home/user/high_tide_ws/install/my_gyro_pkg/lib/my_gyro_pkg
writing list of installed files to '/home/user/high_tide_ws/build/my_gyro_pkg/install.log'
