[  0%] Built target ament_cmake_python_copy_ht_messages
[  9%] Built target ht_messages__rosidl_generator_c
[ 12%] Built target ht_messages__cpp
[ 22%] Built target ht_messages__rosidl_typesupport_introspection_c
[ 32%] Built target ht_messages__rosidl_typesupport_fastrtps_c
[ 41%] Built target ht_messages__rosidl_typesupport_c
[ 51%] Built target ht_messages__rosidl_typesupport_introspection_cpp
[ 61%] Built target ht_messages__rosidl_typesupport_fastrtps_cpp
[ 70%] Built target ht_messages__rosidl_typesupport_cpp
[ 70%] Built target ht_messages
[ 74%] Built target ht_messages__py
[ 80%] Built target ht_messages__rosidl_generator_py
[ 87%] Built target ht_messages__rosidl_typesupport_introspection_c__pyext
[ 93%] Built target ht_messages__rosidl_typesupport_fastrtps_c__pyext
[100%] Built target ht_messages__rosidl_typesupport_c__pyext
running egg_info
writing ht_messages.egg-info/PKG-INFO
writing dependency_links to ht_messages.egg-info/dependency_links.txt
writing top-level names to ht_messages.egg-info/top_level.txt
reading manifest file 'ht_messages.egg-info/SOURCES.txt'
writing manifest file 'ht_messages.egg-info/SOURCES.txt'
[100%] Built target ament_cmake_python_build_ht_messages_egg
-- Install configuration: ""
-- Up-to-date: /home/user/high_tide_ws/install/ht_messages/share/ament_index/resource_index/rosidl_interfaces/ht_messages
-- Up-to-date: /home/user/high_tide_ws/install/ht_messages/include/ht_messages/ht_messages
-- Up-to-date: /home/user/high_tide_ws/install/ht_messages/include/ht_messages/ht_messages/msg
-- Up-to-date: /home/user/high_tide_ws/install/ht_messages/include/ht_messages/ht_messages/msg/rosidl_generator_c__visibility_control.h
-- Up-to-date: /home/user/high_tide_ws/install/ht_messages/include/ht_messages/ht_messages/msg/detail
-- Up-to-date: /home/user/high_tide_ws/install/ht_messages/include/ht_messages/ht_messages/msg/detail/example__functions.h
-- Up-to-date: /home/user/high_tide_ws/install/ht_messages/include/ht_messages/ht_messages/msg/detail/example__struct.h
-- Up-to-date: /home/user/high_tide_ws/install/ht_messages/include/ht_messages/ht_messages/msg/detail/example__functions.c
-- Up-to-date: /home/user/high_tide_ws/install/ht_messages/include/ht_messages/ht_messages/msg/detail/example__type_support.h
-- Up-to-date: /home/user/high_tide_ws/install/ht_messages/include/ht_messages/ht_messages/msg/example.h
-- Up-to-date: /home/user/high_tide_ws/install/ht_messages/share/ht_messages/environment/library_path.sh
-- Up-to-date: /home/user/high_tide_ws/install/ht_messages/share/ht_messages/environment/library_path.dsv
-- Up-to-date: /home/user/high_tide_ws/install/ht_messages/lib/libht_messages__rosidl_generator_c.so
-- Up-to-date: /home/user/high_tide_ws/install/ht_messages/include/ht_messages/ht_messages
-- Up-to-date: /home/user/high_tide_ws/install/ht_messages/include/ht_messages/ht_messages/msg
-- Up-to-date: /home/user/high_tide_ws/install/ht_messages/include/ht_messages/ht_messages/msg/rosidl_typesupport_fastrtps_c__visibility_control.h
-- Up-to-date: /home/user/high_tide_ws/install/ht_messages/include/ht_messages/ht_messages/msg/detail
-- Up-to-date: /home/user/high_tide_ws/install/ht_messages/include/ht_messages/ht_messages/msg/detail/example__rosidl_typesupport_fastrtps_c.h
-- Up-to-date: /home/user/high_tide_ws/install/ht_messages/lib/libht_messages__rosidl_typesupport_fastrtps_c.so
-- Up-to-date: /home/user/high_tide_ws/install/ht_messages/include/ht_messages/ht_messages
-- Up-to-date: /home/user/high_tide_ws/install/ht_messages/include/ht_messages/ht_messages/msg
-- Up-to-date: /home/user/high_tide_ws/install/ht_messages/include/ht_messages/ht_messages/msg/detail
-- Up-to-date: /home/user/high_tide_ws/install/ht_messages/include/ht_messages/ht_messages/msg/detail/example__rosidl_typesupport_introspection_c.h
-- Up-to-date: /home/user/high_tide_ws/install/ht_messages/include/ht_messages/ht_messages/msg/detail/example__type_support.c
-- Up-to-date: /home/user/high_tide_ws/install/ht_messages/include/ht_messages/ht_messages/msg/rosidl_typesupport_introspection_c__visibility_control.h
-- Up-to-date: /home/user/high_tide_ws/install/ht_messages/lib/libht_messages__rosidl_typesupport_introspection_c.so
-- Up-to-date: /home/user/high_tide_ws/install/ht_messages/lib/libht_messages__rosidl_typesupport_c.so
-- Up-to-date: /home/user/high_tide_ws/install/ht_messages/include/ht_messages/ht_messages
-- Up-to-date: /home/user/high_tide_ws/install/ht_messages/include/ht_messages/ht_messages/msg
-- Up-to-date: /home/user/high_tide_ws/install/ht_messages/include/ht_messages/ht_messages/msg/rosidl_generator_cpp__visibility_control.hpp
-- Up-to-date: /home/user/high_tide_ws/install/ht_messages/include/ht_messages/ht_messages/msg/example.hpp
-- Up-to-date: /home/user/high_tide_ws/install/ht_messages/include/ht_messages/ht_messages/msg/detail
-- Up-to-date: /home/user/high_tide_ws/install/ht_messages/include/ht_messages/ht_messages/msg/detail/example__struct.hpp
-- Up-to-date: /home/user/high_tide_ws/install/ht_messages/include/ht_messages/ht_messages/msg/detail/example__builder.hpp
-- Up-to-date: /home/user/high_tide_ws/install/ht_messages/include/ht_messages/ht_messages/msg/detail/example__traits.hpp
-- Up-to-date: /home/user/high_tide_ws/install/ht_messages/include/ht_messages/ht_messages/msg/detail/example__type_support.hpp
-- Up-to-date: /home/user/high_tide_ws/install/ht_messages/include/ht_messages/ht_messages
-- Up-to-date: /home/user/high_tide_ws/install/ht_messages/include/ht_messages/ht_messages/msg
-- Up-to-date: /home/user/high_tide_ws/install/ht_messages/include/ht_messages/ht_messages/msg/rosidl_typesupport_fastrtps_cpp__visibility_control.h
-- Up-to-date: /home/user/high_tide_ws/install/ht_messages/include/ht_messages/ht_messages/msg/detail
-- Up-to-date: /home/user/high_tide_ws/install/ht_messages/include/ht_messages/ht_messages/msg/detail/example__rosidl_typesupport_fastrtps_cpp.hpp
-- Up-to-date: /home/user/high_tide_ws/install/ht_messages/include/ht_messages/ht_messages/msg/detail/dds_fastrtps
-- Up-to-date: /home/user/high_tide_ws/install/ht_messages/lib/libht_messages__rosidl_typesupport_fastrtps_cpp.so
-- Up-to-date: /home/user/high_tide_ws/install/ht_messages/include/ht_messages/ht_messages
-- Up-to-date: /home/user/high_tide_ws/install/ht_messages/include/ht_messages/ht_messages/msg
-- Up-to-date: /home/user/high_tide_ws/install/ht_messages/include/ht_messages/ht_messages/msg/detail
-- Up-to-date: /home/user/high_tide_ws/install/ht_messages/include/ht_messages/ht_messages/msg/detail/example__type_support.cpp
-- Up-to-date: /home/user/high_tide_ws/install/ht_messages/include/ht_messages/ht_messages/msg/detail/example__rosidl_typesupport_introspection_cpp.hpp
-- Up-to-date: /home/user/high_tide_ws/install/ht_messages/lib/libht_messages__rosidl_typesupport_introspection_cpp.so
-- Up-to-date: /home/user/high_tide_ws/install/ht_messages/lib/libht_messages__rosidl_typesupport_cpp.so
-- Up-to-date: /home/user/high_tide_ws/install/ht_messages/share/ht_messages/environment/pythonpath.sh
-- Up-to-date: /home/user/high_tide_ws/install/ht_messages/share/ht_messages/environment/pythonpath.dsv
-- Up-to-date: /home/user/high_tide_ws/install/ht_messages/local/lib/python3.10/dist-packages/ht_messages-0.0.0-py3.10.egg-info
-- Installing: /home/user/high_tide_ws/install/ht_messages/local/lib/python3.10/dist-packages/ht_messages-0.0.0-py3.10.egg-info/PKG-INFO
-- Installing: /home/user/high_tide_ws/install/ht_messages/local/lib/python3.10/dist-packages/ht_messages-0.0.0-py3.10.egg-info/dependency_links.txt
-- Installing: /home/user/high_tide_ws/install/ht_messages/local/lib/python3.10/dist-packages/ht_messages-0.0.0-py3.10.egg-info/SOURCES.txt
-- Installing: /home/user/high_tide_ws/install/ht_messages/local/lib/python3.10/dist-packages/ht_messages-0.0.0-py3.10.egg-info/top_level.txt
-- Up-to-date: /home/user/high_tide_ws/install/ht_messages/local/lib/python3.10/dist-packages/ht_messages
-- Up-to-date: /home/user/high_tide_ws/install/ht_messages/local/lib/python3.10/dist-packages/ht_messages/msg
-- Up-to-date: /home/user/high_tide_ws/install/ht_messages/local/lib/python3.10/dist-packages/ht_messages/msg/__init__.py
-- Up-to-date: /home/user/high_tide_ws/install/ht_messages/local/lib/python3.10/dist-packages/ht_messages/msg/_example.py
-- Up-to-date: /home/user/high_tide_ws/install/ht_messages/local/lib/python3.10/dist-packages/ht_messages/msg/_example_s.c
-- Up-to-date: /home/user/high_tide_ws/install/ht_messages/local/lib/python3.10/dist-packages/ht_messages/libht_messages__rosidl_generator_py.so
-- Up-to-date: /home/user/high_tide_ws/install/ht_messages/local/lib/python3.10/dist-packages/ht_messages/ht_messages_s__rosidl_typesupport_introspection_c.cpython-310-aarch64-linux-gnu.so
-- Up-to-date: /home/user/high_tide_ws/install/ht_messages/local/lib/python3.10/dist-packages/ht_messages/_ht_messages_s.ep.rosidl_typesupport_fastrtps_c.c
-- Up-to-date: /home/user/high_tide_ws/install/ht_messages/local/lib/python3.10/dist-packages/ht_messages/_ht_messages_s.ep.rosidl_typesupport_c.c
-- Up-to-date: /home/user/high_tide_ws/install/ht_messages/local/lib/python3.10/dist-packages/ht_messages/ht_messages_s__rosidl_typesupport_fastrtps_c.cpython-310-aarch64-linux-gnu.so
-- Up-to-date: /home/user/high_tide_ws/install/ht_messages/local/lib/python3.10/dist-packages/ht_messages/__init__.py
-- Up-to-date: /home/user/high_tide_ws/install/ht_messages/local/lib/python3.10/dist-packages/ht_messages/_ht_messages_s.ep.rosidl_typesupport_introspection_c.c
-- Up-to-date: /home/user/high_tide_ws/install/ht_messages/local/lib/python3.10/dist-packages/ht_messages/ht_messages_s__rosidl_typesupport_c.cpython-310-aarch64-linux-gnu.so
Listing '/home/user/high_tide_ws/install/ht_messages/local/lib/python3.10/dist-packages/ht_messages'...
Listing '/home/user/high_tide_ws/install/ht_messages/local/lib/python3.10/dist-packages/ht_messages/msg'...
-- Up-to-date: /home/user/high_tide_ws/install/ht_messages/local/lib/python3.10/dist-packages/ht_messages/ht_messages_s__rosidl_typesupport_fastrtps_c.cpython-310-aarch64-linux-gnu.so
-- Up-to-date: /home/user/high_tide_ws/install/ht_messages/local/lib/python3.10/dist-packages/ht_messages/ht_messages_s__rosidl_typesupport_introspection_c.cpython-310-aarch64-linux-gnu.so
-- Up-to-date: /home/user/high_tide_ws/install/ht_messages/local/lib/python3.10/dist-packages/ht_messages/ht_messages_s__rosidl_typesupport_c.cpython-310-aarch64-linux-gnu.so
-- Up-to-date: /home/user/high_tide_ws/install/ht_messages/lib/libht_messages__rosidl_generator_py.so
-- Up-to-date: /home/user/high_tide_ws/install/ht_messages/share/ht_messages/msg/Example.idl
-- Up-to-date: /home/user/high_tide_ws/install/ht_messages/share/ht_messages/msg/Example.msg
-- Up-to-date: /home/user/high_tide_ws/install/ht_messages/share/ament_index/resource_index/package_run_dependencies/ht_messages
-- Up-to-date: /home/user/high_tide_ws/install/ht_messages/share/ament_index/resource_index/parent_prefix_path/ht_messages
-- Up-to-date: /home/user/high_tide_ws/install/ht_messages/share/ht_messages/environment/ament_prefix_path.sh
-- Up-to-date: /home/user/high_tide_ws/install/ht_messages/share/ht_messages/environment/ament_prefix_path.dsv
-- Up-to-date: /home/user/high_tide_ws/install/ht_messages/share/ht_messages/environment/path.sh
-- Up-to-date: /home/user/high_tide_ws/install/ht_messages/share/ht_messages/environment/path.dsv
-- Up-to-date: /home/user/high_tide_ws/install/ht_messages/share/ht_messages/local_setup.bash
-- Up-to-date: /home/user/high_tide_ws/install/ht_messages/share/ht_messages/local_setup.sh
-- Up-to-date: /home/user/high_tide_ws/install/ht_messages/share/ht_messages/local_setup.zsh
-- Up-to-date: /home/user/high_tide_ws/install/ht_messages/share/ht_messages/local_setup.dsv
-- Installing: /home/user/high_tide_ws/install/ht_messages/share/ht_messages/package.dsv
-- Up-to-date: /home/user/high_tide_ws/install/ht_messages/share/ament_index/resource_index/packages/ht_messages
-- Up-to-date: /home/user/high_tide_ws/install/ht_messages/share/ht_messages/cmake/export_ht_messages__rosidl_generator_cExport.cmake
-- Up-to-date: /home/user/high_tide_ws/install/ht_messages/share/ht_messages/cmake/export_ht_messages__rosidl_generator_cExport-noconfig.cmake
-- Up-to-date: /home/user/high_tide_ws/install/ht_messages/share/ht_messages/cmake/export_ht_messages__rosidl_typesupport_fastrtps_cExport.cmake
-- Up-to-date: /home/user/high_tide_ws/install/ht_messages/share/ht_messages/cmake/export_ht_messages__rosidl_typesupport_fastrtps_cExport-noconfig.cmake
-- Up-to-date: /home/user/high_tide_ws/install/ht_messages/share/ht_messages/cmake/ht_messages__rosidl_typesupport_introspection_cExport.cmake
-- Up-to-date: /home/user/high_tide_ws/install/ht_messages/share/ht_messages/cmake/ht_messages__rosidl_typesupport_introspection_cExport-noconfig.cmake
-- Up-to-date: /home/user/high_tide_ws/install/ht_messages/share/ht_messages/cmake/ht_messages__rosidl_typesupport_cExport.cmake
-- Up-to-date: /home/user/high_tide_ws/install/ht_messages/share/ht_messages/cmake/ht_messages__rosidl_typesupport_cExport-noconfig.cmake
-- Up-to-date: /home/user/high_tide_ws/install/ht_messages/share/ht_messages/cmake/export_ht_messages__rosidl_generator_cppExport.cmake
-- Up-to-date: /home/user/high_tide_ws/install/ht_messages/share/ht_messages/cmake/export_ht_messages__rosidl_typesupport_fastrtps_cppExport.cmake
-- Up-to-date: /home/user/high_tide_ws/install/ht_messages/share/ht_messages/cmake/export_ht_messages__rosidl_typesupport_fastrtps_cppExport-noconfig.cmake
-- Up-to-date: /home/user/high_tide_ws/install/ht_messages/share/ht_messages/cmake/ht_messages__rosidl_typesupport_introspection_cppExport.cmake
-- Up-to-date: /home/user/high_tide_ws/install/ht_messages/share/ht_messages/cmake/ht_messages__rosidl_typesupport_introspection_cppExport-noconfig.cmake
-- Up-to-date: /home/user/high_tide_ws/install/ht_messages/share/ht_messages/cmake/ht_messages__rosidl_typesupport_cppExport.cmake
-- Up-to-date: /home/user/high_tide_ws/install/ht_messages/share/ht_messages/cmake/ht_messages__rosidl_typesupport_cppExport-noconfig.cmake
-- Up-to-date: /home/user/high_tide_ws/install/ht_messages/share/ht_messages/cmake/export_ht_messages__rosidl_generator_pyExport.cmake
-- Up-to-date: /home/user/high_tide_ws/install/ht_messages/share/ht_messages/cmake/export_ht_messages__rosidl_generator_pyExport-noconfig.cmake
-- Up-to-date: /home/user/high_tide_ws/install/ht_messages/share/ht_messages/cmake/rosidl_cmake-extras.cmake
-- Up-to-date: /home/user/high_tide_ws/install/ht_messages/share/ht_messages/cmake/ament_cmake_export_dependencies-extras.cmake
-- Up-to-date: /home/user/high_tide_ws/install/ht_messages/share/ht_messages/cmake/ament_cmake_export_include_directories-extras.cmake
-- Up-to-date: /home/user/high_tide_ws/install/ht_messages/share/ht_messages/cmake/ament_cmake_export_libraries-extras.cmake
-- Up-to-date: /home/user/high_tide_ws/install/ht_messages/share/ht_messages/cmake/ament_cmake_export_targets-extras.cmake
-- Up-to-date: /home/user/high_tide_ws/install/ht_messages/share/ht_messages/cmake/rosidl_cmake_export_typesupport_targets-extras.cmake
-- Up-to-date: /home/user/high_tide_ws/install/ht_messages/share/ht_messages/cmake/rosidl_cmake_export_typesupport_libraries-extras.cmake
-- Up-to-date: /home/user/high_tide_ws/install/ht_messages/share/ht_messages/cmake/ht_messagesConfig.cmake
-- Up-to-date: /home/user/high_tide_ws/install/ht_messages/share/ht_messages/cmake/ht_messagesConfig-version.cmake
-- Up-to-date: /home/user/high_tide_ws/install/ht_messages/share/ht_messages/package.xml
