/home/thejas/high_tide_ws/src/install/ht_core/lib/python3.10/site-packages/ht_core/fwd.py
/home/thejas/high_tide_ws/src/install/ht_core/lib/python3.10/site-packages/ht_core/test_node.py
/home/thejas/high_tide_ws/src/install/ht_core/lib/python3.10/site-packages/ht_core/__init__.py
/home/thejas/high_tide_ws/src/install/ht_core/lib/python3.10/site-packages/ht_core/depth_node.py
/home/thejas/high_tide_ws/src/install/ht_core/lib/python3.10/site-packages/ht_core/mission_node.py
/home/thejas/high_tide_ws/src/install/ht_core/lib/python3.10/site-packages/ht_core/state_machine.py
/home/thejas/high_tide_ws/src/install/ht_core/lib/python3.10/site-packages/ht_core/missions/bravo.py
/home/thejas/high_tide_ws/src/install/ht_core/lib/python3.10/site-packages/ht_core/missions/charlie2.py
/home/thejas/high_tide_ws/src/install/ht_core/lib/python3.10/site-packages/ht_core/missions/bravo2.py
/home/thejas/high_tide_ws/src/install/ht_core/lib/python3.10/site-packages/ht_core/missions/__init__.py
/home/thejas/high_tide_ws/src/install/ht_core/lib/python3.10/site-packages/ht_core/missions/best_mission.py
/home/thejas/high_tide_ws/src/install/ht_core/lib/python3.10/site-packages/ht_core/missions/delta.py
/home/thejas/high_tide_ws/src/install/ht_core/lib/python3.10/site-packages/ht_core/missions/charlie.py
/home/thejas/high_tide_ws/src/install/ht_core/lib/python3.10/site-packages/ht_core/missions/alpha.py
/home/thejas/high_tide_ws/src/install/ht_core/lib/python3.10/site-packages/ht_core/__pycache__/fwd.cpython-310.pyc
/home/thejas/high_tide_ws/src/install/ht_core/lib/python3.10/site-packages/ht_core/__pycache__/test_node.cpython-310.pyc
/home/thejas/high_tide_ws/src/install/ht_core/lib/python3.10/site-packages/ht_core/__pycache__/__init__.cpython-310.pyc
/home/thejas/high_tide_ws/src/install/ht_core/lib/python3.10/site-packages/ht_core/__pycache__/depth_node.cpython-310.pyc
/home/thejas/high_tide_ws/src/install/ht_core/lib/python3.10/site-packages/ht_core/__pycache__/mission_node.cpython-310.pyc
/home/thejas/high_tide_ws/src/install/ht_core/lib/python3.10/site-packages/ht_core/__pycache__/state_machine.cpython-310.pyc
/home/thejas/high_tide_ws/src/install/ht_core/lib/python3.10/site-packages/ht_core/missions/__pycache__/bravo.cpython-310.pyc
/home/thejas/high_tide_ws/src/install/ht_core/lib/python3.10/site-packages/ht_core/missions/__pycache__/charlie2.cpython-310.pyc
/home/thejas/high_tide_ws/src/install/ht_core/lib/python3.10/site-packages/ht_core/missions/__pycache__/bravo2.cpython-310.pyc
/home/thejas/high_tide_ws/src/install/ht_core/lib/python3.10/site-packages/ht_core/missions/__pycache__/__init__.cpython-310.pyc
/home/thejas/high_tide_ws/src/install/ht_core/lib/python3.10/site-packages/ht_core/missions/__pycache__/best_mission.cpython-310.pyc
/home/thejas/high_tide_ws/src/install/ht_core/lib/python3.10/site-packages/ht_core/missions/__pycache__/delta.cpython-310.pyc
/home/thejas/high_tide_ws/src/install/ht_core/lib/python3.10/site-packages/ht_core/missions/__pycache__/charlie.cpython-310.pyc
/home/thejas/high_tide_ws/src/install/ht_core/lib/python3.10/site-packages/ht_core/missions/__pycache__/alpha.cpython-310.pyc
/home/thejas/high_tide_ws/src/install/ht_core/share/ament_index/resource_index/packages/ht_core
/home/thejas/high_tide_ws/src/install/ht_core/share/ht_core/package.xml
/home/thejas/high_tide_ws/src/install/ht_core/share/ht_core/launch/mission_node.launch.py
/home/thejas/high_tide_ws/src/install/ht_core/lib/python3.10/site-packages/ht_core-0.0.1-py3.10.egg-info/requires.txt
/home/thejas/high_tide_ws/src/install/ht_core/lib/python3.10/site-packages/ht_core-0.0.1-py3.10.egg-info/PKG-INFO
/home/thejas/high_tide_ws/src/install/ht_core/lib/python3.10/site-packages/ht_core-0.0.1-py3.10.egg-info/SOURCES.txt
/home/thejas/high_tide_ws/src/install/ht_core/lib/python3.10/site-packages/ht_core-0.0.1-py3.10.egg-info/dependency_links.txt
/home/thejas/high_tide_ws/src/install/ht_core/lib/python3.10/site-packages/ht_core-0.0.1-py3.10.egg-info/entry_points.txt
/home/thejas/high_tide_ws/src/install/ht_core/lib/python3.10/site-packages/ht_core-0.0.1-py3.10.egg-info/zip-safe
/home/thejas/high_tide_ws/src/install/ht_core/lib/python3.10/site-packages/ht_core-0.0.1-py3.10.egg-info/top_level.txt
/home/thejas/high_tide_ws/src/install/ht_core/lib/ht_core/depth_node
/home/thejas/high_tide_ws/src/install/ht_core/lib/ht_core/mission_node
