[0.419s] DEBUG:colcon:Command line arguments: ['/usr/bin/colcon', 'build']
[0.419s] DEBUG:colcon:Parsed command line arguments: Namespace(log_base=None, log_level=None, verb_name='build', build_base='build', install_base='install', merge_install=False, symlink_install=False, test_result_base=None, continue_on_error=False, executor='parallel', parallel_workers=4, event_handlers=None, ignore_user_meta=False, metas=['./colcon.meta'], base_paths=['.'], packages_ignore=None, packages_ignore_regex=None, paths=None, packages_up_to=None, packages_up_to_regex=None, packages_above=None, packages_above_and_dependencies=None, packages_above_depth=None, packages_select_by_dep=None, packages_skip_by_dep=None, packages_skip_up_to=None, packages_select_build_failed=False, packages_skip_build_finished=False, packages_select_test_failures=False, packages_skip_test_passed=False, packages_select=None, packages_skip=None, packages_select_regex=None, packages_skip_regex=None, packages_start=None, packages_end=None, allow_overriding=[], cmake_args=None, cmake_target=None, cmake_target_skip_unavailable=False, cmake_clean_cache=False, cmake_clean_first=False, cmake_force_configure=False, ament_cmake_args=None, catkin_cmake_args=None, catkin_skip_building_tests=False, verb_parser=<colcon_defaults.argument_parser.defaults.DefaultArgumentsDecorator object at 0xffff9da773a0>, verb_extension=<colcon_core.verb.build.BuildVerb object at 0xffff9dc6c700>, main=<bound method BuildVerb.main of <colcon_core.verb.build.BuildVerb object at 0xffff9dc6c700>>)
[1.060s] Level 1:colcon.colcon_core.package_discovery:discover_packages(colcon_meta) check parameters
[1.060s] Level 1:colcon.colcon_core.package_discovery:discover_packages(recursive) check parameters
[1.060s] Level 1:colcon.colcon_core.package_discovery:discover_packages(ignore) check parameters
[1.061s] Level 1:colcon.colcon_core.package_discovery:discover_packages(path) check parameters
[1.061s] Level 1:colcon.colcon_core.package_discovery:discover_packages(colcon_meta) discover
[1.061s] Level 1:colcon.colcon_core.package_discovery:discover_packages(recursive) discover
[1.061s] INFO:colcon.colcon_core.package_discovery:Crawling recursively for packages in '/home/user/high_tide_ws'
[1.061s] Level 1:colcon.colcon_core.package_identification:_identify(.) by extensions ['ignore', 'ignore_ament_install']
[1.062s] Level 1:colcon.colcon_core.package_identification:_identify(.) by extension 'ignore'
[1.062s] Level 1:colcon.colcon_core.package_identification:_identify(.) by extension 'ignore_ament_install'
[1.062s] Level 1:colcon.colcon_core.package_identification:_identify(.) by extensions ['colcon_pkg']
[1.062s] Level 1:colcon.colcon_core.package_identification:_identify(.) by extension 'colcon_pkg'
[1.063s] Level 1:colcon.colcon_core.package_identification:_identify(.) by extensions ['colcon_meta']
[1.063s] Level 1:colcon.colcon_core.package_identification:_identify(.) by extension 'colcon_meta'
[1.063s] Level 1:colcon.colcon_core.package_identification:_identify(.) by extensions ['ros']
[1.063s] Level 1:colcon.colcon_core.package_identification:_identify(.) by extension 'ros'
[1.101s] Level 1:colcon.colcon_core.package_identification:_identify(.) by extensions ['cmake', 'python']
[1.102s] Level 1:colcon.colcon_core.package_identification:_identify(.) by extension 'cmake'
[1.102s] Level 1:colcon.colcon_core.package_identification:_identify(.) by extension 'python'
[1.102s] Level 1:colcon.colcon_core.package_identification:_identify(.) by extensions ['python_setup_py']
[1.102s] Level 1:colcon.colcon_core.package_identification:_identify(.) by extension 'python_setup_py'
[1.103s] Level 1:colcon.colcon_core.package_identification:_identify(build) by extensions ['ignore', 'ignore_ament_install']
[1.103s] Level 1:colcon.colcon_core.package_identification:_identify(build) by extension 'ignore'
[1.103s] Level 1:colcon.colcon_core.package_identification:_identify(build) ignored
[1.104s] Level 1:colcon.colcon_core.package_identification:_identify(install) by extensions ['ignore', 'ignore_ament_install']
[1.104s] Level 1:colcon.colcon_core.package_identification:_identify(install) by extension 'ignore'
[1.104s] Level 1:colcon.colcon_core.package_identification:_identify(install) ignored
[1.105s] Level 1:colcon.colcon_core.package_identification:_identify(log) by extensions ['ignore', 'ignore_ament_install']
[1.105s] Level 1:colcon.colcon_core.package_identification:_identify(log) by extension 'ignore'
[1.105s] Level 1:colcon.colcon_core.package_identification:_identify(log) ignored
[1.105s] Level 1:colcon.colcon_core.package_identification:_identify(src) by extensions ['ignore', 'ignore_ament_install']
[1.106s] Level 1:colcon.colcon_core.package_identification:_identify(src) by extension 'ignore'
[1.106s] Level 1:colcon.colcon_core.package_identification:_identify(src) by extension 'ignore_ament_install'
[1.106s] Level 1:colcon.colcon_core.package_identification:_identify(src) by extensions ['colcon_pkg']
[1.106s] Level 1:colcon.colcon_core.package_identification:_identify(src) by extension 'colcon_pkg'
[1.106s] Level 1:colcon.colcon_core.package_identification:_identify(src) by extensions ['colcon_meta']
[1.106s] Level 1:colcon.colcon_core.package_identification:_identify(src) by extension 'colcon_meta'
[1.107s] Level 1:colcon.colcon_core.package_identification:_identify(src) by extensions ['ros']
[1.107s] Level 1:colcon.colcon_core.package_identification:_identify(src) by extension 'ros'
[1.107s] Level 1:colcon.colcon_core.package_identification:_identify(src) by extensions ['cmake', 'python']
[1.107s] Level 1:colcon.colcon_core.package_identification:_identify(src) by extension 'cmake'
[1.107s] Level 1:colcon.colcon_core.package_identification:_identify(src) by extension 'python'
[1.107s] Level 1:colcon.colcon_core.package_identification:_identify(src) by extensions ['python_setup_py']
[1.108s] Level 1:colcon.colcon_core.package_identification:_identify(src) by extension 'python_setup_py'
[1.108s] Level 1:colcon.colcon_core.package_identification:_identify(src/build) by extensions ['ignore', 'ignore_ament_install']
[1.108s] Level 1:colcon.colcon_core.package_identification:_identify(src/build) by extension 'ignore'
[1.108s] Level 1:colcon.colcon_core.package_identification:_identify(src/build) ignored
[1.109s] Level 1:colcon.colcon_core.package_identification:_identify(src/ht_core) by extensions ['ignore', 'ignore_ament_install']
[1.109s] Level 1:colcon.colcon_core.package_identification:_identify(src/ht_core) by extension 'ignore'
[1.109s] Level 1:colcon.colcon_core.package_identification:_identify(src/ht_core) by extension 'ignore_ament_install'
[1.109s] Level 1:colcon.colcon_core.package_identification:_identify(src/ht_core) by extensions ['colcon_pkg']
[1.109s] Level 1:colcon.colcon_core.package_identification:_identify(src/ht_core) by extension 'colcon_pkg'
[1.110s] Level 1:colcon.colcon_core.package_identification:_identify(src/ht_core) by extensions ['colcon_meta']
[1.110s] Level 1:colcon.colcon_core.package_identification:_identify(src/ht_core) by extension 'colcon_meta'
[1.110s] Level 1:colcon.colcon_core.package_identification:_identify(src/ht_core) by extensions ['ros']
[1.110s] Level 1:colcon.colcon_core.package_identification:_identify(src/ht_core) by extension 'ros'
[1.118s] DEBUG:colcon.colcon_core.package_identification:Package 'src/ht_core' with type 'ros.ament_python' and name 'ht_core'
[1.118s] Level 1:colcon.colcon_core.package_identification:_identify(src/ht_messages) by extensions ['ignore', 'ignore_ament_install']
[1.119s] Level 1:colcon.colcon_core.package_identification:_identify(src/ht_messages) by extension 'ignore'
[1.119s] Level 1:colcon.colcon_core.package_identification:_identify(src/ht_messages) by extension 'ignore_ament_install'
[1.119s] Level 1:colcon.colcon_core.package_identification:_identify(src/ht_messages) by extensions ['colcon_pkg']
[1.119s] Level 1:colcon.colcon_core.package_identification:_identify(src/ht_messages) by extension 'colcon_pkg'
[1.119s] Level 1:colcon.colcon_core.package_identification:_identify(src/ht_messages) by extensions ['colcon_meta']
[1.120s] Level 1:colcon.colcon_core.package_identification:_identify(src/ht_messages) by extension 'colcon_meta'
[1.120s] Level 1:colcon.colcon_core.package_identification:_identify(src/ht_messages) by extensions ['ros']
[1.120s] Level 1:colcon.colcon_core.package_identification:_identify(src/ht_messages) by extension 'ros'
[1.122s] DEBUG:colcon.colcon_core.package_identification:Package 'src/ht_messages' with type 'ros.ament_cmake' and name 'ht_messages'
[1.122s] Level 1:colcon.colcon_core.package_identification:_identify(src/install) by extensions ['ignore', 'ignore_ament_install']
[1.123s] Level 1:colcon.colcon_core.package_identification:_identify(src/install) by extension 'ignore'
[1.123s] Level 1:colcon.colcon_core.package_identification:_identify(src/install) ignored
[1.123s] Level 1:colcon.colcon_core.package_identification:_identify(src/log) by extensions ['ignore', 'ignore_ament_install']
[1.123s] Level 1:colcon.colcon_core.package_identification:_identify(src/log) by extension 'ignore'
[1.124s] Level 1:colcon.colcon_core.package_identification:_identify(src/log) ignored
[1.124s] Level 1:colcon.colcon_core.package_identification:_identify(src/my_gyro_pkg) by extensions ['ignore', 'ignore_ament_install']
[1.124s] Level 1:colcon.colcon_core.package_identification:_identify(src/my_gyro_pkg) by extension 'ignore'
[1.124s] Level 1:colcon.colcon_core.package_identification:_identify(src/my_gyro_pkg) by extension 'ignore_ament_install'
[1.124s] Level 1:colcon.colcon_core.package_identification:_identify(src/my_gyro_pkg) by extensions ['colcon_pkg']
[1.125s] Level 1:colcon.colcon_core.package_identification:_identify(src/my_gyro_pkg) by extension 'colcon_pkg'
[1.125s] Level 1:colcon.colcon_core.package_identification:_identify(src/my_gyro_pkg) by extensions ['colcon_meta']
[1.125s] Level 1:colcon.colcon_core.package_identification:_identify(src/my_gyro_pkg) by extension 'colcon_meta'
[1.125s] Level 1:colcon.colcon_core.package_identification:_identify(src/my_gyro_pkg) by extensions ['ros']
[1.125s] Level 1:colcon.colcon_core.package_identification:_identify(src/my_gyro_pkg) by extension 'ros'
[1.127s] DEBUG:colcon.colcon_core.package_identification:Package 'src/my_gyro_pkg' with type 'ros.ament_python' and name 'my_gyro_pkg'
[1.128s] Level 1:colcon.colcon_core.package_discovery:discover_packages(recursive) using defaults
[1.128s] Level 1:colcon.colcon_core.package_discovery:discover_packages(ignore) discover
[1.128s] Level 1:colcon.colcon_core.package_discovery:discover_packages(ignore) using defaults
[1.128s] Level 1:colcon.colcon_core.package_discovery:discover_packages(path) discover
[1.128s] Level 1:colcon.colcon_core.package_discovery:discover_packages(path) using defaults
[1.202s] Level 1:colcon.colcon_core.package_discovery:discover_packages(prefix_path) check parameters
[1.202s] Level 1:colcon.colcon_core.package_discovery:discover_packages(prefix_path) discover
[1.211s] DEBUG:colcon.colcon_installed_package_information.package_discovery:Found 296 installed packages in /opt/ros/humble
[1.248s] Level 1:colcon.colcon_core.package_discovery:discover_packages(prefix_path) using defaults
[1.371s] Level 5:colcon.colcon_core.verb:set package 'ht_core' build argument 'cmake_args' from command line to 'None'
[1.371s] Level 5:colcon.colcon_core.verb:set package 'ht_core' build argument 'cmake_target' from command line to 'None'
[1.371s] Level 5:colcon.colcon_core.verb:set package 'ht_core' build argument 'cmake_target_skip_unavailable' from command line to 'False'
[1.371s] Level 5:colcon.colcon_core.verb:set package 'ht_core' build argument 'cmake_clean_cache' from command line to 'False'
[1.371s] Level 5:colcon.colcon_core.verb:set package 'ht_core' build argument 'cmake_clean_first' from command line to 'False'
[1.372s] Level 5:colcon.colcon_core.verb:set package 'ht_core' build argument 'cmake_force_configure' from command line to 'False'
[1.372s] Level 5:colcon.colcon_core.verb:set package 'ht_core' build argument 'ament_cmake_args' from command line to 'None'
[1.372s] Level 5:colcon.colcon_core.verb:set package 'ht_core' build argument 'catkin_cmake_args' from command line to 'None'
[1.372s] Level 5:colcon.colcon_core.verb:set package 'ht_core' build argument 'catkin_skip_building_tests' from command line to 'False'
[1.372s] DEBUG:colcon.colcon_core.verb:Building package 'ht_core' with the following arguments: {'ament_cmake_args': None, 'build_base': '/home/user/high_tide_ws/build/ht_core', 'catkin_cmake_args': None, 'catkin_skip_building_tests': False, 'cmake_args': None, 'cmake_clean_cache': False, 'cmake_clean_first': False, 'cmake_force_configure': False, 'cmake_target': None, 'cmake_target_skip_unavailable': False, 'install_base': '/home/user/high_tide_ws/install/ht_core', 'merge_install': False, 'path': '/home/user/high_tide_ws/src/ht_core', 'symlink_install': False, 'test_result_base': None}
[1.373s] Level 5:colcon.colcon_core.verb:set package 'ht_messages' build argument 'cmake_args' from command line to 'None'
[1.373s] Level 5:colcon.colcon_core.verb:set package 'ht_messages' build argument 'cmake_target' from command line to 'None'
[1.373s] Level 5:colcon.colcon_core.verb:set package 'ht_messages' build argument 'cmake_target_skip_unavailable' from command line to 'False'
[1.373s] Level 5:colcon.colcon_core.verb:set package 'ht_messages' build argument 'cmake_clean_cache' from command line to 'False'
[1.374s] Level 5:colcon.colcon_core.verb:set package 'ht_messages' build argument 'cmake_clean_first' from command line to 'False'
[1.374s] Level 5:colcon.colcon_core.verb:set package 'ht_messages' build argument 'cmake_force_configure' from command line to 'False'
[1.374s] Level 5:colcon.colcon_core.verb:set package 'ht_messages' build argument 'ament_cmake_args' from command line to 'None'
[1.374s] Level 5:colcon.colcon_core.verb:set package 'ht_messages' build argument 'catkin_cmake_args' from command line to 'None'
[1.374s] Level 5:colcon.colcon_core.verb:set package 'ht_messages' build argument 'catkin_skip_building_tests' from command line to 'False'
[1.374s] DEBUG:colcon.colcon_core.verb:Building package 'ht_messages' with the following arguments: {'ament_cmake_args': None, 'build_base': '/home/user/high_tide_ws/build/ht_messages', 'catkin_cmake_args': None, 'catkin_skip_building_tests': False, 'cmake_args': None, 'cmake_clean_cache': False, 'cmake_clean_first': False, 'cmake_force_configure': False, 'cmake_target': None, 'cmake_target_skip_unavailable': False, 'install_base': '/home/user/high_tide_ws/install/ht_messages', 'merge_install': False, 'path': '/home/user/high_tide_ws/src/ht_messages', 'symlink_install': False, 'test_result_base': None}
[1.375s] Level 5:colcon.colcon_core.verb:set package 'my_gyro_pkg' build argument 'cmake_args' from command line to 'None'
[1.375s] Level 5:colcon.colcon_core.verb:set package 'my_gyro_pkg' build argument 'cmake_target' from command line to 'None'
[1.375s] Level 5:colcon.colcon_core.verb:set package 'my_gyro_pkg' build argument 'cmake_target_skip_unavailable' from command line to 'False'
[1.375s] Level 5:colcon.colcon_core.verb:set package 'my_gyro_pkg' build argument 'cmake_clean_cache' from command line to 'False'
[1.375s] Level 5:colcon.colcon_core.verb:set package 'my_gyro_pkg' build argument 'cmake_clean_first' from command line to 'False'
[1.375s] Level 5:colcon.colcon_core.verb:set package 'my_gyro_pkg' build argument 'cmake_force_configure' from command line to 'False'
[1.376s] Level 5:colcon.colcon_core.verb:set package 'my_gyro_pkg' build argument 'ament_cmake_args' from command line to 'None'
[1.376s] Level 5:colcon.colcon_core.verb:set package 'my_gyro_pkg' build argument 'catkin_cmake_args' from command line to 'None'
[1.376s] Level 5:colcon.colcon_core.verb:set package 'my_gyro_pkg' build argument 'catkin_skip_building_tests' from command line to 'False'
[1.376s] DEBUG:colcon.colcon_core.verb:Building package 'my_gyro_pkg' with the following arguments: {'ament_cmake_args': None, 'build_base': '/home/user/high_tide_ws/build/my_gyro_pkg', 'catkin_cmake_args': None, 'catkin_skip_building_tests': False, 'cmake_args': None, 'cmake_clean_cache': False, 'cmake_clean_first': False, 'cmake_force_configure': False, 'cmake_target': None, 'cmake_target_skip_unavailable': False, 'install_base': '/home/user/high_tide_ws/install/my_gyro_pkg', 'merge_install': False, 'path': '/home/user/high_tide_ws/src/my_gyro_pkg', 'symlink_install': False, 'test_result_base': None}
[1.376s] INFO:colcon.colcon_core.executor:Executing jobs using 'parallel' executor
[1.379s] DEBUG:colcon.colcon_parallel_executor.executor.parallel:run_until_complete
[1.380s] INFO:colcon.colcon_ros.task.ament_python.build:Building ROS package in '/home/user/high_tide_ws/src/ht_core' with build type 'ament_python'
[1.381s] Level 1:colcon.colcon_core.shell:create_environment_hook('ht_core', 'ament_prefix_path')
[1.392s] INFO:colcon.colcon_core.plugin_system:Skipping extension 'colcon_core.shell.bat': Not used on non-Windows systems
[1.392s] INFO:colcon.colcon_core.shell:Creating environment hook '/home/user/high_tide_ws/install/ht_core/share/ht_core/hook/ament_prefix_path.ps1'
[1.395s] INFO:colcon.colcon_core.shell:Creating environment descriptor '/home/user/high_tide_ws/install/ht_core/share/ht_core/hook/ament_prefix_path.dsv'
[1.397s] INFO:colcon.colcon_core.shell:Creating environment hook '/home/user/high_tide_ws/install/ht_core/share/ht_core/hook/ament_prefix_path.sh'
[1.400s] INFO:colcon.colcon_core.shell:Skip shell extension 'powershell' for command environment: Not usable outside of PowerShell
[1.400s] DEBUG:colcon.colcon_core.shell:Skip shell extension 'dsv' for command environment
[1.408s] INFO:colcon.colcon_ros.task.ament_cmake.build:Building ROS package in '/home/user/high_tide_ws/src/ht_messages' with build type 'ament_cmake'
[1.409s] INFO:colcon.colcon_cmake.task.cmake.build:Building CMake package in '/home/user/high_tide_ws/src/ht_messages'
[1.410s] INFO:colcon.colcon_core.shell:Skip shell extension 'powershell' for command environment: Not usable outside of PowerShell
[1.410s] DEBUG:colcon.colcon_core.shell:Skip shell extension 'dsv' for command environment
[1.417s] INFO:colcon.colcon_ros.task.ament_python.build:Building ROS package in '/home/user/high_tide_ws/src/my_gyro_pkg' with build type 'ament_python'
[1.417s] Level 1:colcon.colcon_core.shell:create_environment_hook('my_gyro_pkg', 'ament_prefix_path')
[1.418s] INFO:colcon.colcon_core.shell:Creating environment hook '/home/user/high_tide_ws/install/my_gyro_pkg/share/my_gyro_pkg/hook/ament_prefix_path.ps1'
[1.420s] INFO:colcon.colcon_core.shell:Creating environment descriptor '/home/user/high_tide_ws/install/my_gyro_pkg/share/my_gyro_pkg/hook/ament_prefix_path.dsv'
[1.421s] INFO:colcon.colcon_core.shell:Creating environment hook '/home/user/high_tide_ws/install/my_gyro_pkg/share/my_gyro_pkg/hook/ament_prefix_path.sh'
[1.423s] INFO:colcon.colcon_core.shell:Skip shell extension 'powershell' for command environment: Not usable outside of PowerShell
[1.423s] DEBUG:colcon.colcon_core.shell:Skip shell extension 'dsv' for command environment
[2.236s] INFO:colcon.colcon_core.task.python.build:Building Python package in '/home/user/high_tide_ws/src/ht_core'
[2.237s] INFO:colcon.colcon_core.shell:Skip shell extension 'powershell' for command environment: Not usable outside of PowerShell
[2.237s] DEBUG:colcon.colcon_core.shell:Skip shell extension 'dsv' for command environment
[2.253s] DEBUG:colcon.colcon_core.event_handler.log_command:Invoking command in '/home/user/high_tide_ws/build/ht_messages': CMAKE_PREFIX_PATH=/opt/ros/humble /usr/bin/cmake --build /home/user/high_tide_ws/build/ht_messages -- -j4 -l4
[3.137s] INFO:colcon.colcon_core.task.python.build:Building Python package in '/home/user/high_tide_ws/src/my_gyro_pkg'
[3.138s] INFO:colcon.colcon_core.shell:Skip shell extension 'powershell' for command environment: Not usable outside of PowerShell
[3.138s] DEBUG:colcon.colcon_core.shell:Skip shell extension 'dsv' for command environment
[3.655s] DEBUG:colcon.colcon_core.event_handler.log_command:Invoked command in '/home/user/high_tide_ws/build/ht_messages' returned '0': CMAKE_PREFIX_PATH=/opt/ros/humble /usr/bin/cmake --build /home/user/high_tide_ws/build/ht_messages -- -j4 -l4
[3.682s] DEBUG:colcon.colcon_core.event_handler.log_command:Invoking command in '/home/user/high_tide_ws/build/ht_messages': CMAKE_PREFIX_PATH=/opt/ros/humble /usr/bin/cmake --install /home/user/high_tide_ws/build/ht_messages
[3.959s] Level 1:colcon.colcon_core.environment:create_environment_scripts_only(ht_messages)
[3.971s] DEBUG:colcon.colcon_core.event_handler.log_command:Invoked command in '/home/user/high_tide_ws/build/ht_messages' returned '0': CMAKE_PREFIX_PATH=/opt/ros/humble /usr/bin/cmake --install /home/user/high_tide_ws/build/ht_messages
[3.993s] Level 1:colcon.colcon_core.environment:checking '/home/user/high_tide_ws/install/ht_messages' for CMake module files
[4.008s] Level 1:colcon.colcon_core.environment:checking '/home/user/high_tide_ws/install/ht_messages' for CMake config files
[4.010s] Level 1:colcon.colcon_core.shell:create_environment_hook('ht_messages', 'cmake_prefix_path')
[4.011s] INFO:colcon.colcon_core.shell:Creating environment hook '/home/user/high_tide_ws/install/ht_messages/share/ht_messages/hook/cmake_prefix_path.ps1'
[4.012s] INFO:colcon.colcon_core.shell:Creating environment descriptor '/home/user/high_tide_ws/install/ht_messages/share/ht_messages/hook/cmake_prefix_path.dsv'
[4.014s] INFO:colcon.colcon_core.shell:Creating environment hook '/home/user/high_tide_ws/install/ht_messages/share/ht_messages/hook/cmake_prefix_path.sh'
[4.022s] Level 1:colcon.colcon_core.environment:checking '/home/user/high_tide_ws/install/ht_messages/lib'
[4.022s] Level 1:colcon.colcon_core.shell:create_environment_hook('ht_messages', 'ld_library_path_lib')
[4.025s] INFO:colcon.colcon_core.shell:Creating environment hook '/home/user/high_tide_ws/install/ht_messages/share/ht_messages/hook/ld_library_path_lib.ps1'
[4.026s] INFO:colcon.colcon_core.shell:Creating environment descriptor '/home/user/high_tide_ws/install/ht_messages/share/ht_messages/hook/ld_library_path_lib.dsv'
[4.028s] INFO:colcon.colcon_core.shell:Creating environment hook '/home/user/high_tide_ws/install/ht_messages/share/ht_messages/hook/ld_library_path_lib.sh'
[4.029s] Level 1:colcon.colcon_core.environment:checking '/home/user/high_tide_ws/install/ht_messages/bin'
[4.029s] Level 1:colcon.colcon_core.environment:checking '/home/user/high_tide_ws/install/ht_messages/lib/pkgconfig/ht_messages.pc'
[4.034s] Level 1:colcon.colcon_core.environment:checking '/home/user/high_tide_ws/install/ht_messages/lib/python3.10/site-packages'
[4.035s] Level 1:colcon.colcon_core.environment:checking '/home/user/high_tide_ws/install/ht_messages/bin'
[4.036s] INFO:colcon.colcon_core.shell:Creating package script '/home/user/high_tide_ws/install/ht_messages/share/ht_messages/package.ps1'
[4.040s] INFO:colcon.colcon_core.shell:Creating package descriptor '/home/user/high_tide_ws/install/ht_messages/share/ht_messages/package.dsv'
[4.043s] INFO:colcon.colcon_core.shell:Creating package script '/home/user/high_tide_ws/install/ht_messages/share/ht_messages/package.sh'
[4.052s] INFO:colcon.colcon_core.shell:Creating package script '/home/user/high_tide_ws/install/ht_messages/share/ht_messages/package.bash'
[4.058s] INFO:colcon.colcon_core.shell:Creating package script '/home/user/high_tide_ws/install/ht_messages/share/ht_messages/package.zsh'
[4.062s] Level 1:colcon.colcon_core.environment:create_file_with_runtime_dependencies(/home/user/high_tide_ws/install/ht_messages/share/colcon-core/packages/ht_messages)
[4.070s] Level 1:colcon.colcon_core.environment:create_environment_scripts_only(ht_messages)
[4.071s] Level 1:colcon.colcon_core.environment:checking '/home/user/high_tide_ws/install/ht_messages' for CMake module files
[4.075s] Level 1:colcon.colcon_core.environment:checking '/home/user/high_tide_ws/install/ht_messages' for CMake config files
[4.077s] Level 1:colcon.colcon_core.shell:create_environment_hook('ht_messages', 'cmake_prefix_path')
[4.078s] INFO:colcon.colcon_core.shell:Creating environment hook '/home/user/high_tide_ws/install/ht_messages/share/ht_messages/hook/cmake_prefix_path.ps1'
[4.080s] INFO:colcon.colcon_core.shell:Creating environment descriptor '/home/user/high_tide_ws/install/ht_messages/share/ht_messages/hook/cmake_prefix_path.dsv'
[4.082s] INFO:colcon.colcon_core.shell:Creating environment hook '/home/user/high_tide_ws/install/ht_messages/share/ht_messages/hook/cmake_prefix_path.sh'
[4.085s] Level 1:colcon.colcon_core.environment:checking '/home/user/high_tide_ws/install/ht_messages/lib'
[4.085s] Level 1:colcon.colcon_core.shell:create_environment_hook('ht_messages', 'ld_library_path_lib')
[4.086s] INFO:colcon.colcon_core.shell:Creating environment hook '/home/user/high_tide_ws/install/ht_messages/share/ht_messages/hook/ld_library_path_lib.ps1'
[4.088s] INFO:colcon.colcon_core.shell:Creating environment descriptor '/home/user/high_tide_ws/install/ht_messages/share/ht_messages/hook/ld_library_path_lib.dsv'
[4.090s] INFO:colcon.colcon_core.shell:Creating environment hook '/home/user/high_tide_ws/install/ht_messages/share/ht_messages/hook/ld_library_path_lib.sh'
[4.092s] Level 1:colcon.colcon_core.environment:checking '/home/user/high_tide_ws/install/ht_messages/bin'
[4.093s] Level 1:colcon.colcon_core.environment:checking '/home/user/high_tide_ws/install/ht_messages/lib/pkgconfig/ht_messages.pc'
[4.094s] Level 1:colcon.colcon_core.environment:checking '/home/user/high_tide_ws/install/ht_messages/lib/python3.10/site-packages'
[4.094s] Level 1:colcon.colcon_core.environment:checking '/home/user/high_tide_ws/install/ht_messages/bin'
[4.096s] INFO:colcon.colcon_core.shell:Creating package script '/home/user/high_tide_ws/install/ht_messages/share/ht_messages/package.ps1'
[4.099s] INFO:colcon.colcon_core.shell:Creating package descriptor '/home/user/high_tide_ws/install/ht_messages/share/ht_messages/package.dsv'
[4.102s] INFO:colcon.colcon_core.shell:Creating package script '/home/user/high_tide_ws/install/ht_messages/share/ht_messages/package.sh'
[4.104s] INFO:colcon.colcon_core.shell:Creating package script '/home/user/high_tide_ws/install/ht_messages/share/ht_messages/package.bash'
[4.111s] INFO:colcon.colcon_core.shell:Creating package script '/home/user/high_tide_ws/install/ht_messages/share/ht_messages/package.zsh'
[4.120s] Level 1:colcon.colcon_core.environment:create_file_with_runtime_dependencies(/home/user/high_tide_ws/install/ht_messages/share/colcon-core/packages/ht_messages)
[4.453s] DEBUG:colcon.colcon_core.event_handler.log_command:Invoking command in '/home/user/high_tide_ws/src/my_gyro_pkg': PYTHONPATH=/home/user/high_tide_ws/build/my_gyro_pkg/prefix_override:/usr/lib/python3/dist-packages/colcon_core/task/python/colcon_distutils_commands:/home/user/high_tide_ws/install/my_gyro_pkg/lib/python3.10/site-packages:${PYTHONPATH} /usr/bin/python3 -W ignore:setup.py install is deprecated -W ignore:easy_install command is deprecated setup.py egg_info --egg-base ../../build/my_gyro_pkg build --build-base /home/user/high_tide_ws/build/my_gyro_pkg/build install --record /home/user/high_tide_ws/build/my_gyro_pkg/install.log --single-version-externally-managed install_data
[4.545s] DEBUG:colcon.colcon_core.event_handler.log_command:Invoking command in '/home/user/high_tide_ws/src/ht_core': PYTHONPATH=/home/user/high_tide_ws/build/ht_core/prefix_override:/usr/lib/python3/dist-packages/colcon_core/task/python/colcon_distutils_commands:/home/user/high_tide_ws/install/ht_core/lib/python3.10/site-packages:${PYTHONPATH} /usr/bin/python3 -W ignore:setup.py install is deprecated -W ignore:easy_install command is deprecated setup.py egg_info --egg-base ../../build/ht_core build --build-base /home/user/high_tide_ws/build/ht_core/build install --record /home/user/high_tide_ws/build/ht_core/install.log --single-version-externally-managed install_data
[5.392s] Level 1:colcon.colcon_core.environment:checking '/home/user/high_tide_ws/install/my_gyro_pkg' for CMake module files
[5.394s] DEBUG:colcon.colcon_core.event_handler.log_command:Invoked command in '/home/user/high_tide_ws/src/my_gyro_pkg' returned '0': PYTHONPATH=/home/user/high_tide_ws/build/my_gyro_pkg/prefix_override:/usr/lib/python3/dist-packages/colcon_core/task/python/colcon_distutils_commands:/home/user/high_tide_ws/install/my_gyro_pkg/lib/python3.10/site-packages:${PYTHONPATH} /usr/bin/python3 -W ignore:setup.py install is deprecated -W ignore:easy_install command is deprecated setup.py egg_info --egg-base ../../build/my_gyro_pkg build --build-base /home/user/high_tide_ws/build/my_gyro_pkg/build install --record /home/user/high_tide_ws/build/my_gyro_pkg/install.log --single-version-externally-managed install_data
[5.396s] Level 1:colcon.colcon_core.environment:checking '/home/user/high_tide_ws/install/my_gyro_pkg' for CMake config files
[5.398s] Level 1:colcon.colcon_core.environment:checking '/home/user/high_tide_ws/install/my_gyro_pkg/lib'
[5.398s] Level 1:colcon.colcon_core.environment:checking '/home/user/high_tide_ws/install/my_gyro_pkg/bin'
[5.398s] Level 1:colcon.colcon_core.environment:checking '/home/user/high_tide_ws/install/my_gyro_pkg/lib/pkgconfig/my_gyro_pkg.pc'
[5.399s] Level 1:colcon.colcon_core.environment:checking '/home/user/high_tide_ws/install/my_gyro_pkg/lib/python3.10/site-packages'
[5.399s] Level 1:colcon.colcon_core.shell:create_environment_hook('my_gyro_pkg', 'pythonpath')
[5.400s] INFO:colcon.colcon_core.shell:Creating environment hook '/home/user/high_tide_ws/install/my_gyro_pkg/share/my_gyro_pkg/hook/pythonpath.ps1'
[5.402s] INFO:colcon.colcon_core.shell:Creating environment descriptor '/home/user/high_tide_ws/install/my_gyro_pkg/share/my_gyro_pkg/hook/pythonpath.dsv'
[5.403s] INFO:colcon.colcon_core.shell:Creating environment hook '/home/user/high_tide_ws/install/my_gyro_pkg/share/my_gyro_pkg/hook/pythonpath.sh'
[5.405s] Level 1:colcon.colcon_core.environment:checking '/home/user/high_tide_ws/install/my_gyro_pkg/bin'
[5.405s] Level 1:colcon.colcon_core.environment:create_environment_scripts_only(my_gyro_pkg)
[5.406s] INFO:colcon.colcon_core.shell:Creating package script '/home/user/high_tide_ws/install/my_gyro_pkg/share/my_gyro_pkg/package.ps1'
[5.408s] INFO:colcon.colcon_core.shell:Creating package descriptor '/home/user/high_tide_ws/install/my_gyro_pkg/share/my_gyro_pkg/package.dsv'
[5.410s] INFO:colcon.colcon_core.shell:Creating package script '/home/user/high_tide_ws/install/my_gyro_pkg/share/my_gyro_pkg/package.sh'
[5.412s] INFO:colcon.colcon_core.shell:Creating package script '/home/user/high_tide_ws/install/my_gyro_pkg/share/my_gyro_pkg/package.bash'
[5.413s] INFO:colcon.colcon_core.shell:Creating package script '/home/user/high_tide_ws/install/my_gyro_pkg/share/my_gyro_pkg/package.zsh'
[5.414s] Level 1:colcon.colcon_core.environment:create_file_with_runtime_dependencies(/home/user/high_tide_ws/install/my_gyro_pkg/share/colcon-core/packages/my_gyro_pkg)
[5.477s] Level 1:colcon.colcon_core.environment:checking '/home/user/high_tide_ws/install/ht_core' for CMake module files
[5.480s] DEBUG:colcon.colcon_core.event_handler.log_command:Invoked command in '/home/user/high_tide_ws/src/ht_core' returned '0': PYTHONPATH=/home/user/high_tide_ws/build/ht_core/prefix_override:/usr/lib/python3/dist-packages/colcon_core/task/python/colcon_distutils_commands:/home/user/high_tide_ws/install/ht_core/lib/python3.10/site-packages:${PYTHONPATH} /usr/bin/python3 -W ignore:setup.py install is deprecated -W ignore:easy_install command is deprecated setup.py egg_info --egg-base ../../build/ht_core build --build-base /home/user/high_tide_ws/build/ht_core/build install --record /home/user/high_tide_ws/build/ht_core/install.log --single-version-externally-managed install_data
[5.482s] Level 1:colcon.colcon_core.environment:checking '/home/user/high_tide_ws/install/ht_core' for CMake config files
[5.484s] Level 1:colcon.colcon_core.environment:checking '/home/user/high_tide_ws/install/ht_core/lib'
[5.485s] Level 1:colcon.colcon_core.environment:checking '/home/user/high_tide_ws/install/ht_core/bin'
[5.485s] Level 1:colcon.colcon_core.environment:checking '/home/user/high_tide_ws/install/ht_core/lib/pkgconfig/ht_core.pc'
[5.486s] Level 1:colcon.colcon_core.environment:checking '/home/user/high_tide_ws/install/ht_core/lib/python3.10/site-packages'
[5.486s] Level 1:colcon.colcon_core.shell:create_environment_hook('ht_core', 'pythonpath')
[5.487s] INFO:colcon.colcon_core.shell:Creating environment hook '/home/user/high_tide_ws/install/ht_core/share/ht_core/hook/pythonpath.ps1'
[5.489s] INFO:colcon.colcon_core.shell:Creating environment descriptor '/home/user/high_tide_ws/install/ht_core/share/ht_core/hook/pythonpath.dsv'
[5.490s] INFO:colcon.colcon_core.shell:Creating environment hook '/home/user/high_tide_ws/install/ht_core/share/ht_core/hook/pythonpath.sh'
[5.492s] Level 1:colcon.colcon_core.environment:checking '/home/user/high_tide_ws/install/ht_core/bin'
[5.493s] Level 1:colcon.colcon_core.environment:create_environment_scripts_only(ht_core)
[5.494s] INFO:colcon.colcon_core.shell:Creating package script '/home/user/high_tide_ws/install/ht_core/share/ht_core/package.ps1'
[5.496s] INFO:colcon.colcon_core.shell:Creating package descriptor '/home/user/high_tide_ws/install/ht_core/share/ht_core/package.dsv'
[5.498s] INFO:colcon.colcon_core.shell:Creating package script '/home/user/high_tide_ws/install/ht_core/share/ht_core/package.sh'
[5.500s] INFO:colcon.colcon_core.shell:Creating package script '/home/user/high_tide_ws/install/ht_core/share/ht_core/package.bash'
[5.501s] INFO:colcon.colcon_core.shell:Creating package script '/home/user/high_tide_ws/install/ht_core/share/ht_core/package.zsh'
[5.503s] Level 1:colcon.colcon_core.environment:create_file_with_runtime_dependencies(/home/user/high_tide_ws/install/ht_core/share/colcon-core/packages/ht_core)
[5.504s] DEBUG:colcon.colcon_parallel_executor.executor.parallel:closing loop
[5.505s] DEBUG:colcon.colcon_parallel_executor.executor.parallel:loop closed
[5.505s] DEBUG:colcon.colcon_parallel_executor.executor.parallel:run_until_complete finished with '0'
[5.505s] DEBUG:colcon.colcon_core.event_reactor:joining thread
[5.525s] INFO:colcon.colcon_core.plugin_system:Skipping extension 'colcon_notification.desktop_notification.terminal_notifier': Not used on non-Darwin systems
[5.525s] INFO:colcon.colcon_core.plugin_system:Skipping extension 'colcon_notification.desktop_notification.win32': Not used on non-Windows systems
[5.526s] INFO:colcon.colcon_notification.desktop_notification:Sending desktop notification using 'notify2'
[5.573s] DEBUG:colcon.colcon_core.event_reactor:joined thread
[5.574s] INFO:colcon.colcon_core.shell:Creating prefix script '/home/user/high_tide_ws/install/local_setup.ps1'
[5.578s] INFO:colcon.colcon_core.shell:Creating prefix util module '/home/user/high_tide_ws/install/_local_setup_util_ps1.py'
[5.583s] INFO:colcon.colcon_core.shell:Creating prefix chain script '/home/user/high_tide_ws/install/setup.ps1'
[5.586s] INFO:colcon.colcon_core.shell:Creating prefix script '/home/user/high_tide_ws/install/local_setup.sh'
[5.588s] INFO:colcon.colcon_core.shell:Creating prefix util module '/home/user/high_tide_ws/install/_local_setup_util_sh.py'
[5.590s] INFO:colcon.colcon_core.shell:Creating prefix chain script '/home/user/high_tide_ws/install/setup.sh'
[5.594s] INFO:colcon.colcon_core.shell:Creating prefix script '/home/user/high_tide_ws/install/local_setup.bash'
[5.596s] INFO:colcon.colcon_core.shell:Creating prefix chain script '/home/user/high_tide_ws/install/setup.bash'
[5.599s] INFO:colcon.colcon_core.shell:Creating prefix script '/home/user/high_tide_ws/install/local_setup.zsh'
[5.601s] INFO:colcon.colcon_core.shell:Creating prefix chain script '/home/user/high_tide_ws/install/setup.zsh'
