[4.134s] Invoking command in '/home/user/high_tide_ws/src/ht_core': PYTHONPATH=/home/user/high_tide_ws/build/ht_core/prefix_override:/usr/lib/python3/dist-packages/colcon_core/task/python/colcon_distutils_commands:/home/user/high_tide_ws/install/ht_core/lib/python3.10/site-packages:${PYTHONPATH} /usr/bin/python3 -W ignore:setup.py install is deprecated -W ignore:easy_install command is deprecated setup.py egg_info --egg-base ../../build/ht_core build --build-base /home/user/high_tide_ws/build/ht_core/build install --record /home/user/high_tide_ws/build/ht_core/install.log --single-version-externally-managed install_data
[4.982s] running egg_info
[4.988s] writing ../../build/ht_core/ht_core.egg-info/PKG-INFO
[4.988s] writing dependency_links to ../../build/ht_core/ht_core.egg-info/dependency_links.txt
[4.991s] writing entry points to ../../build/ht_core/ht_core.egg-info/entry_points.txt
[4.991s] writing requirements to ../../build/ht_core/ht_core.egg-info/requires.txt
[4.991s] writing top-level names to ../../build/ht_core/ht_core.egg-info/top_level.txt
[5.004s] reading manifest file '../../build/ht_core/ht_core.egg-info/SOURCES.txt'
[5.005s] writing manifest file '../../build/ht_core/ht_core.egg-info/SOURCES.txt'
[5.006s] running build
[5.006s] running build_py
[5.008s] copying ht_core/state_machine.py -> /home/user/high_tide_ws/build/ht_core/build/lib/ht_core
[5.015s] running install
[5.017s] running install_lib
[5.023s] copying /home/user/high_tide_ws/build/ht_core/build/lib/ht_core/state_machine.py -> /home/user/high_tide_ws/install/ht_core/lib/python3.10/site-packages/ht_core
[5.024s] byte-compiling /home/user/high_tide_ws/install/ht_core/lib/python3.10/site-packages/ht_core/state_machine.py to state_machine.cpython-310.pyc
[5.029s] running install_data
[5.033s] running install_egg_info
[5.042s] removing '/home/user/high_tide_ws/install/ht_core/lib/python3.10/site-packages/ht_core-0.0.1-py3.10.egg-info' (and everything under it)
[5.043s] Copying ../../build/ht_core/ht_core.egg-info to /home/user/high_tide_ws/install/ht_core/lib/python3.10/site-packages/ht_core-0.0.1-py3.10.egg-info
[5.048s] running install_scripts
[5.130s] Installing depth_node script to /home/user/high_tide_ws/install/ht_core/lib/ht_core
[5.131s] Installing mission_node script to /home/user/high_tide_ws/install/ht_core/lib/ht_core
[5.135s] writing list of installed files to '/home/user/high_tide_ws/build/ht_core/install.log'
[5.269s] Invoked command in '/home/user/high_tide_ws/src/ht_core' returned '0': PYTHONPATH=/home/user/high_tide_ws/build/ht_core/prefix_override:/usr/lib/python3/dist-packages/colcon_core/task/python/colcon_distutils_commands:/home/user/high_tide_ws/install/ht_core/lib/python3.10/site-packages:${PYTHONPATH} /usr/bin/python3 -W ignore:setup.py install is deprecated -W ignore:easy_install command is deprecated setup.py egg_info --egg-base ../../build/ht_core build --build-base /home/user/high_tide_ws/build/ht_core/build install --record /home/user/high_tide_ws/build/ht_core/install.log --single-version-externally-managed install_data
