[0.345s] DEBUG:colcon:Command line arguments: ['/usr/bin/colcon', 'build']
[0.345s] DEBUG:colcon:Parsed command line arguments: Namespace(log_base=None, log_level=None, verb_name='build', build_base='build', install_base='install', merge_install=False, symlink_install=False, test_result_base=None, continue_on_error=False, executor='parallel', parallel_workers=4, event_handlers=None, ignore_user_meta=False, metas=['./colcon.meta'], base_paths=['.'], packages_ignore=None, packages_ignore_regex=None, paths=None, packages_up_to=None, packages_up_to_regex=None, packages_above=None, packages_above_and_dependencies=None, packages_above_depth=None, packages_select_by_dep=None, packages_skip_by_dep=None, packages_skip_up_to=None, packages_select_build_failed=False, packages_skip_build_finished=False, packages_select_test_failures=False, packages_skip_test_passed=False, packages_select=None, packages_skip=None, packages_select_regex=None, packages_skip_regex=None, packages_start=None, packages_end=None, allow_overriding=[], cmake_args=None, cmake_target=None, cmake_target_skip_unavailable=False, cmake_clean_cache=False, cmake_clean_first=False, cmake_force_configure=False, ament_cmake_args=None, catkin_cmake_args=None, catkin_skip_building_tests=False, verb_parser=<colcon_defaults.argument_parser.defaults.DefaultArgumentsDecorator object at 0xffffa3a64970>, verb_extension=<colcon_core.verb.build.BuildVerb object at 0xffffa3c21db0>, main=<bound method BuildVerb.main of <colcon_core.verb.build.BuildVerb object at 0xffffa3c21db0>>)
[0.871s] Level 1:colcon.colcon_core.package_discovery:discover_packages(colcon_meta) check parameters
[0.871s] Level 1:colcon.colcon_core.package_discovery:discover_packages(recursive) check parameters
[0.872s] Level 1:colcon.colcon_core.package_discovery:discover_packages(ignore) check parameters
[0.872s] Level 1:colcon.colcon_core.package_discovery:discover_packages(path) check parameters
[0.872s] Level 1:colcon.colcon_core.package_discovery:discover_packages(colcon_meta) discover
[0.872s] Level 1:colcon.colcon_core.package_discovery:discover_packages(recursive) discover
[0.872s] INFO:colcon.colcon_core.package_discovery:Crawling recursively for packages in '/home/user/high_tide_ws'
[0.873s] Level 1:colcon.colcon_core.package_identification:_identify(.) by extensions ['ignore', 'ignore_ament_install']
[0.873s] Level 1:colcon.colcon_core.package_identification:_identify(.) by extension 'ignore'
[0.873s] Level 1:colcon.colcon_core.package_identification:_identify(.) by extension 'ignore_ament_install'
[0.874s] Level 1:colcon.colcon_core.package_identification:_identify(.) by extensions ['colcon_pkg']
[0.874s] Level 1:colcon.colcon_core.package_identification:_identify(.) by extension 'colcon_pkg'
[0.874s] Level 1:colcon.colcon_core.package_identification:_identify(.) by extensions ['colcon_meta']
[0.874s] Level 1:colcon.colcon_core.package_identification:_identify(.) by extension 'colcon_meta'
[0.875s] Level 1:colcon.colcon_core.package_identification:_identify(.) by extensions ['ros']
[0.875s] Level 1:colcon.colcon_core.package_identification:_identify(.) by extension 'ros'
[0.910s] Level 1:colcon.colcon_core.package_identification:_identify(.) by extensions ['cmake', 'python']
[0.911s] Level 1:colcon.colcon_core.package_identification:_identify(.) by extension 'cmake'
[0.911s] Level 1:colcon.colcon_core.package_identification:_identify(.) by extension 'python'
[0.911s] Level 1:colcon.colcon_core.package_identification:_identify(.) by extensions ['python_setup_py']
[0.911s] Level 1:colcon.colcon_core.package_identification:_identify(.) by extension 'python_setup_py'
[0.912s] Level 1:colcon.colcon_core.package_identification:_identify(build) by extensions ['ignore', 'ignore_ament_install']
[0.912s] Level 1:colcon.colcon_core.package_identification:_identify(build) by extension 'ignore'
[0.912s] Level 1:colcon.colcon_core.package_identification:_identify(build) ignored
[0.913s] Level 1:colcon.colcon_core.package_identification:_identify(install) by extensions ['ignore', 'ignore_ament_install']
[0.913s] Level 1:colcon.colcon_core.package_identification:_identify(install) by extension 'ignore'
[0.913s] Level 1:colcon.colcon_core.package_identification:_identify(install) ignored
[0.913s] Level 1:colcon.colcon_core.package_identification:_identify(log) by extensions ['ignore', 'ignore_ament_install']
[0.914s] Level 1:colcon.colcon_core.package_identification:_identify(log) by extension 'ignore'
[0.914s] Level 1:colcon.colcon_core.package_identification:_identify(log) ignored
[0.914s] Level 1:colcon.colcon_core.package_identification:_identify(src) by extensions ['ignore', 'ignore_ament_install']
[0.914s] Level 1:colcon.colcon_core.package_identification:_identify(src) by extension 'ignore'
[0.915s] Level 1:colcon.colcon_core.package_identification:_identify(src) by extension 'ignore_ament_install'
[0.915s] Level 1:colcon.colcon_core.package_identification:_identify(src) by extensions ['colcon_pkg']
[0.915s] Level 1:colcon.colcon_core.package_identification:_identify(src) by extension 'colcon_pkg'
[0.915s] Level 1:colcon.colcon_core.package_identification:_identify(src) by extensions ['colcon_meta']
[0.915s] Level 1:colcon.colcon_core.package_identification:_identify(src) by extension 'colcon_meta'
[0.915s] Level 1:colcon.colcon_core.package_identification:_identify(src) by extensions ['ros']
[0.916s] Level 1:colcon.colcon_core.package_identification:_identify(src) by extension 'ros'
[0.916s] Level 1:colcon.colcon_core.package_identification:_identify(src) by extensions ['cmake', 'python']
[0.916s] Level 1:colcon.colcon_core.package_identification:_identify(src) by extension 'cmake'
[0.916s] Level 1:colcon.colcon_core.package_identification:_identify(src) by extension 'python'
[0.916s] Level 1:colcon.colcon_core.package_identification:_identify(src) by extensions ['python_setup_py']
[0.916s] Level 1:colcon.colcon_core.package_identification:_identify(src) by extension 'python_setup_py'
[0.917s] Level 1:colcon.colcon_core.package_identification:_identify(src/build) by extensions ['ignore', 'ignore_ament_install']
[0.917s] Level 1:colcon.colcon_core.package_identification:_identify(src/build) by extension 'ignore'
[0.917s] Level 1:colcon.colcon_core.package_identification:_identify(src/build) ignored
[0.918s] Level 1:colcon.colcon_core.package_identification:_identify(src/ht_core) by extensions ['ignore', 'ignore_ament_install']
[0.918s] Level 1:colcon.colcon_core.package_identification:_identify(src/ht_core) by extension 'ignore'
[0.918s] Level 1:colcon.colcon_core.package_identification:_identify(src/ht_core) by extension 'ignore_ament_install'
[0.918s] Level 1:colcon.colcon_core.package_identification:_identify(src/ht_core) by extensions ['colcon_pkg']
[0.918s] Level 1:colcon.colcon_core.package_identification:_identify(src/ht_core) by extension 'colcon_pkg'
[0.918s] Level 1:colcon.colcon_core.package_identification:_identify(src/ht_core) by extensions ['colcon_meta']
[0.919s] Level 1:colcon.colcon_core.package_identification:_identify(src/ht_core) by extension 'colcon_meta'
[0.919s] Level 1:colcon.colcon_core.package_identification:_identify(src/ht_core) by extensions ['ros']
[0.919s] Level 1:colcon.colcon_core.package_identification:_identify(src/ht_core) by extension 'ros'
[0.926s] DEBUG:colcon.colcon_core.package_identification:Package 'src/ht_core' with type 'ros.ament_python' and name 'ht_core'
[0.927s] Level 1:colcon.colcon_core.package_identification:_identify(src/ht_messages) by extensions ['ignore', 'ignore_ament_install']
[0.927s] Level 1:colcon.colcon_core.package_identification:_identify(src/ht_messages) by extension 'ignore'
[0.927s] Level 1:colcon.colcon_core.package_identification:_identify(src/ht_messages) by extension 'ignore_ament_install'
[0.927s] Level 1:colcon.colcon_core.package_identification:_identify(src/ht_messages) by extensions ['colcon_pkg']
[0.928s] Level 1:colcon.colcon_core.package_identification:_identify(src/ht_messages) by extension 'colcon_pkg'
[0.928s] Level 1:colcon.colcon_core.package_identification:_identify(src/ht_messages) by extensions ['colcon_meta']
[0.928s] Level 1:colcon.colcon_core.package_identification:_identify(src/ht_messages) by extension 'colcon_meta'
[0.928s] Level 1:colcon.colcon_core.package_identification:_identify(src/ht_messages) by extensions ['ros']
[0.928s] Level 1:colcon.colcon_core.package_identification:_identify(src/ht_messages) by extension 'ros'
[0.930s] DEBUG:colcon.colcon_core.package_identification:Package 'src/ht_messages' with type 'ros.ament_cmake' and name 'ht_messages'
[0.931s] Level 1:colcon.colcon_core.package_identification:_identify(src/install) by extensions ['ignore', 'ignore_ament_install']
[0.931s] Level 1:colcon.colcon_core.package_identification:_identify(src/install) by extension 'ignore'
[0.931s] Level 1:colcon.colcon_core.package_identification:_identify(src/install) ignored
[0.931s] Level 1:colcon.colcon_core.package_identification:_identify(src/log) by extensions ['ignore', 'ignore_ament_install']
[0.932s] Level 1:colcon.colcon_core.package_identification:_identify(src/log) by extension 'ignore'
[0.932s] Level 1:colcon.colcon_core.package_identification:_identify(src/log) ignored
[0.932s] Level 1:colcon.colcon_core.package_identification:_identify(src/my_gyro_pkg) by extensions ['ignore', 'ignore_ament_install']
[0.932s] Level 1:colcon.colcon_core.package_identification:_identify(src/my_gyro_pkg) by extension 'ignore'
[0.933s] Level 1:colcon.colcon_core.package_identification:_identify(src/my_gyro_pkg) by extension 'ignore_ament_install'
[0.933s] Level 1:colcon.colcon_core.package_identification:_identify(src/my_gyro_pkg) by extensions ['colcon_pkg']
[0.933s] Level 1:colcon.colcon_core.package_identification:_identify(src/my_gyro_pkg) by extension 'colcon_pkg'
[0.933s] Level 1:colcon.colcon_core.package_identification:_identify(src/my_gyro_pkg) by extensions ['colcon_meta']
[0.933s] Level 1:colcon.colcon_core.package_identification:_identify(src/my_gyro_pkg) by extension 'colcon_meta'
[0.933s] Level 1:colcon.colcon_core.package_identification:_identify(src/my_gyro_pkg) by extensions ['ros']
[0.933s] Level 1:colcon.colcon_core.package_identification:_identify(src/my_gyro_pkg) by extension 'ros'
[0.935s] DEBUG:colcon.colcon_core.package_identification:Package 'src/my_gyro_pkg' with type 'ros.ament_python' and name 'my_gyro_pkg'
[0.936s] Level 1:colcon.colcon_core.package_discovery:discover_packages(recursive) using defaults
[0.936s] Level 1:colcon.colcon_core.package_discovery:discover_packages(ignore) discover
[0.936s] Level 1:colcon.colcon_core.package_discovery:discover_packages(ignore) using defaults
[0.936s] Level 1:colcon.colcon_core.package_discovery:discover_packages(path) discover
[0.936s] Level 1:colcon.colcon_core.package_discovery:discover_packages(path) using defaults
[1.001s] Level 1:colcon.colcon_core.package_discovery:discover_packages(prefix_path) check parameters
[1.001s] Level 1:colcon.colcon_core.package_discovery:discover_packages(prefix_path) discover
[1.008s] DEBUG:colcon.colcon_installed_package_information.package_discovery:Found 3 installed packages in /home/user/high_tide_ws/install
[1.009s] DEBUG:colcon.colcon_installed_package_information.package_discovery:Found 3 installed packages in /home/user/install
[1.014s] DEBUG:colcon.colcon_installed_package_information.package_discovery:Found 296 installed packages in /opt/ros/humble
[1.051s] Level 1:colcon.colcon_core.package_discovery:discover_packages(prefix_path) using defaults
[1.173s] Level 5:colcon.colcon_core.verb:set package 'ht_core' build argument 'cmake_args' from command line to 'None'
[1.173s] Level 5:colcon.colcon_core.verb:set package 'ht_core' build argument 'cmake_target' from command line to 'None'
[1.173s] Level 5:colcon.colcon_core.verb:set package 'ht_core' build argument 'cmake_target_skip_unavailable' from command line to 'False'
[1.173s] Level 5:colcon.colcon_core.verb:set package 'ht_core' build argument 'cmake_clean_cache' from command line to 'False'
[1.174s] Level 5:colcon.colcon_core.verb:set package 'ht_core' build argument 'cmake_clean_first' from command line to 'False'
[1.174s] Level 5:colcon.colcon_core.verb:set package 'ht_core' build argument 'cmake_force_configure' from command line to 'False'
[1.174s] Level 5:colcon.colcon_core.verb:set package 'ht_core' build argument 'ament_cmake_args' from command line to 'None'
[1.174s] Level 5:colcon.colcon_core.verb:set package 'ht_core' build argument 'catkin_cmake_args' from command line to 'None'
[1.174s] Level 5:colcon.colcon_core.verb:set package 'ht_core' build argument 'catkin_skip_building_tests' from command line to 'False'
[1.174s] DEBUG:colcon.colcon_core.verb:Building package 'ht_core' with the following arguments: {'ament_cmake_args': None, 'build_base': '/home/user/high_tide_ws/build/ht_core', 'catkin_cmake_args': None, 'catkin_skip_building_tests': False, 'cmake_args': None, 'cmake_clean_cache': False, 'cmake_clean_first': False, 'cmake_force_configure': False, 'cmake_target': None, 'cmake_target_skip_unavailable': False, 'install_base': '/home/user/high_tide_ws/install/ht_core', 'merge_install': False, 'path': '/home/user/high_tide_ws/src/ht_core', 'symlink_install': False, 'test_result_base': None}
[1.175s] Level 5:colcon.colcon_core.verb:set package 'ht_messages' build argument 'cmake_args' from command line to 'None'
[1.175s] Level 5:colcon.colcon_core.verb:set package 'ht_messages' build argument 'cmake_target' from command line to 'None'
[1.175s] Level 5:colcon.colcon_core.verb:set package 'ht_messages' build argument 'cmake_target_skip_unavailable' from command line to 'False'
[1.175s] Level 5:colcon.colcon_core.verb:set package 'ht_messages' build argument 'cmake_clean_cache' from command line to 'False'
[1.176s] Level 5:colcon.colcon_core.verb:set package 'ht_messages' build argument 'cmake_clean_first' from command line to 'False'
[1.176s] Level 5:colcon.colcon_core.verb:set package 'ht_messages' build argument 'cmake_force_configure' from command line to 'False'
[1.176s] Level 5:colcon.colcon_core.verb:set package 'ht_messages' build argument 'ament_cmake_args' from command line to 'None'
[1.176s] Level 5:colcon.colcon_core.verb:set package 'ht_messages' build argument 'catkin_cmake_args' from command line to 'None'
[1.176s] Level 5:colcon.colcon_core.verb:set package 'ht_messages' build argument 'catkin_skip_building_tests' from command line to 'False'
[1.176s] DEBUG:colcon.colcon_core.verb:Building package 'ht_messages' with the following arguments: {'ament_cmake_args': None, 'build_base': '/home/user/high_tide_ws/build/ht_messages', 'catkin_cmake_args': None, 'catkin_skip_building_tests': False, 'cmake_args': None, 'cmake_clean_cache': False, 'cmake_clean_first': False, 'cmake_force_configure': False, 'cmake_target': None, 'cmake_target_skip_unavailable': False, 'install_base': '/home/user/high_tide_ws/install/ht_messages', 'merge_install': False, 'path': '/home/user/high_tide_ws/src/ht_messages', 'symlink_install': False, 'test_result_base': None}
[1.177s] Level 5:colcon.colcon_core.verb:set package 'my_gyro_pkg' build argument 'cmake_args' from command line to 'None'
[1.177s] Level 5:colcon.colcon_core.verb:set package 'my_gyro_pkg' build argument 'cmake_target' from command line to 'None'
[1.177s] Level 5:colcon.colcon_core.verb:set package 'my_gyro_pkg' build argument 'cmake_target_skip_unavailable' from command line to 'False'
[1.177s] Level 5:colcon.colcon_core.verb:set package 'my_gyro_pkg' build argument 'cmake_clean_cache' from command line to 'False'
[1.177s] Level 5:colcon.colcon_core.verb:set package 'my_gyro_pkg' build argument 'cmake_clean_first' from command line to 'False'
[1.177s] Level 5:colcon.colcon_core.verb:set package 'my_gyro_pkg' build argument 'cmake_force_configure' from command line to 'False'
[1.178s] Level 5:colcon.colcon_core.verb:set package 'my_gyro_pkg' build argument 'ament_cmake_args' from command line to 'None'
[1.178s] Level 5:colcon.colcon_core.verb:set package 'my_gyro_pkg' build argument 'catkin_cmake_args' from command line to 'None'
[1.178s] Level 5:colcon.colcon_core.verb:set package 'my_gyro_pkg' build argument 'catkin_skip_building_tests' from command line to 'False'
[1.178s] DEBUG:colcon.colcon_core.verb:Building package 'my_gyro_pkg' with the following arguments: {'ament_cmake_args': None, 'build_base': '/home/user/high_tide_ws/build/my_gyro_pkg', 'catkin_cmake_args': None, 'catkin_skip_building_tests': False, 'cmake_args': None, 'cmake_clean_cache': False, 'cmake_clean_first': False, 'cmake_force_configure': False, 'cmake_target': None, 'cmake_target_skip_unavailable': False, 'install_base': '/home/user/high_tide_ws/install/my_gyro_pkg', 'merge_install': False, 'path': '/home/user/high_tide_ws/src/my_gyro_pkg', 'symlink_install': False, 'test_result_base': None}
[1.178s] INFO:colcon.colcon_core.executor:Executing jobs using 'parallel' executor
[1.181s] DEBUG:colcon.colcon_parallel_executor.executor.parallel:run_until_complete
[1.182s] INFO:colcon.colcon_ros.task.ament_python.build:Building ROS package in '/home/user/high_tide_ws/src/ht_core' with build type 'ament_python'
[1.183s] Level 1:colcon.colcon_core.shell:create_environment_hook('ht_core', 'ament_prefix_path')
[1.189s] INFO:colcon.colcon_core.plugin_system:Skipping extension 'colcon_core.shell.bat': Not used on non-Windows systems
[1.190s] INFO:colcon.colcon_core.shell:Creating environment hook '/home/user/high_tide_ws/install/ht_core/share/ht_core/hook/ament_prefix_path.ps1'
[1.192s] INFO:colcon.colcon_core.shell:Creating environment descriptor '/home/user/high_tide_ws/install/ht_core/share/ht_core/hook/ament_prefix_path.dsv'
[1.194s] INFO:colcon.colcon_core.shell:Creating environment hook '/home/user/high_tide_ws/install/ht_core/share/ht_core/hook/ament_prefix_path.sh'
[1.196s] INFO:colcon.colcon_core.shell:Skip shell extension 'powershell' for command environment: Not usable outside of PowerShell
[1.196s] DEBUG:colcon.colcon_core.shell:Skip shell extension 'dsv' for command environment
[1.208s] INFO:colcon.colcon_ros.task.ament_cmake.build:Building ROS package in '/home/user/high_tide_ws/src/ht_messages' with build type 'ament_cmake'
[1.209s] INFO:colcon.colcon_cmake.task.cmake.build:Building CMake package in '/home/user/high_tide_ws/src/ht_messages'
[1.210s] INFO:colcon.colcon_core.shell:Skip shell extension 'powershell' for command environment: Not usable outside of PowerShell
[1.210s] DEBUG:colcon.colcon_core.shell:Skip shell extension 'dsv' for command environment
[1.222s] INFO:colcon.colcon_ros.task.ament_python.build:Building ROS package in '/home/user/high_tide_ws/src/my_gyro_pkg' with build type 'ament_python'
[1.222s] Level 1:colcon.colcon_core.shell:create_environment_hook('my_gyro_pkg', 'ament_prefix_path')
[1.224s] INFO:colcon.colcon_core.shell:Creating environment hook '/home/user/high_tide_ws/install/my_gyro_pkg/share/my_gyro_pkg/hook/ament_prefix_path.ps1'
[1.226s] INFO:colcon.colcon_core.shell:Creating environment descriptor '/home/user/high_tide_ws/install/my_gyro_pkg/share/my_gyro_pkg/hook/ament_prefix_path.dsv'
[1.227s] INFO:colcon.colcon_core.shell:Creating environment hook '/home/user/high_tide_ws/install/my_gyro_pkg/share/my_gyro_pkg/hook/ament_prefix_path.sh'
[1.229s] INFO:colcon.colcon_core.shell:Skip shell extension 'powershell' for command environment: Not usable outside of PowerShell
[1.229s] DEBUG:colcon.colcon_core.shell:Skip shell extension 'dsv' for command environment
[2.051s] INFO:colcon.colcon_core.task.python.build:Building Python package in '/home/user/high_tide_ws/src/ht_core'
[2.052s] INFO:colcon.colcon_core.shell:Skip shell extension 'powershell' for command environment: Not usable outside of PowerShell
[2.052s] DEBUG:colcon.colcon_core.shell:Skip shell extension 'dsv' for command environment
[2.070s] DEBUG:colcon.colcon_core.event_handler.log_command:Invoking command in '/home/user/high_tide_ws/build/ht_messages': CMAKE_PREFIX_PATH=${CMAKE_PREFIX_PATH}:/home/user/high_tide_ws/install/my_gyro_pkg:/home/user/high_tide_ws/install/ht_core:/home/user/install/my_gyro_pkg:/home/user/install/ht_core:/opt/ros/humble /usr/bin/cmake --build /home/user/high_tide_ws/build/ht_messages -- -j4 -l4
[3.031s] INFO:colcon.colcon_core.task.python.build:Building Python package in '/home/user/high_tide_ws/src/my_gyro_pkg'
[3.032s] INFO:colcon.colcon_core.shell:Skip shell extension 'powershell' for command environment: Not usable outside of PowerShell
[3.032s] DEBUG:colcon.colcon_core.shell:Skip shell extension 'dsv' for command environment
[3.499s] DEBUG:colcon.colcon_core.event_handler.log_command:Invoked command in '/home/user/high_tide_ws/build/ht_messages' returned '0': CMAKE_PREFIX_PATH=${CMAKE_PREFIX_PATH}:/home/user/high_tide_ws/install/my_gyro_pkg:/home/user/high_tide_ws/install/ht_core:/home/user/install/my_gyro_pkg:/home/user/install/ht_core:/opt/ros/humble /usr/bin/cmake --build /home/user/high_tide_ws/build/ht_messages -- -j4 -l4
[3.531s] DEBUG:colcon.colcon_core.event_handler.log_command:Invoking command in '/home/user/high_tide_ws/build/ht_messages': CMAKE_PREFIX_PATH=${CMAKE_PREFIX_PATH}:/home/user/high_tide_ws/install/my_gyro_pkg:/home/user/high_tide_ws/install/ht_core:/home/user/install/my_gyro_pkg:/home/user/install/ht_core:/opt/ros/humble /usr/bin/cmake --install /home/user/high_tide_ws/build/ht_messages
[3.781s] Level 1:colcon.colcon_core.environment:create_environment_scripts_only(ht_messages)
[3.789s] Level 1:colcon.colcon_core.environment:checking '/home/user/high_tide_ws/install/ht_messages' for CMake module files
[3.790s] DEBUG:colcon.colcon_core.event_handler.log_command:Invoked command in '/home/user/high_tide_ws/build/ht_messages' returned '0': CMAKE_PREFIX_PATH=${CMAKE_PREFIX_PATH}:/home/user/high_tide_ws/install/my_gyro_pkg:/home/user/high_tide_ws/install/ht_core:/home/user/install/my_gyro_pkg:/home/user/install/ht_core:/opt/ros/humble /usr/bin/cmake --install /home/user/high_tide_ws/build/ht_messages
[3.794s] Level 1:colcon.colcon_core.environment:checking '/home/user/high_tide_ws/install/ht_messages' for CMake config files
[3.795s] Level 1:colcon.colcon_core.shell:create_environment_hook('ht_messages', 'cmake_prefix_path')
[3.796s] INFO:colcon.colcon_core.shell:Creating environment hook '/home/user/high_tide_ws/install/ht_messages/share/ht_messages/hook/cmake_prefix_path.ps1'
[3.798s] INFO:colcon.colcon_core.shell:Creating environment descriptor '/home/user/high_tide_ws/install/ht_messages/share/ht_messages/hook/cmake_prefix_path.dsv'
[3.799s] INFO:colcon.colcon_core.shell:Creating environment hook '/home/user/high_tide_ws/install/ht_messages/share/ht_messages/hook/cmake_prefix_path.sh'
[3.805s] Level 1:colcon.colcon_core.environment:checking '/home/user/high_tide_ws/install/ht_messages/lib'
[3.806s] Level 1:colcon.colcon_core.shell:create_environment_hook('ht_messages', 'ld_library_path_lib')
[3.807s] INFO:colcon.colcon_core.shell:Creating environment hook '/home/user/high_tide_ws/install/ht_messages/share/ht_messages/hook/ld_library_path_lib.ps1'
[3.809s] INFO:colcon.colcon_core.shell:Creating environment descriptor '/home/user/high_tide_ws/install/ht_messages/share/ht_messages/hook/ld_library_path_lib.dsv'
[3.810s] INFO:colcon.colcon_core.shell:Creating environment hook '/home/user/high_tide_ws/install/ht_messages/share/ht_messages/hook/ld_library_path_lib.sh'
[3.812s] Level 1:colcon.colcon_core.environment:checking '/home/user/high_tide_ws/install/ht_messages/bin'
[3.813s] Level 1:colcon.colcon_core.environment:checking '/home/user/high_tide_ws/install/ht_messages/lib/pkgconfig/ht_messages.pc'
[3.814s] Level 1:colcon.colcon_core.environment:checking '/home/user/high_tide_ws/install/ht_messages/lib/python3.10/site-packages'
[3.814s] Level 1:colcon.colcon_core.environment:checking '/home/user/high_tide_ws/install/ht_messages/bin'
[3.816s] INFO:colcon.colcon_core.shell:Creating package script '/home/user/high_tide_ws/install/ht_messages/share/ht_messages/package.ps1'
[3.819s] INFO:colcon.colcon_core.shell:Creating package descriptor '/home/user/high_tide_ws/install/ht_messages/share/ht_messages/package.dsv'
[3.821s] INFO:colcon.colcon_core.shell:Creating package script '/home/user/high_tide_ws/install/ht_messages/share/ht_messages/package.sh'
[3.824s] INFO:colcon.colcon_core.shell:Creating package script '/home/user/high_tide_ws/install/ht_messages/share/ht_messages/package.bash'
[3.827s] INFO:colcon.colcon_core.shell:Creating package script '/home/user/high_tide_ws/install/ht_messages/share/ht_messages/package.zsh'
[3.829s] Level 1:colcon.colcon_core.environment:create_file_with_runtime_dependencies(/home/user/high_tide_ws/install/ht_messages/share/colcon-core/packages/ht_messages)
[3.832s] Level 1:colcon.colcon_core.environment:create_environment_scripts_only(ht_messages)
[3.833s] Level 1:colcon.colcon_core.environment:checking '/home/user/high_tide_ws/install/ht_messages' for CMake module files
[3.834s] Level 1:colcon.colcon_core.environment:checking '/home/user/high_tide_ws/install/ht_messages' for CMake config files
[3.836s] Level 1:colcon.colcon_core.shell:create_environment_hook('ht_messages', 'cmake_prefix_path')
[3.837s] INFO:colcon.colcon_core.shell:Creating environment hook '/home/user/high_tide_ws/install/ht_messages/share/ht_messages/hook/cmake_prefix_path.ps1'
[3.839s] INFO:colcon.colcon_core.shell:Creating environment descriptor '/home/user/high_tide_ws/install/ht_messages/share/ht_messages/hook/cmake_prefix_path.dsv'
[3.840s] INFO:colcon.colcon_core.shell:Creating environment hook '/home/user/high_tide_ws/install/ht_messages/share/ht_messages/hook/cmake_prefix_path.sh'
[3.842s] Level 1:colcon.colcon_core.environment:checking '/home/user/high_tide_ws/install/ht_messages/lib'
[3.843s] Level 1:colcon.colcon_core.shell:create_environment_hook('ht_messages', 'ld_library_path_lib')
[3.844s] INFO:colcon.colcon_core.shell:Creating environment hook '/home/user/high_tide_ws/install/ht_messages/share/ht_messages/hook/ld_library_path_lib.ps1'
[3.845s] INFO:colcon.colcon_core.shell:Creating environment descriptor '/home/user/high_tide_ws/install/ht_messages/share/ht_messages/hook/ld_library_path_lib.dsv'
[3.846s] INFO:colcon.colcon_core.shell:Creating environment hook '/home/user/high_tide_ws/install/ht_messages/share/ht_messages/hook/ld_library_path_lib.sh'
[3.848s] Level 1:colcon.colcon_core.environment:checking '/home/user/high_tide_ws/install/ht_messages/bin'
[3.848s] Level 1:colcon.colcon_core.environment:checking '/home/user/high_tide_ws/install/ht_messages/lib/pkgconfig/ht_messages.pc'
[3.849s] Level 1:colcon.colcon_core.environment:checking '/home/user/high_tide_ws/install/ht_messages/lib/python3.10/site-packages'
[3.850s] Level 1:colcon.colcon_core.environment:checking '/home/user/high_tide_ws/install/ht_messages/bin'
[3.852s] INFO:colcon.colcon_core.shell:Creating package script '/home/user/high_tide_ws/install/ht_messages/share/ht_messages/package.ps1'
[3.853s] INFO:colcon.colcon_core.shell:Creating package descriptor '/home/user/high_tide_ws/install/ht_messages/share/ht_messages/package.dsv'
[3.855s] INFO:colcon.colcon_core.shell:Creating package script '/home/user/high_tide_ws/install/ht_messages/share/ht_messages/package.sh'
[3.857s] INFO:colcon.colcon_core.shell:Creating package script '/home/user/high_tide_ws/install/ht_messages/share/ht_messages/package.bash'
[3.859s] INFO:colcon.colcon_core.shell:Creating package script '/home/user/high_tide_ws/install/ht_messages/share/ht_messages/package.zsh'
[3.860s] Level 1:colcon.colcon_core.environment:create_file_with_runtime_dependencies(/home/user/high_tide_ws/install/ht_messages/share/colcon-core/packages/ht_messages)
[4.340s] DEBUG:colcon.colcon_core.event_handler.log_command:Invoking command in '/home/user/high_tide_ws/src/my_gyro_pkg': PYTHONPATH=/home/user/high_tide_ws/build/my_gyro_pkg/prefix_override:/usr/lib/python3/dist-packages/colcon_core/task/python/colcon_distutils_commands:/home/user/high_tide_ws/install/my_gyro_pkg/lib/python3.10/site-packages:${PYTHONPATH} /usr/bin/python3 -W ignore:setup.py install is deprecated -W ignore:easy_install command is deprecated setup.py egg_info --egg-base ../../build/my_gyro_pkg build --build-base /home/user/high_tide_ws/build/my_gyro_pkg/build install --record /home/user/high_tide_ws/build/my_gyro_pkg/install.log --single-version-externally-managed install_data
[4.489s] DEBUG:colcon.colcon_core.event_handler.log_command:Invoking command in '/home/user/high_tide_ws/src/ht_core': PYTHONPATH=/home/user/high_tide_ws/build/ht_core/prefix_override:/usr/lib/python3/dist-packages/colcon_core/task/python/colcon_distutils_commands:/home/user/high_tide_ws/install/ht_core/lib/python3.10/site-packages:${PYTHONPATH} /usr/bin/python3 -W ignore:setup.py install is deprecated -W ignore:easy_install command is deprecated setup.py egg_info --egg-base ../../build/ht_core build --build-base /home/user/high_tide_ws/build/ht_core/build install --record /home/user/high_tide_ws/build/ht_core/install.log --single-version-externally-managed install_data
[5.309s] Level 1:colcon.colcon_core.environment:checking '/home/user/high_tide_ws/install/my_gyro_pkg' for CMake module files
[5.310s] Level 1:colcon.colcon_core.environment:checking '/home/user/high_tide_ws/install/my_gyro_pkg' for CMake config files
[5.312s] Level 1:colcon.colcon_core.environment:checking '/home/user/high_tide_ws/install/my_gyro_pkg/lib'
[5.312s] Level 1:colcon.colcon_core.environment:checking '/home/user/high_tide_ws/install/my_gyro_pkg/bin'
[5.313s] Level 1:colcon.colcon_core.environment:checking '/home/user/high_tide_ws/install/my_gyro_pkg/lib/pkgconfig/my_gyro_pkg.pc'
[5.313s] Level 1:colcon.colcon_core.environment:checking '/home/user/high_tide_ws/install/my_gyro_pkg/lib/python3.10/site-packages'
[5.313s] Level 1:colcon.colcon_core.shell:create_environment_hook('my_gyro_pkg', 'pythonpath')
[5.314s] INFO:colcon.colcon_core.shell:Creating environment hook '/home/user/high_tide_ws/install/my_gyro_pkg/share/my_gyro_pkg/hook/pythonpath.ps1'
[5.316s] INFO:colcon.colcon_core.shell:Creating environment descriptor '/home/user/high_tide_ws/install/my_gyro_pkg/share/my_gyro_pkg/hook/pythonpath.dsv'
[5.318s] DEBUG:colcon.colcon_core.event_handler.log_command:Invoked command in '/home/user/high_tide_ws/src/my_gyro_pkg' returned '0': PYTHONPATH=/home/user/high_tide_ws/build/my_gyro_pkg/prefix_override:/usr/lib/python3/dist-packages/colcon_core/task/python/colcon_distutils_commands:/home/user/high_tide_ws/install/my_gyro_pkg/lib/python3.10/site-packages:${PYTHONPATH} /usr/bin/python3 -W ignore:setup.py install is deprecated -W ignore:easy_install command is deprecated setup.py egg_info --egg-base ../../build/my_gyro_pkg build --build-base /home/user/high_tide_ws/build/my_gyro_pkg/build install --record /home/user/high_tide_ws/build/my_gyro_pkg/install.log --single-version-externally-managed install_data
[5.319s] INFO:colcon.colcon_core.shell:Creating environment hook '/home/user/high_tide_ws/install/my_gyro_pkg/share/my_gyro_pkg/hook/pythonpath.sh'
[5.326s] Level 1:colcon.colcon_core.environment:checking '/home/user/high_tide_ws/install/my_gyro_pkg/bin'
[5.326s] Level 1:colcon.colcon_core.environment:create_environment_scripts_only(my_gyro_pkg)
[5.327s] INFO:colcon.colcon_core.shell:Creating package script '/home/user/high_tide_ws/install/my_gyro_pkg/share/my_gyro_pkg/package.ps1'
[5.329s] INFO:colcon.colcon_core.shell:Creating package descriptor '/home/user/high_tide_ws/install/my_gyro_pkg/share/my_gyro_pkg/package.dsv'
[5.331s] INFO:colcon.colcon_core.shell:Creating package script '/home/user/high_tide_ws/install/my_gyro_pkg/share/my_gyro_pkg/package.sh'
[5.332s] INFO:colcon.colcon_core.shell:Creating package script '/home/user/high_tide_ws/install/my_gyro_pkg/share/my_gyro_pkg/package.bash'
[5.337s] INFO:colcon.colcon_core.shell:Creating package script '/home/user/high_tide_ws/install/my_gyro_pkg/share/my_gyro_pkg/package.zsh'
[5.339s] Level 1:colcon.colcon_core.environment:create_file_with_runtime_dependencies(/home/user/high_tide_ws/install/my_gyro_pkg/share/colcon-core/packages/my_gyro_pkg)
[5.515s] Level 1:colcon.colcon_core.environment:checking '/home/user/high_tide_ws/install/ht_core' for CMake module files
[5.517s] Level 1:colcon.colcon_core.environment:checking '/home/user/high_tide_ws/install/ht_core' for CMake config files
[5.521s] DEBUG:colcon.colcon_core.event_handler.log_command:Invoked command in '/home/user/high_tide_ws/src/ht_core' returned '0': PYTHONPATH=/home/user/high_tide_ws/build/ht_core/prefix_override:/usr/lib/python3/dist-packages/colcon_core/task/python/colcon_distutils_commands:/home/user/high_tide_ws/install/ht_core/lib/python3.10/site-packages:${PYTHONPATH} /usr/bin/python3 -W ignore:setup.py install is deprecated -W ignore:easy_install command is deprecated setup.py egg_info --egg-base ../../build/ht_core build --build-base /home/user/high_tide_ws/build/ht_core/build install --record /home/user/high_tide_ws/build/ht_core/install.log --single-version-externally-managed install_data
[5.522s] Level 1:colcon.colcon_core.environment:checking '/home/user/high_tide_ws/install/ht_core/lib'
[5.522s] Level 1:colcon.colcon_core.environment:checking '/home/user/high_tide_ws/install/ht_core/bin'
[5.523s] Level 1:colcon.colcon_core.environment:checking '/home/user/high_tide_ws/install/ht_core/lib/pkgconfig/ht_core.pc'
[5.523s] Level 1:colcon.colcon_core.environment:checking '/home/user/high_tide_ws/install/ht_core/lib/python3.10/site-packages'
[5.524s] Level 1:colcon.colcon_core.shell:create_environment_hook('ht_core', 'pythonpath')
[5.527s] INFO:colcon.colcon_core.shell:Creating environment hook '/home/user/high_tide_ws/install/ht_core/share/ht_core/hook/pythonpath.ps1'
[5.529s] INFO:colcon.colcon_core.shell:Creating environment descriptor '/home/user/high_tide_ws/install/ht_core/share/ht_core/hook/pythonpath.dsv'
[5.530s] INFO:colcon.colcon_core.shell:Creating environment hook '/home/user/high_tide_ws/install/ht_core/share/ht_core/hook/pythonpath.sh'
[5.533s] Level 1:colcon.colcon_core.environment:checking '/home/user/high_tide_ws/install/ht_core/bin'
[5.533s] Level 1:colcon.colcon_core.environment:create_environment_scripts_only(ht_core)
[5.534s] INFO:colcon.colcon_core.shell:Creating package script '/home/user/high_tide_ws/install/ht_core/share/ht_core/package.ps1'
[5.536s] INFO:colcon.colcon_core.shell:Creating package descriptor '/home/user/high_tide_ws/install/ht_core/share/ht_core/package.dsv'
[5.538s] INFO:colcon.colcon_core.shell:Creating package script '/home/user/high_tide_ws/install/ht_core/share/ht_core/package.sh'
[5.539s] INFO:colcon.colcon_core.shell:Creating package script '/home/user/high_tide_ws/install/ht_core/share/ht_core/package.bash'
[5.541s] INFO:colcon.colcon_core.shell:Creating package script '/home/user/high_tide_ws/install/ht_core/share/ht_core/package.zsh'
[5.542s] Level 1:colcon.colcon_core.environment:create_file_with_runtime_dependencies(/home/user/high_tide_ws/install/ht_core/share/colcon-core/packages/ht_core)
[5.542s] DEBUG:colcon.colcon_parallel_executor.executor.parallel:closing loop
[5.544s] DEBUG:colcon.colcon_parallel_executor.executor.parallel:loop closed
[5.544s] DEBUG:colcon.colcon_parallel_executor.executor.parallel:run_until_complete finished with '0'
[5.544s] DEBUG:colcon.colcon_core.event_reactor:joining thread
[5.562s] INFO:colcon.colcon_core.plugin_system:Skipping extension 'colcon_notification.desktop_notification.terminal_notifier': Not used on non-Darwin systems
[5.562s] INFO:colcon.colcon_core.plugin_system:Skipping extension 'colcon_notification.desktop_notification.win32': Not used on non-Windows systems
[5.563s] INFO:colcon.colcon_notification.desktop_notification:Sending desktop notification using 'notify2'
[5.594s] DEBUG:colcon.colcon_core.event_reactor:joined thread
[5.596s] INFO:colcon.colcon_core.shell:Creating prefix script '/home/user/high_tide_ws/install/local_setup.ps1'
[5.599s] INFO:colcon.colcon_core.shell:Creating prefix util module '/home/user/high_tide_ws/install/_local_setup_util_ps1.py'
[5.603s] INFO:colcon.colcon_core.shell:Creating prefix chain script '/home/user/high_tide_ws/install/setup.ps1'
[5.607s] INFO:colcon.colcon_core.shell:Creating prefix script '/home/user/high_tide_ws/install/local_setup.sh'
[5.609s] INFO:colcon.colcon_core.shell:Creating prefix util module '/home/user/high_tide_ws/install/_local_setup_util_sh.py'
[5.611s] INFO:colcon.colcon_core.shell:Creating prefix chain script '/home/user/high_tide_ws/install/setup.sh'
[5.615s] INFO:colcon.colcon_core.shell:Creating prefix script '/home/user/high_tide_ws/install/local_setup.bash'
[5.616s] INFO:colcon.colcon_core.shell:Creating prefix chain script '/home/user/high_tide_ws/install/setup.bash'
[5.620s] INFO:colcon.colcon_core.shell:Creating prefix script '/home/user/high_tide_ws/install/local_setup.zsh'
[5.622s] INFO:colcon.colcon_core.shell:Creating prefix chain script '/home/user/high_tide_ws/install/setup.zsh'
