[9.431s] Invoking command in '/home/user/high_tide_ws/src/ht_core': PYTHONPATH=/home/user/high_tide_ws/build/ht_core/prefix_override:/usr/lib/python3/dist-packages/colcon_core/task/python/colcon_distutils_commands:/home/user/high_tide_ws/install/ht_core/lib/python3.10/site-packages:${PYTHONPATH} /usr/bin/python3 -W ignore:setup.py install is deprecated -W ignore:easy_install command is deprecated setup.py egg_info --egg-base ../../build/ht_core build --build-base /home/user/high_tide_ws/build/ht_core/build install --record /home/user/high_tide_ws/build/ht_core/install.log --single-version-externally-managed install_data
[13.017s] running egg_info
[13.030s] writing ../../build/ht_core/ht_core.egg-info/PKG-INFO
[13.033s] writing dependency_links to ../../build/ht_core/ht_core.egg-info/dependency_links.txt
[13.045s] writing entry points to ../../build/ht_core/ht_core.egg-info/entry_points.txt
[13.046s] writing requirements to ../../build/ht_core/ht_core.egg-info/requires.txt
[13.048s] writing top-level names to ../../build/ht_core/ht_core.egg-info/top_level.txt
[13.078s] reading manifest file '../../build/ht_core/ht_core.egg-info/SOURCES.txt'
[13.098s] writing manifest file '../../build/ht_core/ht_core.egg-info/SOURCES.txt'
[13.103s] running build
[13.103s] running build_py
[13.123s] running install
[13.126s] running install_lib
[13.150s] running install_data
[13.161s] running install_egg_info
[13.173s] removing '/home/user/high_tide_ws/install/ht_core/lib/python3.10/site-packages/ht_core-0.0.1-py3.10.egg-info' (and everything under it)
[13.209s] Copying ../../build/ht_core/ht_core.egg-info to /home/user/high_tide_ws/install/ht_core/lib/python3.10/site-packages/ht_core-0.0.1-py3.10.egg-info
[13.223s] running install_scripts
[13.489s] Installing depth_node script to /home/user/high_tide_ws/install/ht_core/lib/ht_core
[13.497s] Installing mission_node script to /home/user/high_tide_ws/install/ht_core/lib/ht_core
[13.505s] writing list of installed files to '/home/user/high_tide_ws/build/ht_core/install.log'
[13.825s] Invoked command in '/home/user/high_tide_ws/src/ht_core' returned '0': PYTHONPATH=/home/user/high_tide_ws/build/ht_core/prefix_override:/usr/lib/python3/dist-packages/colcon_core/task/python/colcon_distutils_commands:/home/user/high_tide_ws/install/ht_core/lib/python3.10/site-packages:${PYTHONPATH} /usr/bin/python3 -W ignore:setup.py install is deprecated -W ignore:easy_install command is deprecated setup.py egg_info --egg-base ../../build/ht_core build --build-base /home/user/high_tide_ws/build/ht_core/build install --record /home/user/high_tide_ws/build/ht_core/install.log --single-version-externally-managed install_data
