[5.525s] Invoking command in '/home/user/high_tide_ws/src/ht_core': PYTHONPATH=/home/user/high_tide_ws/build/ht_core/prefix_override:/usr/lib/python3/dist-packages/colcon_core/task/python/colcon_distutils_commands:/home/user/high_tide_ws/install/ht_core/lib/python3.10/site-packages:${PYTHONPATH} /usr/bin/python3 -W ignore:setup.py install is deprecated -W ignore:easy_install command is deprecated setup.py egg_info --egg-base ../../build/ht_core build --build-base /home/user/high_tide_ws/build/ht_core/build install --record /home/user/high_tide_ws/build/ht_core/install.log --single-version-externally-managed install_data
[6.692s] running egg_info
[6.694s] writing ../../build/ht_core/ht_core.egg-info/PKG-INFO
[6.698s] writing dependency_links to ../../build/ht_core/ht_core.egg-info/dependency_links.txt
[6.698s] writing entry points to ../../build/ht_core/ht_core.egg-info/entry_points.txt
[6.698s] writing requirements to ../../build/ht_core/ht_core.egg-info/requires.txt
[6.698s] writing top-level names to ../../build/ht_core/ht_core.egg-info/top_level.txt
[6.705s] reading manifest file '../../build/ht_core/ht_core.egg-info/SOURCES.txt'
[6.707s] writing manifest file '../../build/ht_core/ht_core.egg-info/SOURCES.txt'
[6.708s] running build
[6.708s] running build_py
[6.711s] copying ht_core/state_machine.py -> /home/user/high_tide_ws/build/ht_core/build/lib/ht_core
[6.716s] running install
[6.718s] running install_lib
[6.722s] copying /home/user/high_tide_ws/build/ht_core/build/lib/ht_core/state_machine.py -> /home/user/high_tide_ws/install/ht_core/lib/python3.10/site-packages/ht_core
[6.727s] byte-compiling /home/user/high_tide_ws/install/ht_core/lib/python3.10/site-packages/ht_core/state_machine.py to state_machine.cpython-310.pyc
[6.731s] running install_data
[6.732s] running install_egg_info
[6.739s] removing '/home/user/high_tide_ws/install/ht_core/lib/python3.10/site-packages/ht_core-0.0.1-py3.10.egg-info' (and everything under it)
[6.744s] Copying ../../build/ht_core/ht_core.egg-info to /home/user/high_tide_ws/install/ht_core/lib/python3.10/site-packages/ht_core-0.0.1-py3.10.egg-info
[6.744s] running install_scripts
[6.830s] Installing depth_node script to /home/user/high_tide_ws/install/ht_core/lib/ht_core
[6.831s] Installing mission_node script to /home/user/high_tide_ws/install/ht_core/lib/ht_core
[6.835s] writing list of installed files to '/home/user/high_tide_ws/build/ht_core/install.log'
[6.935s] Invoked command in '/home/user/high_tide_ws/src/ht_core' returned '0': PYTHONPATH=/home/user/high_tide_ws/build/ht_core/prefix_override:/usr/lib/python3/dist-packages/colcon_core/task/python/colcon_distutils_commands:/home/user/high_tide_ws/install/ht_core/lib/python3.10/site-packages:${PYTHONPATH} /usr/bin/python3 -W ignore:setup.py install is deprecated -W ignore:easy_install command is deprecated setup.py egg_info --egg-base ../../build/ht_core build --build-base /home/user/high_tide_ws/build/ht_core/build install --record /home/user/high_tide_ws/build/ht_core/install.log --single-version-externally-managed install_data
