[3.174s] Invoking command in '/home/user/high_tide_ws/src/ht_core': PYTHONPATH=/home/user/high_tide_ws/build/ht_core/prefix_override:/usr/lib/python3/dist-packages/colcon_core/task/python/colcon_distutils_commands:/home/user/high_tide_ws/install/ht_core/lib/python3.10/site-packages:${PYTHONPATH} /usr/bin/python3 -W ignore:setup.py install is deprecated -W ignore:easy_install command is deprecated setup.py egg_info --egg-base ../../build/ht_core build --build-base /home/user/high_tide_ws/build/ht_core/build install --record /home/user/high_tide_ws/build/ht_core/install.log --single-version-externally-managed install_data
[3.989s] running egg_info
[3.991s] creating ../../build/ht_core/ht_core.egg-info
[3.994s] writing ../../build/ht_core/ht_core.egg-info/PKG-INFO
[3.996s] writing dependency_links to ../../build/ht_core/ht_core.egg-info/dependency_links.txt
[3.998s] writing entry points to ../../build/ht_core/ht_core.egg-info/entry_points.txt
[3.999s] writing requirements to ../../build/ht_core/ht_core.egg-info/requires.txt
[4.001s] writing top-level names to ../../build/ht_core/ht_core.egg-info/top_level.txt
[4.002s] writing manifest file '../../build/ht_core/ht_core.egg-info/SOURCES.txt'
[4.014s] reading manifest file '../../build/ht_core/ht_core.egg-info/SOURCES.txt'
[4.017s] writing manifest file '../../build/ht_core/ht_core.egg-info/SOURCES.txt'
[4.018s] running build
[4.019s] running build_py
[4.020s] creating /home/user/high_tide_ws/build/ht_core/build
[4.021s] creating /home/user/high_tide_ws/build/ht_core/build/lib
[4.022s] creating /home/user/high_tide_ws/build/ht_core/build/lib/ht_core
[4.023s] copying ht_core/mission_node.py -> /home/user/high_tide_ws/build/ht_core/build/lib/ht_core
[4.025s] copying ht_core/depth_node.py -> /home/user/high_tide_ws/build/ht_core/build/lib/ht_core
[4.032s] copying ht_core/__init__.py -> /home/user/high_tide_ws/build/ht_core/build/lib/ht_core
[4.034s] copying ht_core/state_machine.py -> /home/user/high_tide_ws/build/ht_core/build/lib/ht_core
[4.036s] copying ht_core/test_node.py -> /home/user/high_tide_ws/build/ht_core/build/lib/ht_core
[4.037s] copying ht_core/fwd.py -> /home/user/high_tide_ws/build/ht_core/build/lib/ht_core
[4.040s] creating /home/user/high_tide_ws/build/ht_core/build/lib/ht_core/missions
[4.041s] copying ht_core/missions/charlie.py -> /home/user/high_tide_ws/build/ht_core/build/lib/ht_core/missions
[4.043s] copying ht_core/missions/best_mission.py -> /home/user/high_tide_ws/build/ht_core/build/lib/ht_core/missions
[4.044s] copying ht_core/missions/bravo.py -> /home/user/high_tide_ws/build/ht_core/build/lib/ht_core/missions
[4.046s] copying ht_core/missions/bravo2.py -> /home/user/high_tide_ws/build/ht_core/build/lib/ht_core/missions
[4.048s] copying ht_core/missions/__init__.py -> /home/user/high_tide_ws/build/ht_core/build/lib/ht_core/missions
[4.049s] copying ht_core/missions/alpha.py -> /home/user/high_tide_ws/build/ht_core/build/lib/ht_core/missions
[4.051s] copying ht_core/missions/delta.py -> /home/user/high_tide_ws/build/ht_core/build/lib/ht_core/missions
[4.053s] copying ht_core/missions/charlie2.py -> /home/user/high_tide_ws/build/ht_core/build/lib/ht_core/missions
[4.055s] running install
[4.057s] running install_lib
[4.060s] creating /home/user/high_tide_ws/install/ht_core/lib/python3.10/site-packages/ht_core
[4.061s] copying /home/user/high_tide_ws/build/ht_core/build/lib/ht_core/mission_node.py -> /home/user/high_tide_ws/install/ht_core/lib/python3.10/site-packages/ht_core
[4.062s] copying /home/user/high_tide_ws/build/ht_core/build/lib/ht_core/depth_node.py -> /home/user/high_tide_ws/install/ht_core/lib/python3.10/site-packages/ht_core
[4.063s] creating /home/user/high_tide_ws/install/ht_core/lib/python3.10/site-packages/ht_core/missions
[4.064s] copying /home/user/high_tide_ws/build/ht_core/build/lib/ht_core/missions/charlie.py -> /home/user/high_tide_ws/install/ht_core/lib/python3.10/site-packages/ht_core/missions
[4.065s] copying /home/user/high_tide_ws/build/ht_core/build/lib/ht_core/missions/best_mission.py -> /home/user/high_tide_ws/install/ht_core/lib/python3.10/site-packages/ht_core/missions
[4.066s] copying /home/user/high_tide_ws/build/ht_core/build/lib/ht_core/missions/bravo.py -> /home/user/high_tide_ws/install/ht_core/lib/python3.10/site-packages/ht_core/missions
[4.067s] copying /home/user/high_tide_ws/build/ht_core/build/lib/ht_core/missions/bravo2.py -> /home/user/high_tide_ws/install/ht_core/lib/python3.10/site-packages/ht_core/missions
[4.068s] copying /home/user/high_tide_ws/build/ht_core/build/lib/ht_core/missions/__init__.py -> /home/user/high_tide_ws/install/ht_core/lib/python3.10/site-packages/ht_core/missions
[4.069s] copying /home/user/high_tide_ws/build/ht_core/build/lib/ht_core/missions/alpha.py -> /home/user/high_tide_ws/install/ht_core/lib/python3.10/site-packages/ht_core/missions
[4.070s] copying /home/user/high_tide_ws/build/ht_core/build/lib/ht_core/missions/delta.py -> /home/user/high_tide_ws/install/ht_core/lib/python3.10/site-packages/ht_core/missions
[4.071s] copying /home/user/high_tide_ws/build/ht_core/build/lib/ht_core/missions/charlie2.py -> /home/user/high_tide_ws/install/ht_core/lib/python3.10/site-packages/ht_core/missions
[4.072s] copying /home/user/high_tide_ws/build/ht_core/build/lib/ht_core/__init__.py -> /home/user/high_tide_ws/install/ht_core/lib/python3.10/site-packages/ht_core
[4.073s] copying /home/user/high_tide_ws/build/ht_core/build/lib/ht_core/state_machine.py -> /home/user/high_tide_ws/install/ht_core/lib/python3.10/site-packages/ht_core
[4.074s] copying /home/user/high_tide_ws/build/ht_core/build/lib/ht_core/test_node.py -> /home/user/high_tide_ws/install/ht_core/lib/python3.10/site-packages/ht_core
[4.075s] copying /home/user/high_tide_ws/build/ht_core/build/lib/ht_core/fwd.py -> /home/user/high_tide_ws/install/ht_core/lib/python3.10/site-packages/ht_core
[4.077s] byte-compiling /home/user/high_tide_ws/install/ht_core/lib/python3.10/site-packages/ht_core/mission_node.py to mission_node.cpython-310.pyc
[4.081s] byte-compiling /home/user/high_tide_ws/install/ht_core/lib/python3.10/site-packages/ht_core/depth_node.py to depth_node.cpython-310.pyc
[4.083s] byte-compiling /home/user/high_tide_ws/install/ht_core/lib/python3.10/site-packages/ht_core/missions/charlie.py to charlie.cpython-310.pyc
[4.085s] byte-compiling /home/user/high_tide_ws/install/ht_core/lib/python3.10/site-packages/ht_core/missions/best_mission.py to best_mission.cpython-310.pyc
[4.087s] byte-compiling /home/user/high_tide_ws/install/ht_core/lib/python3.10/site-packages/ht_core/missions/bravo.py to bravo.cpython-310.pyc
[4.088s] byte-compiling /home/user/high_tide_ws/install/ht_core/lib/python3.10/site-packages/ht_core/missions/bravo2.py to bravo2.cpython-310.pyc
[4.089s] byte-compiling /home/user/high_tide_ws/install/ht_core/lib/python3.10/site-packages/ht_core/missions/__init__.py to __init__.cpython-310.pyc
[4.090s] byte-compiling /home/user/high_tide_ws/install/ht_core/lib/python3.10/site-packages/ht_core/missions/alpha.py to alpha.cpython-310.pyc
[4.092s] byte-compiling /home/user/high_tide_ws/install/ht_core/lib/python3.10/site-packages/ht_core/missions/delta.py to delta.cpython-310.pyc
[4.093s] byte-compiling /home/user/high_tide_ws/install/ht_core/lib/python3.10/site-packages/ht_core/missions/charlie2.py to charlie2.cpython-310.pyc
[4.094s] byte-compiling /home/user/high_tide_ws/install/ht_core/lib/python3.10/site-packages/ht_core/__init__.py to __init__.cpython-310.pyc
[4.095s] byte-compiling /home/user/high_tide_ws/install/ht_core/lib/python3.10/site-packages/ht_core/state_machine.py to state_machine.cpython-310.pyc
[4.100s] byte-compiling /home/user/high_tide_ws/install/ht_core/lib/python3.10/site-packages/ht_core/test_node.py to test_node.cpython-310.pyc
[4.102s] byte-compiling /home/user/high_tide_ws/install/ht_core/lib/python3.10/site-packages/ht_core/fwd.py to fwd.cpython-310.pyc
[4.104s] running install_data
[4.105s] creating /home/user/high_tide_ws/install/ht_core/share/ament_index
[4.106s] creating /home/user/high_tide_ws/install/ht_core/share/ament_index/resource_index
[4.107s] creating /home/user/high_tide_ws/install/ht_core/share/ament_index/resource_index/packages
[4.108s] copying resource/ht_core -> /home/user/high_tide_ws/install/ht_core/share/ament_index/resource_index/packages
[4.109s] copying package.xml -> /home/user/high_tide_ws/install/ht_core/share/ht_core
[4.110s] creating /home/user/high_tide_ws/install/ht_core/share/ht_core/launch
[4.111s] copying launch/mission_node.launch.py -> /home/user/high_tide_ws/install/ht_core/share/ht_core/launch
[4.111s] running install_egg_info
[4.119s] Copying ../../build/ht_core/ht_core.egg-info to /home/user/high_tide_ws/install/ht_core/lib/python3.10/site-packages/ht_core-0.0.1-py3.10.egg-info
[4.123s] running install_scripts
[4.195s] Installing depth_node script to /home/user/high_tide_ws/install/ht_core/lib/ht_core
[4.196s] Installing mission_node script to /home/user/high_tide_ws/install/ht_core/lib/ht_core
[4.198s] writing list of installed files to '/home/user/high_tide_ws/build/ht_core/install.log'
[4.291s] Invoked command in '/home/user/high_tide_ws/src/ht_core' returned '0': PYTHONPATH=/home/user/high_tide_ws/build/ht_core/prefix_override:/usr/lib/python3/dist-packages/colcon_core/task/python/colcon_distutils_commands:/home/user/high_tide_ws/install/ht_core/lib/python3.10/site-packages:${PYTHONPATH} /usr/bin/python3 -W ignore:setup.py install is deprecated -W ignore:easy_install command is deprecated setup.py egg_info --egg-base ../../build/ht_core build --build-base /home/user/high_tide_ws/build/ht_core/build install --record /home/user/high_tide_ws/build/ht_core/install.log --single-version-externally-managed install_data
