[0.238s] Invoking command in '/home/thejas/high_tide_ws/src/build/ht_messages': CMAKE_PREFIX_PATH=/opt/ros/humble /usr/bin/cmake /home/thejas/high_tide_ws/src/ht_messages -DCMAKE_INSTALL_PREFIX=/home/thejas/high_tide_ws/src/install/ht_messages
[0.283s] -- The C compiler identification is GNU 13.1.0
[0.327s] -- The CXX compiler identification is GNU 13.1.0
[0.334s] -- Detecting C compiler ABI info
[0.382s] -- Detecting C compiler ABI info - done
[0.388s] -- Check for working C compiler: /usr/bin/cc - skipped
[0.388s] -- Detecting C compile features
[0.388s] -- Detecting C compile features - done
[0.390s] -- Detecting CXX compiler ABI info
[0.469s] -- Detecting CXX compiler ABI info - done
[0.474s] -- Check for working CXX compiler: /usr/bin/c++ - skipped
[0.474s] -- Detecting CXX compile features
[0.474s] -- Detecting CXX compile features - done
[0.476s] -- Found ament_cmake: 1.3.11 (/opt/ros/humble/share/ament_cmake/cmake)
[1.121s] -- Found Python3: /usr/bin/python3 (found version "3.10.12") found components: Interpreter 
[1.206s] -- Found rosidl_default_generators: 1.2.0 (/opt/ros/humble/share/rosidl_default_generators/cmake)
[1.208s] -- Using all available rosidl_typesupport_c: rosidl_typesupport_fastrtps_c;rosidl_typesupport_introspection_c
[1.227s] -- Found rosidl_adapter: 3.1.6 (/opt/ros/humble/share/rosidl_adapter/cmake)
[1.262s] -- Using all available rosidl_typesupport_cpp: rosidl_typesupport_fastrtps_cpp;rosidl_typesupport_introspection_cpp
[1.289s] -- Found builtin_interfaces: 1.2.1 (/opt/ros/humble/share/builtin_interfaces/cmake)
[1.300s] -- Found std_msgs: 4.8.0 (/opt/ros/humble/share/std_msgs/cmake)
[1.591s] -- Found ament_cmake_ros: 0.10.0 (/opt/ros/humble/share/ament_cmake_ros/cmake)
[1.792s] -- Using all available rosidl_typesupport_c: rosidl_typesupport_fastrtps_c;rosidl_typesupport_introspection_c
[1.991s] -- Using all available rosidl_typesupport_cpp: rosidl_typesupport_fastrtps_cpp;rosidl_typesupport_introspection_cpp
[2.014s] -- Found PythonInterp: /usr/bin/python3 (found suitable version "3.10.12", minimum required is "3.6") 
[2.015s] -- Found python_cmake_module: 0.10.0 (/opt/ros/humble/share/python_cmake_module/cmake)
[2.032s] -- Found PythonLibs: /usr/lib/x86_64-linux-gnu/libpython3.10.so (found suitable version "3.10.12", minimum required is "3.5") 
[2.032s] -- Using PYTHON_EXECUTABLE: /usr/bin/python3
[2.032s] -- Using PYTHON_INCLUDE_DIRS: /usr/include/python3.10
[2.032s] -- Using PYTHON_LIBRARIES: /usr/lib/x86_64-linux-gnu/libpython3.10.so
[2.045s] -- Found PythonExtra: .so  
[2.077s] -- Configuring done
[2.098s] -- Generating done
[2.104s] -- Build files have been written to: /home/thejas/high_tide_ws/src/build/ht_messages
[2.114s] Invoked command in '/home/thejas/high_tide_ws/src/build/ht_messages' returned '0': CMAKE_PREFIX_PATH=/opt/ros/humble /usr/bin/cmake /home/thejas/high_tide_ws/src/ht_messages -DCMAKE_INSTALL_PREFIX=/home/thejas/high_tide_ws/src/install/ht_messages
[2.114s] Invoking command in '/home/thejas/high_tide_ws/src/build/ht_messages': CMAKE_PREFIX_PATH=/opt/ros/humble /usr/bin/cmake --build /home/thejas/high_tide_ws/src/build/ht_messages -- -j12 -l12
[2.141s] [  3%] [34m[1mGenerating C code for ROS interfaces[0m
[2.150s] [  6%] [34m[1mGenerating C++ code for ROS interfaces[0m
[2.156s] [  6%] Built target ament_cmake_python_copy_ht_messages
[2.439s] [  6%] Built target ht_messages__cpp
[2.462s] [  9%] [34m[1mGenerating C++ type support for eProsima Fast-RTPS[0m
[2.464s] [ 16%] [34m[1mGenerating C++ type support dispatch for ROS interfaces[0m
[2.464s] [ 16%] [34m[1mGenerating C++ introspection for ROS interfaces[0m
[2.494s] [ 19%] [32mBuilding C object CMakeFiles/ht_messages__rosidl_generator_c.dir/rosidl_generator_c/ht_messages/msg/detail/example__functions.c.o[0m
[2.581s] [ 22%] [32m[1mLinking C shared library libht_messages__rosidl_generator_c.so[0m
[2.615s] running egg_info
[2.617s] creating ht_messages.egg-info
[2.654s] [ 22%] Built target ht_messages__rosidl_generator_c
[2.659s] writing ht_messages.egg-info/PKG-INFO
[2.660s] writing dependency_links to ht_messages.egg-info/dependency_links.txt
[2.663s] writing top-level names to ht_messages.egg-info/top_level.txt
[2.664s] writing manifest file 'ht_messages.egg-info/SOURCES.txt'
[2.678s] [ 25%] [34m[1mGenerating C type support for eProsima Fast-RTPS[0m
[2.679s] [ 32%] [34m[1mGenerating C type support dispatch for ROS interfaces[0m
[2.679s] [ 32%] [34m[1mGenerating C introspection for ROS interfaces[0m
[2.763s] reading manifest file 'ht_messages.egg-info/SOURCES.txt'
[2.764s] writing manifest file 'ht_messages.egg-info/SOURCES.txt'
[2.855s] [ 35%] [32mBuilding CXX object CMakeFiles/ht_messages__rosidl_typesupport_introspection_cpp.dir/rosidl_typesupport_introspection_cpp/ht_messages/msg/detail/example__type_support.cpp.o[0m
[2.897s] [ 35%] Built target ament_cmake_python_build_ht_messages_egg
[2.915s] [ 38%] [32mBuilding CXX object CMakeFiles/ht_messages__rosidl_typesupport_cpp.dir/rosidl_typesupport_cpp/ht_messages/msg/example__type_support.cpp.o[0m
[2.974s] [ 41%] [32mBuilding CXX object CMakeFiles/ht_messages__rosidl_typesupport_fastrtps_cpp.dir/rosidl_typesupport_fastrtps_cpp/ht_messages/msg/detail/dds_fastrtps/example__type_support.cpp.o[0m
[3.064s] [ 45%] [32mBuilding CXX object CMakeFiles/ht_messages__rosidl_typesupport_c.dir/rosidl_typesupport_c/ht_messages/msg/example__type_support.cpp.o[0m
[3.107s] [ 48%] [32m[1mLinking CXX shared library libht_messages__rosidl_typesupport_c.so[0m
[3.159s] [ 51%] [32mBuilding C object CMakeFiles/ht_messages__rosidl_typesupport_introspection_c.dir/rosidl_typesupport_introspection_c/ht_messages/msg/detail/example__type_support.c.o[0m
[3.167s] [ 54%] [32mBuilding CXX object CMakeFiles/ht_messages__rosidl_typesupport_fastrtps_c.dir/rosidl_typesupport_fastrtps_c/ht_messages/msg/detail/example__type_support_c.cpp.o[0m
[3.186s] [ 54%] Built target ht_messages__rosidl_typesupport_c
[3.212s] [ 58%] [32m[1mLinking C shared library libht_messages__rosidl_typesupport_introspection_c.so[0m
[3.262s] [ 58%] Built target ht_messages__rosidl_typesupport_introspection_c
[3.344s] [ 61%] [32m[1mLinking CXX shared library libht_messages__rosidl_typesupport_cpp.so[0m
[3.377s] [ 64%] [32m[1mLinking CXX shared library libht_messages__rosidl_typesupport_introspection_cpp.so[0m
[3.378s] [ 64%] Built target ht_messages__rosidl_typesupport_cpp
[3.438s] [ 67%] [32m[1mLinking CXX shared library libht_messages__rosidl_typesupport_fastrtps_cpp.so[0m
[3.458s] [ 67%] Built target ht_messages__rosidl_typesupport_introspection_cpp
[3.494s] [ 67%] Built target ht_messages__rosidl_typesupport_fastrtps_cpp
[3.517s] [ 70%] [32m[1mLinking CXX shared library libht_messages__rosidl_typesupport_fastrtps_c.so[0m
[3.566s] [ 70%] Built target ht_messages__rosidl_typesupport_fastrtps_c
[3.581s] [ 70%] Built target ht_messages
[3.597s] [ 74%] [34m[1mGenerating Python code for ROS interfaces[0m
[3.788s] [ 74%] Built target ht_messages__py
[3.803s] [ 77%] [32mBuilding C object CMakeFiles/ht_messages__rosidl_generator_py.dir/rosidl_generator_py/ht_messages/msg/_example_s.c.o[0m
[3.881s] [ 80%] [32m[1mLinking C shared library rosidl_generator_py/ht_messages/libht_messages__rosidl_generator_py.so[0m
[3.911s] [ 80%] Built target ht_messages__rosidl_generator_py
[3.930s] [ 83%] [32mBuilding C object CMakeFiles/ht_messages__rosidl_typesupport_fastrtps_c__pyext.dir/rosidl_generator_py/ht_messages/_ht_messages_s.ep.rosidl_typesupport_fastrtps_c.c.o[0m
[3.931s] [ 87%] [32mBuilding C object CMakeFiles/ht_messages__rosidl_typesupport_introspection_c__pyext.dir/rosidl_generator_py/ht_messages/_ht_messages_s.ep.rosidl_typesupport_introspection_c.c.o[0m
[3.934s] [ 90%] [32mBuilding C object CMakeFiles/ht_messages__rosidl_typesupport_c__pyext.dir/rosidl_generator_py/ht_messages/_ht_messages_s.ep.rosidl_typesupport_c.c.o[0m
[3.990s] [ 93%] [32m[1mLinking C shared library rosidl_generator_py/ht_messages/ht_messages_s__rosidl_typesupport_introspection_c.cpython-310-x86_64-linux-gnu.so[0m
[3.992s] [ 96%] [32m[1mLinking C shared library rosidl_generator_py/ht_messages/ht_messages_s__rosidl_typesupport_fastrtps_c.cpython-310-x86_64-linux-gnu.so[0m
[4.036s] [ 96%] Built target ht_messages__rosidl_typesupport_introspection_c__pyext
[4.036s] [100%] [32m[1mLinking C shared library rosidl_generator_py/ht_messages/ht_messages_s__rosidl_typesupport_c.cpython-310-x86_64-linux-gnu.so[0m
[4.037s] [100%] Built target ht_messages__rosidl_typesupport_fastrtps_c__pyext
[4.063s] [100%] Built target ht_messages__rosidl_typesupport_c__pyext
[4.073s] Invoked command in '/home/thejas/high_tide_ws/src/build/ht_messages' returned '0': CMAKE_PREFIX_PATH=/opt/ros/humble /usr/bin/cmake --build /home/thejas/high_tide_ws/src/build/ht_messages -- -j12 -l12
[4.081s] Invoking command in '/home/thejas/high_tide_ws/src/build/ht_messages': CMAKE_PREFIX_PATH=/opt/ros/humble /usr/bin/cmake --install /home/thejas/high_tide_ws/src/build/ht_messages
[4.087s] -- Install configuration: ""
[4.087s] -- Installing: /home/thejas/high_tide_ws/src/install/ht_messages/share/ament_index/resource_index/rosidl_interfaces/ht_messages
[4.087s] -- Installing: /home/thejas/high_tide_ws/src/install/ht_messages/include/ht_messages/ht_messages
[4.087s] -- Installing: /home/thejas/high_tide_ws/src/install/ht_messages/include/ht_messages/ht_messages/msg
[4.088s] -- Installing: /home/thejas/high_tide_ws/src/install/ht_messages/include/ht_messages/ht_messages/msg/detail
[4.088s] -- Installing: /home/thejas/high_tide_ws/src/install/ht_messages/include/ht_messages/ht_messages/msg/detail/example__type_support.h
[4.088s] -- Installing: /home/thejas/high_tide_ws/src/install/ht_messages/include/ht_messages/ht_messages/msg/detail/example__functions.h
[4.088s] -- Installing: /home/thejas/high_tide_ws/src/install/ht_messages/include/ht_messages/ht_messages/msg/detail/example__struct.h
[4.088s] -- Installing: /home/thejas/high_tide_ws/src/install/ht_messages/include/ht_messages/ht_messages/msg/detail/example__functions.c
[4.088s] -- Installing: /home/thejas/high_tide_ws/src/install/ht_messages/include/ht_messages/ht_messages/msg/rosidl_generator_c__visibility_control.h
[4.088s] -- Installing: /home/thejas/high_tide_ws/src/install/ht_messages/include/ht_messages/ht_messages/msg/example.h
[4.088s] -- Installing: /home/thejas/high_tide_ws/src/install/ht_messages/share/ht_messages/environment/library_path.sh
[4.088s] -- Installing: /home/thejas/high_tide_ws/src/install/ht_messages/share/ht_messages/environment/library_path.dsv
[4.088s] -- Installing: /home/thejas/high_tide_ws/src/install/ht_messages/lib/libht_messages__rosidl_generator_c.so
[4.088s] -- Set runtime path of "/home/thejas/high_tide_ws/src/install/ht_messages/lib/libht_messages__rosidl_generator_c.so" to ""
[4.088s] -- Up-to-date: /home/thejas/high_tide_ws/src/install/ht_messages/include/ht_messages/ht_messages
[4.088s] -- Up-to-date: /home/thejas/high_tide_ws/src/install/ht_messages/include/ht_messages/ht_messages/msg
[4.088s] -- Up-to-date: /home/thejas/high_tide_ws/src/install/ht_messages/include/ht_messages/ht_messages/msg/detail
[4.088s] -- Installing: /home/thejas/high_tide_ws/src/install/ht_messages/include/ht_messages/ht_messages/msg/detail/example__rosidl_typesupport_fastrtps_c.h
[4.089s] -- Installing: /home/thejas/high_tide_ws/src/install/ht_messages/include/ht_messages/ht_messages/msg/rosidl_typesupport_fastrtps_c__visibility_control.h
[4.089s] -- Installing: /home/thejas/high_tide_ws/src/install/ht_messages/lib/libht_messages__rosidl_typesupport_fastrtps_c.so
[4.089s] -- Set runtime path of "/home/thejas/high_tide_ws/src/install/ht_messages/lib/libht_messages__rosidl_typesupport_fastrtps_c.so" to ""
[4.089s] -- Up-to-date: /home/thejas/high_tide_ws/src/install/ht_messages/include/ht_messages/ht_messages
[4.089s] -- Up-to-date: /home/thejas/high_tide_ws/src/install/ht_messages/include/ht_messages/ht_messages/msg
[4.089s] -- Up-to-date: /home/thejas/high_tide_ws/src/install/ht_messages/include/ht_messages/ht_messages/msg/detail
[4.089s] -- Installing: /home/thejas/high_tide_ws/src/install/ht_messages/include/ht_messages/ht_messages/msg/detail/example__type_support.c
[4.089s] -- Installing: /home/thejas/high_tide_ws/src/install/ht_messages/include/ht_messages/ht_messages/msg/detail/example__rosidl_typesupport_introspection_c.h
[4.089s] -- Installing: /home/thejas/high_tide_ws/src/install/ht_messages/include/ht_messages/ht_messages/msg/rosidl_typesupport_introspection_c__visibility_control.h
[4.089s] -- Installing: /home/thejas/high_tide_ws/src/install/ht_messages/lib/libht_messages__rosidl_typesupport_introspection_c.so
[4.089s] -- Set runtime path of "/home/thejas/high_tide_ws/src/install/ht_messages/lib/libht_messages__rosidl_typesupport_introspection_c.so" to ""
[4.089s] -- Installing: /home/thejas/high_tide_ws/src/install/ht_messages/lib/libht_messages__rosidl_typesupport_c.so
[4.089s] -- Set runtime path of "/home/thejas/high_tide_ws/src/install/ht_messages/lib/libht_messages__rosidl_typesupport_c.so" to ""
[4.089s] -- Up-to-date: /home/thejas/high_tide_ws/src/install/ht_messages/include/ht_messages/ht_messages
[4.089s] -- Up-to-date: /home/thejas/high_tide_ws/src/install/ht_messages/include/ht_messages/ht_messages/msg
[4.089s] -- Up-to-date: /home/thejas/high_tide_ws/src/install/ht_messages/include/ht_messages/ht_messages/msg/detail
[4.089s] -- Installing: /home/thejas/high_tide_ws/src/install/ht_messages/include/ht_messages/ht_messages/msg/detail/example__struct.hpp
[4.090s] -- Installing: /home/thejas/high_tide_ws/src/install/ht_messages/include/ht_messages/ht_messages/msg/detail/example__builder.hpp
[4.090s] -- Installing: /home/thejas/high_tide_ws/src/install/ht_messages/include/ht_messages/ht_messages/msg/detail/example__type_support.hpp
[4.090s] -- Installing: /home/thejas/high_tide_ws/src/install/ht_messages/include/ht_messages/ht_messages/msg/detail/example__traits.hpp
[4.090s] -- Installing: /home/thejas/high_tide_ws/src/install/ht_messages/include/ht_messages/ht_messages/msg/example.hpp
[4.090s] -- Installing: /home/thejas/high_tide_ws/src/install/ht_messages/include/ht_messages/ht_messages/msg/rosidl_generator_cpp__visibility_control.hpp
[4.090s] -- Up-to-date: /home/thejas/high_tide_ws/src/install/ht_messages/include/ht_messages/ht_messages
[4.090s] -- Up-to-date: /home/thejas/high_tide_ws/src/install/ht_messages/include/ht_messages/ht_messages/msg
[4.090s] -- Up-to-date: /home/thejas/high_tide_ws/src/install/ht_messages/include/ht_messages/ht_messages/msg/detail
[4.090s] -- Installing: /home/thejas/high_tide_ws/src/install/ht_messages/include/ht_messages/ht_messages/msg/detail/example__rosidl_typesupport_fastrtps_cpp.hpp
[4.090s] -- Installing: /home/thejas/high_tide_ws/src/install/ht_messages/include/ht_messages/ht_messages/msg/detail/dds_fastrtps
[4.090s] -- Installing: /home/thejas/high_tide_ws/src/install/ht_messages/include/ht_messages/ht_messages/msg/rosidl_typesupport_fastrtps_cpp__visibility_control.h
[4.090s] -- Installing: /home/thejas/high_tide_ws/src/install/ht_messages/lib/libht_messages__rosidl_typesupport_fastrtps_cpp.so
[4.090s] -- Set runtime path of "/home/thejas/high_tide_ws/src/install/ht_messages/lib/libht_messages__rosidl_typesupport_fastrtps_cpp.so" to ""
[4.090s] -- Up-to-date: /home/thejas/high_tide_ws/src/install/ht_messages/include/ht_messages/ht_messages
[4.090s] -- Up-to-date: /home/thejas/high_tide_ws/src/install/ht_messages/include/ht_messages/ht_messages/msg
[4.090s] -- Up-to-date: /home/thejas/high_tide_ws/src/install/ht_messages/include/ht_messages/ht_messages/msg/detail
[4.091s] -- Installing: /home/thejas/high_tide_ws/src/install/ht_messages/include/ht_messages/ht_messages/msg/detail/example__rosidl_typesupport_introspection_cpp.hpp
[4.091s] -- Installing: /home/thejas/high_tide_ws/src/install/ht_messages/include/ht_messages/ht_messages/msg/detail/example__type_support.cpp
[4.091s] -- Installing: /home/thejas/high_tide_ws/src/install/ht_messages/lib/libht_messages__rosidl_typesupport_introspection_cpp.so
[4.091s] -- Set runtime path of "/home/thejas/high_tide_ws/src/install/ht_messages/lib/libht_messages__rosidl_typesupport_introspection_cpp.so" to ""
[4.091s] -- Installing: /home/thejas/high_tide_ws/src/install/ht_messages/lib/libht_messages__rosidl_typesupport_cpp.so
[4.091s] -- Set runtime path of "/home/thejas/high_tide_ws/src/install/ht_messages/lib/libht_messages__rosidl_typesupport_cpp.so" to ""
[4.091s] -- Installing: /home/thejas/high_tide_ws/src/install/ht_messages/share/ht_messages/environment/pythonpath.sh
[4.091s] -- Installing: /home/thejas/high_tide_ws/src/install/ht_messages/share/ht_messages/environment/pythonpath.dsv
[4.091s] -- Installing: /home/thejas/high_tide_ws/src/install/ht_messages/local/lib/python3.10/dist-packages/ht_messages-0.0.0-py3.10.egg-info
[4.091s] -- Installing: /home/thejas/high_tide_ws/src/install/ht_messages/local/lib/python3.10/dist-packages/ht_messages-0.0.0-py3.10.egg-info/PKG-INFO
[4.091s] -- Installing: /home/thejas/high_tide_ws/src/install/ht_messages/local/lib/python3.10/dist-packages/ht_messages-0.0.0-py3.10.egg-info/SOURCES.txt
[4.091s] -- Installing: /home/thejas/high_tide_ws/src/install/ht_messages/local/lib/python3.10/dist-packages/ht_messages-0.0.0-py3.10.egg-info/dependency_links.txt
[4.091s] -- Installing: /home/thejas/high_tide_ws/src/install/ht_messages/local/lib/python3.10/dist-packages/ht_messages-0.0.0-py3.10.egg-info/top_level.txt
[4.091s] -- Installing: /home/thejas/high_tide_ws/src/install/ht_messages/local/lib/python3.10/dist-packages/ht_messages
[4.091s] -- Installing: /home/thejas/high_tide_ws/src/install/ht_messages/local/lib/python3.10/dist-packages/ht_messages/_ht_messages_s.ep.rosidl_typesupport_c.c
[4.091s] -- Installing: /home/thejas/high_tide_ws/src/install/ht_messages/local/lib/python3.10/dist-packages/ht_messages/_ht_messages_s.ep.rosidl_typesupport_introspection_c.c
[4.091s] -- Installing: /home/thejas/high_tide_ws/src/install/ht_messages/local/lib/python3.10/dist-packages/ht_messages/ht_messages_s__rosidl_typesupport_introspection_c.cpython-310-x86_64-linux-gnu.so
[4.091s] -- Installing: /home/thejas/high_tide_ws/src/install/ht_messages/local/lib/python3.10/dist-packages/ht_messages/ht_messages_s__rosidl_typesupport_fastrtps_c.cpython-310-x86_64-linux-gnu.so
[4.091s] -- Installing: /home/thejas/high_tide_ws/src/install/ht_messages/local/lib/python3.10/dist-packages/ht_messages/libht_messages__rosidl_generator_py.so
[4.091s] -- Installing: /home/thejas/high_tide_ws/src/install/ht_messages/local/lib/python3.10/dist-packages/ht_messages/__init__.py
[4.092s] -- Installing: /home/thejas/high_tide_ws/src/install/ht_messages/local/lib/python3.10/dist-packages/ht_messages/msg
[4.092s] -- Installing: /home/thejas/high_tide_ws/src/install/ht_messages/local/lib/python3.10/dist-packages/ht_messages/msg/_example_s.c
[4.092s] -- Installing: /home/thejas/high_tide_ws/src/install/ht_messages/local/lib/python3.10/dist-packages/ht_messages/msg/__init__.py
[4.092s] -- Installing: /home/thejas/high_tide_ws/src/install/ht_messages/local/lib/python3.10/dist-packages/ht_messages/msg/_example.py
[4.092s] -- Installing: /home/thejas/high_tide_ws/src/install/ht_messages/local/lib/python3.10/dist-packages/ht_messages/_ht_messages_s.ep.rosidl_typesupport_fastrtps_c.c
[4.092s] -- Installing: /home/thejas/high_tide_ws/src/install/ht_messages/local/lib/python3.10/dist-packages/ht_messages/ht_messages_s__rosidl_typesupport_c.cpython-310-x86_64-linux-gnu.so
[4.121s] Listing '/home/thejas/high_tide_ws/src/install/ht_messages/local/lib/python3.10/dist-packages/ht_messages'...
[4.121s] Compiling '/home/thejas/high_tide_ws/src/install/ht_messages/local/lib/python3.10/dist-packages/ht_messages/__init__.py'...
[4.121s] Listing '/home/thejas/high_tide_ws/src/install/ht_messages/local/lib/python3.10/dist-packages/ht_messages/msg'...
[4.121s] Compiling '/home/thejas/high_tide_ws/src/install/ht_messages/local/lib/python3.10/dist-packages/ht_messages/msg/__init__.py'...
[4.121s] Compiling '/home/thejas/high_tide_ws/src/install/ht_messages/local/lib/python3.10/dist-packages/ht_messages/msg/_example.py'...
[4.129s] -- Installing: /home/thejas/high_tide_ws/src/install/ht_messages/local/lib/python3.10/dist-packages/ht_messages/ht_messages_s__rosidl_typesupport_fastrtps_c.cpython-310-x86_64-linux-gnu.so
[4.129s] -- Set runtime path of "/home/thejas/high_tide_ws/src/install/ht_messages/local/lib/python3.10/dist-packages/ht_messages/ht_messages_s__rosidl_typesupport_fastrtps_c.cpython-310-x86_64-linux-gnu.so" to ""
[4.129s] -- Installing: /home/thejas/high_tide_ws/src/install/ht_messages/local/lib/python3.10/dist-packages/ht_messages/ht_messages_s__rosidl_typesupport_introspection_c.cpython-310-x86_64-linux-gnu.so
[4.129s] -- Set runtime path of "/home/thejas/high_tide_ws/src/install/ht_messages/local/lib/python3.10/dist-packages/ht_messages/ht_messages_s__rosidl_typesupport_introspection_c.cpython-310-x86_64-linux-gnu.so" to ""
[4.129s] -- Installing: /home/thejas/high_tide_ws/src/install/ht_messages/local/lib/python3.10/dist-packages/ht_messages/ht_messages_s__rosidl_typesupport_c.cpython-310-x86_64-linux-gnu.so
[4.130s] -- Set runtime path of "/home/thejas/high_tide_ws/src/install/ht_messages/local/lib/python3.10/dist-packages/ht_messages/ht_messages_s__rosidl_typesupport_c.cpython-310-x86_64-linux-gnu.so" to ""
[4.130s] -- Installing: /home/thejas/high_tide_ws/src/install/ht_messages/lib/libht_messages__rosidl_generator_py.so
[4.130s] -- Set runtime path of "/home/thejas/high_tide_ws/src/install/ht_messages/lib/libht_messages__rosidl_generator_py.so" to ""
[4.130s] -- Installing: /home/thejas/high_tide_ws/src/install/ht_messages/share/ht_messages/msg/Example.idl
[4.130s] -- Installing: /home/thejas/high_tide_ws/src/install/ht_messages/share/ht_messages/msg/Example.msg
[4.131s] -- Installing: /home/thejas/high_tide_ws/src/install/ht_messages/share/ament_index/resource_index/package_run_dependencies/ht_messages
[4.131s] -- Installing: /home/thejas/high_tide_ws/src/install/ht_messages/share/ament_index/resource_index/parent_prefix_path/ht_messages
[4.131s] -- Installing: /home/thejas/high_tide_ws/src/install/ht_messages/share/ht_messages/environment/ament_prefix_path.sh
[4.131s] -- Installing: /home/thejas/high_tide_ws/src/install/ht_messages/share/ht_messages/environment/ament_prefix_path.dsv
[4.131s] -- Installing: /home/thejas/high_tide_ws/src/install/ht_messages/share/ht_messages/environment/path.sh
[4.131s] -- Installing: /home/thejas/high_tide_ws/src/install/ht_messages/share/ht_messages/environment/path.dsv
[4.131s] -- Installing: /home/thejas/high_tide_ws/src/install/ht_messages/share/ht_messages/local_setup.bash
[4.131s] -- Installing: /home/thejas/high_tide_ws/src/install/ht_messages/share/ht_messages/local_setup.sh
[4.132s] -- Installing: /home/thejas/high_tide_ws/src/install/ht_messages/share/ht_messages/local_setup.zsh
[4.132s] -- Installing: /home/thejas/high_tide_ws/src/install/ht_messages/share/ht_messages/local_setup.dsv
[4.132s] -- Installing: /home/thejas/high_tide_ws/src/install/ht_messages/share/ht_messages/package.dsv
[4.132s] -- Installing: /home/thejas/high_tide_ws/src/install/ht_messages/share/ament_index/resource_index/packages/ht_messages
[4.132s] -- Installing: /home/thejas/high_tide_ws/src/install/ht_messages/share/ht_messages/cmake/export_ht_messages__rosidl_generator_cExport.cmake
[4.132s] -- Installing: /home/thejas/high_tide_ws/src/install/ht_messages/share/ht_messages/cmake/export_ht_messages__rosidl_generator_cExport-noconfig.cmake
[4.132s] -- Installing: /home/thejas/high_tide_ws/src/install/ht_messages/share/ht_messages/cmake/export_ht_messages__rosidl_typesupport_fastrtps_cExport.cmake
[4.133s] -- Installing: /home/thejas/high_tide_ws/src/install/ht_messages/share/ht_messages/cmake/export_ht_messages__rosidl_typesupport_fastrtps_cExport-noconfig.cmake
[4.133s] -- Installing: /home/thejas/high_tide_ws/src/install/ht_messages/share/ht_messages/cmake/ht_messages__rosidl_typesupport_introspection_cExport.cmake
[4.133s] -- Installing: /home/thejas/high_tide_ws/src/install/ht_messages/share/ht_messages/cmake/ht_messages__rosidl_typesupport_introspection_cExport-noconfig.cmake
[4.133s] -- Installing: /home/thejas/high_tide_ws/src/install/ht_messages/share/ht_messages/cmake/ht_messages__rosidl_typesupport_cExport.cmake
[4.133s] -- Installing: /home/thejas/high_tide_ws/src/install/ht_messages/share/ht_messages/cmake/ht_messages__rosidl_typesupport_cExport-noconfig.cmake
[4.133s] -- Installing: /home/thejas/high_tide_ws/src/install/ht_messages/share/ht_messages/cmake/export_ht_messages__rosidl_generator_cppExport.cmake
[4.133s] -- Installing: /home/thejas/high_tide_ws/src/install/ht_messages/share/ht_messages/cmake/export_ht_messages__rosidl_typesupport_fastrtps_cppExport.cmake
[4.133s] -- Installing: /home/thejas/high_tide_ws/src/install/ht_messages/share/ht_messages/cmake/export_ht_messages__rosidl_typesupport_fastrtps_cppExport-noconfig.cmake
[4.134s] -- Installing: /home/thejas/high_tide_ws/src/install/ht_messages/share/ht_messages/cmake/ht_messages__rosidl_typesupport_introspection_cppExport.cmake
[4.134s] -- Installing: /home/thejas/high_tide_ws/src/install/ht_messages/share/ht_messages/cmake/ht_messages__rosidl_typesupport_introspection_cppExport-noconfig.cmake
[4.134s] -- Installing: /home/thejas/high_tide_ws/src/install/ht_messages/share/ht_messages/cmake/ht_messages__rosidl_typesupport_cppExport.cmake
[4.134s] -- Installing: /home/thejas/high_tide_ws/src/install/ht_messages/share/ht_messages/cmake/ht_messages__rosidl_typesupport_cppExport-noconfig.cmake
[4.134s] -- Installing: /home/thejas/high_tide_ws/src/install/ht_messages/share/ht_messages/cmake/export_ht_messages__rosidl_generator_pyExport.cmake
[4.134s] -- Installing: /home/thejas/high_tide_ws/src/install/ht_messages/share/ht_messages/cmake/export_ht_messages__rosidl_generator_pyExport-noconfig.cmake
[4.134s] -- Installing: /home/thejas/high_tide_ws/src/install/ht_messages/share/ht_messages/cmake/rosidl_cmake-extras.cmake
[4.134s] -- Installing: /home/thejas/high_tide_ws/src/install/ht_messages/share/ht_messages/cmake/ament_cmake_export_dependencies-extras.cmake
[4.135s] -- Installing: /home/thejas/high_tide_ws/src/install/ht_messages/share/ht_messages/cmake/ament_cmake_export_include_directories-extras.cmake
[4.135s] -- Installing: /home/thejas/high_tide_ws/src/install/ht_messages/share/ht_messages/cmake/ament_cmake_export_libraries-extras.cmake
[4.135s] -- Installing: /home/thejas/high_tide_ws/src/install/ht_messages/share/ht_messages/cmake/ament_cmake_export_targets-extras.cmake
[4.135s] -- Installing: /home/thejas/high_tide_ws/src/install/ht_messages/share/ht_messages/cmake/rosidl_cmake_export_typesupport_targets-extras.cmake
[4.135s] -- Installing: /home/thejas/high_tide_ws/src/install/ht_messages/share/ht_messages/cmake/rosidl_cmake_export_typesupport_libraries-extras.cmake
[4.135s] -- Installing: /home/thejas/high_tide_ws/src/install/ht_messages/share/ht_messages/cmake/ht_messagesConfig.cmake
[4.135s] -- Installing: /home/thejas/high_tide_ws/src/install/ht_messages/share/ht_messages/cmake/ht_messagesConfig-version.cmake
[4.135s] -- Installing: /home/thejas/high_tide_ws/src/install/ht_messages/share/ht_messages/package.xml
[4.138s] Invoked command in '/home/thejas/high_tide_ws/src/build/ht_messages' returned '0': CMAKE_PREFIX_PATH=/opt/ros/humble /usr/bin/cmake --install /home/thejas/high_tide_ws/src/build/ht_messages
