[14.237s] Invoking command in '/home/user/high_tide_ws/src/ht_core': PYTHONPATH=/home/user/high_tide_ws/build/ht_core/prefix_override:/usr/lib/python3/dist-packages/colcon_core/task/python/colcon_distutils_commands:/home/user/high_tide_ws/install/ht_core/lib/python3.10/site-packages:${PYTHONPATH} /usr/bin/python3 -W ignore:setup.py install is deprecated -W ignore:easy_install command is deprecated setup.py egg_info --egg-base ../../build/ht_core build --build-base /home/user/high_tide_ws/build/ht_core/build install --record /home/user/high_tide_ws/build/ht_core/install.log --single-version-externally-managed install_data
[18.758s] running egg_info
[18.765s] writing ../../build/ht_core/ht_core.egg-info/PKG-INFO
[18.768s] writing dependency_links to ../../build/ht_core/ht_core.egg-info/dependency_links.txt
[18.773s] writing entry points to ../../build/ht_core/ht_core.egg-info/entry_points.txt
[18.775s] writing requirements to ../../build/ht_core/ht_core.egg-info/requires.txt
[18.777s] writing top-level names to ../../build/ht_core/ht_core.egg-info/top_level.txt
[18.790s] reading manifest file '../../build/ht_core/ht_core.egg-info/SOURCES.txt'
[18.797s] writing manifest file '../../build/ht_core/ht_core.egg-info/SOURCES.txt'
[18.804s] running build
[18.805s] running build_py
[18.823s] running install
[18.834s] running install_lib
[18.854s] running install_data
[18.856s] running install_egg_info
[18.896s] removing '/home/user/high_tide_ws/install/ht_core/lib/python3.10/site-packages/ht_core-0.0.1-py3.10.egg-info' (and everything under it)
[18.910s] Copying ../../build/ht_core/ht_core.egg-info to /home/user/high_tide_ws/install/ht_core/lib/python3.10/site-packages/ht_core-0.0.1-py3.10.egg-info
[18.965s] running install_scripts
[19.458s] Installing depth_node script to /home/user/high_tide_ws/install/ht_core/lib/ht_core
[19.467s] Installing mission_node script to /home/user/high_tide_ws/install/ht_core/lib/ht_core
[19.476s] writing list of installed files to '/home/user/high_tide_ws/build/ht_core/install.log'
[19.961s] Invoked command in '/home/user/high_tide_ws/src/ht_core' returned '0': PYTHONPATH=/home/user/high_tide_ws/build/ht_core/prefix_override:/usr/lib/python3/dist-packages/colcon_core/task/python/colcon_distutils_commands:/home/user/high_tide_ws/install/ht_core/lib/python3.10/site-packages:${PYTHONPATH} /usr/bin/python3 -W ignore:setup.py install is deprecated -W ignore:easy_install command is deprecated setup.py egg_info --egg-base ../../build/ht_core build --build-base /home/user/high_tide_ws/build/ht_core/build install --record /home/user/high_tide_ws/build/ht_core/install.log --single-version-externally-managed install_data
