[5.461s] Invoking command in '/home/user/high_tide_ws/src/ht_core': PYTHONPATH=/home/user/high_tide_ws/build/ht_core/prefix_override:/usr/lib/python3/dist-packages/colcon_core/task/python/colcon_distutils_commands:/home/user/high_tide_ws/install/ht_core/lib/python3.10/site-packages:${PYTHONPATH} /usr/bin/python3 -W ignore:setup.py install is deprecated -W ignore:easy_install command is deprecated setup.py egg_info --egg-base ../../build/ht_core build --build-base /home/user/high_tide_ws/build/ht_core/build install --record /home/user/high_tide_ws/build/ht_core/install.log --single-version-externally-managed install_data
[7.050s] running egg_info
[7.053s] writing ../../build/ht_core/ht_core.egg-info/PKG-INFO
[7.054s] writing dependency_links to ../../build/ht_core/ht_core.egg-info/dependency_links.txt
[7.056s] writing entry points to ../../build/ht_core/ht_core.egg-info/entry_points.txt
[7.062s] writing requirements to ../../build/ht_core/ht_core.egg-info/requires.txt
[7.063s] writing top-level names to ../../build/ht_core/ht_core.egg-info/top_level.txt
[7.071s] reading manifest file '../../build/ht_core/ht_core.egg-info/SOURCES.txt'
[7.075s] writing manifest file '../../build/ht_core/ht_core.egg-info/SOURCES.txt'
[7.076s] running build
[7.077s] running build_py
[7.079s] copying ht_core/state_machine.py -> /home/user/high_tide_ws/build/ht_core/build/lib/ht_core
[7.090s] running install
[7.096s] running install_lib
[7.103s] copying /home/user/high_tide_ws/build/ht_core/build/lib/ht_core/state_machine.py -> /home/user/high_tide_ws/install/ht_core/lib/python3.10/site-packages/ht_core
[7.120s] byte-compiling /home/user/high_tide_ws/install/ht_core/lib/python3.10/site-packages/ht_core/state_machine.py to state_machine.cpython-310.pyc
[7.129s] running install_data
[7.132s] running install_egg_info
[7.140s] removing '/home/user/high_tide_ws/install/ht_core/lib/python3.10/site-packages/ht_core-0.0.1-py3.10.egg-info' (and everything under it)
[7.152s] Copying ../../build/ht_core/ht_core.egg-info to /home/user/high_tide_ws/install/ht_core/lib/python3.10/site-packages/ht_core-0.0.1-py3.10.egg-info
[7.185s] running install_scripts
[7.297s] Installing depth_node script to /home/user/high_tide_ws/install/ht_core/lib/ht_core
[7.308s] Installing mission_node script to /home/user/high_tide_ws/install/ht_core/lib/ht_core
[7.309s] writing list of installed files to '/home/user/high_tide_ws/build/ht_core/install.log'
[7.493s] Invoked command in '/home/user/high_tide_ws/src/ht_core' returned '0': PYTHONPATH=/home/user/high_tide_ws/build/ht_core/prefix_override:/usr/lib/python3/dist-packages/colcon_core/task/python/colcon_distutils_commands:/home/user/high_tide_ws/install/ht_core/lib/python3.10/site-packages:${PYTHONPATH} /usr/bin/python3 -W ignore:setup.py install is deprecated -W ignore:easy_install command is deprecated setup.py egg_info --egg-base ../../build/ht_core build --build-base /home/user/high_tide_ws/build/ht_core/build install --record /home/user/high_tide_ws/build/ht_core/install.log --single-version-externally-managed install_data
