[3.407s] Invoking command in '/home/user/high_tide_ws/src/ht_core': PYTHONPATH=/home/user/high_tide_ws/build/ht_core/prefix_override:/usr/lib/python3/dist-packages/colcon_core/task/python/colcon_distutils_commands:/home/user/high_tide_ws/install/ht_core/lib/python3.10/site-packages:${PYTHONPATH} /usr/bin/python3 -W ignore:setup.py install is deprecated -W ignore:easy_install command is deprecated setup.py egg_info --egg-base ../../build/ht_core build --build-base /home/user/high_tide_ws/build/ht_core/build install --record /home/user/high_tide_ws/build/ht_core/install.log --single-version-externally-managed install_data
[4.160s] running egg_info
[4.161s] writing ../../build/ht_core/ht_core.egg-info/PKG-INFO
[4.162s] writing dependency_links to ../../build/ht_core/ht_core.egg-info/dependency_links.txt
[4.163s] writing entry points to ../../build/ht_core/ht_core.egg-info/entry_points.txt
[4.163s] writing requirements to ../../build/ht_core/ht_core.egg-info/requires.txt
[4.165s] writing top-level names to ../../build/ht_core/ht_core.egg-info/top_level.txt
[4.170s] reading manifest file '../../build/ht_core/ht_core.egg-info/SOURCES.txt'
[4.172s] writing manifest file '../../build/ht_core/ht_core.egg-info/SOURCES.txt'
[4.173s] running build
[4.173s] running build_py
[4.173s] copying ht_core/depth_node.py -> /home/user/high_tide_ws/build/ht_core/build/lib/ht_core
[4.174s] copying ht_core/state_machine.py -> /home/user/high_tide_ws/build/ht_core/build/lib/ht_core
[4.176s] copying ht_core/missions/best_mission.py -> /home/user/high_tide_ws/build/ht_core/build/lib/ht_core/missions
[4.177s] running install
[4.178s] running install_lib
[4.183s] copying /home/user/high_tide_ws/build/ht_core/build/lib/ht_core/depth_node.py -> /home/user/high_tide_ws/install/ht_core/lib/python3.10/site-packages/ht_core
[4.184s] copying /home/user/high_tide_ws/build/ht_core/build/lib/ht_core/missions/best_mission.py -> /home/user/high_tide_ws/install/ht_core/lib/python3.10/site-packages/ht_core/missions
[4.186s] copying /home/user/high_tide_ws/build/ht_core/build/lib/ht_core/state_machine.py -> /home/user/high_tide_ws/install/ht_core/lib/python3.10/site-packages/ht_core
[4.187s] byte-compiling /home/user/high_tide_ws/install/ht_core/lib/python3.10/site-packages/ht_core/depth_node.py to depth_node.cpython-310.pyc
[4.188s] byte-compiling /home/user/high_tide_ws/install/ht_core/lib/python3.10/site-packages/ht_core/missions/best_mission.py to best_mission.cpython-310.pyc
[4.189s] byte-compiling /home/user/high_tide_ws/install/ht_core/lib/python3.10/site-packages/ht_core/state_machine.py to state_machine.cpython-310.pyc
[4.194s] running install_data
[4.199s] running install_egg_info
[4.200s] removing '/home/user/high_tide_ws/install/ht_core/lib/python3.10/site-packages/ht_core-0.0.1-py3.10.egg-info' (and everything under it)
[4.201s] Copying ../../build/ht_core/ht_core.egg-info to /home/user/high_tide_ws/install/ht_core/lib/python3.10/site-packages/ht_core-0.0.1-py3.10.egg-info
[4.204s] running install_scripts
[4.270s] Installing depth_node script to /home/user/high_tide_ws/install/ht_core/lib/ht_core
[4.270s] Installing mission_node script to /home/user/high_tide_ws/install/ht_core/lib/ht_core
[4.272s] writing list of installed files to '/home/user/high_tide_ws/build/ht_core/install.log'
[4.399s] Invoked command in '/home/user/high_tide_ws/src/ht_core' returned '0': PYTHONPATH=/home/user/high_tide_ws/build/ht_core/prefix_override:/usr/lib/python3/dist-packages/colcon_core/task/python/colcon_distutils_commands:/home/user/high_tide_ws/install/ht_core/lib/python3.10/site-packages:${PYTHONPATH} /usr/bin/python3 -W ignore:setup.py install is deprecated -W ignore:easy_install command is deprecated setup.py egg_info --egg-base ../../build/ht_core build --build-base /home/user/high_tide_ws/build/ht_core/build install --record /home/user/high_tide_ws/build/ht_core/install.log --single-version-externally-managed install_data
