[0.057s] DEBUG:colcon:Command line arguments: ['/usr/bin/colcon', 'build']
[0.057s] DEBUG:colcon:Parsed command line arguments: Namespace(log_base=None, log_level=None, verb_name='build', build_base='build', install_base='install', merge_install=False, symlink_install=False, test_result_base=None, continue_on_error=False, executor='parallel', parallel_workers=12, event_handlers=None, ignore_user_meta=False, metas=['./colcon.meta'], base_paths=['.'], packages_ignore=None, packages_ignore_regex=None, paths=None, packages_up_to=None, packages_up_to_regex=None, packages_above=None, packages_above_and_dependencies=None, packages_above_depth=None, packages_select_by_dep=None, packages_skip_by_dep=None, packages_skip_up_to=None, packages_select_build_failed=False, packages_skip_build_finished=False, packages_select_test_failures=False, packages_skip_test_passed=False, packages_select=None, packages_skip=None, packages_select_regex=None, packages_skip_regex=None, packages_start=None, packages_end=None, allow_overriding=[], cmake_args=None, cmake_target=None, cmake_target_skip_unavailable=False, cmake_clean_cache=False, cmake_clean_first=False, cmake_force_configure=False, ament_cmake_args=None, catkin_cmake_args=None, catkin_skip_building_tests=False, mixin_files=None, mixin=None, verb_parser=<colcon_mixin.mixin.mixin_argument.MixinArgumentDecorator object at 0x7835f4e770a0>, verb_extension=<colcon_core.verb.build.BuildVerb object at 0x7835f4e76b90>, main=<bound method BuildVerb.main of <colcon_core.verb.build.BuildVerb object at 0x7835f4e76b90>>, mixin_verb=('build',))
[0.187s] Level 1:colcon.colcon_core.package_discovery:discover_packages(colcon_meta) check parameters
[0.187s] Level 1:colcon.colcon_core.package_discovery:discover_packages(recursive) check parameters
[0.187s] Level 1:colcon.colcon_core.package_discovery:discover_packages(ignore) check parameters
[0.187s] Level 1:colcon.colcon_core.package_discovery:discover_packages(path) check parameters
[0.187s] Level 1:colcon.colcon_core.package_discovery:discover_packages(colcon_meta) discover
[0.187s] Level 1:colcon.colcon_core.package_discovery:discover_packages(recursive) discover
[0.187s] INFO:colcon.colcon_core.package_discovery:Crawling recursively for packages in '/home/thejas/high_tide_ws/src'
[0.187s] Level 1:colcon.colcon_core.package_identification:_identify(.) by extensions ['ignore', 'ignore_ament_install']
[0.187s] Level 1:colcon.colcon_core.package_identification:_identify(.) by extension 'ignore'
[0.187s] Level 1:colcon.colcon_core.package_identification:_identify(.) by extension 'ignore_ament_install'
[0.187s] Level 1:colcon.colcon_core.package_identification:_identify(.) by extensions ['colcon_pkg']
[0.187s] Level 1:colcon.colcon_core.package_identification:_identify(.) by extension 'colcon_pkg'
[0.187s] Level 1:colcon.colcon_core.package_identification:_identify(.) by extensions ['colcon_meta']
[0.187s] Level 1:colcon.colcon_core.package_identification:_identify(.) by extension 'colcon_meta'
[0.187s] Level 1:colcon.colcon_core.package_identification:_identify(.) by extensions ['ros']
[0.187s] Level 1:colcon.colcon_core.package_identification:_identify(.) by extension 'ros'
[0.194s] Level 1:colcon.colcon_core.package_identification:_identify(.) by extensions ['cmake', 'python']
[0.194s] Level 1:colcon.colcon_core.package_identification:_identify(.) by extension 'cmake'
[0.194s] Level 1:colcon.colcon_core.package_identification:_identify(.) by extension 'python'
[0.195s] Level 1:colcon.colcon_core.package_identification:_identify(.) by extensions ['python_setup_py']
[0.195s] Level 1:colcon.colcon_core.package_identification:_identify(.) by extension 'python_setup_py'
[0.195s] Level 1:colcon.colcon_core.package_identification:_identify(build) by extensions ['ignore', 'ignore_ament_install']
[0.195s] Level 1:colcon.colcon_core.package_identification:_identify(build) by extension 'ignore'
[0.195s] Level 1:colcon.colcon_core.package_identification:_identify(build) ignored
[0.195s] Level 1:colcon.colcon_core.package_identification:_identify(ht_core) by extensions ['ignore', 'ignore_ament_install']
[0.195s] Level 1:colcon.colcon_core.package_identification:_identify(ht_core) by extension 'ignore'
[0.195s] Level 1:colcon.colcon_core.package_identification:_identify(ht_core) by extension 'ignore_ament_install'
[0.195s] Level 1:colcon.colcon_core.package_identification:_identify(ht_core) by extensions ['colcon_pkg']
[0.195s] Level 1:colcon.colcon_core.package_identification:_identify(ht_core) by extension 'colcon_pkg'
[0.195s] Level 1:colcon.colcon_core.package_identification:_identify(ht_core) by extensions ['colcon_meta']
[0.195s] Level 1:colcon.colcon_core.package_identification:_identify(ht_core) by extension 'colcon_meta'
[0.195s] Level 1:colcon.colcon_core.package_identification:_identify(ht_core) by extensions ['ros']
[0.195s] Level 1:colcon.colcon_core.package_identification:_identify(ht_core) by extension 'ros'
[0.196s] DEBUG:colcon.colcon_core.package_identification:Package 'ht_core' with type 'ros.ament_python' and name 'ht_core'
[0.196s] Level 1:colcon.colcon_core.package_identification:_identify(ht_messages) by extensions ['ignore', 'ignore_ament_install']
[0.196s] Level 1:colcon.colcon_core.package_identification:_identify(ht_messages) by extension 'ignore'
[0.196s] Level 1:colcon.colcon_core.package_identification:_identify(ht_messages) by extension 'ignore_ament_install'
[0.196s] Level 1:colcon.colcon_core.package_identification:_identify(ht_messages) by extensions ['colcon_pkg']
[0.196s] Level 1:colcon.colcon_core.package_identification:_identify(ht_messages) by extension 'colcon_pkg'
[0.196s] Level 1:colcon.colcon_core.package_identification:_identify(ht_messages) by extensions ['colcon_meta']
[0.196s] Level 1:colcon.colcon_core.package_identification:_identify(ht_messages) by extension 'colcon_meta'
[0.196s] Level 1:colcon.colcon_core.package_identification:_identify(ht_messages) by extensions ['ros']
[0.196s] Level 1:colcon.colcon_core.package_identification:_identify(ht_messages) by extension 'ros'
[0.197s] DEBUG:colcon.colcon_core.package_identification:Package 'ht_messages' with type 'ros.ament_cmake' and name 'ht_messages'
[0.197s] Level 1:colcon.colcon_core.package_identification:_identify(install) by extensions ['ignore', 'ignore_ament_install']
[0.197s] Level 1:colcon.colcon_core.package_identification:_identify(install) by extension 'ignore'
[0.197s] Level 1:colcon.colcon_core.package_identification:_identify(install) ignored
[0.197s] Level 1:colcon.colcon_core.package_identification:_identify(log) by extensions ['ignore', 'ignore_ament_install']
[0.197s] Level 1:colcon.colcon_core.package_identification:_identify(log) by extension 'ignore'
[0.197s] Level 1:colcon.colcon_core.package_identification:_identify(log) ignored
[0.198s] Level 1:colcon.colcon_core.package_identification:_identify(my_gyro_pkg) by extensions ['ignore', 'ignore_ament_install']
[0.198s] Level 1:colcon.colcon_core.package_identification:_identify(my_gyro_pkg) by extension 'ignore'
[0.198s] Level 1:colcon.colcon_core.package_identification:_identify(my_gyro_pkg) by extension 'ignore_ament_install'
[0.198s] Level 1:colcon.colcon_core.package_identification:_identify(my_gyro_pkg) by extensions ['colcon_pkg']
[0.198s] Level 1:colcon.colcon_core.package_identification:_identify(my_gyro_pkg) by extension 'colcon_pkg'
[0.198s] Level 1:colcon.colcon_core.package_identification:_identify(my_gyro_pkg) by extensions ['colcon_meta']
[0.198s] Level 1:colcon.colcon_core.package_identification:_identify(my_gyro_pkg) by extension 'colcon_meta'
[0.198s] Level 1:colcon.colcon_core.package_identification:_identify(my_gyro_pkg) by extensions ['ros']
[0.198s] Level 1:colcon.colcon_core.package_identification:_identify(my_gyro_pkg) by extension 'ros'
[0.198s] DEBUG:colcon.colcon_core.package_identification:Package 'my_gyro_pkg' with type 'ros.ament_python' and name 'my_gyro_pkg'
[0.198s] Level 1:colcon.colcon_core.package_discovery:discover_packages(recursive) using defaults
[0.198s] Level 1:colcon.colcon_core.package_discovery:discover_packages(ignore) discover
[0.198s] Level 1:colcon.colcon_core.package_discovery:discover_packages(ignore) using defaults
[0.198s] Level 1:colcon.colcon_core.package_discovery:discover_packages(path) discover
[0.198s] Level 1:colcon.colcon_core.package_discovery:discover_packages(path) using defaults
[0.208s] Level 1:colcon.colcon_core.package_discovery:discover_packages(prefix_path) check parameters
[0.208s] Level 1:colcon.colcon_core.package_discovery:discover_packages(prefix_path) discover
[0.209s] DEBUG:colcon.colcon_installed_package_information.package_discovery:Found 278 installed packages in /opt/ros/humble
[0.210s] Level 1:colcon.colcon_core.package_discovery:discover_packages(prefix_path) using defaults
[0.227s] Level 5:colcon.colcon_core.verb:set package 'ht_core' build argument 'cmake_args' from command line to 'None'
[0.227s] Level 5:colcon.colcon_core.verb:set package 'ht_core' build argument 'cmake_target' from command line to 'None'
[0.227s] Level 5:colcon.colcon_core.verb:set package 'ht_core' build argument 'cmake_target_skip_unavailable' from command line to 'False'
[0.227s] Level 5:colcon.colcon_core.verb:set package 'ht_core' build argument 'cmake_clean_cache' from command line to 'False'
[0.227s] Level 5:colcon.colcon_core.verb:set package 'ht_core' build argument 'cmake_clean_first' from command line to 'False'
[0.227s] Level 5:colcon.colcon_core.verb:set package 'ht_core' build argument 'cmake_force_configure' from command line to 'False'
[0.227s] Level 5:colcon.colcon_core.verb:set package 'ht_core' build argument 'ament_cmake_args' from command line to 'None'
[0.227s] Level 5:colcon.colcon_core.verb:set package 'ht_core' build argument 'catkin_cmake_args' from command line to 'None'
[0.227s] Level 5:colcon.colcon_core.verb:set package 'ht_core' build argument 'catkin_skip_building_tests' from command line to 'False'
[0.227s] DEBUG:colcon.colcon_core.verb:Building package 'ht_core' with the following arguments: {'ament_cmake_args': None, 'build_base': '/home/thejas/high_tide_ws/src/build/ht_core', 'catkin_cmake_args': None, 'catkin_skip_building_tests': False, 'cmake_args': None, 'cmake_clean_cache': False, 'cmake_clean_first': False, 'cmake_force_configure': False, 'cmake_target': None, 'cmake_target_skip_unavailable': False, 'install_base': '/home/thejas/high_tide_ws/src/install/ht_core', 'merge_install': False, 'path': '/home/thejas/high_tide_ws/src/ht_core', 'symlink_install': False, 'test_result_base': None}
[0.227s] Level 5:colcon.colcon_core.verb:set package 'ht_messages' build argument 'cmake_args' from command line to 'None'
[0.227s] Level 5:colcon.colcon_core.verb:set package 'ht_messages' build argument 'cmake_target' from command line to 'None'
[0.227s] Level 5:colcon.colcon_core.verb:set package 'ht_messages' build argument 'cmake_target_skip_unavailable' from command line to 'False'
[0.227s] Level 5:colcon.colcon_core.verb:set package 'ht_messages' build argument 'cmake_clean_cache' from command line to 'False'
[0.227s] Level 5:colcon.colcon_core.verb:set package 'ht_messages' build argument 'cmake_clean_first' from command line to 'False'
[0.227s] Level 5:colcon.colcon_core.verb:set package 'ht_messages' build argument 'cmake_force_configure' from command line to 'False'
[0.227s] Level 5:colcon.colcon_core.verb:set package 'ht_messages' build argument 'ament_cmake_args' from command line to 'None'
[0.228s] Level 5:colcon.colcon_core.verb:set package 'ht_messages' build argument 'catkin_cmake_args' from command line to 'None'
[0.228s] Level 5:colcon.colcon_core.verb:set package 'ht_messages' build argument 'catkin_skip_building_tests' from command line to 'False'
[0.228s] DEBUG:colcon.colcon_core.verb:Building package 'ht_messages' with the following arguments: {'ament_cmake_args': None, 'build_base': '/home/thejas/high_tide_ws/src/build/ht_messages', 'catkin_cmake_args': None, 'catkin_skip_building_tests': False, 'cmake_args': None, 'cmake_clean_cache': False, 'cmake_clean_first': False, 'cmake_force_configure': False, 'cmake_target': None, 'cmake_target_skip_unavailable': False, 'install_base': '/home/thejas/high_tide_ws/src/install/ht_messages', 'merge_install': False, 'path': '/home/thejas/high_tide_ws/src/ht_messages', 'symlink_install': False, 'test_result_base': None}
[0.228s] Level 5:colcon.colcon_core.verb:set package 'my_gyro_pkg' build argument 'cmake_args' from command line to 'None'
[0.228s] Level 5:colcon.colcon_core.verb:set package 'my_gyro_pkg' build argument 'cmake_target' from command line to 'None'
[0.228s] Level 5:colcon.colcon_core.verb:set package 'my_gyro_pkg' build argument 'cmake_target_skip_unavailable' from command line to 'False'
[0.228s] Level 5:colcon.colcon_core.verb:set package 'my_gyro_pkg' build argument 'cmake_clean_cache' from command line to 'False'
[0.228s] Level 5:colcon.colcon_core.verb:set package 'my_gyro_pkg' build argument 'cmake_clean_first' from command line to 'False'
[0.228s] Level 5:colcon.colcon_core.verb:set package 'my_gyro_pkg' build argument 'cmake_force_configure' from command line to 'False'
[0.228s] Level 5:colcon.colcon_core.verb:set package 'my_gyro_pkg' build argument 'ament_cmake_args' from command line to 'None'
[0.228s] Level 5:colcon.colcon_core.verb:set package 'my_gyro_pkg' build argument 'catkin_cmake_args' from command line to 'None'
[0.228s] Level 5:colcon.colcon_core.verb:set package 'my_gyro_pkg' build argument 'catkin_skip_building_tests' from command line to 'False'
[0.228s] DEBUG:colcon.colcon_core.verb:Building package 'my_gyro_pkg' with the following arguments: {'ament_cmake_args': None, 'build_base': '/home/thejas/high_tide_ws/src/build/my_gyro_pkg', 'catkin_cmake_args': None, 'catkin_skip_building_tests': False, 'cmake_args': None, 'cmake_clean_cache': False, 'cmake_clean_first': False, 'cmake_force_configure': False, 'cmake_target': None, 'cmake_target_skip_unavailable': False, 'install_base': '/home/thejas/high_tide_ws/src/install/my_gyro_pkg', 'merge_install': False, 'path': '/home/thejas/high_tide_ws/src/my_gyro_pkg', 'symlink_install': False, 'test_result_base': None}
[0.228s] INFO:colcon.colcon_core.executor:Executing jobs using 'parallel' executor
[0.229s] DEBUG:colcon.colcon_parallel_executor.executor.parallel:run_until_complete
[0.229s] INFO:colcon.colcon_ros.task.ament_python.build:Building ROS package in '/home/thejas/high_tide_ws/src/ht_core' with build type 'ament_python'
[0.229s] Level 1:colcon.colcon_core.shell:create_environment_hook('ht_core', 'ament_prefix_path')
[0.231s] INFO:colcon.colcon_core.plugin_system:Skipping extension 'colcon_core.shell.bat': Not used on non-Windows systems
[0.231s] INFO:colcon.colcon_core.shell:Creating environment hook '/home/thejas/high_tide_ws/src/install/ht_core/share/ht_core/hook/ament_prefix_path.ps1'
[0.232s] INFO:colcon.colcon_core.shell:Creating environment descriptor '/home/thejas/high_tide_ws/src/install/ht_core/share/ht_core/hook/ament_prefix_path.dsv'
[0.232s] INFO:colcon.colcon_core.shell:Creating environment hook '/home/thejas/high_tide_ws/src/install/ht_core/share/ht_core/hook/ament_prefix_path.sh'
[0.233s] INFO:colcon.colcon_core.shell:Skip shell extension 'powershell' for command environment: Not usable outside of PowerShell
[0.233s] DEBUG:colcon.colcon_core.shell:Skip shell extension 'dsv' for command environment
[0.236s] INFO:colcon.colcon_ros.task.ament_cmake.build:Building ROS package in '/home/thejas/high_tide_ws/src/ht_messages' with build type 'ament_cmake'
[0.236s] INFO:colcon.colcon_cmake.task.cmake.build:Building CMake package in '/home/thejas/high_tide_ws/src/ht_messages'
[0.236s] INFO:colcon.colcon_core.shell:Skip shell extension 'powershell' for command environment: Not usable outside of PowerShell
[0.236s] DEBUG:colcon.colcon_core.shell:Skip shell extension 'dsv' for command environment
[0.238s] INFO:colcon.colcon_ros.task.ament_python.build:Building ROS package in '/home/thejas/high_tide_ws/src/my_gyro_pkg' with build type 'ament_python'
[0.238s] Level 1:colcon.colcon_core.shell:create_environment_hook('my_gyro_pkg', 'ament_prefix_path')
[0.239s] INFO:colcon.colcon_core.shell:Creating environment hook '/home/thejas/high_tide_ws/src/install/my_gyro_pkg/share/my_gyro_pkg/hook/ament_prefix_path.ps1'
[0.239s] INFO:colcon.colcon_core.shell:Creating environment descriptor '/home/thejas/high_tide_ws/src/install/my_gyro_pkg/share/my_gyro_pkg/hook/ament_prefix_path.dsv'
[0.239s] INFO:colcon.colcon_core.shell:Creating environment hook '/home/thejas/high_tide_ws/src/install/my_gyro_pkg/share/my_gyro_pkg/hook/ament_prefix_path.sh'
[0.240s] INFO:colcon.colcon_core.shell:Skip shell extension 'powershell' for command environment: Not usable outside of PowerShell
[0.240s] DEBUG:colcon.colcon_core.shell:Skip shell extension 'dsv' for command environment
[0.471s] INFO:colcon.colcon_core.task.python.build:Building Python package in '/home/thejas/high_tide_ws/src/ht_core'
[0.471s] INFO:colcon.colcon_core.shell:Skip shell extension 'powershell' for command environment: Not usable outside of PowerShell
[0.471s] DEBUG:colcon.colcon_core.shell:Skip shell extension 'dsv' for command environment
[0.474s] DEBUG:colcon.colcon_core.event_handler.log_command:Invoking command in '/home/thejas/high_tide_ws/src/build/ht_messages': CMAKE_PREFIX_PATH=/opt/ros/humble /usr/bin/cmake /home/thejas/high_tide_ws/src/ht_messages -DCMAKE_INSTALL_PREFIX=/home/thejas/high_tide_ws/src/install/ht_messages
[0.784s] INFO:colcon.colcon_core.task.python.build:Building Python package in '/home/thejas/high_tide_ws/src/my_gyro_pkg'
[0.785s] INFO:colcon.colcon_core.shell:Skip shell extension 'powershell' for command environment: Not usable outside of PowerShell
[0.785s] DEBUG:colcon.colcon_core.shell:Skip shell extension 'dsv' for command environment
[1.270s] DEBUG:colcon.colcon_core.event_handler.log_command:Invoking command in '/home/thejas/high_tide_ws/src/ht_core': PYTHONPATH=/home/thejas/high_tide_ws/src/build/ht_core/prefix_override:/usr/lib/python3/dist-packages/colcon_core/task/python/colcon_distutils_commands:/home/thejas/high_tide_ws/src/install/ht_core/lib/python3.10/site-packages:${PYTHONPATH} /usr/bin/python3 -W ignore:setup.py install is deprecated -W ignore:easy_install command is deprecated setup.py egg_info --egg-base ../build/ht_core build --build-base /home/thejas/high_tide_ws/src/build/ht_core/build install --record /home/thejas/high_tide_ws/src/build/ht_core/install.log --single-version-externally-managed install_data
[1.400s] DEBUG:colcon.colcon_core.event_handler.log_command:Invoking command in '/home/thejas/high_tide_ws/src/my_gyro_pkg': PYTHONPATH=/home/thejas/high_tide_ws/src/build/my_gyro_pkg/prefix_override:/usr/lib/python3/dist-packages/colcon_core/task/python/colcon_distutils_commands:/home/thejas/high_tide_ws/src/install/my_gyro_pkg/lib/python3.10/site-packages:${PYTHONPATH} /usr/bin/python3 -W ignore:setup.py install is deprecated -W ignore:easy_install command is deprecated setup.py egg_info --egg-base ../build/my_gyro_pkg build --build-base /home/thejas/high_tide_ws/src/build/my_gyro_pkg/build install --record /home/thejas/high_tide_ws/src/build/my_gyro_pkg/install.log --single-version-externally-managed install_data
[1.742s] DEBUG:colcon.colcon_core.event_handler.log_command:Invoked command in '/home/thejas/high_tide_ws/src/ht_core' returned '0': PYTHONPATH=/home/thejas/high_tide_ws/src/build/ht_core/prefix_override:/usr/lib/python3/dist-packages/colcon_core/task/python/colcon_distutils_commands:/home/thejas/high_tide_ws/src/install/ht_core/lib/python3.10/site-packages:${PYTHONPATH} /usr/bin/python3 -W ignore:setup.py install is deprecated -W ignore:easy_install command is deprecated setup.py egg_info --egg-base ../build/ht_core build --build-base /home/thejas/high_tide_ws/src/build/ht_core/build install --record /home/thejas/high_tide_ws/src/build/ht_core/install.log --single-version-externally-managed install_data
[1.745s] Level 1:colcon.colcon_core.environment:checking '/home/thejas/high_tide_ws/src/install/ht_core' for CMake module files
[1.752s] Level 1:colcon.colcon_core.environment:checking '/home/thejas/high_tide_ws/src/install/ht_core' for CMake config files
[1.760s] Level 1:colcon.colcon_core.environment:checking '/home/thejas/high_tide_ws/src/install/ht_core/lib'
[1.760s] Level 1:colcon.colcon_core.environment:checking '/home/thejas/high_tide_ws/src/install/ht_core/bin'
[1.760s] Level 1:colcon.colcon_core.environment:checking '/home/thejas/high_tide_ws/src/install/ht_core/lib/pkgconfig/ht_core.pc'
[1.760s] Level 1:colcon.colcon_core.environment:checking '/home/thejas/high_tide_ws/src/install/ht_core/lib/python3.10/site-packages'
[1.761s] Level 1:colcon.colcon_core.shell:create_environment_hook('ht_core', 'pythonpath')
[1.761s] INFO:colcon.colcon_core.shell:Creating environment hook '/home/thejas/high_tide_ws/src/install/ht_core/share/ht_core/hook/pythonpath.ps1'
[1.761s] INFO:colcon.colcon_core.shell:Creating environment descriptor '/home/thejas/high_tide_ws/src/install/ht_core/share/ht_core/hook/pythonpath.dsv'
[1.762s] INFO:colcon.colcon_core.shell:Creating environment hook '/home/thejas/high_tide_ws/src/install/ht_core/share/ht_core/hook/pythonpath.sh'
[1.762s] Level 1:colcon.colcon_core.environment:checking '/home/thejas/high_tide_ws/src/install/ht_core/bin'
[1.762s] Level 1:colcon.colcon_core.environment:create_environment_scripts_only(ht_core)
[1.765s] INFO:colcon.colcon_core.shell:Creating package script '/home/thejas/high_tide_ws/src/install/ht_core/share/ht_core/package.ps1'
[1.766s] INFO:colcon.colcon_core.shell:Creating package descriptor '/home/thejas/high_tide_ws/src/install/ht_core/share/ht_core/package.dsv'
[1.766s] INFO:colcon.colcon_core.shell:Creating package script '/home/thejas/high_tide_ws/src/install/ht_core/share/ht_core/package.sh'
[1.767s] INFO:colcon.colcon_core.shell:Creating package script '/home/thejas/high_tide_ws/src/install/ht_core/share/ht_core/package.bash'
[1.767s] INFO:colcon.colcon_core.shell:Creating package script '/home/thejas/high_tide_ws/src/install/ht_core/share/ht_core/package.zsh'
[1.768s] Level 1:colcon.colcon_core.environment:create_file_with_runtime_dependencies(/home/thejas/high_tide_ws/src/install/ht_core/share/colcon-core/packages/ht_core)
[1.910s] Level 1:colcon.colcon_core.environment:checking '/home/thejas/high_tide_ws/src/install/my_gyro_pkg' for CMake module files
[1.911s] DEBUG:colcon.colcon_core.event_handler.log_command:Invoked command in '/home/thejas/high_tide_ws/src/my_gyro_pkg' returned '0': PYTHONPATH=/home/thejas/high_tide_ws/src/build/my_gyro_pkg/prefix_override:/usr/lib/python3/dist-packages/colcon_core/task/python/colcon_distutils_commands:/home/thejas/high_tide_ws/src/install/my_gyro_pkg/lib/python3.10/site-packages:${PYTHONPATH} /usr/bin/python3 -W ignore:setup.py install is deprecated -W ignore:easy_install command is deprecated setup.py egg_info --egg-base ../build/my_gyro_pkg build --build-base /home/thejas/high_tide_ws/src/build/my_gyro_pkg/build install --record /home/thejas/high_tide_ws/src/build/my_gyro_pkg/install.log --single-version-externally-managed install_data
[1.912s] Level 1:colcon.colcon_core.environment:checking '/home/thejas/high_tide_ws/src/install/my_gyro_pkg' for CMake config files
[1.912s] Level 1:colcon.colcon_core.environment:checking '/home/thejas/high_tide_ws/src/install/my_gyro_pkg/lib'
[1.912s] Level 1:colcon.colcon_core.environment:checking '/home/thejas/high_tide_ws/src/install/my_gyro_pkg/bin'
[1.912s] Level 1:colcon.colcon_core.environment:checking '/home/thejas/high_tide_ws/src/install/my_gyro_pkg/lib/pkgconfig/my_gyro_pkg.pc'
[1.912s] Level 1:colcon.colcon_core.environment:checking '/home/thejas/high_tide_ws/src/install/my_gyro_pkg/lib/python3.10/site-packages'
[1.913s] Level 1:colcon.colcon_core.shell:create_environment_hook('my_gyro_pkg', 'pythonpath')
[1.913s] INFO:colcon.colcon_core.shell:Creating environment hook '/home/thejas/high_tide_ws/src/install/my_gyro_pkg/share/my_gyro_pkg/hook/pythonpath.ps1'
[1.913s] INFO:colcon.colcon_core.shell:Creating environment descriptor '/home/thejas/high_tide_ws/src/install/my_gyro_pkg/share/my_gyro_pkg/hook/pythonpath.dsv'
[1.914s] INFO:colcon.colcon_core.shell:Creating environment hook '/home/thejas/high_tide_ws/src/install/my_gyro_pkg/share/my_gyro_pkg/hook/pythonpath.sh'
[1.914s] Level 1:colcon.colcon_core.environment:checking '/home/thejas/high_tide_ws/src/install/my_gyro_pkg/bin'
[1.914s] Level 1:colcon.colcon_core.environment:create_environment_scripts_only(my_gyro_pkg)
[1.914s] INFO:colcon.colcon_core.shell:Creating package script '/home/thejas/high_tide_ws/src/install/my_gyro_pkg/share/my_gyro_pkg/package.ps1'
[1.915s] INFO:colcon.colcon_core.shell:Creating package descriptor '/home/thejas/high_tide_ws/src/install/my_gyro_pkg/share/my_gyro_pkg/package.dsv'
[1.915s] INFO:colcon.colcon_core.shell:Creating package script '/home/thejas/high_tide_ws/src/install/my_gyro_pkg/share/my_gyro_pkg/package.sh'
[1.915s] INFO:colcon.colcon_core.shell:Creating package script '/home/thejas/high_tide_ws/src/install/my_gyro_pkg/share/my_gyro_pkg/package.bash'
[1.916s] INFO:colcon.colcon_core.shell:Creating package script '/home/thejas/high_tide_ws/src/install/my_gyro_pkg/share/my_gyro_pkg/package.zsh'
[1.916s] Level 1:colcon.colcon_core.environment:create_file_with_runtime_dependencies(/home/thejas/high_tide_ws/src/install/my_gyro_pkg/share/colcon-core/packages/my_gyro_pkg)
[2.350s] DEBUG:colcon.colcon_core.event_handler.log_command:Invoked command in '/home/thejas/high_tide_ws/src/build/ht_messages' returned '0': CMAKE_PREFIX_PATH=/opt/ros/humble /usr/bin/cmake /home/thejas/high_tide_ws/src/ht_messages -DCMAKE_INSTALL_PREFIX=/home/thejas/high_tide_ws/src/install/ht_messages
[2.351s] DEBUG:colcon.colcon_core.event_handler.log_command:Invoking command in '/home/thejas/high_tide_ws/src/build/ht_messages': CMAKE_PREFIX_PATH=/opt/ros/humble /usr/bin/cmake --build /home/thejas/high_tide_ws/src/build/ht_messages -- -j12 -l12
[4.309s] DEBUG:colcon.colcon_core.event_handler.log_command:Invoked command in '/home/thejas/high_tide_ws/src/build/ht_messages' returned '0': CMAKE_PREFIX_PATH=/opt/ros/humble /usr/bin/cmake --build /home/thejas/high_tide_ws/src/build/ht_messages -- -j12 -l12
[4.318s] DEBUG:colcon.colcon_core.event_handler.log_command:Invoking command in '/home/thejas/high_tide_ws/src/build/ht_messages': CMAKE_PREFIX_PATH=/opt/ros/humble /usr/bin/cmake --install /home/thejas/high_tide_ws/src/build/ht_messages
[4.373s] Level 1:colcon.colcon_core.environment:create_environment_scripts_only(ht_messages)
[4.374s] Level 1:colcon.colcon_core.environment:checking '/home/thejas/high_tide_ws/src/install/ht_messages' for CMake module files
[4.374s] DEBUG:colcon.colcon_core.event_handler.log_command:Invoked command in '/home/thejas/high_tide_ws/src/build/ht_messages' returned '0': CMAKE_PREFIX_PATH=/opt/ros/humble /usr/bin/cmake --install /home/thejas/high_tide_ws/src/build/ht_messages
[4.375s] Level 1:colcon.colcon_core.environment:checking '/home/thejas/high_tide_ws/src/install/ht_messages' for CMake config files
[4.375s] Level 1:colcon.colcon_core.shell:create_environment_hook('ht_messages', 'cmake_prefix_path')
[4.375s] INFO:colcon.colcon_core.shell:Creating environment hook '/home/thejas/high_tide_ws/src/install/ht_messages/share/ht_messages/hook/cmake_prefix_path.ps1'
[4.376s] INFO:colcon.colcon_core.shell:Creating environment descriptor '/home/thejas/high_tide_ws/src/install/ht_messages/share/ht_messages/hook/cmake_prefix_path.dsv'
[4.376s] INFO:colcon.colcon_core.shell:Creating environment hook '/home/thejas/high_tide_ws/src/install/ht_messages/share/ht_messages/hook/cmake_prefix_path.sh'
[4.377s] Level 1:colcon.colcon_core.environment:checking '/home/thejas/high_tide_ws/src/install/ht_messages/lib'
[4.377s] Level 1:colcon.colcon_core.shell:create_environment_hook('ht_messages', 'ld_library_path_lib')
[4.377s] INFO:colcon.colcon_core.shell:Creating environment hook '/home/thejas/high_tide_ws/src/install/ht_messages/share/ht_messages/hook/ld_library_path_lib.ps1'
[4.377s] INFO:colcon.colcon_core.shell:Creating environment descriptor '/home/thejas/high_tide_ws/src/install/ht_messages/share/ht_messages/hook/ld_library_path_lib.dsv'
[4.378s] INFO:colcon.colcon_core.shell:Creating environment hook '/home/thejas/high_tide_ws/src/install/ht_messages/share/ht_messages/hook/ld_library_path_lib.sh'
[4.378s] Level 1:colcon.colcon_core.environment:checking '/home/thejas/high_tide_ws/src/install/ht_messages/bin'
[4.378s] Level 1:colcon.colcon_core.environment:checking '/home/thejas/high_tide_ws/src/install/ht_messages/lib/pkgconfig/ht_messages.pc'
[4.378s] Level 1:colcon.colcon_core.environment:checking '/home/thejas/high_tide_ws/src/install/ht_messages/lib/python3.10/site-packages'
[4.379s] Level 1:colcon.colcon_core.environment:checking '/home/thejas/high_tide_ws/src/install/ht_messages/bin'
[4.379s] INFO:colcon.colcon_core.shell:Creating package script '/home/thejas/high_tide_ws/src/install/ht_messages/share/ht_messages/package.ps1'
[4.379s] INFO:colcon.colcon_core.shell:Creating package descriptor '/home/thejas/high_tide_ws/src/install/ht_messages/share/ht_messages/package.dsv'
[4.379s] INFO:colcon.colcon_core.shell:Creating package script '/home/thejas/high_tide_ws/src/install/ht_messages/share/ht_messages/package.sh'
[4.379s] INFO:colcon.colcon_core.shell:Creating package script '/home/thejas/high_tide_ws/src/install/ht_messages/share/ht_messages/package.bash'
[4.380s] INFO:colcon.colcon_core.shell:Creating package script '/home/thejas/high_tide_ws/src/install/ht_messages/share/ht_messages/package.zsh'
[4.380s] Level 1:colcon.colcon_core.environment:create_file_with_runtime_dependencies(/home/thejas/high_tide_ws/src/install/ht_messages/share/colcon-core/packages/ht_messages)
[4.380s] Level 1:colcon.colcon_core.environment:create_environment_scripts_only(ht_messages)
[4.380s] Level 1:colcon.colcon_core.environment:checking '/home/thejas/high_tide_ws/src/install/ht_messages' for CMake module files
[4.381s] Level 1:colcon.colcon_core.environment:checking '/home/thejas/high_tide_ws/src/install/ht_messages' for CMake config files
[4.381s] Level 1:colcon.colcon_core.shell:create_environment_hook('ht_messages', 'cmake_prefix_path')
[4.381s] INFO:colcon.colcon_core.shell:Creating environment hook '/home/thejas/high_tide_ws/src/install/ht_messages/share/ht_messages/hook/cmake_prefix_path.ps1'
[4.381s] INFO:colcon.colcon_core.shell:Creating environment descriptor '/home/thejas/high_tide_ws/src/install/ht_messages/share/ht_messages/hook/cmake_prefix_path.dsv'
[4.382s] INFO:colcon.colcon_core.shell:Creating environment hook '/home/thejas/high_tide_ws/src/install/ht_messages/share/ht_messages/hook/cmake_prefix_path.sh'
[4.382s] Level 1:colcon.colcon_core.environment:checking '/home/thejas/high_tide_ws/src/install/ht_messages/lib'
[4.382s] Level 1:colcon.colcon_core.shell:create_environment_hook('ht_messages', 'ld_library_path_lib')
[4.382s] INFO:colcon.colcon_core.shell:Creating environment hook '/home/thejas/high_tide_ws/src/install/ht_messages/share/ht_messages/hook/ld_library_path_lib.ps1'
[4.382s] INFO:colcon.colcon_core.shell:Creating environment descriptor '/home/thejas/high_tide_ws/src/install/ht_messages/share/ht_messages/hook/ld_library_path_lib.dsv'
[4.382s] INFO:colcon.colcon_core.shell:Creating environment hook '/home/thejas/high_tide_ws/src/install/ht_messages/share/ht_messages/hook/ld_library_path_lib.sh'
[4.383s] Level 1:colcon.colcon_core.environment:checking '/home/thejas/high_tide_ws/src/install/ht_messages/bin'
[4.383s] Level 1:colcon.colcon_core.environment:checking '/home/thejas/high_tide_ws/src/install/ht_messages/lib/pkgconfig/ht_messages.pc'
[4.383s] Level 1:colcon.colcon_core.environment:checking '/home/thejas/high_tide_ws/src/install/ht_messages/lib/python3.10/site-packages'
[4.383s] Level 1:colcon.colcon_core.environment:checking '/home/thejas/high_tide_ws/src/install/ht_messages/bin'
[4.383s] INFO:colcon.colcon_core.shell:Creating package script '/home/thejas/high_tide_ws/src/install/ht_messages/share/ht_messages/package.ps1'
[4.383s] INFO:colcon.colcon_core.shell:Creating package descriptor '/home/thejas/high_tide_ws/src/install/ht_messages/share/ht_messages/package.dsv'
[4.384s] INFO:colcon.colcon_core.shell:Creating package script '/home/thejas/high_tide_ws/src/install/ht_messages/share/ht_messages/package.sh'
[4.384s] INFO:colcon.colcon_core.shell:Creating package script '/home/thejas/high_tide_ws/src/install/ht_messages/share/ht_messages/package.bash'
[4.384s] INFO:colcon.colcon_core.shell:Creating package script '/home/thejas/high_tide_ws/src/install/ht_messages/share/ht_messages/package.zsh'
[4.384s] Level 1:colcon.colcon_core.environment:create_file_with_runtime_dependencies(/home/thejas/high_tide_ws/src/install/ht_messages/share/colcon-core/packages/ht_messages)
[4.384s] DEBUG:colcon.colcon_parallel_executor.executor.parallel:closing loop
[4.385s] DEBUG:colcon.colcon_parallel_executor.executor.parallel:loop closed
[4.385s] DEBUG:colcon.colcon_parallel_executor.executor.parallel:run_until_complete finished with '0'
[4.385s] DEBUG:colcon.colcon_core.event_reactor:joining thread
[4.390s] INFO:colcon.colcon_core.plugin_system:Skipping extension 'colcon_notification.desktop_notification.terminal_notifier': Not used on non-Darwin systems
[4.390s] INFO:colcon.colcon_core.plugin_system:Skipping extension 'colcon_notification.desktop_notification.win32': Not used on non-Windows systems
[4.390s] INFO:colcon.colcon_notification.desktop_notification:Sending desktop notification using 'notify2'
[4.398s] DEBUG:colcon.colcon_core.event_reactor:joined thread
[4.398s] INFO:colcon.colcon_core.shell:Creating prefix script '/home/thejas/high_tide_ws/src/install/local_setup.ps1'
[4.398s] INFO:colcon.colcon_core.shell:Creating prefix util module '/home/thejas/high_tide_ws/src/install/_local_setup_util_ps1.py'
[4.399s] INFO:colcon.colcon_core.shell:Creating prefix chain script '/home/thejas/high_tide_ws/src/install/setup.ps1'
[4.399s] INFO:colcon.colcon_core.shell:Creating prefix script '/home/thejas/high_tide_ws/src/install/local_setup.sh'
[4.400s] INFO:colcon.colcon_core.shell:Creating prefix util module '/home/thejas/high_tide_ws/src/install/_local_setup_util_sh.py'
[4.400s] INFO:colcon.colcon_core.shell:Creating prefix chain script '/home/thejas/high_tide_ws/src/install/setup.sh'
[4.400s] INFO:colcon.colcon_core.shell:Creating prefix script '/home/thejas/high_tide_ws/src/install/local_setup.bash'
[4.401s] INFO:colcon.colcon_core.shell:Creating prefix chain script '/home/thejas/high_tide_ws/src/install/setup.bash'
[4.402s] INFO:colcon.colcon_core.shell:Creating prefix script '/home/thejas/high_tide_ws/src/install/local_setup.zsh'
[4.402s] INFO:colcon.colcon_core.shell:Creating prefix chain script '/home/thejas/high_tide_ws/src/install/setup.zsh'
