[3.244s] Invoking command in '/home/user/high_tide_ws/src/my_gyro_pkg': PYTHONPATH=/home/user/high_tide_ws/build/my_gyro_pkg/prefix_override:/usr/lib/python3/dist-packages/colcon_core/task/python/colcon_distutils_commands:/home/user/high_tide_ws/install/my_gyro_pkg/lib/python3.10/site-packages:${PYTHONPATH} /usr/bin/python3 -W ignore:setup.py install is deprecated -W ignore:easy_install command is deprecated setup.py egg_info --egg-base ../../build/my_gyro_pkg build --build-base /home/user/high_tide_ws/build/my_gyro_pkg/build install --record /home/user/high_tide_ws/build/my_gyro_pkg/install.log --single-version-externally-managed install_data
[4.049s] running egg_info
[4.052s] writing ../../build/my_gyro_pkg/my_gyro_pkg.egg-info/PKG-INFO
[4.052s] writing dependency_links to ../../build/my_gyro_pkg/my_gyro_pkg.egg-info/dependency_links.txt
[4.053s] writing entry points to ../../build/my_gyro_pkg/my_gyro_pkg.egg-info/entry_points.txt
[4.054s] writing requirements to ../../build/my_gyro_pkg/my_gyro_pkg.egg-info/requires.txt
[4.054s] writing top-level names to ../../build/my_gyro_pkg/my_gyro_pkg.egg-info/top_level.txt
[4.060s] reading manifest file '../../build/my_gyro_pkg/my_gyro_pkg.egg-info/SOURCES.txt'
[4.063s] writing manifest file '../../build/my_gyro_pkg/my_gyro_pkg.egg-info/SOURCES.txt'
[4.063s] running build
[4.063s] running build_py
[4.064s] running install
[4.065s] running install_lib
[4.070s] running install_data
[4.070s] running install_egg_info
[4.076s] removing '/home/user/high_tide_ws/install/my_gyro_pkg/lib/python3.10/site-packages/my_gyro_pkg-0.0.0-py3.10.egg-info' (and everything under it)
[4.077s] Copying ../../build/my_gyro_pkg/my_gyro_pkg.egg-info to /home/user/high_tide_ws/install/my_gyro_pkg/lib/python3.10/site-packages/my_gyro_pkg-0.0.0-py3.10.egg-info
[4.082s] running install_scripts
[4.153s] Installing fog_node script to /home/user/high_tide_ws/install/my_gyro_pkg/lib/my_gyro_pkg
[4.155s] writing list of installed files to '/home/user/high_tide_ws/build/my_gyro_pkg/install.log'
[4.267s] Invoked command in '/home/user/high_tide_ws/src/my_gyro_pkg' returned '0': PYTHONPATH=/home/user/high_tide_ws/build/my_gyro_pkg/prefix_override:/usr/lib/python3/dist-packages/colcon_core/task/python/colcon_distutils_commands:/home/user/high_tide_ws/install/my_gyro_pkg/lib/python3.10/site-packages:${PYTHONPATH} /usr/bin/python3 -W ignore:setup.py install is deprecated -W ignore:easy_install command is deprecated setup.py egg_info --egg-base ../../build/my_gyro_pkg build --build-base /home/user/high_tide_ws/build/my_gyro_pkg/build install --record /home/user/high_tide_ws/build/my_gyro_pkg/install.log --single-version-externally-managed install_data
