[6.082s] Invoking command in '/home/user/high_tide_ws/src/ht_core': PYTHONPATH=/home/user/high_tide_ws/build/ht_core/prefix_override:/usr/lib/python3/dist-packages/colcon_core/task/python/colcon_distutils_commands:/home/user/high_tide_ws/install/ht_core/lib/python3.10/site-packages:${PYTHONPATH} /usr/bin/python3 -W ignore:setup.py install is deprecated -W ignore:easy_install command is deprecated setup.py egg_info --egg-base ../../build/ht_core build --build-base /home/user/high_tide_ws/build/ht_core/build install --record /home/user/high_tide_ws/build/ht_core/install.log --single-version-externally-managed install_data
[7.506s] running egg_info
[7.511s] writing ../../build/ht_core/ht_core.egg-info/PKG-INFO
[7.511s] writing dependency_links to ../../build/ht_core/ht_core.egg-info/dependency_links.txt
[7.514s] writing entry points to ../../build/ht_core/ht_core.egg-info/entry_points.txt
[7.516s] writing requirements to ../../build/ht_core/ht_core.egg-info/requires.txt
[7.520s] writing top-level names to ../../build/ht_core/ht_core.egg-info/top_level.txt
[7.526s] reading manifest file '../../build/ht_core/ht_core.egg-info/SOURCES.txt'
[7.532s] writing manifest file '../../build/ht_core/ht_core.egg-info/SOURCES.txt'
[7.534s] running build
[7.535s] running build_py
[7.536s] copying ht_core/state_machine.py -> /home/user/high_tide_ws/build/ht_core/build/lib/ht_core
[7.541s] running install
[7.544s] running install_lib
[7.550s] copying /home/user/high_tide_ws/build/ht_core/build/lib/ht_core/state_machine.py -> /home/user/high_tide_ws/install/ht_core/lib/python3.10/site-packages/ht_core
[7.554s] byte-compiling /home/user/high_tide_ws/install/ht_core/lib/python3.10/site-packages/ht_core/state_machine.py to state_machine.cpython-310.pyc
[7.568s] running install_data
[7.569s] running install_egg_info
[7.580s] removing '/home/user/high_tide_ws/install/ht_core/lib/python3.10/site-packages/ht_core-0.0.1-py3.10.egg-info' (and everything under it)
[7.586s] Copying ../../build/ht_core/ht_core.egg-info to /home/user/high_tide_ws/install/ht_core/lib/python3.10/site-packages/ht_core-0.0.1-py3.10.egg-info
[7.610s] running install_scripts
[7.784s] Installing depth_node script to /home/user/high_tide_ws/install/ht_core/lib/ht_core
[7.784s] Installing mission_node script to /home/user/high_tide_ws/install/ht_core/lib/ht_core
[7.786s] writing list of installed files to '/home/user/high_tide_ws/build/ht_core/install.log'
[8.016s] Invoked command in '/home/user/high_tide_ws/src/ht_core' returned '0': PYTHONPATH=/home/user/high_tide_ws/build/ht_core/prefix_override:/usr/lib/python3/dist-packages/colcon_core/task/python/colcon_distutils_commands:/home/user/high_tide_ws/install/ht_core/lib/python3.10/site-packages:${PYTHONPATH} /usr/bin/python3 -W ignore:setup.py install is deprecated -W ignore:easy_install command is deprecated setup.py egg_info --egg-base ../../build/ht_core build --build-base /home/user/high_tide_ws/build/ht_core/build install --record /home/user/high_tide_ws/build/ht_core/install.log --single-version-externally-managed install_data
