[3.210s] Invoking command in '/home/user/high_tide_ws/src/ht_core': PYTHONPATH=/home/user/high_tide_ws/build/ht_core/prefix_override:/usr/lib/python3/dist-packages/colcon_core/task/python/colcon_distutils_commands:/home/user/high_tide_ws/install/ht_core/lib/python3.10/site-packages:${PYTHONPATH} /usr/bin/python3 -W ignore:setup.py install is deprecated -W ignore:easy_install command is deprecated setup.py egg_info --egg-base ../../build/ht_core build --build-base /home/user/high_tide_ws/build/ht_core/build install --record /home/user/high_tide_ws/build/ht_core/install.log --single-version-externally-managed install_data
[3.992s] running egg_info
[3.994s] writing ../../build/ht_core/ht_core.egg-info/PKG-INFO
[3.995s] writing dependency_links to ../../build/ht_core/ht_core.egg-info/dependency_links.txt
[3.996s] writing entry points to ../../build/ht_core/ht_core.egg-info/entry_points.txt
[3.996s] writing requirements to ../../build/ht_core/ht_core.egg-info/requires.txt
[3.996s] writing top-level names to ../../build/ht_core/ht_core.egg-info/top_level.txt
[4.004s] reading manifest file '../../build/ht_core/ht_core.egg-info/SOURCES.txt'
[4.006s] writing manifest file '../../build/ht_core/ht_core.egg-info/SOURCES.txt'
[4.006s] running build
[4.006s] running build_py
[4.008s] copying ht_core/missions/best_mission.py -> /home/user/high_tide_ws/build/ht_core/build/lib/ht_core/missions
[4.010s] running install
[4.011s] running install_lib
[4.014s] copying /home/user/high_tide_ws/build/ht_core/build/lib/ht_core/missions/best_mission.py -> /home/user/high_tide_ws/install/ht_core/lib/python3.10/site-packages/ht_core/missions
[4.017s] byte-compiling /home/user/high_tide_ws/install/ht_core/lib/python3.10/site-packages/ht_core/missions/best_mission.py to best_mission.cpython-310.pyc
[4.025s] running install_data
[4.032s] running install_egg_info
[4.039s] removing '/home/user/high_tide_ws/install/ht_core/lib/python3.10/site-packages/ht_core-0.0.1-py3.10.egg-info' (and everything under it)
[4.039s] Copying ../../build/ht_core/ht_core.egg-info to /home/user/high_tide_ws/install/ht_core/lib/python3.10/site-packages/ht_core-0.0.1-py3.10.egg-info
[4.040s] running install_scripts
[4.097s] Installing depth_node script to /home/user/high_tide_ws/install/ht_core/lib/ht_core
[4.098s] Installing mission_node script to /home/user/high_tide_ws/install/ht_core/lib/ht_core
[4.099s] writing list of installed files to '/home/user/high_tide_ws/build/ht_core/install.log'
[4.207s] Invoked command in '/home/user/high_tide_ws/src/ht_core' returned '0': PYTHONPATH=/home/user/high_tide_ws/build/ht_core/prefix_override:/usr/lib/python3/dist-packages/colcon_core/task/python/colcon_distutils_commands:/home/user/high_tide_ws/install/ht_core/lib/python3.10/site-packages:${PYTHONPATH} /usr/bin/python3 -W ignore:setup.py install is deprecated -W ignore:easy_install command is deprecated setup.py egg_info --egg-base ../../build/ht_core build --build-base /home/user/high_tide_ws/build/ht_core/build install --record /home/user/high_tide_ws/build/ht_core/install.log --single-version-externally-managed install_data
