[6.125s] Invoking command in '/home/user/high_tide_ws/src/ht_core': PYTHONPATH=/home/user/high_tide_ws/build/ht_core/prefix_override:/usr/lib/python3/dist-packages/colcon_core/task/python/colcon_distutils_commands:/home/user/high_tide_ws/install/ht_core/lib/python3.10/site-packages:${PYTHONPATH} /usr/bin/python3 -W ignore:setup.py install is deprecated -W ignore:easy_install command is deprecated setup.py egg_info --egg-base ../../build/ht_core build --build-base /home/user/high_tide_ws/build/ht_core/build install --record /home/user/high_tide_ws/build/ht_core/install.log --single-version-externally-managed install_data
[8.272s] running egg_info
[8.277s] writing ../../build/ht_core/ht_core.egg-info/PKG-INFO
[8.278s] writing dependency_links to ../../build/ht_core/ht_core.egg-info/dependency_links.txt
[8.278s] writing entry points to ../../build/ht_core/ht_core.egg-info/entry_points.txt
[8.279s] writing requirements to ../../build/ht_core/ht_core.egg-info/requires.txt
[8.279s] writing top-level names to ../../build/ht_core/ht_core.egg-info/top_level.txt
[8.290s] reading manifest file '../../build/ht_core/ht_core.egg-info/SOURCES.txt'
[8.294s] writing manifest file '../../build/ht_core/ht_core.egg-info/SOURCES.txt'
[8.294s] running build
[8.295s] running build_py
[8.295s] copying ht_core/state_machine.py -> /home/user/high_tide_ws/build/ht_core/build/lib/ht_core
[8.300s] running install
[8.302s] running install_lib
[8.316s] copying /home/user/high_tide_ws/build/ht_core/build/lib/ht_core/state_machine.py -> /home/user/high_tide_ws/install/ht_core/lib/python3.10/site-packages/ht_core
[8.321s] byte-compiling /home/user/high_tide_ws/install/ht_core/lib/python3.10/site-packages/ht_core/state_machine.py to state_machine.cpython-310.pyc
[8.326s] running install_data
[8.327s] running install_egg_info
[8.336s] removing '/home/user/high_tide_ws/install/ht_core/lib/python3.10/site-packages/ht_core-0.0.1-py3.10.egg-info' (and everything under it)
[8.350s] Copying ../../build/ht_core/ht_core.egg-info to /home/user/high_tide_ws/install/ht_core/lib/python3.10/site-packages/ht_core-0.0.1-py3.10.egg-info
[8.350s] running install_scripts
[8.429s] Installing depth_node script to /home/user/high_tide_ws/install/ht_core/lib/ht_core
[8.430s] Installing mission_node script to /home/user/high_tide_ws/install/ht_core/lib/ht_core
[8.439s] writing list of installed files to '/home/user/high_tide_ws/build/ht_core/install.log'
[8.553s] Invoked command in '/home/user/high_tide_ws/src/ht_core' returned '0': PYTHONPATH=/home/user/high_tide_ws/build/ht_core/prefix_override:/usr/lib/python3/dist-packages/colcon_core/task/python/colcon_distutils_commands:/home/user/high_tide_ws/install/ht_core/lib/python3.10/site-packages:${PYTHONPATH} /usr/bin/python3 -W ignore:setup.py install is deprecated -W ignore:easy_install command is deprecated setup.py egg_info --egg-base ../../build/ht_core build --build-base /home/user/high_tide_ws/build/ht_core/build install --record /home/user/high_tide_ws/build/ht_core/install.log --single-version-externally-managed install_data
