[9.080s] Invoking command in '/home/user/high_tide_ws/src/ht_core': PYTHONPATH=/home/user/high_tide_ws/build/ht_core/prefix_override:/usr/lib/python3/dist-packages/colcon_core/task/python/colcon_distutils_commands:/home/user/high_tide_ws/install/ht_core/lib/python3.10/site-packages:${PYTHONPATH} /usr/bin/python3 -W ignore:setup.py install is deprecated -W ignore:easy_install command is deprecated setup.py egg_info --egg-base ../../build/ht_core build --build-base /home/user/high_tide_ws/build/ht_core/build install --record /home/user/high_tide_ws/build/ht_core/install.log --single-version-externally-managed install_data
[11.068s] running egg_info
[11.074s] writing ../../build/ht_core/ht_core.egg-info/PKG-INFO
[11.092s] writing dependency_links to ../../build/ht_core/ht_core.egg-info/dependency_links.txt
[11.094s] writing entry points to ../../build/ht_core/ht_core.egg-info/entry_points.txt
[11.099s] writing requirements to ../../build/ht_core/ht_core.egg-info/requires.txt
[11.099s] writing top-level names to ../../build/ht_core/ht_core.egg-info/top_level.txt
[11.116s] reading manifest file '../../build/ht_core/ht_core.egg-info/SOURCES.txt'
[11.119s] writing manifest file '../../build/ht_core/ht_core.egg-info/SOURCES.txt'
[11.124s] running build
[11.125s] running build_py
[11.146s] running install
[11.149s] running install_lib
[11.160s] running install_data
[11.162s] running install_egg_info
[11.178s] removing '/home/user/high_tide_ws/install/ht_core/lib/python3.10/site-packages/ht_core-0.0.1-py3.10.egg-info' (and everything under it)
[11.187s] Copying ../../build/ht_core/ht_core.egg-info to /home/user/high_tide_ws/install/ht_core/lib/python3.10/site-packages/ht_core-0.0.1-py3.10.egg-info
[11.189s] running install_scripts
[11.347s] Installing depth_node script to /home/user/high_tide_ws/install/ht_core/lib/ht_core
[11.350s] Installing mission_node script to /home/user/high_tide_ws/install/ht_core/lib/ht_core
[11.354s] writing list of installed files to '/home/user/high_tide_ws/build/ht_core/install.log'
[11.587s] Invoked command in '/home/user/high_tide_ws/src/ht_core' returned '0': PYTHONPATH=/home/user/high_tide_ws/build/ht_core/prefix_override:/usr/lib/python3/dist-packages/colcon_core/task/python/colcon_distutils_commands:/home/user/high_tide_ws/install/ht_core/lib/python3.10/site-packages:${PYTHONPATH} /usr/bin/python3 -W ignore:setup.py install is deprecated -W ignore:easy_install command is deprecated setup.py egg_info --egg-base ../../build/ht_core build --build-base /home/user/high_tide_ws/build/ht_core/build install --record /home/user/high_tide_ws/build/ht_core/install.log --single-version-externally-managed install_data
