[0.379s] DEBUG:colcon:Command line arguments: ['/usr/bin/colcon', 'build']
[0.380s] DEBUG:colcon:Parsed command line arguments: Namespace(log_base=None, log_level=None, verb_name='build', build_base='build', install_base='install', merge_install=False, symlink_install=False, test_result_base=None, continue_on_error=False, executor='parallel', parallel_workers=4, event_handlers=None, ignore_user_meta=False, metas=['./colcon.meta'], base_paths=['.'], packages_ignore=None, packages_ignore_regex=None, paths=None, packages_up_to=None, packages_up_to_regex=None, packages_above=None, packages_above_and_dependencies=None, packages_above_depth=None, packages_select_by_dep=None, packages_skip_by_dep=None, packages_skip_up_to=None, packages_select_build_failed=False, packages_skip_build_finished=False, packages_select_test_failures=False, packages_skip_test_passed=False, packages_select=None, packages_skip=None, packages_select_regex=None, packages_skip_regex=None, packages_start=None, packages_end=None, allow_overriding=[], cmake_args=None, cmake_target=None, cmake_target_skip_unavailable=False, cmake_clean_cache=False, cmake_clean_first=False, cmake_force_configure=False, ament_cmake_args=None, catkin_cmake_args=None, catkin_skip_building_tests=False, verb_parser=<colcon_defaults.argument_parser.defaults.DefaultArgumentsDecorator object at 0xffffb63d7370>, verb_extension=<colcon_core.verb.build.BuildVerb object at 0xffffb65cc6d0>, main=<bound method BuildVerb.main of <colcon_core.verb.build.BuildVerb object at 0xffffb65cc6d0>>)
[0.996s] Level 1:colcon.colcon_core.package_discovery:discover_packages(colcon_meta) check parameters
[0.997s] Level 1:colcon.colcon_core.package_discovery:discover_packages(recursive) check parameters
[0.997s] Level 1:colcon.colcon_core.package_discovery:discover_packages(ignore) check parameters
[0.997s] Level 1:colcon.colcon_core.package_discovery:discover_packages(path) check parameters
[0.998s] Level 1:colcon.colcon_core.package_discovery:discover_packages(colcon_meta) discover
[0.998s] Level 1:colcon.colcon_core.package_discovery:discover_packages(recursive) discover
[0.998s] INFO:colcon.colcon_core.package_discovery:Crawling recursively for packages in '/home/user/high_tide_ws'
[0.998s] Level 1:colcon.colcon_core.package_identification:_identify(.) by extensions ['ignore', 'ignore_ament_install']
[0.999s] Level 1:colcon.colcon_core.package_identification:_identify(.) by extension 'ignore'
[0.999s] Level 1:colcon.colcon_core.package_identification:_identify(.) by extension 'ignore_ament_install'
[0.999s] Level 1:colcon.colcon_core.package_identification:_identify(.) by extensions ['colcon_pkg']
[0.999s] Level 1:colcon.colcon_core.package_identification:_identify(.) by extension 'colcon_pkg'
[1.000s] Level 1:colcon.colcon_core.package_identification:_identify(.) by extensions ['colcon_meta']
[1.000s] Level 1:colcon.colcon_core.package_identification:_identify(.) by extension 'colcon_meta'
[1.000s] Level 1:colcon.colcon_core.package_identification:_identify(.) by extensions ['ros']
[1.000s] Level 1:colcon.colcon_core.package_identification:_identify(.) by extension 'ros'
[1.037s] Level 1:colcon.colcon_core.package_identification:_identify(.) by extensions ['cmake', 'python']
[1.037s] Level 1:colcon.colcon_core.package_identification:_identify(.) by extension 'cmake'
[1.037s] Level 1:colcon.colcon_core.package_identification:_identify(.) by extension 'python'
[1.038s] Level 1:colcon.colcon_core.package_identification:_identify(.) by extensions ['python_setup_py']
[1.038s] Level 1:colcon.colcon_core.package_identification:_identify(.) by extension 'python_setup_py'
[1.038s] Level 1:colcon.colcon_core.package_identification:_identify(build) by extensions ['ignore', 'ignore_ament_install']
[1.038s] Level 1:colcon.colcon_core.package_identification:_identify(build) by extension 'ignore'
[1.039s] Level 1:colcon.colcon_core.package_identification:_identify(build) ignored
[1.039s] Level 1:colcon.colcon_core.package_identification:_identify(install) by extensions ['ignore', 'ignore_ament_install']
[1.039s] Level 1:colcon.colcon_core.package_identification:_identify(install) by extension 'ignore'
[1.040s] Level 1:colcon.colcon_core.package_identification:_identify(install) ignored
[1.040s] Level 1:colcon.colcon_core.package_identification:_identify(log) by extensions ['ignore', 'ignore_ament_install']
[1.040s] Level 1:colcon.colcon_core.package_identification:_identify(log) by extension 'ignore'
[1.041s] Level 1:colcon.colcon_core.package_identification:_identify(log) ignored
[1.041s] Level 1:colcon.colcon_core.package_identification:_identify(src) by extensions ['ignore', 'ignore_ament_install']
[1.041s] Level 1:colcon.colcon_core.package_identification:_identify(src) by extension 'ignore'
[1.041s] Level 1:colcon.colcon_core.package_identification:_identify(src) by extension 'ignore_ament_install'
[1.042s] Level 1:colcon.colcon_core.package_identification:_identify(src) by extensions ['colcon_pkg']
[1.042s] Level 1:colcon.colcon_core.package_identification:_identify(src) by extension 'colcon_pkg'
[1.042s] Level 1:colcon.colcon_core.package_identification:_identify(src) by extensions ['colcon_meta']
[1.042s] Level 1:colcon.colcon_core.package_identification:_identify(src) by extension 'colcon_meta'
[1.042s] Level 1:colcon.colcon_core.package_identification:_identify(src) by extensions ['ros']
[1.042s] Level 1:colcon.colcon_core.package_identification:_identify(src) by extension 'ros'
[1.043s] Level 1:colcon.colcon_core.package_identification:_identify(src) by extensions ['cmake', 'python']
[1.043s] Level 1:colcon.colcon_core.package_identification:_identify(src) by extension 'cmake'
[1.043s] Level 1:colcon.colcon_core.package_identification:_identify(src) by extension 'python'
[1.043s] Level 1:colcon.colcon_core.package_identification:_identify(src) by extensions ['python_setup_py']
[1.043s] Level 1:colcon.colcon_core.package_identification:_identify(src) by extension 'python_setup_py'
[1.043s] Level 1:colcon.colcon_core.package_identification:_identify(src/build) by extensions ['ignore', 'ignore_ament_install']
[1.044s] Level 1:colcon.colcon_core.package_identification:_identify(src/build) by extension 'ignore'
[1.044s] Level 1:colcon.colcon_core.package_identification:_identify(src/build) ignored
[1.044s] Level 1:colcon.colcon_core.package_identification:_identify(src/ht_core) by extensions ['ignore', 'ignore_ament_install']
[1.044s] Level 1:colcon.colcon_core.package_identification:_identify(src/ht_core) by extension 'ignore'
[1.045s] Level 1:colcon.colcon_core.package_identification:_identify(src/ht_core) by extension 'ignore_ament_install'
[1.045s] Level 1:colcon.colcon_core.package_identification:_identify(src/ht_core) by extensions ['colcon_pkg']
[1.045s] Level 1:colcon.colcon_core.package_identification:_identify(src/ht_core) by extension 'colcon_pkg'
[1.045s] Level 1:colcon.colcon_core.package_identification:_identify(src/ht_core) by extensions ['colcon_meta']
[1.045s] Level 1:colcon.colcon_core.package_identification:_identify(src/ht_core) by extension 'colcon_meta'
[1.045s] Level 1:colcon.colcon_core.package_identification:_identify(src/ht_core) by extensions ['ros']
[1.046s] Level 1:colcon.colcon_core.package_identification:_identify(src/ht_core) by extension 'ros'
[1.054s] DEBUG:colcon.colcon_core.package_identification:Package 'src/ht_core' with type 'ros.ament_python' and name 'ht_core'
[1.054s] Level 1:colcon.colcon_core.package_identification:_identify(src/ht_messages) by extensions ['ignore', 'ignore_ament_install']
[1.054s] Level 1:colcon.colcon_core.package_identification:_identify(src/ht_messages) by extension 'ignore'
[1.055s] Level 1:colcon.colcon_core.package_identification:_identify(src/ht_messages) by extension 'ignore_ament_install'
[1.055s] Level 1:colcon.colcon_core.package_identification:_identify(src/ht_messages) by extensions ['colcon_pkg']
[1.055s] Level 1:colcon.colcon_core.package_identification:_identify(src/ht_messages) by extension 'colcon_pkg'
[1.055s] Level 1:colcon.colcon_core.package_identification:_identify(src/ht_messages) by extensions ['colcon_meta']
[1.055s] Level 1:colcon.colcon_core.package_identification:_identify(src/ht_messages) by extension 'colcon_meta'
[1.056s] Level 1:colcon.colcon_core.package_identification:_identify(src/ht_messages) by extensions ['ros']
[1.056s] Level 1:colcon.colcon_core.package_identification:_identify(src/ht_messages) by extension 'ros'
[1.058s] DEBUG:colcon.colcon_core.package_identification:Package 'src/ht_messages' with type 'ros.ament_cmake' and name 'ht_messages'
[1.058s] Level 1:colcon.colcon_core.package_identification:_identify(src/install) by extensions ['ignore', 'ignore_ament_install']
[1.059s] Level 1:colcon.colcon_core.package_identification:_identify(src/install) by extension 'ignore'
[1.059s] Level 1:colcon.colcon_core.package_identification:_identify(src/install) ignored
[1.059s] Level 1:colcon.colcon_core.package_identification:_identify(src/log) by extensions ['ignore', 'ignore_ament_install']
[1.059s] Level 1:colcon.colcon_core.package_identification:_identify(src/log) by extension 'ignore'
[1.060s] Level 1:colcon.colcon_core.package_identification:_identify(src/log) ignored
[1.060s] Level 1:colcon.colcon_core.package_identification:_identify(src/my_gyro_pkg) by extensions ['ignore', 'ignore_ament_install']
[1.060s] Level 1:colcon.colcon_core.package_identification:_identify(src/my_gyro_pkg) by extension 'ignore'
[1.060s] Level 1:colcon.colcon_core.package_identification:_identify(src/my_gyro_pkg) by extension 'ignore_ament_install'
[1.061s] Level 1:colcon.colcon_core.package_identification:_identify(src/my_gyro_pkg) by extensions ['colcon_pkg']
[1.061s] Level 1:colcon.colcon_core.package_identification:_identify(src/my_gyro_pkg) by extension 'colcon_pkg'
[1.061s] Level 1:colcon.colcon_core.package_identification:_identify(src/my_gyro_pkg) by extensions ['colcon_meta']
[1.061s] Level 1:colcon.colcon_core.package_identification:_identify(src/my_gyro_pkg) by extension 'colcon_meta'
[1.061s] Level 1:colcon.colcon_core.package_identification:_identify(src/my_gyro_pkg) by extensions ['ros']
[1.061s] Level 1:colcon.colcon_core.package_identification:_identify(src/my_gyro_pkg) by extension 'ros'
[1.064s] DEBUG:colcon.colcon_core.package_identification:Package 'src/my_gyro_pkg' with type 'ros.ament_python' and name 'my_gyro_pkg'
[1.064s] Level 1:colcon.colcon_core.package_discovery:discover_packages(recursive) using defaults
[1.064s] Level 1:colcon.colcon_core.package_discovery:discover_packages(ignore) discover
[1.064s] Level 1:colcon.colcon_core.package_discovery:discover_packages(ignore) using defaults
[1.064s] Level 1:colcon.colcon_core.package_discovery:discover_packages(path) discover
[1.064s] Level 1:colcon.colcon_core.package_discovery:discover_packages(path) using defaults
[1.137s] Level 1:colcon.colcon_core.package_discovery:discover_packages(prefix_path) check parameters
[1.137s] Level 1:colcon.colcon_core.package_discovery:discover_packages(prefix_path) discover
[1.146s] DEBUG:colcon.colcon_installed_package_information.package_discovery:Found 296 installed packages in /opt/ros/humble
[1.182s] Level 1:colcon.colcon_core.package_discovery:discover_packages(prefix_path) using defaults
[1.304s] Level 5:colcon.colcon_core.verb:set package 'ht_core' build argument 'cmake_args' from command line to 'None'
[1.304s] Level 5:colcon.colcon_core.verb:set package 'ht_core' build argument 'cmake_target' from command line to 'None'
[1.305s] Level 5:colcon.colcon_core.verb:set package 'ht_core' build argument 'cmake_target_skip_unavailable' from command line to 'False'
[1.305s] Level 5:colcon.colcon_core.verb:set package 'ht_core' build argument 'cmake_clean_cache' from command line to 'False'
[1.305s] Level 5:colcon.colcon_core.verb:set package 'ht_core' build argument 'cmake_clean_first' from command line to 'False'
[1.305s] Level 5:colcon.colcon_core.verb:set package 'ht_core' build argument 'cmake_force_configure' from command line to 'False'
[1.305s] Level 5:colcon.colcon_core.verb:set package 'ht_core' build argument 'ament_cmake_args' from command line to 'None'
[1.305s] Level 5:colcon.colcon_core.verb:set package 'ht_core' build argument 'catkin_cmake_args' from command line to 'None'
[1.305s] Level 5:colcon.colcon_core.verb:set package 'ht_core' build argument 'catkin_skip_building_tests' from command line to 'False'
[1.305s] DEBUG:colcon.colcon_core.verb:Building package 'ht_core' with the following arguments: {'ament_cmake_args': None, 'build_base': '/home/user/high_tide_ws/build/ht_core', 'catkin_cmake_args': None, 'catkin_skip_building_tests': False, 'cmake_args': None, 'cmake_clean_cache': False, 'cmake_clean_first': False, 'cmake_force_configure': False, 'cmake_target': None, 'cmake_target_skip_unavailable': False, 'install_base': '/home/user/high_tide_ws/install/ht_core', 'merge_install': False, 'path': '/home/user/high_tide_ws/src/ht_core', 'symlink_install': False, 'test_result_base': None}
[1.306s] Level 5:colcon.colcon_core.verb:set package 'ht_messages' build argument 'cmake_args' from command line to 'None'
[1.307s] Level 5:colcon.colcon_core.verb:set package 'ht_messages' build argument 'cmake_target' from command line to 'None'
[1.307s] Level 5:colcon.colcon_core.verb:set package 'ht_messages' build argument 'cmake_target_skip_unavailable' from command line to 'False'
[1.307s] Level 5:colcon.colcon_core.verb:set package 'ht_messages' build argument 'cmake_clean_cache' from command line to 'False'
[1.307s] Level 5:colcon.colcon_core.verb:set package 'ht_messages' build argument 'cmake_clean_first' from command line to 'False'
[1.307s] Level 5:colcon.colcon_core.verb:set package 'ht_messages' build argument 'cmake_force_configure' from command line to 'False'
[1.307s] Level 5:colcon.colcon_core.verb:set package 'ht_messages' build argument 'ament_cmake_args' from command line to 'None'
[1.307s] Level 5:colcon.colcon_core.verb:set package 'ht_messages' build argument 'catkin_cmake_args' from command line to 'None'
[1.307s] Level 5:colcon.colcon_core.verb:set package 'ht_messages' build argument 'catkin_skip_building_tests' from command line to 'False'
[1.307s] DEBUG:colcon.colcon_core.verb:Building package 'ht_messages' with the following arguments: {'ament_cmake_args': None, 'build_base': '/home/user/high_tide_ws/build/ht_messages', 'catkin_cmake_args': None, 'catkin_skip_building_tests': False, 'cmake_args': None, 'cmake_clean_cache': False, 'cmake_clean_first': False, 'cmake_force_configure': False, 'cmake_target': None, 'cmake_target_skip_unavailable': False, 'install_base': '/home/user/high_tide_ws/install/ht_messages', 'merge_install': False, 'path': '/home/user/high_tide_ws/src/ht_messages', 'symlink_install': False, 'test_result_base': None}
[1.308s] Level 5:colcon.colcon_core.verb:set package 'my_gyro_pkg' build argument 'cmake_args' from command line to 'None'
[1.308s] Level 5:colcon.colcon_core.verb:set package 'my_gyro_pkg' build argument 'cmake_target' from command line to 'None'
[1.308s] Level 5:colcon.colcon_core.verb:set package 'my_gyro_pkg' build argument 'cmake_target_skip_unavailable' from command line to 'False'
[1.308s] Level 5:colcon.colcon_core.verb:set package 'my_gyro_pkg' build argument 'cmake_clean_cache' from command line to 'False'
[1.309s] Level 5:colcon.colcon_core.verb:set package 'my_gyro_pkg' build argument 'cmake_clean_first' from command line to 'False'
[1.309s] Level 5:colcon.colcon_core.verb:set package 'my_gyro_pkg' build argument 'cmake_force_configure' from command line to 'False'
[1.309s] Level 5:colcon.colcon_core.verb:set package 'my_gyro_pkg' build argument 'ament_cmake_args' from command line to 'None'
[1.309s] Level 5:colcon.colcon_core.verb:set package 'my_gyro_pkg' build argument 'catkin_cmake_args' from command line to 'None'
[1.309s] Level 5:colcon.colcon_core.verb:set package 'my_gyro_pkg' build argument 'catkin_skip_building_tests' from command line to 'False'
[1.309s] DEBUG:colcon.colcon_core.verb:Building package 'my_gyro_pkg' with the following arguments: {'ament_cmake_args': None, 'build_base': '/home/user/high_tide_ws/build/my_gyro_pkg', 'catkin_cmake_args': None, 'catkin_skip_building_tests': False, 'cmake_args': None, 'cmake_clean_cache': False, 'cmake_clean_first': False, 'cmake_force_configure': False, 'cmake_target': None, 'cmake_target_skip_unavailable': False, 'install_base': '/home/user/high_tide_ws/install/my_gyro_pkg', 'merge_install': False, 'path': '/home/user/high_tide_ws/src/my_gyro_pkg', 'symlink_install': False, 'test_result_base': None}
[1.309s] INFO:colcon.colcon_core.executor:Executing jobs using 'parallel' executor
[1.312s] DEBUG:colcon.colcon_parallel_executor.executor.parallel:run_until_complete
[1.313s] INFO:colcon.colcon_ros.task.ament_python.build:Building ROS package in '/home/user/high_tide_ws/src/ht_core' with build type 'ament_python'
[1.314s] Level 1:colcon.colcon_core.shell:create_environment_hook('ht_core', 'ament_prefix_path')
[1.324s] INFO:colcon.colcon_core.plugin_system:Skipping extension 'colcon_core.shell.bat': Not used on non-Windows systems
[1.325s] INFO:colcon.colcon_core.shell:Creating environment hook '/home/user/high_tide_ws/install/ht_core/share/ht_core/hook/ament_prefix_path.ps1'
[1.328s] INFO:colcon.colcon_core.shell:Creating environment descriptor '/home/user/high_tide_ws/install/ht_core/share/ht_core/hook/ament_prefix_path.dsv'
[1.329s] INFO:colcon.colcon_core.shell:Creating environment hook '/home/user/high_tide_ws/install/ht_core/share/ht_core/hook/ament_prefix_path.sh'
[1.332s] INFO:colcon.colcon_core.shell:Skip shell extension 'powershell' for command environment: Not usable outside of PowerShell
[1.332s] DEBUG:colcon.colcon_core.shell:Skip shell extension 'dsv' for command environment
[1.340s] INFO:colcon.colcon_ros.task.ament_cmake.build:Building ROS package in '/home/user/high_tide_ws/src/ht_messages' with build type 'ament_cmake'
[1.340s] INFO:colcon.colcon_cmake.task.cmake.build:Building CMake package in '/home/user/high_tide_ws/src/ht_messages'
[1.341s] INFO:colcon.colcon_core.shell:Skip shell extension 'powershell' for command environment: Not usable outside of PowerShell
[1.341s] DEBUG:colcon.colcon_core.shell:Skip shell extension 'dsv' for command environment
[1.348s] INFO:colcon.colcon_ros.task.ament_python.build:Building ROS package in '/home/user/high_tide_ws/src/my_gyro_pkg' with build type 'ament_python'
[1.349s] Level 1:colcon.colcon_core.shell:create_environment_hook('my_gyro_pkg', 'ament_prefix_path')
[1.350s] INFO:colcon.colcon_core.shell:Creating environment hook '/home/user/high_tide_ws/install/my_gyro_pkg/share/my_gyro_pkg/hook/ament_prefix_path.ps1'
[1.352s] INFO:colcon.colcon_core.shell:Creating environment descriptor '/home/user/high_tide_ws/install/my_gyro_pkg/share/my_gyro_pkg/hook/ament_prefix_path.dsv'
[1.353s] INFO:colcon.colcon_core.shell:Creating environment hook '/home/user/high_tide_ws/install/my_gyro_pkg/share/my_gyro_pkg/hook/ament_prefix_path.sh'
[1.355s] INFO:colcon.colcon_core.shell:Skip shell extension 'powershell' for command environment: Not usable outside of PowerShell
[1.355s] DEBUG:colcon.colcon_core.shell:Skip shell extension 'dsv' for command environment
[2.158s] INFO:colcon.colcon_core.task.python.build:Building Python package in '/home/user/high_tide_ws/src/ht_core'
[2.159s] INFO:colcon.colcon_core.shell:Skip shell extension 'powershell' for command environment: Not usable outside of PowerShell
[2.160s] DEBUG:colcon.colcon_core.shell:Skip shell extension 'dsv' for command environment
[2.177s] DEBUG:colcon.colcon_core.event_handler.log_command:Invoking command in '/home/user/high_tide_ws/build/ht_messages': CMAKE_PREFIX_PATH=/opt/ros/humble /usr/bin/cmake --build /home/user/high_tide_ws/build/ht_messages -- -j4 -l4
[3.082s] INFO:colcon.colcon_core.task.python.build:Building Python package in '/home/user/high_tide_ws/src/my_gyro_pkg'
[3.083s] INFO:colcon.colcon_core.shell:Skip shell extension 'powershell' for command environment: Not usable outside of PowerShell
[3.083s] DEBUG:colcon.colcon_core.shell:Skip shell extension 'dsv' for command environment
[3.409s] DEBUG:colcon.colcon_core.event_handler.log_command:Invoked command in '/home/user/high_tide_ws/build/ht_messages' returned '0': CMAKE_PREFIX_PATH=/opt/ros/humble /usr/bin/cmake --build /home/user/high_tide_ws/build/ht_messages -- -j4 -l4
[3.440s] DEBUG:colcon.colcon_core.event_handler.log_command:Invoking command in '/home/user/high_tide_ws/build/ht_messages': CMAKE_PREFIX_PATH=/opt/ros/humble /usr/bin/cmake --install /home/user/high_tide_ws/build/ht_messages
[3.721s] Level 1:colcon.colcon_core.environment:create_environment_scripts_only(ht_messages)
[3.723s] DEBUG:colcon.colcon_core.event_handler.log_command:Invoked command in '/home/user/high_tide_ws/build/ht_messages' returned '0': CMAKE_PREFIX_PATH=/opt/ros/humble /usr/bin/cmake --install /home/user/high_tide_ws/build/ht_messages
[3.742s] Level 1:colcon.colcon_core.environment:checking '/home/user/high_tide_ws/install/ht_messages' for CMake module files
[3.744s] Level 1:colcon.colcon_core.environment:checking '/home/user/high_tide_ws/install/ht_messages' for CMake config files
[3.746s] Level 1:colcon.colcon_core.shell:create_environment_hook('ht_messages', 'cmake_prefix_path')
[3.747s] INFO:colcon.colcon_core.shell:Creating environment hook '/home/user/high_tide_ws/install/ht_messages/share/ht_messages/hook/cmake_prefix_path.ps1'
[3.749s] INFO:colcon.colcon_core.shell:Creating environment descriptor '/home/user/high_tide_ws/install/ht_messages/share/ht_messages/hook/cmake_prefix_path.dsv'
[3.751s] INFO:colcon.colcon_core.shell:Creating environment hook '/home/user/high_tide_ws/install/ht_messages/share/ht_messages/hook/cmake_prefix_path.sh'
[3.754s] Level 1:colcon.colcon_core.environment:checking '/home/user/high_tide_ws/install/ht_messages/lib'
[3.754s] Level 1:colcon.colcon_core.shell:create_environment_hook('ht_messages', 'ld_library_path_lib')
[3.755s] INFO:colcon.colcon_core.shell:Creating environment hook '/home/user/high_tide_ws/install/ht_messages/share/ht_messages/hook/ld_library_path_lib.ps1'
[3.757s] INFO:colcon.colcon_core.shell:Creating environment descriptor '/home/user/high_tide_ws/install/ht_messages/share/ht_messages/hook/ld_library_path_lib.dsv'
[3.759s] INFO:colcon.colcon_core.shell:Creating environment hook '/home/user/high_tide_ws/install/ht_messages/share/ht_messages/hook/ld_library_path_lib.sh'
[3.761s] Level 1:colcon.colcon_core.environment:checking '/home/user/high_tide_ws/install/ht_messages/bin'
[3.762s] Level 1:colcon.colcon_core.environment:checking '/home/user/high_tide_ws/install/ht_messages/lib/pkgconfig/ht_messages.pc'
[3.763s] Level 1:colcon.colcon_core.environment:checking '/home/user/high_tide_ws/install/ht_messages/lib/python3.10/site-packages'
[3.764s] Level 1:colcon.colcon_core.environment:checking '/home/user/high_tide_ws/install/ht_messages/bin'
[3.765s] INFO:colcon.colcon_core.shell:Creating package script '/home/user/high_tide_ws/install/ht_messages/share/ht_messages/package.ps1'
[3.769s] INFO:colcon.colcon_core.shell:Creating package descriptor '/home/user/high_tide_ws/install/ht_messages/share/ht_messages/package.dsv'
[3.772s] INFO:colcon.colcon_core.shell:Creating package script '/home/user/high_tide_ws/install/ht_messages/share/ht_messages/package.sh'
[3.780s] INFO:colcon.colcon_core.shell:Creating package script '/home/user/high_tide_ws/install/ht_messages/share/ht_messages/package.bash'
[3.793s] INFO:colcon.colcon_core.shell:Creating package script '/home/user/high_tide_ws/install/ht_messages/share/ht_messages/package.zsh'
[3.797s] Level 1:colcon.colcon_core.environment:create_file_with_runtime_dependencies(/home/user/high_tide_ws/install/ht_messages/share/colcon-core/packages/ht_messages)
[3.800s] Level 1:colcon.colcon_core.environment:create_environment_scripts_only(ht_messages)
[3.801s] Level 1:colcon.colcon_core.environment:checking '/home/user/high_tide_ws/install/ht_messages' for CMake module files
[3.803s] Level 1:colcon.colcon_core.environment:checking '/home/user/high_tide_ws/install/ht_messages' for CMake config files
[3.805s] Level 1:colcon.colcon_core.shell:create_environment_hook('ht_messages', 'cmake_prefix_path')
[3.806s] INFO:colcon.colcon_core.shell:Creating environment hook '/home/user/high_tide_ws/install/ht_messages/share/ht_messages/hook/cmake_prefix_path.ps1'
[3.809s] INFO:colcon.colcon_core.shell:Creating environment descriptor '/home/user/high_tide_ws/install/ht_messages/share/ht_messages/hook/cmake_prefix_path.dsv'
[3.821s] INFO:colcon.colcon_core.shell:Creating environment hook '/home/user/high_tide_ws/install/ht_messages/share/ht_messages/hook/cmake_prefix_path.sh'
[3.831s] Level 1:colcon.colcon_core.environment:checking '/home/user/high_tide_ws/install/ht_messages/lib'
[3.840s] Level 1:colcon.colcon_core.shell:create_environment_hook('ht_messages', 'ld_library_path_lib')
[3.840s] INFO:colcon.colcon_core.shell:Creating environment hook '/home/user/high_tide_ws/install/ht_messages/share/ht_messages/hook/ld_library_path_lib.ps1'
[3.842s] INFO:colcon.colcon_core.shell:Creating environment descriptor '/home/user/high_tide_ws/install/ht_messages/share/ht_messages/hook/ld_library_path_lib.dsv'
[3.844s] INFO:colcon.colcon_core.shell:Creating environment hook '/home/user/high_tide_ws/install/ht_messages/share/ht_messages/hook/ld_library_path_lib.sh'
[3.845s] Level 1:colcon.colcon_core.environment:checking '/home/user/high_tide_ws/install/ht_messages/bin'
[3.845s] Level 1:colcon.colcon_core.environment:checking '/home/user/high_tide_ws/install/ht_messages/lib/pkgconfig/ht_messages.pc'
[3.846s] Level 1:colcon.colcon_core.environment:checking '/home/user/high_tide_ws/install/ht_messages/lib/python3.10/site-packages'
[3.847s] Level 1:colcon.colcon_core.environment:checking '/home/user/high_tide_ws/install/ht_messages/bin'
[3.856s] INFO:colcon.colcon_core.shell:Creating package script '/home/user/high_tide_ws/install/ht_messages/share/ht_messages/package.ps1'
[3.859s] INFO:colcon.colcon_core.shell:Creating package descriptor '/home/user/high_tide_ws/install/ht_messages/share/ht_messages/package.dsv'
[3.865s] INFO:colcon.colcon_core.shell:Creating package script '/home/user/high_tide_ws/install/ht_messages/share/ht_messages/package.sh'
[3.867s] INFO:colcon.colcon_core.shell:Creating package script '/home/user/high_tide_ws/install/ht_messages/share/ht_messages/package.bash'
[3.873s] INFO:colcon.colcon_core.shell:Creating package script '/home/user/high_tide_ws/install/ht_messages/share/ht_messages/package.zsh'
[3.876s] Level 1:colcon.colcon_core.environment:create_file_with_runtime_dependencies(/home/user/high_tide_ws/install/ht_messages/share/colcon-core/packages/ht_messages)
[4.432s] DEBUG:colcon.colcon_core.event_handler.log_command:Invoking command in '/home/user/high_tide_ws/src/ht_core': PYTHONPATH=/home/user/high_tide_ws/build/ht_core/prefix_override:/usr/lib/python3/dist-packages/colcon_core/task/python/colcon_distutils_commands:/home/user/high_tide_ws/install/ht_core/lib/python3.10/site-packages:${PYTHONPATH} /usr/bin/python3 -W ignore:setup.py install is deprecated -W ignore:easy_install command is deprecated setup.py egg_info --egg-base ../../build/ht_core build --build-base /home/user/high_tide_ws/build/ht_core/build install --record /home/user/high_tide_ws/build/ht_core/install.log --single-version-externally-managed install_data
[4.437s] DEBUG:colcon.colcon_core.event_handler.log_command:Invoking command in '/home/user/high_tide_ws/src/my_gyro_pkg': PYTHONPATH=/home/user/high_tide_ws/build/my_gyro_pkg/prefix_override:/usr/lib/python3/dist-packages/colcon_core/task/python/colcon_distutils_commands:/home/user/high_tide_ws/install/my_gyro_pkg/lib/python3.10/site-packages:${PYTHONPATH} /usr/bin/python3 -W ignore:setup.py install is deprecated -W ignore:easy_install command is deprecated setup.py egg_info --egg-base ../../build/my_gyro_pkg build --build-base /home/user/high_tide_ws/build/my_gyro_pkg/build install --record /home/user/high_tide_ws/build/my_gyro_pkg/install.log --single-version-externally-managed install_data
[5.372s] Level 1:colcon.colcon_core.environment:checking '/home/user/high_tide_ws/install/ht_core' for CMake module files
[5.373s] DEBUG:colcon.colcon_core.event_handler.log_command:Invoked command in '/home/user/high_tide_ws/src/ht_core' returned '0': PYTHONPATH=/home/user/high_tide_ws/build/ht_core/prefix_override:/usr/lib/python3/dist-packages/colcon_core/task/python/colcon_distutils_commands:/home/user/high_tide_ws/install/ht_core/lib/python3.10/site-packages:${PYTHONPATH} /usr/bin/python3 -W ignore:setup.py install is deprecated -W ignore:easy_install command is deprecated setup.py egg_info --egg-base ../../build/ht_core build --build-base /home/user/high_tide_ws/build/ht_core/build install --record /home/user/high_tide_ws/build/ht_core/install.log --single-version-externally-managed install_data
[5.375s] Level 1:colcon.colcon_core.environment:checking '/home/user/high_tide_ws/install/ht_core' for CMake config files
[5.377s] Level 1:colcon.colcon_core.environment:checking '/home/user/high_tide_ws/install/ht_core/lib'
[5.377s] Level 1:colcon.colcon_core.environment:checking '/home/user/high_tide_ws/install/ht_core/bin'
[5.377s] Level 1:colcon.colcon_core.environment:checking '/home/user/high_tide_ws/install/ht_core/lib/pkgconfig/ht_core.pc'
[5.378s] Level 1:colcon.colcon_core.environment:checking '/home/user/high_tide_ws/install/ht_core/lib/python3.10/site-packages'
[5.378s] Level 1:colcon.colcon_core.shell:create_environment_hook('ht_core', 'pythonpath')
[5.379s] INFO:colcon.colcon_core.shell:Creating environment hook '/home/user/high_tide_ws/install/ht_core/share/ht_core/hook/pythonpath.ps1'
[5.381s] INFO:colcon.colcon_core.shell:Creating environment descriptor '/home/user/high_tide_ws/install/ht_core/share/ht_core/hook/pythonpath.dsv'
[5.382s] INFO:colcon.colcon_core.shell:Creating environment hook '/home/user/high_tide_ws/install/ht_core/share/ht_core/hook/pythonpath.sh'
[5.384s] Level 1:colcon.colcon_core.environment:checking '/home/user/high_tide_ws/install/ht_core/bin'
[5.384s] Level 1:colcon.colcon_core.environment:create_environment_scripts_only(ht_core)
[5.385s] INFO:colcon.colcon_core.shell:Creating package script '/home/user/high_tide_ws/install/ht_core/share/ht_core/package.ps1'
[5.387s] INFO:colcon.colcon_core.shell:Creating package descriptor '/home/user/high_tide_ws/install/ht_core/share/ht_core/package.dsv'
[5.390s] INFO:colcon.colcon_core.shell:Creating package script '/home/user/high_tide_ws/install/ht_core/share/ht_core/package.sh'
[5.391s] INFO:colcon.colcon_core.shell:Creating package script '/home/user/high_tide_ws/install/ht_core/share/ht_core/package.bash'
[5.393s] INFO:colcon.colcon_core.shell:Creating package script '/home/user/high_tide_ws/install/ht_core/share/ht_core/package.zsh'
[5.394s] Level 1:colcon.colcon_core.environment:create_file_with_runtime_dependencies(/home/user/high_tide_ws/install/ht_core/share/colcon-core/packages/ht_core)
[5.398s] Level 1:colcon.colcon_core.environment:checking '/home/user/high_tide_ws/install/my_gyro_pkg' for CMake module files
[5.401s] DEBUG:colcon.colcon_core.event_handler.log_command:Invoked command in '/home/user/high_tide_ws/src/my_gyro_pkg' returned '0': PYTHONPATH=/home/user/high_tide_ws/build/my_gyro_pkg/prefix_override:/usr/lib/python3/dist-packages/colcon_core/task/python/colcon_distutils_commands:/home/user/high_tide_ws/install/my_gyro_pkg/lib/python3.10/site-packages:${PYTHONPATH} /usr/bin/python3 -W ignore:setup.py install is deprecated -W ignore:easy_install command is deprecated setup.py egg_info --egg-base ../../build/my_gyro_pkg build --build-base /home/user/high_tide_ws/build/my_gyro_pkg/build install --record /home/user/high_tide_ws/build/my_gyro_pkg/install.log --single-version-externally-managed install_data
[5.401s] Level 1:colcon.colcon_core.environment:checking '/home/user/high_tide_ws/install/my_gyro_pkg' for CMake config files
[5.404s] Level 1:colcon.colcon_core.environment:checking '/home/user/high_tide_ws/install/my_gyro_pkg/lib'
[5.404s] Level 1:colcon.colcon_core.environment:checking '/home/user/high_tide_ws/install/my_gyro_pkg/bin'
[5.404s] Level 1:colcon.colcon_core.environment:checking '/home/user/high_tide_ws/install/my_gyro_pkg/lib/pkgconfig/my_gyro_pkg.pc'
[5.405s] Level 1:colcon.colcon_core.environment:checking '/home/user/high_tide_ws/install/my_gyro_pkg/lib/python3.10/site-packages'
[5.405s] Level 1:colcon.colcon_core.shell:create_environment_hook('my_gyro_pkg', 'pythonpath')
[5.406s] INFO:colcon.colcon_core.shell:Creating environment hook '/home/user/high_tide_ws/install/my_gyro_pkg/share/my_gyro_pkg/hook/pythonpath.ps1'
[5.408s] INFO:colcon.colcon_core.shell:Creating environment descriptor '/home/user/high_tide_ws/install/my_gyro_pkg/share/my_gyro_pkg/hook/pythonpath.dsv'
[5.409s] INFO:colcon.colcon_core.shell:Creating environment hook '/home/user/high_tide_ws/install/my_gyro_pkg/share/my_gyro_pkg/hook/pythonpath.sh'
[5.412s] Level 1:colcon.colcon_core.environment:checking '/home/user/high_tide_ws/install/my_gyro_pkg/bin'
[5.412s] Level 1:colcon.colcon_core.environment:create_environment_scripts_only(my_gyro_pkg)
[5.413s] INFO:colcon.colcon_core.shell:Creating package script '/home/user/high_tide_ws/install/my_gyro_pkg/share/my_gyro_pkg/package.ps1'
[5.415s] INFO:colcon.colcon_core.shell:Creating package descriptor '/home/user/high_tide_ws/install/my_gyro_pkg/share/my_gyro_pkg/package.dsv'
[5.417s] INFO:colcon.colcon_core.shell:Creating package script '/home/user/high_tide_ws/install/my_gyro_pkg/share/my_gyro_pkg/package.sh'
[5.418s] INFO:colcon.colcon_core.shell:Creating package script '/home/user/high_tide_ws/install/my_gyro_pkg/share/my_gyro_pkg/package.bash'
[5.420s] INFO:colcon.colcon_core.shell:Creating package script '/home/user/high_tide_ws/install/my_gyro_pkg/share/my_gyro_pkg/package.zsh'
[5.421s] Level 1:colcon.colcon_core.environment:create_file_with_runtime_dependencies(/home/user/high_tide_ws/install/my_gyro_pkg/share/colcon-core/packages/my_gyro_pkg)
[5.422s] DEBUG:colcon.colcon_parallel_executor.executor.parallel:closing loop
[5.423s] DEBUG:colcon.colcon_parallel_executor.executor.parallel:loop closed
[5.423s] DEBUG:colcon.colcon_parallel_executor.executor.parallel:run_until_complete finished with '0'
[5.424s] DEBUG:colcon.colcon_core.event_reactor:joining thread
[5.441s] INFO:colcon.colcon_core.plugin_system:Skipping extension 'colcon_notification.desktop_notification.terminal_notifier': Not used on non-Darwin systems
[5.442s] INFO:colcon.colcon_core.plugin_system:Skipping extension 'colcon_notification.desktop_notification.win32': Not used on non-Windows systems
[5.442s] INFO:colcon.colcon_notification.desktop_notification:Sending desktop notification using 'notify2'
[5.498s] DEBUG:colcon.colcon_core.event_reactor:joined thread
[5.499s] INFO:colcon.colcon_core.shell:Creating prefix script '/home/user/high_tide_ws/install/local_setup.ps1'
[5.503s] INFO:colcon.colcon_core.shell:Creating prefix util module '/home/user/high_tide_ws/install/_local_setup_util_ps1.py'
[5.509s] INFO:colcon.colcon_core.shell:Creating prefix chain script '/home/user/high_tide_ws/install/setup.ps1'
[5.512s] INFO:colcon.colcon_core.shell:Creating prefix script '/home/user/high_tide_ws/install/local_setup.sh'
[5.514s] INFO:colcon.colcon_core.shell:Creating prefix util module '/home/user/high_tide_ws/install/_local_setup_util_sh.py'
[5.516s] INFO:colcon.colcon_core.shell:Creating prefix chain script '/home/user/high_tide_ws/install/setup.sh'
[5.520s] INFO:colcon.colcon_core.shell:Creating prefix script '/home/user/high_tide_ws/install/local_setup.bash'
[5.522s] INFO:colcon.colcon_core.shell:Creating prefix chain script '/home/user/high_tide_ws/install/setup.bash'
[5.525s] INFO:colcon.colcon_core.shell:Creating prefix script '/home/user/high_tide_ws/install/local_setup.zsh'
[5.527s] INFO:colcon.colcon_core.shell:Creating prefix chain script '/home/user/high_tide_ws/install/setup.zsh'
