[0.865s] Invoking command in '/home/user/high_tide_ws/build/ht_messages': CMAKE_PREFIX_PATH=${CMAKE_PREFIX_PATH}:/home/user/high_tide_ws/install/my_gyro_pkg:/home/user/high_tide_ws/install/ht_core:/home/user/install/my_gyro_pkg:/home/user/install/ht_core:/opt/ros/humble /usr/bin/cmake --build /home/user/high_tide_ws/build/ht_messages -- -j4 -l4
[1.010s] [  3%] Built target ht_messages__cpp
[1.028s] [ 12%] Built target ht_messages__rosidl_generator_c
[1.114s] [ 12%] Built target ament_cmake_python_copy_ht_messages
[1.120s] [ 22%] Built target ht_messages__rosidl_typesupport_cpp
[1.140s] [ 32%] Built target ht_messages__rosidl_typesupport_introspection_cpp
[1.204s] [ 41%] Built target ht_messages__rosidl_typesupport_fastrtps_cpp
[1.220s] [ 51%] Built target ht_messages__rosidl_typesupport_fastrtps_c
[1.228s] [ 61%] Built target ht_messages__rosidl_typesupport_introspection_c
[1.250s] [ 70%] Built target ht_messages__rosidl_typesupport_c
[1.314s] [ 70%] Built target ht_messages
[1.375s] [ 74%] Built target ht_messages__py
[1.468s] [ 80%] Built target ht_messages__rosidl_generator_py
[1.543s] [ 87%] Built target ht_messages__rosidl_typesupport_c__pyext
[1.584s] [ 93%] Built target ht_messages__rosidl_typesupport_fastrtps_c__pyext
[1.597s] [100%] Built target ht_messages__rosidl_typesupport_introspection_c__pyext
[2.121s] running egg_info
[2.144s] writing ht_messages.egg-info/PKG-INFO
[2.153s] writing dependency_links to ht_messages.egg-info/dependency_links.txt
[2.154s] writing top-level names to ht_messages.egg-info/top_level.txt
[2.167s] reading manifest file 'ht_messages.egg-info/SOURCES.txt'
[2.173s] writing manifest file 'ht_messages.egg-info/SOURCES.txt'
[2.343s] [100%] Built target ament_cmake_python_build_ht_messages_egg
[2.384s] Invoked command in '/home/user/high_tide_ws/build/ht_messages' returned '0': CMAKE_PREFIX_PATH=${CMAKE_PREFIX_PATH}:/home/user/high_tide_ws/install/my_gyro_pkg:/home/user/high_tide_ws/install/ht_core:/home/user/install/my_gyro_pkg:/home/user/install/ht_core:/opt/ros/humble /usr/bin/cmake --build /home/user/high_tide_ws/build/ht_messages -- -j4 -l4
[2.412s] Invoking command in '/home/user/high_tide_ws/build/ht_messages': CMAKE_PREFIX_PATH=${CMAKE_PREFIX_PATH}:/home/user/high_tide_ws/install/my_gyro_pkg:/home/user/high_tide_ws/install/ht_core:/home/user/install/my_gyro_pkg:/home/user/install/ht_core:/opt/ros/humble /usr/bin/cmake --install /home/user/high_tide_ws/build/ht_messages
[2.436s] -- Install configuration: ""
[2.438s] -- Up-to-date: /home/user/high_tide_ws/install/ht_messages/share/ament_index/resource_index/rosidl_interfaces/ht_messages
[2.439s] -- Up-to-date: /home/user/high_tide_ws/install/ht_messages/include/ht_messages/ht_messages
[2.441s] -- Up-to-date: /home/user/high_tide_ws/install/ht_messages/include/ht_messages/ht_messages/msg
[2.442s] -- Up-to-date: /home/user/high_tide_ws/install/ht_messages/include/ht_messages/ht_messages/msg/rosidl_generator_c__visibility_control.h
[2.443s] -- Up-to-date: /home/user/high_tide_ws/install/ht_messages/include/ht_messages/ht_messages/msg/detail
[2.444s] -- Up-to-date: /home/user/high_tide_ws/install/ht_messages/include/ht_messages/ht_messages/msg/detail/example__functions.h
[2.445s] -- Up-to-date: /home/user/high_tide_ws/install/ht_messages/include/ht_messages/ht_messages/msg/detail/example__struct.h
[2.447s] -- Up-to-date: /home/user/high_tide_ws/install/ht_messages/include/ht_messages/ht_messages/msg/detail/example__functions.c
[2.448s] -- Up-to-date: /home/user/high_tide_ws/install/ht_messages/include/ht_messages/ht_messages/msg/detail/example__type_support.h
[2.448s] -- Up-to-date: /home/user/high_tide_ws/install/ht_messages/include/ht_messages/ht_messages/msg/example.h
[2.449s] -- Up-to-date: /home/user/high_tide_ws/install/ht_messages/share/ht_messages/environment/library_path.sh
[2.450s] -- Up-to-date: /home/user/high_tide_ws/install/ht_messages/share/ht_messages/environment/library_path.dsv
[2.451s] -- Up-to-date: /home/user/high_tide_ws/install/ht_messages/lib/libht_messages__rosidl_generator_c.so
[2.453s] -- Up-to-date: /home/user/high_tide_ws/install/ht_messages/include/ht_messages/ht_messages
[2.453s] -- Up-to-date: /home/user/high_tide_ws/install/ht_messages/include/ht_messages/ht_messages/msg
[2.455s] -- Up-to-date: /home/user/high_tide_ws/install/ht_messages/include/ht_messages/ht_messages/msg/rosidl_typesupport_fastrtps_c__visibility_control.h
[2.455s] -- Up-to-date: /home/user/high_tide_ws/install/ht_messages/include/ht_messages/ht_messages/msg/detail
[2.455s] -- Up-to-date: /home/user/high_tide_ws/install/ht_messages/include/ht_messages/ht_messages/msg/detail/example__rosidl_typesupport_fastrtps_c.h
[2.456s] -- Up-to-date: /home/user/high_tide_ws/install/ht_messages/lib/libht_messages__rosidl_typesupport_fastrtps_c.so
[2.460s] -- Up-to-date: /home/user/high_tide_ws/install/ht_messages/include/ht_messages/ht_messages
[2.460s] -- Up-to-date: /home/user/high_tide_ws/install/ht_messages/include/ht_messages/ht_messages/msg
[2.460s] -- Up-to-date: /home/user/high_tide_ws/install/ht_messages/include/ht_messages/ht_messages/msg/detail
[2.461s] -- Up-to-date: /home/user/high_tide_ws/install/ht_messages/include/ht_messages/ht_messages/msg/detail/example__rosidl_typesupport_introspection_c.h
[2.461s] -- Up-to-date: /home/user/high_tide_ws/install/ht_messages/include/ht_messages/ht_messages/msg/detail/example__type_support.c
[2.466s] -- Up-to-date: /home/user/high_tide_ws/install/ht_messages/include/ht_messages/ht_messages/msg/rosidl_typesupport_introspection_c__visibility_control.h
[2.467s] -- Up-to-date: /home/user/high_tide_ws/install/ht_messages/lib/libht_messages__rosidl_typesupport_introspection_c.so
[2.470s] -- Up-to-date: /home/user/high_tide_ws/install/ht_messages/lib/libht_messages__rosidl_typesupport_c.so
[2.470s] -- Up-to-date: /home/user/high_tide_ws/install/ht_messages/include/ht_messages/ht_messages
[2.471s] -- Up-to-date: /home/user/high_tide_ws/install/ht_messages/include/ht_messages/ht_messages/msg
[2.471s] -- Up-to-date: /home/user/high_tide_ws/install/ht_messages/include/ht_messages/ht_messages/msg/rosidl_generator_cpp__visibility_control.hpp
[2.471s] -- Up-to-date: /home/user/high_tide_ws/install/ht_messages/include/ht_messages/ht_messages/msg/example.hpp
[2.471s] -- Up-to-date: /home/user/high_tide_ws/install/ht_messages/include/ht_messages/ht_messages/msg/detail
[2.472s] -- Up-to-date: /home/user/high_tide_ws/install/ht_messages/include/ht_messages/ht_messages/msg/detail/example__struct.hpp
[2.472s] -- Up-to-date: /home/user/high_tide_ws/install/ht_messages/include/ht_messages/ht_messages/msg/detail/example__builder.hpp
[2.473s] -- Up-to-date: /home/user/high_tide_ws/install/ht_messages/include/ht_messages/ht_messages/msg/detail/example__traits.hpp
[2.474s] -- Up-to-date: /home/user/high_tide_ws/install/ht_messages/include/ht_messages/ht_messages/msg/detail/example__type_support.hpp
[2.474s] -- Up-to-date: /home/user/high_tide_ws/install/ht_messages/include/ht_messages/ht_messages
[2.474s] -- Up-to-date: /home/user/high_tide_ws/install/ht_messages/include/ht_messages/ht_messages/msg
[2.475s] -- Up-to-date: /home/user/high_tide_ws/install/ht_messages/include/ht_messages/ht_messages/msg/rosidl_typesupport_fastrtps_cpp__visibility_control.h
[2.475s] -- Up-to-date: /home/user/high_tide_ws/install/ht_messages/include/ht_messages/ht_messages/msg/detail
[2.475s] -- Up-to-date: /home/user/high_tide_ws/install/ht_messages/include/ht_messages/ht_messages/msg/detail/example__rosidl_typesupport_fastrtps_cpp.hpp
[2.475s] -- Up-to-date: /home/user/high_tide_ws/install/ht_messages/include/ht_messages/ht_messages/msg/detail/dds_fastrtps
[2.475s] -- Up-to-date: /home/user/high_tide_ws/install/ht_messages/lib/libht_messages__rosidl_typesupport_fastrtps_cpp.so
[2.476s] -- Up-to-date: /home/user/high_tide_ws/install/ht_messages/include/ht_messages/ht_messages
[2.476s] -- Up-to-date: /home/user/high_tide_ws/install/ht_messages/include/ht_messages/ht_messages/msg
[2.476s] -- Up-to-date: /home/user/high_tide_ws/install/ht_messages/include/ht_messages/ht_messages/msg/detail
[2.476s] -- Up-to-date: /home/user/high_tide_ws/install/ht_messages/include/ht_messages/ht_messages/msg/detail/example__type_support.cpp
[2.476s] -- Up-to-date: /home/user/high_tide_ws/install/ht_messages/include/ht_messages/ht_messages/msg/detail/example__rosidl_typesupport_introspection_cpp.hpp
[2.479s] -- Up-to-date: /home/user/high_tide_ws/install/ht_messages/lib/libht_messages__rosidl_typesupport_introspection_cpp.so
[2.482s] -- Up-to-date: /home/user/high_tide_ws/install/ht_messages/lib/libht_messages__rosidl_typesupport_cpp.so
[2.484s] -- Up-to-date: /home/user/high_tide_ws/install/ht_messages/share/ht_messages/environment/pythonpath.sh
[2.484s] -- Up-to-date: /home/user/high_tide_ws/install/ht_messages/share/ht_messages/environment/pythonpath.dsv
[2.484s] -- Up-to-date: /home/user/high_tide_ws/install/ht_messages/local/lib/python3.10/dist-packages/ht_messages-0.0.0-py3.10.egg-info
[2.485s] -- Installing: /home/user/high_tide_ws/install/ht_messages/local/lib/python3.10/dist-packages/ht_messages-0.0.0-py3.10.egg-info/PKG-INFO
[2.485s] -- Installing: /home/user/high_tide_ws/install/ht_messages/local/lib/python3.10/dist-packages/ht_messages-0.0.0-py3.10.egg-info/dependency_links.txt
[2.485s] -- Installing: /home/user/high_tide_ws/install/ht_messages/local/lib/python3.10/dist-packages/ht_messages-0.0.0-py3.10.egg-info/SOURCES.txt
[2.485s] -- Installing: /home/user/high_tide_ws/install/ht_messages/local/lib/python3.10/dist-packages/ht_messages-0.0.0-py3.10.egg-info/top_level.txt
[2.485s] -- Up-to-date: /home/user/high_tide_ws/install/ht_messages/local/lib/python3.10/dist-packages/ht_messages
[2.486s] -- Up-to-date: /home/user/high_tide_ws/install/ht_messages/local/lib/python3.10/dist-packages/ht_messages/msg
[2.498s] -- Up-to-date: /home/user/high_tide_ws/install/ht_messages/local/lib/python3.10/dist-packages/ht_messages/msg/__init__.py
[2.502s] -- Up-to-date: /home/user/high_tide_ws/install/ht_messages/local/lib/python3.10/dist-packages/ht_messages/msg/_example.py
[2.502s] -- Up-to-date: /home/user/high_tide_ws/install/ht_messages/local/lib/python3.10/dist-packages/ht_messages/msg/_example_s.c
[2.502s] -- Up-to-date: /home/user/high_tide_ws/install/ht_messages/local/lib/python3.10/dist-packages/ht_messages/libht_messages__rosidl_generator_py.so
[2.502s] -- Up-to-date: /home/user/high_tide_ws/install/ht_messages/local/lib/python3.10/dist-packages/ht_messages/ht_messages_s__rosidl_typesupport_introspection_c.cpython-310-aarch64-linux-gnu.so
[2.502s] -- Up-to-date: /home/user/high_tide_ws/install/ht_messages/local/lib/python3.10/dist-packages/ht_messages/_ht_messages_s.ep.rosidl_typesupport_fastrtps_c.c
[2.503s] -- Up-to-date: /home/user/high_tide_ws/install/ht_messages/local/lib/python3.10/dist-packages/ht_messages/_ht_messages_s.ep.rosidl_typesupport_c.c
[2.503s] -- Up-to-date: /home/user/high_tide_ws/install/ht_messages/local/lib/python3.10/dist-packages/ht_messages/ht_messages_s__rosidl_typesupport_fastrtps_c.cpython-310-aarch64-linux-gnu.so
[2.503s] -- Up-to-date: /home/user/high_tide_ws/install/ht_messages/local/lib/python3.10/dist-packages/ht_messages/__init__.py
[2.503s] -- Up-to-date: /home/user/high_tide_ws/install/ht_messages/local/lib/python3.10/dist-packages/ht_messages/_ht_messages_s.ep.rosidl_typesupport_introspection_c.c
[2.503s] -- Up-to-date: /home/user/high_tide_ws/install/ht_messages/local/lib/python3.10/dist-packages/ht_messages/ht_messages_s__rosidl_typesupport_c.cpython-310-aarch64-linux-gnu.so
[2.610s] Listing '/home/user/high_tide_ws/install/ht_messages/local/lib/python3.10/dist-packages/ht_messages'...
[2.611s] Listing '/home/user/high_tide_ws/install/ht_messages/local/lib/python3.10/dist-packages/ht_messages/msg'...
[2.635s] -- Up-to-date: /home/user/high_tide_ws/install/ht_messages/local/lib/python3.10/dist-packages/ht_messages/ht_messages_s__rosidl_typesupport_fastrtps_c.cpython-310-aarch64-linux-gnu.so
[2.636s] -- Up-to-date: /home/user/high_tide_ws/install/ht_messages/local/lib/python3.10/dist-packages/ht_messages/ht_messages_s__rosidl_typesupport_introspection_c.cpython-310-aarch64-linux-gnu.so
[2.636s] -- Up-to-date: /home/user/high_tide_ws/install/ht_messages/local/lib/python3.10/dist-packages/ht_messages/ht_messages_s__rosidl_typesupport_c.cpython-310-aarch64-linux-gnu.so
[2.636s] -- Up-to-date: /home/user/high_tide_ws/install/ht_messages/lib/libht_messages__rosidl_generator_py.so
[2.640s] -- Up-to-date: /home/user/high_tide_ws/install/ht_messages/share/ht_messages/msg/Example.idl
[2.640s] -- Up-to-date: /home/user/high_tide_ws/install/ht_messages/share/ht_messages/msg/Example.msg
[2.641s] -- Up-to-date: /home/user/high_tide_ws/install/ht_messages/share/ament_index/resource_index/package_run_dependencies/ht_messages
[2.641s] -- Up-to-date: /home/user/high_tide_ws/install/ht_messages/share/ament_index/resource_index/parent_prefix_path/ht_messages
[2.641s] -- Up-to-date: /home/user/high_tide_ws/install/ht_messages/share/ht_messages/environment/ament_prefix_path.sh
[2.641s] -- Up-to-date: /home/user/high_tide_ws/install/ht_messages/share/ht_messages/environment/ament_prefix_path.dsv
[2.642s] -- Up-to-date: /home/user/high_tide_ws/install/ht_messages/share/ht_messages/environment/path.sh
[2.642s] -- Up-to-date: /home/user/high_tide_ws/install/ht_messages/share/ht_messages/environment/path.dsv
[2.642s] -- Up-to-date: /home/user/high_tide_ws/install/ht_messages/share/ht_messages/local_setup.bash
[2.642s] -- Up-to-date: /home/user/high_tide_ws/install/ht_messages/share/ht_messages/local_setup.sh
[2.643s] -- Up-to-date: /home/user/high_tide_ws/install/ht_messages/share/ht_messages/local_setup.zsh
[2.643s] -- Up-to-date: /home/user/high_tide_ws/install/ht_messages/share/ht_messages/local_setup.dsv
[2.646s] -- Installing: /home/user/high_tide_ws/install/ht_messages/share/ht_messages/package.dsv
[2.647s] -- Up-to-date: /home/user/high_tide_ws/install/ht_messages/share/ament_index/resource_index/packages/ht_messages
[2.647s] -- Up-to-date: /home/user/high_tide_ws/install/ht_messages/share/ht_messages/cmake/export_ht_messages__rosidl_generator_cExport.cmake
[2.648s] -- Up-to-date: /home/user/high_tide_ws/install/ht_messages/share/ht_messages/cmake/export_ht_messages__rosidl_generator_cExport-noconfig.cmake
[2.648s] -- Up-to-date: /home/user/high_tide_ws/install/ht_messages/share/ht_messages/cmake/export_ht_messages__rosidl_typesupport_fastrtps_cExport.cmake
[2.648s] -- Up-to-date: /home/user/high_tide_ws/install/ht_messages/share/ht_messages/cmake/export_ht_messages__rosidl_typesupport_fastrtps_cExport-noconfig.cmake
[2.654s] -- Up-to-date: /home/user/high_tide_ws/install/ht_messages/share/ht_messages/cmake/ht_messages__rosidl_typesupport_introspection_cExport.cmake
[2.655s] -- Up-to-date: /home/user/high_tide_ws/install/ht_messages/share/ht_messages/cmake/ht_messages__rosidl_typesupport_introspection_cExport-noconfig.cmake
[2.655s] -- Up-to-date: /home/user/high_tide_ws/install/ht_messages/share/ht_messages/cmake/ht_messages__rosidl_typesupport_cExport.cmake
[2.655s] -- Up-to-date: /home/user/high_tide_ws/install/ht_messages/share/ht_messages/cmake/ht_messages__rosidl_typesupport_cExport-noconfig.cmake
[2.656s] -- Up-to-date: /home/user/high_tide_ws/install/ht_messages/share/ht_messages/cmake/export_ht_messages__rosidl_generator_cppExport.cmake
[2.656s] -- Up-to-date: /home/user/high_tide_ws/install/ht_messages/share/ht_messages/cmake/export_ht_messages__rosidl_typesupport_fastrtps_cppExport.cmake
[2.657s] -- Up-to-date: /home/user/high_tide_ws/install/ht_messages/share/ht_messages/cmake/export_ht_messages__rosidl_typesupport_fastrtps_cppExport-noconfig.cmake
[2.661s] -- Up-to-date: /home/user/high_tide_ws/install/ht_messages/share/ht_messages/cmake/ht_messages__rosidl_typesupport_introspection_cppExport.cmake
[2.661s] -- Up-to-date: /home/user/high_tide_ws/install/ht_messages/share/ht_messages/cmake/ht_messages__rosidl_typesupport_introspection_cppExport-noconfig.cmake
[2.662s] -- Up-to-date: /home/user/high_tide_ws/install/ht_messages/share/ht_messages/cmake/ht_messages__rosidl_typesupport_cppExport.cmake
[2.662s] -- Up-to-date: /home/user/high_tide_ws/install/ht_messages/share/ht_messages/cmake/ht_messages__rosidl_typesupport_cppExport-noconfig.cmake
[2.662s] -- Up-to-date: /home/user/high_tide_ws/install/ht_messages/share/ht_messages/cmake/export_ht_messages__rosidl_generator_pyExport.cmake
[2.663s] -- Up-to-date: /home/user/high_tide_ws/install/ht_messages/share/ht_messages/cmake/export_ht_messages__rosidl_generator_pyExport-noconfig.cmake
[2.663s] -- Up-to-date: /home/user/high_tide_ws/install/ht_messages/share/ht_messages/cmake/rosidl_cmake-extras.cmake
[2.664s] -- Up-to-date: /home/user/high_tide_ws/install/ht_messages/share/ht_messages/cmake/ament_cmake_export_dependencies-extras.cmake
[2.665s] -- Up-to-date: /home/user/high_tide_ws/install/ht_messages/share/ht_messages/cmake/ament_cmake_export_include_directories-extras.cmake
[2.665s] -- Up-to-date: /home/user/high_tide_ws/install/ht_messages/share/ht_messages/cmake/ament_cmake_export_libraries-extras.cmake
[2.667s] -- Up-to-date: /home/user/high_tide_ws/install/ht_messages/share/ht_messages/cmake/ament_cmake_export_targets-extras.cmake
[2.668s] -- Up-to-date: /home/user/high_tide_ws/install/ht_messages/share/ht_messages/cmake/rosidl_cmake_export_typesupport_targets-extras.cmake
[2.669s] -- Up-to-date: /home/user/high_tide_ws/install/ht_messages/share/ht_messages/cmake/rosidl_cmake_export_typesupport_libraries-extras.cmake
[2.669s] -- Up-to-date: /home/user/high_tide_ws/install/ht_messages/share/ht_messages/cmake/ht_messagesConfig.cmake
[2.670s] -- Up-to-date: /home/user/high_tide_ws/install/ht_messages/share/ht_messages/cmake/ht_messagesConfig-version.cmake
[2.671s] -- Up-to-date: /home/user/high_tide_ws/install/ht_messages/share/ht_messages/package.xml
[2.680s] Invoked command in '/home/user/high_tide_ws/build/ht_messages' returned '0': CMAKE_PREFIX_PATH=${CMAKE_PREFIX_PATH}:/home/user/high_tide_ws/install/my_gyro_pkg:/home/user/high_tide_ws/install/ht_core:/home/user/install/my_gyro_pkg:/home/user/install/ht_core:/opt/ros/humble /usr/bin/cmake --install /home/user/high_tide_ws/build/ht_messages
