[0.957s] DEBUG:colcon:Command line arguments: ['/usr/bin/colcon', 'build']
[0.962s] DEBUG:colcon:Parsed command line arguments: Namespace(log_base=None, log_level=None, verb_name='build', build_base='build', install_base='install', merge_install=False, symlink_install=False, test_result_base=None, continue_on_error=False, executor='parallel', parallel_workers=4, event_handlers=None, ignore_user_meta=False, metas=['./colcon.meta'], base_paths=['.'], packages_ignore=None, packages_ignore_regex=None, paths=None, packages_up_to=None, packages_up_to_regex=None, packages_above=None, packages_above_and_dependencies=None, packages_above_depth=None, packages_select_by_dep=None, packages_skip_by_dep=None, packages_skip_up_to=None, packages_select_build_failed=False, packages_skip_build_finished=False, packages_select_test_failures=False, packages_skip_test_passed=False, packages_select=None, packages_skip=None, packages_select_regex=None, packages_skip_regex=None, packages_start=None, packages_end=None, allow_overriding=[], cmake_args=None, cmake_target=None, cmake_target_skip_unavailable=False, cmake_clean_cache=False, cmake_clean_first=False, cmake_force_configure=False, ament_cmake_args=None, catkin_cmake_args=None, catkin_skip_building_tests=False, verb_parser=<colcon_defaults.argument_parser.defaults.DefaultArgumentsDecorator object at 0xffffaf9b41f0>, verb_extension=<colcon_core.verb.build.BuildVerb object at 0xffffafb71630>, main=<bound method BuildVerb.main of <colcon_core.verb.build.BuildVerb object at 0xffffafb71630>>)
[2.562s] Level 1:colcon.colcon_core.package_discovery:discover_packages(colcon_meta) check parameters
[2.563s] Level 1:colcon.colcon_core.package_discovery:discover_packages(recursive) check parameters
[2.564s] Level 1:colcon.colcon_core.package_discovery:discover_packages(ignore) check parameters
[2.568s] Level 1:colcon.colcon_core.package_discovery:discover_packages(path) check parameters
[2.568s] Level 1:colcon.colcon_core.package_discovery:discover_packages(colcon_meta) discover
[2.571s] Level 1:colcon.colcon_core.package_discovery:discover_packages(recursive) discover
[2.571s] INFO:colcon.colcon_core.package_discovery:Crawling recursively for packages in '/home/user/high_tide_ws'
[2.572s] Level 1:colcon.colcon_core.package_identification:_identify(.) by extensions ['ignore', 'ignore_ament_install']
[2.573s] Level 1:colcon.colcon_core.package_identification:_identify(.) by extension 'ignore'
[2.583s] Level 1:colcon.colcon_core.package_identification:_identify(.) by extension 'ignore_ament_install'
[2.588s] Level 1:colcon.colcon_core.package_identification:_identify(.) by extensions ['colcon_pkg']
[2.588s] Level 1:colcon.colcon_core.package_identification:_identify(.) by extension 'colcon_pkg'
[2.591s] Level 1:colcon.colcon_core.package_identification:_identify(.) by extensions ['colcon_meta']
[2.591s] Level 1:colcon.colcon_core.package_identification:_identify(.) by extension 'colcon_meta'
[2.592s] Level 1:colcon.colcon_core.package_identification:_identify(.) by extensions ['ros']
[2.592s] Level 1:colcon.colcon_core.package_identification:_identify(.) by extension 'ros'
[2.880s] Level 1:colcon.colcon_core.package_identification:_identify(.) by extensions ['cmake', 'python']
[2.881s] Level 1:colcon.colcon_core.package_identification:_identify(.) by extension 'cmake'
[2.881s] Level 1:colcon.colcon_core.package_identification:_identify(.) by extension 'python'
[2.881s] Level 1:colcon.colcon_core.package_identification:_identify(.) by extensions ['python_setup_py']
[2.881s] Level 1:colcon.colcon_core.package_identification:_identify(.) by extension 'python_setup_py'
[2.891s] Level 1:colcon.colcon_core.package_identification:_identify(build) by extensions ['ignore', 'ignore_ament_install']
[2.901s] Level 1:colcon.colcon_core.package_identification:_identify(build) by extension 'ignore'
[2.901s] Level 1:colcon.colcon_core.package_identification:_identify(build) ignored
[2.910s] Level 1:colcon.colcon_core.package_identification:_identify(install) by extensions ['ignore', 'ignore_ament_install']
[2.911s] Level 1:colcon.colcon_core.package_identification:_identify(install) by extension 'ignore'
[2.911s] Level 1:colcon.colcon_core.package_identification:_identify(install) ignored
[2.911s] Level 1:colcon.colcon_core.package_identification:_identify(log) by extensions ['ignore', 'ignore_ament_install']
[2.917s] Level 1:colcon.colcon_core.package_identification:_identify(log) by extension 'ignore'
[2.940s] Level 1:colcon.colcon_core.package_identification:_identify(log) ignored
[2.941s] Level 1:colcon.colcon_core.package_identification:_identify(src) by extensions ['ignore', 'ignore_ament_install']
[2.941s] Level 1:colcon.colcon_core.package_identification:_identify(src) by extension 'ignore'
[2.941s] Level 1:colcon.colcon_core.package_identification:_identify(src) by extension 'ignore_ament_install'
[2.942s] Level 1:colcon.colcon_core.package_identification:_identify(src) by extensions ['colcon_pkg']
[2.942s] Level 1:colcon.colcon_core.package_identification:_identify(src) by extension 'colcon_pkg'
[2.942s] Level 1:colcon.colcon_core.package_identification:_identify(src) by extensions ['colcon_meta']
[2.947s] Level 1:colcon.colcon_core.package_identification:_identify(src) by extension 'colcon_meta'
[2.948s] Level 1:colcon.colcon_core.package_identification:_identify(src) by extensions ['ros']
[2.948s] Level 1:colcon.colcon_core.package_identification:_identify(src) by extension 'ros'
[2.948s] Level 1:colcon.colcon_core.package_identification:_identify(src) by extensions ['cmake', 'python']
[2.948s] Level 1:colcon.colcon_core.package_identification:_identify(src) by extension 'cmake'
[2.948s] Level 1:colcon.colcon_core.package_identification:_identify(src) by extension 'python'
[2.949s] Level 1:colcon.colcon_core.package_identification:_identify(src) by extensions ['python_setup_py']
[2.949s] Level 1:colcon.colcon_core.package_identification:_identify(src) by extension 'python_setup_py'
[2.949s] Level 1:colcon.colcon_core.package_identification:_identify(src/build) by extensions ['ignore', 'ignore_ament_install']
[2.950s] Level 1:colcon.colcon_core.package_identification:_identify(src/build) by extension 'ignore'
[2.950s] Level 1:colcon.colcon_core.package_identification:_identify(src/build) ignored
[2.950s] Level 1:colcon.colcon_core.package_identification:_identify(src/ht_core) by extensions ['ignore', 'ignore_ament_install']
[2.950s] Level 1:colcon.colcon_core.package_identification:_identify(src/ht_core) by extension 'ignore'
[2.951s] Level 1:colcon.colcon_core.package_identification:_identify(src/ht_core) by extension 'ignore_ament_install'
[2.951s] Level 1:colcon.colcon_core.package_identification:_identify(src/ht_core) by extensions ['colcon_pkg']
[2.951s] Level 1:colcon.colcon_core.package_identification:_identify(src/ht_core) by extension 'colcon_pkg'
[2.951s] Level 1:colcon.colcon_core.package_identification:_identify(src/ht_core) by extensions ['colcon_meta']
[2.951s] Level 1:colcon.colcon_core.package_identification:_identify(src/ht_core) by extension 'colcon_meta'
[2.951s] Level 1:colcon.colcon_core.package_identification:_identify(src/ht_core) by extensions ['ros']
[2.951s] Level 1:colcon.colcon_core.package_identification:_identify(src/ht_core) by extension 'ros'
[3.007s] DEBUG:colcon.colcon_core.package_identification:Package 'src/ht_core' with type 'ros.ament_python' and name 'ht_core'
[3.023s] Level 1:colcon.colcon_core.package_identification:_identify(src/ht_messages) by extensions ['ignore', 'ignore_ament_install']
[3.026s] Level 1:colcon.colcon_core.package_identification:_identify(src/ht_messages) by extension 'ignore'
[3.027s] Level 1:colcon.colcon_core.package_identification:_identify(src/ht_messages) by extension 'ignore_ament_install'
[3.027s] Level 1:colcon.colcon_core.package_identification:_identify(src/ht_messages) by extensions ['colcon_pkg']
[3.027s] Level 1:colcon.colcon_core.package_identification:_identify(src/ht_messages) by extension 'colcon_pkg'
[3.027s] Level 1:colcon.colcon_core.package_identification:_identify(src/ht_messages) by extensions ['colcon_meta']
[3.036s] Level 1:colcon.colcon_core.package_identification:_identify(src/ht_messages) by extension 'colcon_meta'
[3.063s] Level 1:colcon.colcon_core.package_identification:_identify(src/ht_messages) by extensions ['ros']
[3.064s] Level 1:colcon.colcon_core.package_identification:_identify(src/ht_messages) by extension 'ros'
[3.066s] DEBUG:colcon.colcon_core.package_identification:Package 'src/ht_messages' with type 'ros.ament_cmake' and name 'ht_messages'
[3.067s] Level 1:colcon.colcon_core.package_identification:_identify(src/install) by extensions ['ignore', 'ignore_ament_install']
[3.067s] Level 1:colcon.colcon_core.package_identification:_identify(src/install) by extension 'ignore'
[3.067s] Level 1:colcon.colcon_core.package_identification:_identify(src/install) ignored
[3.068s] Level 1:colcon.colcon_core.package_identification:_identify(src/log) by extensions ['ignore', 'ignore_ament_install']
[3.073s] Level 1:colcon.colcon_core.package_identification:_identify(src/log) by extension 'ignore'
[3.073s] Level 1:colcon.colcon_core.package_identification:_identify(src/log) ignored
[3.074s] Level 1:colcon.colcon_core.package_identification:_identify(src/my_gyro_pkg) by extensions ['ignore', 'ignore_ament_install']
[3.074s] Level 1:colcon.colcon_core.package_identification:_identify(src/my_gyro_pkg) by extension 'ignore'
[3.074s] Level 1:colcon.colcon_core.package_identification:_identify(src/my_gyro_pkg) by extension 'ignore_ament_install'
[3.074s] Level 1:colcon.colcon_core.package_identification:_identify(src/my_gyro_pkg) by extensions ['colcon_pkg']
[3.075s] Level 1:colcon.colcon_core.package_identification:_identify(src/my_gyro_pkg) by extension 'colcon_pkg'
[3.075s] Level 1:colcon.colcon_core.package_identification:_identify(src/my_gyro_pkg) by extensions ['colcon_meta']
[3.075s] Level 1:colcon.colcon_core.package_identification:_identify(src/my_gyro_pkg) by extension 'colcon_meta'
[3.075s] Level 1:colcon.colcon_core.package_identification:_identify(src/my_gyro_pkg) by extensions ['ros']
[3.075s] Level 1:colcon.colcon_core.package_identification:_identify(src/my_gyro_pkg) by extension 'ros'
[3.078s] DEBUG:colcon.colcon_core.package_identification:Package 'src/my_gyro_pkg' with type 'ros.ament_python' and name 'my_gyro_pkg'
[3.079s] Level 1:colcon.colcon_core.package_discovery:discover_packages(recursive) using defaults
[3.081s] Level 1:colcon.colcon_core.package_discovery:discover_packages(ignore) discover
[3.081s] Level 1:colcon.colcon_core.package_discovery:discover_packages(ignore) using defaults
[3.081s] Level 1:colcon.colcon_core.package_discovery:discover_packages(path) discover
[3.081s] Level 1:colcon.colcon_core.package_discovery:discover_packages(path) using defaults
[3.532s] Level 1:colcon.colcon_core.package_discovery:discover_packages(prefix_path) check parameters
[3.532s] Level 1:colcon.colcon_core.package_discovery:discover_packages(prefix_path) discover
[3.554s] DEBUG:colcon.colcon_installed_package_information.package_discovery:Found 3 installed packages in /home/user/high_tide_ws/install
[3.564s] DEBUG:colcon.colcon_installed_package_information.package_discovery:Found 296 installed packages in /opt/ros/humble
[3.716s] Level 1:colcon.colcon_core.package_discovery:discover_packages(prefix_path) using defaults
[4.497s] Level 5:colcon.colcon_core.verb:set package 'ht_core' build argument 'cmake_args' from command line to 'None'
[4.497s] Level 5:colcon.colcon_core.verb:set package 'ht_core' build argument 'cmake_target' from command line to 'None'
[4.511s] Level 5:colcon.colcon_core.verb:set package 'ht_core' build argument 'cmake_target_skip_unavailable' from command line to 'False'
[4.516s] Level 5:colcon.colcon_core.verb:set package 'ht_core' build argument 'cmake_clean_cache' from command line to 'False'
[4.517s] Level 5:colcon.colcon_core.verb:set package 'ht_core' build argument 'cmake_clean_first' from command line to 'False'
[4.517s] Level 5:colcon.colcon_core.verb:set package 'ht_core' build argument 'cmake_force_configure' from command line to 'False'
[4.517s] Level 5:colcon.colcon_core.verb:set package 'ht_core' build argument 'ament_cmake_args' from command line to 'None'
[4.531s] Level 5:colcon.colcon_core.verb:set package 'ht_core' build argument 'catkin_cmake_args' from command line to 'None'
[4.536s] Level 5:colcon.colcon_core.verb:set package 'ht_core' build argument 'catkin_skip_building_tests' from command line to 'False'
[4.537s] DEBUG:colcon.colcon_core.verb:Building package 'ht_core' with the following arguments: {'ament_cmake_args': None, 'build_base': '/home/user/high_tide_ws/build/ht_core', 'catkin_cmake_args': None, 'catkin_skip_building_tests': False, 'cmake_args': None, 'cmake_clean_cache': False, 'cmake_clean_first': False, 'cmake_force_configure': False, 'cmake_target': None, 'cmake_target_skip_unavailable': False, 'install_base': '/home/user/high_tide_ws/install/ht_core', 'merge_install': False, 'path': '/home/user/high_tide_ws/src/ht_core', 'symlink_install': False, 'test_result_base': None}
[4.551s] Level 5:colcon.colcon_core.verb:set package 'ht_messages' build argument 'cmake_args' from command line to 'None'
[4.561s] Level 5:colcon.colcon_core.verb:set package 'ht_messages' build argument 'cmake_target' from command line to 'None'
[4.565s] Level 5:colcon.colcon_core.verb:set package 'ht_messages' build argument 'cmake_target_skip_unavailable' from command line to 'False'
[4.568s] Level 5:colcon.colcon_core.verb:set package 'ht_messages' build argument 'cmake_clean_cache' from command line to 'False'
[4.574s] Level 5:colcon.colcon_core.verb:set package 'ht_messages' build argument 'cmake_clean_first' from command line to 'False'
[4.577s] Level 5:colcon.colcon_core.verb:set package 'ht_messages' build argument 'cmake_force_configure' from command line to 'False'
[4.577s] Level 5:colcon.colcon_core.verb:set package 'ht_messages' build argument 'ament_cmake_args' from command line to 'None'
[4.581s] Level 5:colcon.colcon_core.verb:set package 'ht_messages' build argument 'catkin_cmake_args' from command line to 'None'
[4.581s] Level 5:colcon.colcon_core.verb:set package 'ht_messages' build argument 'catkin_skip_building_tests' from command line to 'False'
[4.585s] DEBUG:colcon.colcon_core.verb:Building package 'ht_messages' with the following arguments: {'ament_cmake_args': None, 'build_base': '/home/user/high_tide_ws/build/ht_messages', 'catkin_cmake_args': None, 'catkin_skip_building_tests': False, 'cmake_args': None, 'cmake_clean_cache': False, 'cmake_clean_first': False, 'cmake_force_configure': False, 'cmake_target': None, 'cmake_target_skip_unavailable': False, 'install_base': '/home/user/high_tide_ws/install/ht_messages', 'merge_install': False, 'path': '/home/user/high_tide_ws/src/ht_messages', 'symlink_install': False, 'test_result_base': None}
[4.588s] Level 5:colcon.colcon_core.verb:set package 'my_gyro_pkg' build argument 'cmake_args' from command line to 'None'
[4.597s] Level 5:colcon.colcon_core.verb:set package 'my_gyro_pkg' build argument 'cmake_target' from command line to 'None'
[4.601s] Level 5:colcon.colcon_core.verb:set package 'my_gyro_pkg' build argument 'cmake_target_skip_unavailable' from command line to 'False'
[4.607s] Level 5:colcon.colcon_core.verb:set package 'my_gyro_pkg' build argument 'cmake_clean_cache' from command line to 'False'
[4.607s] Level 5:colcon.colcon_core.verb:set package 'my_gyro_pkg' build argument 'cmake_clean_first' from command line to 'False'
[4.610s] Level 5:colcon.colcon_core.verb:set package 'my_gyro_pkg' build argument 'cmake_force_configure' from command line to 'False'
[4.610s] Level 5:colcon.colcon_core.verb:set package 'my_gyro_pkg' build argument 'ament_cmake_args' from command line to 'None'
[4.611s] Level 5:colcon.colcon_core.verb:set package 'my_gyro_pkg' build argument 'catkin_cmake_args' from command line to 'None'
[4.612s] Level 5:colcon.colcon_core.verb:set package 'my_gyro_pkg' build argument 'catkin_skip_building_tests' from command line to 'False'
[4.612s] DEBUG:colcon.colcon_core.verb:Building package 'my_gyro_pkg' with the following arguments: {'ament_cmake_args': None, 'build_base': '/home/user/high_tide_ws/build/my_gyro_pkg', 'catkin_cmake_args': None, 'catkin_skip_building_tests': False, 'cmake_args': None, 'cmake_clean_cache': False, 'cmake_clean_first': False, 'cmake_force_configure': False, 'cmake_target': None, 'cmake_target_skip_unavailable': False, 'install_base': '/home/user/high_tide_ws/install/my_gyro_pkg', 'merge_install': False, 'path': '/home/user/high_tide_ws/src/my_gyro_pkg', 'symlink_install': False, 'test_result_base': None}
[4.622s] INFO:colcon.colcon_core.executor:Executing jobs using 'parallel' executor
[4.629s] DEBUG:colcon.colcon_parallel_executor.executor.parallel:run_until_complete
[4.630s] INFO:colcon.colcon_ros.task.ament_python.build:Building ROS package in '/home/user/high_tide_ws/src/ht_core' with build type 'ament_python'
[4.631s] Level 1:colcon.colcon_core.shell:create_environment_hook('ht_core', 'ament_prefix_path')
[4.640s] INFO:colcon.colcon_core.plugin_system:Skipping extension 'colcon_core.shell.bat': Not used on non-Windows systems
[4.644s] INFO:colcon.colcon_core.shell:Creating environment hook '/home/user/high_tide_ws/install/ht_core/share/ht_core/hook/ament_prefix_path.ps1'
[4.650s] INFO:colcon.colcon_core.shell:Creating environment descriptor '/home/user/high_tide_ws/install/ht_core/share/ht_core/hook/ament_prefix_path.dsv'
[4.662s] INFO:colcon.colcon_core.shell:Creating environment hook '/home/user/high_tide_ws/install/ht_core/share/ht_core/hook/ament_prefix_path.sh'
[4.710s] INFO:colcon.colcon_core.shell:Skip shell extension 'powershell' for command environment: Not usable outside of PowerShell
[4.710s] DEBUG:colcon.colcon_core.shell:Skip shell extension 'dsv' for command environment
[4.744s] INFO:colcon.colcon_ros.task.ament_cmake.build:Building ROS package in '/home/user/high_tide_ws/src/ht_messages' with build type 'ament_cmake'
[4.744s] INFO:colcon.colcon_cmake.task.cmake.build:Building CMake package in '/home/user/high_tide_ws/src/ht_messages'
[4.745s] INFO:colcon.colcon_core.shell:Skip shell extension 'powershell' for command environment: Not usable outside of PowerShell
[4.745s] DEBUG:colcon.colcon_core.shell:Skip shell extension 'dsv' for command environment
[4.775s] INFO:colcon.colcon_ros.task.ament_python.build:Building ROS package in '/home/user/high_tide_ws/src/my_gyro_pkg' with build type 'ament_python'
[4.775s] Level 1:colcon.colcon_core.shell:create_environment_hook('my_gyro_pkg', 'ament_prefix_path')
[4.776s] INFO:colcon.colcon_core.shell:Creating environment hook '/home/user/high_tide_ws/install/my_gyro_pkg/share/my_gyro_pkg/hook/ament_prefix_path.ps1'
[4.791s] INFO:colcon.colcon_core.shell:Creating environment descriptor '/home/user/high_tide_ws/install/my_gyro_pkg/share/my_gyro_pkg/hook/ament_prefix_path.dsv'
[4.793s] INFO:colcon.colcon_core.shell:Creating environment hook '/home/user/high_tide_ws/install/my_gyro_pkg/share/my_gyro_pkg/hook/ament_prefix_path.sh'
[4.801s] INFO:colcon.colcon_core.shell:Skip shell extension 'powershell' for command environment: Not usable outside of PowerShell
[4.801s] DEBUG:colcon.colcon_core.shell:Skip shell extension 'dsv' for command environment
[7.491s] INFO:colcon.colcon_core.task.python.build:Building Python package in '/home/user/high_tide_ws/src/ht_core'
[7.492s] INFO:colcon.colcon_core.shell:Skip shell extension 'powershell' for command environment: Not usable outside of PowerShell
[7.493s] DEBUG:colcon.colcon_core.shell:Skip shell extension 'dsv' for command environment
[7.597s] DEBUG:colcon.colcon_core.event_handler.log_command:Invoking command in '/home/user/high_tide_ws/build/ht_messages': CMAKE_PREFIX_PATH=${CMAKE_PREFIX_PATH}:/home/user/high_tide_ws/install/my_gyro_pkg:/home/user/high_tide_ws/install/ht_core:/opt/ros/humble /usr/bin/cmake --build /home/user/high_tide_ws/build/ht_messages -- -j4 -l4
[11.563s] INFO:colcon.colcon_core.task.python.build:Building Python package in '/home/user/high_tide_ws/src/my_gyro_pkg'
[11.564s] INFO:colcon.colcon_core.shell:Skip shell extension 'powershell' for command environment: Not usable outside of PowerShell
[11.564s] DEBUG:colcon.colcon_core.shell:Skip shell extension 'dsv' for command environment
[18.114s] DEBUG:colcon.colcon_core.event_handler.log_command:Invoked command in '/home/user/high_tide_ws/build/ht_messages' returned '0': CMAKE_PREFIX_PATH=${CMAKE_PREFIX_PATH}:/home/user/high_tide_ws/install/my_gyro_pkg:/home/user/high_tide_ws/install/ht_core:/opt/ros/humble /usr/bin/cmake --build /home/user/high_tide_ws/build/ht_messages -- -j4 -l4
[18.248s] DEBUG:colcon.colcon_core.event_handler.log_command:Invoking command in '/home/user/high_tide_ws/build/ht_messages': CMAKE_PREFIX_PATH=${CMAKE_PREFIX_PATH}:/home/user/high_tide_ws/install/my_gyro_pkg:/home/user/high_tide_ws/install/ht_core:/opt/ros/humble /usr/bin/cmake --install /home/user/high_tide_ws/build/ht_messages
[18.880s] DEBUG:colcon.colcon_core.event_handler.log_command:Invoking command in '/home/user/high_tide_ws/src/ht_core': PYTHONPATH=/home/user/high_tide_ws/build/ht_core/prefix_override:/usr/lib/python3/dist-packages/colcon_core/task/python/colcon_distutils_commands:/home/user/high_tide_ws/install/ht_core/lib/python3.10/site-packages:${PYTHONPATH} /usr/bin/python3 -W ignore:setup.py install is deprecated -W ignore:easy_install command is deprecated setup.py egg_info --egg-base ../../build/ht_core build --build-base /home/user/high_tide_ws/build/ht_core/build install --record /home/user/high_tide_ws/build/ht_core/install.log --single-version-externally-managed install_data
[19.386s] Level 1:colcon.colcon_core.environment:create_environment_scripts_only(ht_messages)
[19.403s] Level 1:colcon.colcon_core.environment:checking '/home/user/high_tide_ws/install/ht_messages' for CMake module files
[19.416s] Level 1:colcon.colcon_core.environment:checking '/home/user/high_tide_ws/install/ht_messages' for CMake config files
[19.407s] DEBUG:colcon.colcon_core.event_handler.log_command:Invoked command in '/home/user/high_tide_ws/build/ht_messages' returned '0': CMAKE_PREFIX_PATH=${CMAKE_PREFIX_PATH}:/home/user/high_tide_ws/install/my_gyro_pkg:/home/user/high_tide_ws/install/ht_core:/opt/ros/humble /usr/bin/cmake --install /home/user/high_tide_ws/build/ht_messages
[19.452s] Level 1:colcon.colcon_core.shell:create_environment_hook('ht_messages', 'cmake_prefix_path')
[19.453s] INFO:colcon.colcon_core.shell:Creating environment hook '/home/user/high_tide_ws/install/ht_messages/share/ht_messages/hook/cmake_prefix_path.ps1'
[19.474s] INFO:colcon.colcon_core.shell:Creating environment descriptor '/home/user/high_tide_ws/install/ht_messages/share/ht_messages/hook/cmake_prefix_path.dsv'
[19.487s] INFO:colcon.colcon_core.shell:Creating environment hook '/home/user/high_tide_ws/install/ht_messages/share/ht_messages/hook/cmake_prefix_path.sh'
[19.519s] Level 1:colcon.colcon_core.environment:checking '/home/user/high_tide_ws/install/ht_messages/lib'
[19.529s] Level 1:colcon.colcon_core.shell:create_environment_hook('ht_messages', 'ld_library_path_lib')
[19.534s] INFO:colcon.colcon_core.shell:Creating environment hook '/home/user/high_tide_ws/install/ht_messages/share/ht_messages/hook/ld_library_path_lib.ps1'
[19.548s] INFO:colcon.colcon_core.shell:Creating environment descriptor '/home/user/high_tide_ws/install/ht_messages/share/ht_messages/hook/ld_library_path_lib.dsv'
[19.559s] INFO:colcon.colcon_core.shell:Creating environment hook '/home/user/high_tide_ws/install/ht_messages/share/ht_messages/hook/ld_library_path_lib.sh'
[19.567s] Level 1:colcon.colcon_core.environment:checking '/home/user/high_tide_ws/install/ht_messages/bin'
[19.568s] Level 1:colcon.colcon_core.environment:checking '/home/user/high_tide_ws/install/ht_messages/lib/pkgconfig/ht_messages.pc'
[19.570s] Level 1:colcon.colcon_core.environment:checking '/home/user/high_tide_ws/install/ht_messages/lib/python3.10/site-packages'
[19.572s] Level 1:colcon.colcon_core.environment:checking '/home/user/high_tide_ws/install/ht_messages/bin'
[19.574s] INFO:colcon.colcon_core.shell:Creating package script '/home/user/high_tide_ws/install/ht_messages/share/ht_messages/package.ps1'
[19.581s] INFO:colcon.colcon_core.shell:Creating package descriptor '/home/user/high_tide_ws/install/ht_messages/share/ht_messages/package.dsv'
[19.590s] INFO:colcon.colcon_core.shell:Creating package script '/home/user/high_tide_ws/install/ht_messages/share/ht_messages/package.sh'
[19.612s] INFO:colcon.colcon_core.shell:Creating package script '/home/user/high_tide_ws/install/ht_messages/share/ht_messages/package.bash'
[19.617s] INFO:colcon.colcon_core.shell:Creating package script '/home/user/high_tide_ws/install/ht_messages/share/ht_messages/package.zsh'
[19.621s] Level 1:colcon.colcon_core.environment:create_file_with_runtime_dependencies(/home/user/high_tide_ws/install/ht_messages/share/colcon-core/packages/ht_messages)
[19.625s] Level 1:colcon.colcon_core.environment:create_environment_scripts_only(ht_messages)
[19.627s] Level 1:colcon.colcon_core.environment:checking '/home/user/high_tide_ws/install/ht_messages' for CMake module files
[19.635s] Level 1:colcon.colcon_core.environment:checking '/home/user/high_tide_ws/install/ht_messages' for CMake config files
[19.640s] Level 1:colcon.colcon_core.shell:create_environment_hook('ht_messages', 'cmake_prefix_path')
[19.641s] INFO:colcon.colcon_core.shell:Creating environment hook '/home/user/high_tide_ws/install/ht_messages/share/ht_messages/hook/cmake_prefix_path.ps1'
[19.682s] INFO:colcon.colcon_core.shell:Creating environment descriptor '/home/user/high_tide_ws/install/ht_messages/share/ht_messages/hook/cmake_prefix_path.dsv'
[19.687s] INFO:colcon.colcon_core.shell:Creating environment hook '/home/user/high_tide_ws/install/ht_messages/share/ht_messages/hook/cmake_prefix_path.sh'
[19.691s] Level 1:colcon.colcon_core.environment:checking '/home/user/high_tide_ws/install/ht_messages/lib'
[19.692s] Level 1:colcon.colcon_core.shell:create_environment_hook('ht_messages', 'ld_library_path_lib')
[19.699s] INFO:colcon.colcon_core.shell:Creating environment hook '/home/user/high_tide_ws/install/ht_messages/share/ht_messages/hook/ld_library_path_lib.ps1'
[19.717s] INFO:colcon.colcon_core.shell:Creating environment descriptor '/home/user/high_tide_ws/install/ht_messages/share/ht_messages/hook/ld_library_path_lib.dsv'
[19.719s] INFO:colcon.colcon_core.shell:Creating environment hook '/home/user/high_tide_ws/install/ht_messages/share/ht_messages/hook/ld_library_path_lib.sh'
[19.741s] Level 1:colcon.colcon_core.environment:checking '/home/user/high_tide_ws/install/ht_messages/bin'
[19.744s] Level 1:colcon.colcon_core.environment:checking '/home/user/high_tide_ws/install/ht_messages/lib/pkgconfig/ht_messages.pc'
[19.749s] Level 1:colcon.colcon_core.environment:checking '/home/user/high_tide_ws/install/ht_messages/lib/python3.10/site-packages'
[19.752s] Level 1:colcon.colcon_core.environment:checking '/home/user/high_tide_ws/install/ht_messages/bin'
[19.753s] INFO:colcon.colcon_core.shell:Creating package script '/home/user/high_tide_ws/install/ht_messages/share/ht_messages/package.ps1'
[19.756s] INFO:colcon.colcon_core.shell:Creating package descriptor '/home/user/high_tide_ws/install/ht_messages/share/ht_messages/package.dsv'
[19.765s] INFO:colcon.colcon_core.shell:Creating package script '/home/user/high_tide_ws/install/ht_messages/share/ht_messages/package.sh'
[19.768s] INFO:colcon.colcon_core.shell:Creating package script '/home/user/high_tide_ws/install/ht_messages/share/ht_messages/package.bash'
[19.770s] INFO:colcon.colcon_core.shell:Creating package script '/home/user/high_tide_ws/install/ht_messages/share/ht_messages/package.zsh'
[19.773s] Level 1:colcon.colcon_core.environment:create_file_with_runtime_dependencies(/home/user/high_tide_ws/install/ht_messages/share/colcon-core/packages/ht_messages)
[20.313s] DEBUG:colcon.colcon_core.event_handler.log_command:Invoking command in '/home/user/high_tide_ws/src/my_gyro_pkg': PYTHONPATH=/home/user/high_tide_ws/build/my_gyro_pkg/prefix_override:/usr/lib/python3/dist-packages/colcon_core/task/python/colcon_distutils_commands:/home/user/high_tide_ws/install/my_gyro_pkg/lib/python3.10/site-packages:${PYTHONPATH} /usr/bin/python3 -W ignore:setup.py install is deprecated -W ignore:easy_install command is deprecated setup.py egg_info --egg-base ../../build/my_gyro_pkg build --build-base /home/user/high_tide_ws/build/my_gyro_pkg/build install --record /home/user/high_tide_ws/build/my_gyro_pkg/install.log --single-version-externally-managed install_data
[24.601s] Level 1:colcon.colcon_core.environment:checking '/home/user/high_tide_ws/install/ht_core' for CMake module files
[24.603s] Level 1:colcon.colcon_core.environment:checking '/home/user/high_tide_ws/install/ht_core' for CMake config files
[24.604s] DEBUG:colcon.colcon_core.event_handler.log_command:Invoked command in '/home/user/high_tide_ws/src/ht_core' returned '0': PYTHONPATH=/home/user/high_tide_ws/build/ht_core/prefix_override:/usr/lib/python3/dist-packages/colcon_core/task/python/colcon_distutils_commands:/home/user/high_tide_ws/install/ht_core/lib/python3.10/site-packages:${PYTHONPATH} /usr/bin/python3 -W ignore:setup.py install is deprecated -W ignore:easy_install command is deprecated setup.py egg_info --egg-base ../../build/ht_core build --build-base /home/user/high_tide_ws/build/ht_core/build install --record /home/user/high_tide_ws/build/ht_core/install.log --single-version-externally-managed install_data
[24.608s] Level 1:colcon.colcon_core.environment:checking '/home/user/high_tide_ws/install/ht_core/lib'
[24.608s] Level 1:colcon.colcon_core.environment:checking '/home/user/high_tide_ws/install/ht_core/bin'
[24.609s] Level 1:colcon.colcon_core.environment:checking '/home/user/high_tide_ws/install/ht_core/lib/pkgconfig/ht_core.pc'
[24.609s] Level 1:colcon.colcon_core.environment:checking '/home/user/high_tide_ws/install/ht_core/lib/python3.10/site-packages'
[24.610s] Level 1:colcon.colcon_core.shell:create_environment_hook('ht_core', 'pythonpath')
[24.610s] INFO:colcon.colcon_core.shell:Creating environment hook '/home/user/high_tide_ws/install/ht_core/share/ht_core/hook/pythonpath.ps1'
[24.639s] INFO:colcon.colcon_core.shell:Creating environment descriptor '/home/user/high_tide_ws/install/ht_core/share/ht_core/hook/pythonpath.dsv'
[24.645s] INFO:colcon.colcon_core.shell:Creating environment hook '/home/user/high_tide_ws/install/ht_core/share/ht_core/hook/pythonpath.sh'
[24.676s] Level 1:colcon.colcon_core.environment:checking '/home/user/high_tide_ws/install/ht_core/bin'
[24.676s] Level 1:colcon.colcon_core.environment:create_environment_scripts_only(ht_core)
[24.678s] INFO:colcon.colcon_core.shell:Creating package script '/home/user/high_tide_ws/install/ht_core/share/ht_core/package.ps1'
[24.717s] INFO:colcon.colcon_core.shell:Creating package descriptor '/home/user/high_tide_ws/install/ht_core/share/ht_core/package.dsv'
[24.730s] INFO:colcon.colcon_core.shell:Creating package script '/home/user/high_tide_ws/install/ht_core/share/ht_core/package.sh'
[24.770s] INFO:colcon.colcon_core.shell:Creating package script '/home/user/high_tide_ws/install/ht_core/share/ht_core/package.bash'
[24.772s] INFO:colcon.colcon_core.shell:Creating package script '/home/user/high_tide_ws/install/ht_core/share/ht_core/package.zsh'
[24.774s] Level 1:colcon.colcon_core.environment:create_file_with_runtime_dependencies(/home/user/high_tide_ws/install/ht_core/share/colcon-core/packages/ht_core)
[25.439s] Level 1:colcon.colcon_core.environment:checking '/home/user/high_tide_ws/install/my_gyro_pkg' for CMake module files
[25.441s] Level 1:colcon.colcon_core.environment:checking '/home/user/high_tide_ws/install/my_gyro_pkg' for CMake config files
[25.449s] DEBUG:colcon.colcon_core.event_handler.log_command:Invoked command in '/home/user/high_tide_ws/src/my_gyro_pkg' returned '0': PYTHONPATH=/home/user/high_tide_ws/build/my_gyro_pkg/prefix_override:/usr/lib/python3/dist-packages/colcon_core/task/python/colcon_distutils_commands:/home/user/high_tide_ws/install/my_gyro_pkg/lib/python3.10/site-packages:${PYTHONPATH} /usr/bin/python3 -W ignore:setup.py install is deprecated -W ignore:easy_install command is deprecated setup.py egg_info --egg-base ../../build/my_gyro_pkg build --build-base /home/user/high_tide_ws/build/my_gyro_pkg/build install --record /home/user/high_tide_ws/build/my_gyro_pkg/install.log --single-version-externally-managed install_data
[25.453s] Level 1:colcon.colcon_core.environment:checking '/home/user/high_tide_ws/install/my_gyro_pkg/lib'
[25.457s] Level 1:colcon.colcon_core.environment:checking '/home/user/high_tide_ws/install/my_gyro_pkg/bin'
[25.459s] Level 1:colcon.colcon_core.environment:checking '/home/user/high_tide_ws/install/my_gyro_pkg/lib/pkgconfig/my_gyro_pkg.pc'
[25.463s] Level 1:colcon.colcon_core.environment:checking '/home/user/high_tide_ws/install/my_gyro_pkg/lib/python3.10/site-packages'
[25.465s] Level 1:colcon.colcon_core.shell:create_environment_hook('my_gyro_pkg', 'pythonpath')
[25.467s] INFO:colcon.colcon_core.shell:Creating environment hook '/home/user/high_tide_ws/install/my_gyro_pkg/share/my_gyro_pkg/hook/pythonpath.ps1'
[25.471s] INFO:colcon.colcon_core.shell:Creating environment descriptor '/home/user/high_tide_ws/install/my_gyro_pkg/share/my_gyro_pkg/hook/pythonpath.dsv'
[25.474s] INFO:colcon.colcon_core.shell:Creating environment hook '/home/user/high_tide_ws/install/my_gyro_pkg/share/my_gyro_pkg/hook/pythonpath.sh'
[25.482s] Level 1:colcon.colcon_core.environment:checking '/home/user/high_tide_ws/install/my_gyro_pkg/bin'
[25.482s] Level 1:colcon.colcon_core.environment:create_environment_scripts_only(my_gyro_pkg)
[25.488s] INFO:colcon.colcon_core.shell:Creating package script '/home/user/high_tide_ws/install/my_gyro_pkg/share/my_gyro_pkg/package.ps1'
[25.493s] INFO:colcon.colcon_core.shell:Creating package descriptor '/home/user/high_tide_ws/install/my_gyro_pkg/share/my_gyro_pkg/package.dsv'
[25.502s] INFO:colcon.colcon_core.shell:Creating package script '/home/user/high_tide_ws/install/my_gyro_pkg/share/my_gyro_pkg/package.sh'
[25.521s] INFO:colcon.colcon_core.shell:Creating package script '/home/user/high_tide_ws/install/my_gyro_pkg/share/my_gyro_pkg/package.bash'
[25.533s] INFO:colcon.colcon_core.shell:Creating package script '/home/user/high_tide_ws/install/my_gyro_pkg/share/my_gyro_pkg/package.zsh'
[25.563s] Level 1:colcon.colcon_core.environment:create_file_with_runtime_dependencies(/home/user/high_tide_ws/install/my_gyro_pkg/share/colcon-core/packages/my_gyro_pkg)
[25.572s] DEBUG:colcon.colcon_parallel_executor.executor.parallel:closing loop
[25.577s] DEBUG:colcon.colcon_parallel_executor.executor.parallel:loop closed
[25.577s] DEBUG:colcon.colcon_parallel_executor.executor.parallel:run_until_complete finished with '0'
[25.579s] DEBUG:colcon.colcon_core.event_reactor:joining thread
[25.608s] INFO:colcon.colcon_core.plugin_system:Skipping extension 'colcon_notification.desktop_notification.terminal_notifier': Not used on non-Darwin systems
[25.609s] INFO:colcon.colcon_core.plugin_system:Skipping extension 'colcon_notification.desktop_notification.win32': Not used on non-Windows systems
[25.610s] INFO:colcon.colcon_notification.desktop_notification:Sending desktop notification using 'notify2'
[25.697s] DEBUG:colcon.colcon_core.event_reactor:joined thread
[25.698s] INFO:colcon.colcon_core.shell:Creating prefix script '/home/user/high_tide_ws/install/local_setup.ps1'
[25.703s] INFO:colcon.colcon_core.shell:Creating prefix util module '/home/user/high_tide_ws/install/_local_setup_util_ps1.py'
[25.712s] INFO:colcon.colcon_core.shell:Creating prefix chain script '/home/user/high_tide_ws/install/setup.ps1'
[25.717s] INFO:colcon.colcon_core.shell:Creating prefix script '/home/user/high_tide_ws/install/local_setup.sh'
[25.721s] INFO:colcon.colcon_core.shell:Creating prefix util module '/home/user/high_tide_ws/install/_local_setup_util_sh.py'
[25.728s] INFO:colcon.colcon_core.shell:Creating prefix chain script '/home/user/high_tide_ws/install/setup.sh'
[25.733s] INFO:colcon.colcon_core.shell:Creating prefix script '/home/user/high_tide_ws/install/local_setup.bash'
[25.736s] INFO:colcon.colcon_core.shell:Creating prefix chain script '/home/user/high_tide_ws/install/setup.bash'
[25.747s] INFO:colcon.colcon_core.shell:Creating prefix script '/home/user/high_tide_ws/install/local_setup.zsh'
[25.750s] INFO:colcon.colcon_core.shell:Creating prefix chain script '/home/user/high_tide_ws/install/setup.zsh'
