running egg_info
writing ../../build/my_gyro_pkg/my_gyro_pkg.egg-info/PKG-INFO
writing dependency_links to ../../build/my_gyro_pkg/my_gyro_pkg.egg-info/dependency_links.txt
writing entry points to ../../build/my_gyro_pkg/my_gyro_pkg.egg-info/entry_points.txt
writing requirements to ../../build/my_gyro_pkg/my_gyro_pkg.egg-info/requires.txt
writing top-level names to ../../build/my_gyro_pkg/my_gyro_pkg.egg-info/top_level.txt
reading manifest file '../../build/my_gyro_pkg/my_gyro_pkg.egg-info/SOURCES.txt'
writing manifest file '../../build/my_gyro_pkg/my_gyro_pkg.egg-info/SOURCES.txt'
running build
running build_py
copying my_gyro_pkg/fog_node.py -> /home/user/high_tide_ws/build/my_gyro_pkg/build/lib/my_gyro_pkg
running install
running install_lib
copying /home/user/high_tide_ws/build/my_gyro_pkg/build/lib/my_gyro_pkg/fog_node.py -> /home/user/high_tide_ws/install/my_gyro_pkg/lib/python3.10/site-packages/my_gyro_pkg
byte-compiling /home/user/high_tide_ws/install/my_gyro_pkg/lib/python3.10/site-packages/my_gyro_pkg/fog_node.py to fog_node.cpython-310.pyc
running install_data
running install_egg_info
removing '/home/user/high_tide_ws/install/my_gyro_pkg/lib/python3.10/site-packages/my_gyro_pkg-0.0.0-py3.10.egg-info' (and everything under it)
Copying ../../build/my_gyro_pkg/my_gyro_pkg.egg-info to /home/user/high_tide_ws/install/my_gyro_pkg/lib/python3.10/site-packages/my_gyro_pkg-0.0.0-py3.10.egg-info
running install_scripts
Installing fog_node script to /home/user/high_tide_ws/install/my_gyro_pkg/lib/my_gyro_pkg
writing list of installed files to '/home/user/high_tide_ws/build/my_gyro_pkg/install.log'
