[3.361s] Invoking command in '/home/user/high_tide_ws/src/ht_core': PYTHONPATH=/home/user/high_tide_ws/build/ht_core/prefix_override:/usr/lib/python3/dist-packages/colcon_core/task/python/colcon_distutils_commands:/home/user/high_tide_ws/install/ht_core/lib/python3.10/site-packages:${PYTHONPATH} /usr/bin/python3 -W ignore:setup.py install is deprecated -W ignore:easy_install command is deprecated setup.py egg_info --egg-base ../../build/ht_core build --build-base /home/user/high_tide_ws/build/ht_core/build install --record /home/user/high_tide_ws/build/ht_core/install.log --single-version-externally-managed install_data
[4.130s] running egg_info
[4.133s] writing ../../build/ht_core/ht_core.egg-info/PKG-INFO
[4.134s] writing dependency_links to ../../build/ht_core/ht_core.egg-info/dependency_links.txt
[4.134s] writing entry points to ../../build/ht_core/ht_core.egg-info/entry_points.txt
[4.135s] writing requirements to ../../build/ht_core/ht_core.egg-info/requires.txt
[4.135s] writing top-level names to ../../build/ht_core/ht_core.egg-info/top_level.txt
[4.143s] reading manifest file '../../build/ht_core/ht_core.egg-info/SOURCES.txt'
[4.146s] writing manifest file '../../build/ht_core/ht_core.egg-info/SOURCES.txt'
[4.153s] running build
[4.154s] running build_py
[4.154s] copying ht_core/mission_node.py -> /home/user/high_tide_ws/build/ht_core/build/lib/ht_core
[4.154s] running install
[4.154s] running install_lib
[4.154s] copying /home/user/high_tide_ws/build/ht_core/build/lib/ht_core/mission_node.py -> /home/user/high_tide_ws/install/ht_core/lib/python3.10/site-packages/ht_core
[4.156s] byte-compiling /home/user/high_tide_ws/install/ht_core/lib/python3.10/site-packages/ht_core/mission_node.py to mission_node.cpython-310.pyc
[4.160s] running install_data
[4.161s] running install_egg_info
[4.167s] removing '/home/user/high_tide_ws/install/ht_core/lib/python3.10/site-packages/ht_core-0.0.1-py3.10.egg-info' (and everything under it)
[4.168s] Copying ../../build/ht_core/ht_core.egg-info to /home/user/high_tide_ws/install/ht_core/lib/python3.10/site-packages/ht_core-0.0.1-py3.10.egg-info
[4.171s] running install_scripts
[4.238s] Installing depth_node script to /home/user/high_tide_ws/install/ht_core/lib/ht_core
[4.239s] Installing mission_node script to /home/user/high_tide_ws/install/ht_core/lib/ht_core
[4.241s] writing list of installed files to '/home/user/high_tide_ws/build/ht_core/install.log'
[4.331s] Invoked command in '/home/user/high_tide_ws/src/ht_core' returned '0': PYTHONPATH=/home/user/high_tide_ws/build/ht_core/prefix_override:/usr/lib/python3/dist-packages/colcon_core/task/python/colcon_distutils_commands:/home/user/high_tide_ws/install/ht_core/lib/python3.10/site-packages:${PYTHONPATH} /usr/bin/python3 -W ignore:setup.py install is deprecated -W ignore:easy_install command is deprecated setup.py egg_info --egg-base ../../build/ht_core build --build-base /home/user/high_tide_ws/build/ht_core/build install --record /home/user/high_tide_ws/build/ht_core/install.log --single-version-externally-managed install_data
