[3.349s] Invoking command in '/home/user/high_tide_ws/src/my_gyro_pkg': PYTHONPATH=/home/user/high_tide_ws/build/my_gyro_pkg/prefix_override:/usr/lib/python3/dist-packages/colcon_core/task/python/colcon_distutils_commands:/home/user/high_tide_ws/install/my_gyro_pkg/lib/python3.10/site-packages:${PYTHONPATH} /usr/bin/python3 -W ignore:setup.py install is deprecated -W ignore:easy_install command is deprecated setup.py egg_info --egg-base ../../build/my_gyro_pkg build --build-base /home/user/high_tide_ws/build/my_gyro_pkg/build install --record /home/user/high_tide_ws/build/my_gyro_pkg/install.log --single-version-externally-managed install_data
[4.122s] running egg_info
[4.126s] writing ../../build/my_gyro_pkg/my_gyro_pkg.egg-info/PKG-INFO
[4.129s] writing dependency_links to ../../build/my_gyro_pkg/my_gyro_pkg.egg-info/dependency_links.txt
[4.130s] writing entry points to ../../build/my_gyro_pkg/my_gyro_pkg.egg-info/entry_points.txt
[4.130s] writing requirements to ../../build/my_gyro_pkg/my_gyro_pkg.egg-info/requires.txt
[4.130s] writing top-level names to ../../build/my_gyro_pkg/my_gyro_pkg.egg-info/top_level.txt
[4.135s] reading manifest file '../../build/my_gyro_pkg/my_gyro_pkg.egg-info/SOURCES.txt'
[4.136s] writing manifest file '../../build/my_gyro_pkg/my_gyro_pkg.egg-info/SOURCES.txt'
[4.137s] running build
[4.137s] running build_py
[4.137s] running install
[4.138s] running install_lib
[4.143s] running install_data
[4.144s] running install_egg_info
[4.148s] removing '/home/user/high_tide_ws/install/my_gyro_pkg/lib/python3.10/site-packages/my_gyro_pkg-0.0.0-py3.10.egg-info' (and everything under it)
[4.149s] Copying ../../build/my_gyro_pkg/my_gyro_pkg.egg-info to /home/user/high_tide_ws/install/my_gyro_pkg/lib/python3.10/site-packages/my_gyro_pkg-0.0.0-py3.10.egg-info
[4.152s] running install_scripts
[4.220s] Installing fog_node script to /home/user/high_tide_ws/install/my_gyro_pkg/lib/my_gyro_pkg
[4.223s] writing list of installed files to '/home/user/high_tide_ws/build/my_gyro_pkg/install.log'
[4.323s] Invoked command in '/home/user/high_tide_ws/src/my_gyro_pkg' returned '0': PYTHONPATH=/home/user/high_tide_ws/build/my_gyro_pkg/prefix_override:/usr/lib/python3/dist-packages/colcon_core/task/python/colcon_distutils_commands:/home/user/high_tide_ws/install/my_gyro_pkg/lib/python3.10/site-packages:${PYTHONPATH} /usr/bin/python3 -W ignore:setup.py install is deprecated -W ignore:easy_install command is deprecated setup.py egg_info --egg-base ../../build/my_gyro_pkg build --build-base /home/user/high_tide_ws/build/my_gyro_pkg/build install --record /home/user/high_tide_ws/build/my_gyro_pkg/install.log --single-version-externally-managed install_data
