[0.884s] Invoking command in '/home/user/high_tide_ws/build/ht_messages': CMAKE_PREFIX_PATH=${CMAKE_PREFIX_PATH}:/home/user/install/my_gyro_pkg:/home/user/install/ht_core:/opt/ros/humble /usr/bin/cmake --build /home/user/high_tide_ws/build/ht_messages -- -j4 -l4
[1.056s] [  3%] Built target ht_messages__cpp
[1.076s] [ 12%] Built target ht_messages__rosidl_generator_c
[1.128s] [ 12%] Built target ament_cmake_python_copy_ht_messages
[1.193s] [ 22%] Built target ht_messages__rosidl_typesupport_introspection_cpp
[1.208s] [ 32%] Built target ht_messages__rosidl_typesupport_cpp
[1.241s] [ 41%] Built target ht_messages__rosidl_typesupport_fastrtps_cpp
[1.245s] [ 51%] Built target ht_messages__rosidl_typesupport_fastrtps_c
[1.309s] [ 61%] Built target ht_messages__rosidl_typesupport_introspection_c
[1.315s] [ 70%] Built target ht_messages__rosidl_typesupport_c
[1.379s] [ 70%] Built target ht_messages
[1.448s] [ 74%] Built target ht_messages__py
[1.523s] [ 80%] Built target ht_messages__rosidl_generator_py
[1.664s] [ 87%] Built target ht_messages__rosidl_typesupport_fastrtps_c__pyext
[1.684s] [ 93%] Built target ht_messages__rosidl_typesupport_introspection_c__pyext
[1.708s] [100%] Built target ht_messages__rosidl_typesupport_c__pyext
[2.156s] running egg_info
[2.161s] writing ht_messages.egg-info/PKG-INFO
[2.163s] writing dependency_links to ht_messages.egg-info/dependency_links.txt
[2.164s] writing top-level names to ht_messages.egg-info/top_level.txt
[2.173s] reading manifest file 'ht_messages.egg-info/SOURCES.txt'
[2.176s] writing manifest file 'ht_messages.egg-info/SOURCES.txt'
[2.278s] [100%] Built target ament_cmake_python_build_ht_messages_egg
[2.326s] Invoked command in '/home/user/high_tide_ws/build/ht_messages' returned '0': CMAKE_PREFIX_PATH=${CMAKE_PREFIX_PATH}:/home/user/install/my_gyro_pkg:/home/user/install/ht_core:/opt/ros/humble /usr/bin/cmake --build /home/user/high_tide_ws/build/ht_messages -- -j4 -l4
[2.377s] Invoking command in '/home/user/high_tide_ws/build/ht_messages': CMAKE_PREFIX_PATH=${CMAKE_PREFIX_PATH}:/home/user/install/my_gyro_pkg:/home/user/install/ht_core:/opt/ros/humble /usr/bin/cmake --install /home/user/high_tide_ws/build/ht_messages
[2.430s] -- Install configuration: ""
[2.431s] -- Up-to-date: /home/user/high_tide_ws/install/ht_messages/share/ament_index/resource_index/rosidl_interfaces/ht_messages
[2.432s] -- Up-to-date: /home/user/high_tide_ws/install/ht_messages/include/ht_messages/ht_messages
[2.433s] -- Up-to-date: /home/user/high_tide_ws/install/ht_messages/include/ht_messages/ht_messages/msg
[2.433s] -- Up-to-date: /home/user/high_tide_ws/install/ht_messages/include/ht_messages/ht_messages/msg/rosidl_generator_c__visibility_control.h
[2.434s] -- Up-to-date: /home/user/high_tide_ws/install/ht_messages/include/ht_messages/ht_messages/msg/detail
[2.435s] -- Up-to-date: /home/user/high_tide_ws/install/ht_messages/include/ht_messages/ht_messages/msg/detail/example__functions.h
[2.435s] -- Up-to-date: /home/user/high_tide_ws/install/ht_messages/include/ht_messages/ht_messages/msg/detail/example__struct.h
[2.436s] -- Up-to-date: /home/user/high_tide_ws/install/ht_messages/include/ht_messages/ht_messages/msg/detail/example__functions.c
[2.437s] -- Up-to-date: /home/user/high_tide_ws/install/ht_messages/include/ht_messages/ht_messages/msg/detail/example__type_support.h
[2.437s] -- Up-to-date: /home/user/high_tide_ws/install/ht_messages/include/ht_messages/ht_messages/msg/example.h
[2.438s] -- Up-to-date: /home/user/high_tide_ws/install/ht_messages/share/ht_messages/environment/library_path.sh
[2.439s] -- Up-to-date: /home/user/high_tide_ws/install/ht_messages/share/ht_messages/environment/library_path.dsv
[2.441s] -- Up-to-date: /home/user/high_tide_ws/install/ht_messages/lib/libht_messages__rosidl_generator_c.so
[2.443s] -- Up-to-date: /home/user/high_tide_ws/install/ht_messages/include/ht_messages/ht_messages
[2.445s] -- Up-to-date: /home/user/high_tide_ws/install/ht_messages/include/ht_messages/ht_messages/msg
[2.447s] -- Up-to-date: /home/user/high_tide_ws/install/ht_messages/include/ht_messages/ht_messages/msg/rosidl_typesupport_fastrtps_c__visibility_control.h
[2.451s] -- Up-to-date: /home/user/high_tide_ws/install/ht_messages/include/ht_messages/ht_messages/msg/detail
[2.453s] -- Up-to-date: /home/user/high_tide_ws/install/ht_messages/include/ht_messages/ht_messages/msg/detail/example__rosidl_typesupport_fastrtps_c.h
[2.456s] -- Up-to-date: /home/user/high_tide_ws/install/ht_messages/lib/libht_messages__rosidl_typesupport_fastrtps_c.so
[2.457s] -- Up-to-date: /home/user/high_tide_ws/install/ht_messages/include/ht_messages/ht_messages
[2.458s] -- Up-to-date: /home/user/high_tide_ws/install/ht_messages/include/ht_messages/ht_messages/msg
[2.463s] -- Up-to-date: /home/user/high_tide_ws/install/ht_messages/include/ht_messages/ht_messages/msg/detail
[2.463s] -- Up-to-date: /home/user/high_tide_ws/install/ht_messages/include/ht_messages/ht_messages/msg/detail/example__rosidl_typesupport_introspection_c.h
[2.464s] -- Up-to-date: /home/user/high_tide_ws/install/ht_messages/include/ht_messages/ht_messages/msg/detail/example__type_support.c
[2.464s] -- Up-to-date: /home/user/high_tide_ws/install/ht_messages/include/ht_messages/ht_messages/msg/rosidl_typesupport_introspection_c__visibility_control.h
[2.466s] -- Up-to-date: /home/user/high_tide_ws/install/ht_messages/lib/libht_messages__rosidl_typesupport_introspection_c.so
[2.476s] -- Up-to-date: /home/user/high_tide_ws/install/ht_messages/lib/libht_messages__rosidl_typesupport_c.so
[2.478s] -- Up-to-date: /home/user/high_tide_ws/install/ht_messages/include/ht_messages/ht_messages
[2.478s] -- Up-to-date: /home/user/high_tide_ws/install/ht_messages/include/ht_messages/ht_messages/msg
[2.479s] -- Up-to-date: /home/user/high_tide_ws/install/ht_messages/include/ht_messages/ht_messages/msg/rosidl_generator_cpp__visibility_control.hpp
[2.480s] -- Up-to-date: /home/user/high_tide_ws/install/ht_messages/include/ht_messages/ht_messages/msg/example.hpp
[2.480s] -- Up-to-date: /home/user/high_tide_ws/install/ht_messages/include/ht_messages/ht_messages/msg/detail
[2.483s] -- Up-to-date: /home/user/high_tide_ws/install/ht_messages/include/ht_messages/ht_messages/msg/detail/example__struct.hpp
[2.484s] -- Up-to-date: /home/user/high_tide_ws/install/ht_messages/include/ht_messages/ht_messages/msg/detail/example__builder.hpp
[2.488s] -- Up-to-date: /home/user/high_tide_ws/install/ht_messages/include/ht_messages/ht_messages/msg/detail/example__traits.hpp
[2.489s] -- Up-to-date: /home/user/high_tide_ws/install/ht_messages/include/ht_messages/ht_messages/msg/detail/example__type_support.hpp
[2.490s] -- Up-to-date: /home/user/high_tide_ws/install/ht_messages/include/ht_messages/ht_messages
[2.491s] -- Up-to-date: /home/user/high_tide_ws/install/ht_messages/include/ht_messages/ht_messages/msg
[2.492s] -- Up-to-date: /home/user/high_tide_ws/install/ht_messages/include/ht_messages/ht_messages/msg/rosidl_typesupport_fastrtps_cpp__visibility_control.h
[2.492s] -- Up-to-date: /home/user/high_tide_ws/install/ht_messages/include/ht_messages/ht_messages/msg/detail
[2.493s] -- Up-to-date: /home/user/high_tide_ws/install/ht_messages/include/ht_messages/ht_messages/msg/detail/example__rosidl_typesupport_fastrtps_cpp.hpp
[2.494s] -- Up-to-date: /home/user/high_tide_ws/install/ht_messages/include/ht_messages/ht_messages/msg/detail/dds_fastrtps
[2.504s] -- Up-to-date: /home/user/high_tide_ws/install/ht_messages/lib/libht_messages__rosidl_typesupport_fastrtps_cpp.so
[2.505s] -- Up-to-date: /home/user/high_tide_ws/install/ht_messages/include/ht_messages/ht_messages
[2.506s] -- Up-to-date: /home/user/high_tide_ws/install/ht_messages/include/ht_messages/ht_messages/msg
[2.507s] -- Up-to-date: /home/user/high_tide_ws/install/ht_messages/include/ht_messages/ht_messages/msg/detail
[2.507s] -- Up-to-date: /home/user/high_tide_ws/install/ht_messages/include/ht_messages/ht_messages/msg/detail/example__type_support.cpp
[2.508s] -- Up-to-date: /home/user/high_tide_ws/install/ht_messages/include/ht_messages/ht_messages/msg/detail/example__rosidl_typesupport_introspection_cpp.hpp
[2.515s] -- Up-to-date: /home/user/high_tide_ws/install/ht_messages/lib/libht_messages__rosidl_typesupport_introspection_cpp.so
[2.517s] -- Up-to-date: /home/user/high_tide_ws/install/ht_messages/lib/libht_messages__rosidl_typesupport_cpp.so
[2.518s] -- Up-to-date: /home/user/high_tide_ws/install/ht_messages/share/ht_messages/environment/pythonpath.sh
[2.519s] -- Up-to-date: /home/user/high_tide_ws/install/ht_messages/share/ht_messages/environment/pythonpath.dsv
[2.523s] -- Up-to-date: /home/user/high_tide_ws/install/ht_messages/local/lib/python3.10/dist-packages/ht_messages-0.0.0-py3.10.egg-info
[2.524s] -- Installing: /home/user/high_tide_ws/install/ht_messages/local/lib/python3.10/dist-packages/ht_messages-0.0.0-py3.10.egg-info/PKG-INFO
[2.525s] -- Installing: /home/user/high_tide_ws/install/ht_messages/local/lib/python3.10/dist-packages/ht_messages-0.0.0-py3.10.egg-info/dependency_links.txt
[2.527s] -- Installing: /home/user/high_tide_ws/install/ht_messages/local/lib/python3.10/dist-packages/ht_messages-0.0.0-py3.10.egg-info/SOURCES.txt
[2.528s] -- Installing: /home/user/high_tide_ws/install/ht_messages/local/lib/python3.10/dist-packages/ht_messages-0.0.0-py3.10.egg-info/top_level.txt
[2.531s] -- Up-to-date: /home/user/high_tide_ws/install/ht_messages/local/lib/python3.10/dist-packages/ht_messages
[2.534s] -- Up-to-date: /home/user/high_tide_ws/install/ht_messages/local/lib/python3.10/dist-packages/ht_messages/msg
[2.535s] -- Up-to-date: /home/user/high_tide_ws/install/ht_messages/local/lib/python3.10/dist-packages/ht_messages/msg/__init__.py
[2.536s] -- Up-to-date: /home/user/high_tide_ws/install/ht_messages/local/lib/python3.10/dist-packages/ht_messages/msg/_example.py
[2.536s] -- Up-to-date: /home/user/high_tide_ws/install/ht_messages/local/lib/python3.10/dist-packages/ht_messages/msg/_example_s.c
[2.537s] -- Up-to-date: /home/user/high_tide_ws/install/ht_messages/local/lib/python3.10/dist-packages/ht_messages/libht_messages__rosidl_generator_py.so
[2.538s] -- Up-to-date: /home/user/high_tide_ws/install/ht_messages/local/lib/python3.10/dist-packages/ht_messages/ht_messages_s__rosidl_typesupport_introspection_c.cpython-310-aarch64-linux-gnu.so
[2.538s] -- Up-to-date: /home/user/high_tide_ws/install/ht_messages/local/lib/python3.10/dist-packages/ht_messages/_ht_messages_s.ep.rosidl_typesupport_fastrtps_c.c
[2.539s] -- Up-to-date: /home/user/high_tide_ws/install/ht_messages/local/lib/python3.10/dist-packages/ht_messages/_ht_messages_s.ep.rosidl_typesupport_c.c
[2.539s] -- Up-to-date: /home/user/high_tide_ws/install/ht_messages/local/lib/python3.10/dist-packages/ht_messages/ht_messages_s__rosidl_typesupport_fastrtps_c.cpython-310-aarch64-linux-gnu.so
[2.540s] -- Up-to-date: /home/user/high_tide_ws/install/ht_messages/local/lib/python3.10/dist-packages/ht_messages/__init__.py
[2.541s] -- Up-to-date: /home/user/high_tide_ws/install/ht_messages/local/lib/python3.10/dist-packages/ht_messages/_ht_messages_s.ep.rosidl_typesupport_introspection_c.c
[2.541s] -- Up-to-date: /home/user/high_tide_ws/install/ht_messages/local/lib/python3.10/dist-packages/ht_messages/ht_messages_s__rosidl_typesupport_c.cpython-310-aarch64-linux-gnu.so
[2.668s] Listing '/home/user/high_tide_ws/install/ht_messages/local/lib/python3.10/dist-packages/ht_messages'...
[2.670s] Listing '/home/user/high_tide_ws/install/ht_messages/local/lib/python3.10/dist-packages/ht_messages/msg'...
[2.697s] -- Up-to-date: /home/user/high_tide_ws/install/ht_messages/local/lib/python3.10/dist-packages/ht_messages/ht_messages_s__rosidl_typesupport_fastrtps_c.cpython-310-aarch64-linux-gnu.so
[2.700s] -- Up-to-date: /home/user/high_tide_ws/install/ht_messages/local/lib/python3.10/dist-packages/ht_messages/ht_messages_s__rosidl_typesupport_introspection_c.cpython-310-aarch64-linux-gnu.so
[2.703s] -- Up-to-date: /home/user/high_tide_ws/install/ht_messages/local/lib/python3.10/dist-packages/ht_messages/ht_messages_s__rosidl_typesupport_c.cpython-310-aarch64-linux-gnu.so
[2.705s] -- Up-to-date: /home/user/high_tide_ws/install/ht_messages/lib/libht_messages__rosidl_generator_py.so
[2.707s] -- Up-to-date: /home/user/high_tide_ws/install/ht_messages/share/ht_messages/msg/Example.idl
[2.709s] -- Up-to-date: /home/user/high_tide_ws/install/ht_messages/share/ht_messages/msg/Example.msg
[2.714s] -- Up-to-date: /home/user/high_tide_ws/install/ht_messages/share/ament_index/resource_index/package_run_dependencies/ht_messages
[2.716s] -- Up-to-date: /home/user/high_tide_ws/install/ht_messages/share/ament_index/resource_index/parent_prefix_path/ht_messages
[2.719s] -- Up-to-date: /home/user/high_tide_ws/install/ht_messages/share/ht_messages/environment/ament_prefix_path.sh
[2.720s] -- Up-to-date: /home/user/high_tide_ws/install/ht_messages/share/ht_messages/environment/ament_prefix_path.dsv
[2.721s] -- Up-to-date: /home/user/high_tide_ws/install/ht_messages/share/ht_messages/environment/path.sh
[2.723s] -- Up-to-date: /home/user/high_tide_ws/install/ht_messages/share/ht_messages/environment/path.dsv
[2.724s] -- Up-to-date: /home/user/high_tide_ws/install/ht_messages/share/ht_messages/local_setup.bash
[2.726s] -- Up-to-date: /home/user/high_tide_ws/install/ht_messages/share/ht_messages/local_setup.sh
[2.728s] -- Up-to-date: /home/user/high_tide_ws/install/ht_messages/share/ht_messages/local_setup.zsh
[2.731s] -- Up-to-date: /home/user/high_tide_ws/install/ht_messages/share/ht_messages/local_setup.dsv
[2.733s] -- Installing: /home/user/high_tide_ws/install/ht_messages/share/ht_messages/package.dsv
[2.739s] -- Up-to-date: /home/user/high_tide_ws/install/ht_messages/share/ament_index/resource_index/packages/ht_messages
[2.741s] -- Up-to-date: /home/user/high_tide_ws/install/ht_messages/share/ht_messages/cmake/export_ht_messages__rosidl_generator_cExport.cmake
[2.743s] -- Up-to-date: /home/user/high_tide_ws/install/ht_messages/share/ht_messages/cmake/export_ht_messages__rosidl_generator_cExport-noconfig.cmake
[2.746s] -- Up-to-date: /home/user/high_tide_ws/install/ht_messages/share/ht_messages/cmake/export_ht_messages__rosidl_typesupport_fastrtps_cExport.cmake
[2.747s] -- Up-to-date: /home/user/high_tide_ws/install/ht_messages/share/ht_messages/cmake/export_ht_messages__rosidl_typesupport_fastrtps_cExport-noconfig.cmake
[2.749s] -- Up-to-date: /home/user/high_tide_ws/install/ht_messages/share/ht_messages/cmake/ht_messages__rosidl_typesupport_introspection_cExport.cmake
[2.751s] -- Up-to-date: /home/user/high_tide_ws/install/ht_messages/share/ht_messages/cmake/ht_messages__rosidl_typesupport_introspection_cExport-noconfig.cmake
[2.753s] -- Up-to-date: /home/user/high_tide_ws/install/ht_messages/share/ht_messages/cmake/ht_messages__rosidl_typesupport_cExport.cmake
[2.754s] -- Up-to-date: /home/user/high_tide_ws/install/ht_messages/share/ht_messages/cmake/ht_messages__rosidl_typesupport_cExport-noconfig.cmake
[2.763s] -- Up-to-date: /home/user/high_tide_ws/install/ht_messages/share/ht_messages/cmake/export_ht_messages__rosidl_generator_cppExport.cmake
[2.764s] -- Up-to-date: /home/user/high_tide_ws/install/ht_messages/share/ht_messages/cmake/export_ht_messages__rosidl_typesupport_fastrtps_cppExport.cmake
[2.765s] -- Up-to-date: /home/user/high_tide_ws/install/ht_messages/share/ht_messages/cmake/export_ht_messages__rosidl_typesupport_fastrtps_cppExport-noconfig.cmake
[2.766s] -- Up-to-date: /home/user/high_tide_ws/install/ht_messages/share/ht_messages/cmake/ht_messages__rosidl_typesupport_introspection_cppExport.cmake
[2.767s] -- Up-to-date: /home/user/high_tide_ws/install/ht_messages/share/ht_messages/cmake/ht_messages__rosidl_typesupport_introspection_cppExport-noconfig.cmake
[2.768s] -- Up-to-date: /home/user/high_tide_ws/install/ht_messages/share/ht_messages/cmake/ht_messages__rosidl_typesupport_cppExport.cmake
[2.769s] -- Up-to-date: /home/user/high_tide_ws/install/ht_messages/share/ht_messages/cmake/ht_messages__rosidl_typesupport_cppExport-noconfig.cmake
[2.773s] -- Up-to-date: /home/user/high_tide_ws/install/ht_messages/share/ht_messages/cmake/export_ht_messages__rosidl_generator_pyExport.cmake
[2.774s] -- Up-to-date: /home/user/high_tide_ws/install/ht_messages/share/ht_messages/cmake/export_ht_messages__rosidl_generator_pyExport-noconfig.cmake
[2.775s] -- Up-to-date: /home/user/high_tide_ws/install/ht_messages/share/ht_messages/cmake/rosidl_cmake-extras.cmake
[2.776s] -- Up-to-date: /home/user/high_tide_ws/install/ht_messages/share/ht_messages/cmake/ament_cmake_export_dependencies-extras.cmake
[2.777s] -- Up-to-date: /home/user/high_tide_ws/install/ht_messages/share/ht_messages/cmake/ament_cmake_export_include_directories-extras.cmake
[2.778s] -- Up-to-date: /home/user/high_tide_ws/install/ht_messages/share/ht_messages/cmake/ament_cmake_export_libraries-extras.cmake
[2.778s] -- Up-to-date: /home/user/high_tide_ws/install/ht_messages/share/ht_messages/cmake/ament_cmake_export_targets-extras.cmake
[2.779s] -- Up-to-date: /home/user/high_tide_ws/install/ht_messages/share/ht_messages/cmake/rosidl_cmake_export_typesupport_targets-extras.cmake
[2.783s] -- Up-to-date: /home/user/high_tide_ws/install/ht_messages/share/ht_messages/cmake/rosidl_cmake_export_typesupport_libraries-extras.cmake
[2.785s] -- Up-to-date: /home/user/high_tide_ws/install/ht_messages/share/ht_messages/cmake/ht_messagesConfig.cmake
[2.786s] -- Up-to-date: /home/user/high_tide_ws/install/ht_messages/share/ht_messages/cmake/ht_messagesConfig-version.cmake
[2.786s] -- Up-to-date: /home/user/high_tide_ws/install/ht_messages/share/ht_messages/package.xml
[2.802s] Invoked command in '/home/user/high_tide_ws/build/ht_messages' returned '0': CMAKE_PREFIX_PATH=${CMAKE_PREFIX_PATH}:/home/user/install/my_gyro_pkg:/home/user/install/ht_core:/opt/ros/humble /usr/bin/cmake --install /home/user/high_tide_ws/build/ht_messages
