[0.849s] Invoking command in '/home/user/high_tide_ws/build/ht_messages': CMAKE_PREFIX_PATH=${CMAKE_PREFIX_PATH}:/home/user/high_tide_ws/install/my_gyro_pkg:/home/user/high_tide_ws/install/ht_core:/opt/ros/humble /usr/bin/cmake --build /home/user/high_tide_ws/build/ht_messages -- -j4 -l4
[0.995s] [  9%] Built target ht_messages__cpp
[0.995s] [ 12%] Built target ht_messages__rosidl_generator_c
[1.065s] [ 12%] Built target ament_cmake_python_copy_ht_messages
[1.075s] [ 22%] Built target ht_messages__rosidl_typesupport_fastrtps_c
[1.078s] [ 32%] Built target ht_messages__rosidl_typesupport_introspection_c
[1.098s] [ 41%] Built target ht_messages__rosidl_typesupport_c
[1.176s] [ 51%] Built target ht_messages__rosidl_typesupport_cpp
[1.193s] [ 61%] Built target ht_messages__rosidl_typesupport_introspection_cpp
[1.199s] [ 70%] Built target ht_messages__rosidl_typesupport_fastrtps_cpp
[1.263s] [ 70%] Built target ht_messages
[1.325s] [ 74%] Built target ht_messages__py
[1.409s] [ 80%] Built target ht_messages__rosidl_generator_py
[1.509s] [ 87%] Built target ht_messages__rosidl_typesupport_fastrtps_c__pyext
[1.523s] [ 93%] Built target ht_messages__rosidl_typesupport_c__pyext
[1.529s] [100%] Built target ht_messages__rosidl_typesupport_introspection_c__pyext
[1.972s] running egg_info
[1.975s] writing ht_messages.egg-info/PKG-INFO
[1.976s] writing dependency_links to ht_messages.egg-info/dependency_links.txt
[1.977s] writing top-level names to ht_messages.egg-info/top_level.txt
[1.984s] reading manifest file 'ht_messages.egg-info/SOURCES.txt'
[1.988s] writing manifest file 'ht_messages.egg-info/SOURCES.txt'
[2.112s] [100%] Built target ament_cmake_python_build_ht_messages_egg
[2.149s] Invoked command in '/home/user/high_tide_ws/build/ht_messages' returned '0': CMAKE_PREFIX_PATH=${CMAKE_PREFIX_PATH}:/home/user/high_tide_ws/install/my_gyro_pkg:/home/user/high_tide_ws/install/ht_core:/opt/ros/humble /usr/bin/cmake --build /home/user/high_tide_ws/build/ht_messages -- -j4 -l4
[2.175s] Invoking command in '/home/user/high_tide_ws/build/ht_messages': CMAKE_PREFIX_PATH=${CMAKE_PREFIX_PATH}:/home/user/high_tide_ws/install/my_gyro_pkg:/home/user/high_tide_ws/install/ht_core:/opt/ros/humble /usr/bin/cmake --install /home/user/high_tide_ws/build/ht_messages
[2.214s] -- Install configuration: ""
[2.216s] -- Up-to-date: /home/user/high_tide_ws/install/ht_messages/share/ament_index/resource_index/rosidl_interfaces/ht_messages
[2.216s] -- Up-to-date: /home/user/high_tide_ws/install/ht_messages/include/ht_messages/ht_messages
[2.217s] -- Up-to-date: /home/user/high_tide_ws/install/ht_messages/include/ht_messages/ht_messages/msg
[2.217s] -- Up-to-date: /home/user/high_tide_ws/install/ht_messages/include/ht_messages/ht_messages/msg/rosidl_generator_c__visibility_control.h
[2.217s] -- Up-to-date: /home/user/high_tide_ws/install/ht_messages/include/ht_messages/ht_messages/msg/detail
[2.217s] -- Up-to-date: /home/user/high_tide_ws/install/ht_messages/include/ht_messages/ht_messages/msg/detail/example__functions.h
[2.218s] -- Up-to-date: /home/user/high_tide_ws/install/ht_messages/include/ht_messages/ht_messages/msg/detail/example__struct.h
[2.218s] -- Up-to-date: /home/user/high_tide_ws/install/ht_messages/include/ht_messages/ht_messages/msg/detail/example__functions.c
[2.218s] -- Up-to-date: /home/user/high_tide_ws/install/ht_messages/include/ht_messages/ht_messages/msg/detail/example__type_support.h
[2.218s] -- Up-to-date: /home/user/high_tide_ws/install/ht_messages/include/ht_messages/ht_messages/msg/example.h
[2.218s] -- Up-to-date: /home/user/high_tide_ws/install/ht_messages/share/ht_messages/environment/library_path.sh
[2.219s] -- Up-to-date: /home/user/high_tide_ws/install/ht_messages/share/ht_messages/environment/library_path.dsv
[2.219s] -- Up-to-date: /home/user/high_tide_ws/install/ht_messages/lib/libht_messages__rosidl_generator_c.so
[2.219s] -- Up-to-date: /home/user/high_tide_ws/install/ht_messages/include/ht_messages/ht_messages
[2.223s] -- Up-to-date: /home/user/high_tide_ws/install/ht_messages/include/ht_messages/ht_messages/msg
[2.223s] -- Up-to-date: /home/user/high_tide_ws/install/ht_messages/include/ht_messages/ht_messages/msg/rosidl_typesupport_fastrtps_c__visibility_control.h
[2.223s] -- Up-to-date: /home/user/high_tide_ws/install/ht_messages/include/ht_messages/ht_messages/msg/detail
[2.224s] -- Up-to-date: /home/user/high_tide_ws/install/ht_messages/include/ht_messages/ht_messages/msg/detail/example__rosidl_typesupport_fastrtps_c.h
[2.224s] -- Up-to-date: /home/user/high_tide_ws/install/ht_messages/lib/libht_messages__rosidl_typesupport_fastrtps_c.so
[2.225s] -- Up-to-date: /home/user/high_tide_ws/install/ht_messages/include/ht_messages/ht_messages
[2.225s] -- Up-to-date: /home/user/high_tide_ws/install/ht_messages/include/ht_messages/ht_messages/msg
[2.226s] -- Up-to-date: /home/user/high_tide_ws/install/ht_messages/include/ht_messages/ht_messages/msg/detail
[2.226s] -- Up-to-date: /home/user/high_tide_ws/install/ht_messages/include/ht_messages/ht_messages/msg/detail/example__rosidl_typesupport_introspection_c.h
[2.227s] -- Up-to-date: /home/user/high_tide_ws/install/ht_messages/include/ht_messages/ht_messages/msg/detail/example__type_support.c
[2.227s] -- Up-to-date: /home/user/high_tide_ws/install/ht_messages/include/ht_messages/ht_messages/msg/rosidl_typesupport_introspection_c__visibility_control.h
[2.228s] -- Up-to-date: /home/user/high_tide_ws/install/ht_messages/lib/libht_messages__rosidl_typesupport_introspection_c.so
[2.228s] -- Up-to-date: /home/user/high_tide_ws/install/ht_messages/lib/libht_messages__rosidl_typesupport_c.so
[2.228s] -- Up-to-date: /home/user/high_tide_ws/install/ht_messages/include/ht_messages/ht_messages
[2.228s] -- Up-to-date: /home/user/high_tide_ws/install/ht_messages/include/ht_messages/ht_messages/msg
[2.228s] -- Up-to-date: /home/user/high_tide_ws/install/ht_messages/include/ht_messages/ht_messages/msg/rosidl_generator_cpp__visibility_control.hpp
[2.229s] -- Up-to-date: /home/user/high_tide_ws/install/ht_messages/include/ht_messages/ht_messages/msg/example.hpp
[2.229s] -- Up-to-date: /home/user/high_tide_ws/install/ht_messages/include/ht_messages/ht_messages/msg/detail
[2.229s] -- Up-to-date: /home/user/high_tide_ws/install/ht_messages/include/ht_messages/ht_messages/msg/detail/example__struct.hpp
[2.229s] -- Up-to-date: /home/user/high_tide_ws/install/ht_messages/include/ht_messages/ht_messages/msg/detail/example__builder.hpp
[2.229s] -- Up-to-date: /home/user/high_tide_ws/install/ht_messages/include/ht_messages/ht_messages/msg/detail/example__traits.hpp
[2.230s] -- Up-to-date: /home/user/high_tide_ws/install/ht_messages/include/ht_messages/ht_messages/msg/detail/example__type_support.hpp
[2.230s] -- Up-to-date: /home/user/high_tide_ws/install/ht_messages/include/ht_messages/ht_messages
[2.230s] -- Up-to-date: /home/user/high_tide_ws/install/ht_messages/include/ht_messages/ht_messages/msg
[2.230s] -- Up-to-date: /home/user/high_tide_ws/install/ht_messages/include/ht_messages/ht_messages/msg/rosidl_typesupport_fastrtps_cpp__visibility_control.h
[2.230s] -- Up-to-date: /home/user/high_tide_ws/install/ht_messages/include/ht_messages/ht_messages/msg/detail
[2.230s] -- Up-to-date: /home/user/high_tide_ws/install/ht_messages/include/ht_messages/ht_messages/msg/detail/example__rosidl_typesupport_fastrtps_cpp.hpp
[2.231s] -- Up-to-date: /home/user/high_tide_ws/install/ht_messages/include/ht_messages/ht_messages/msg/detail/dds_fastrtps
[2.231s] -- Up-to-date: /home/user/high_tide_ws/install/ht_messages/lib/libht_messages__rosidl_typesupport_fastrtps_cpp.so
[2.233s] -- Up-to-date: /home/user/high_tide_ws/install/ht_messages/include/ht_messages/ht_messages
[2.234s] -- Up-to-date: /home/user/high_tide_ws/install/ht_messages/include/ht_messages/ht_messages/msg
[2.235s] -- Up-to-date: /home/user/high_tide_ws/install/ht_messages/include/ht_messages/ht_messages/msg/detail
[2.236s] -- Up-to-date: /home/user/high_tide_ws/install/ht_messages/include/ht_messages/ht_messages/msg/detail/example__type_support.cpp
[2.241s] -- Up-to-date: /home/user/high_tide_ws/install/ht_messages/include/ht_messages/ht_messages/msg/detail/example__rosidl_typesupport_introspection_cpp.hpp
[2.242s] -- Up-to-date: /home/user/high_tide_ws/install/ht_messages/lib/libht_messages__rosidl_typesupport_introspection_cpp.so
[2.242s] -- Up-to-date: /home/user/high_tide_ws/install/ht_messages/lib/libht_messages__rosidl_typesupport_cpp.so
[2.244s] -- Up-to-date: /home/user/high_tide_ws/install/ht_messages/share/ht_messages/environment/pythonpath.sh
[2.246s] -- Up-to-date: /home/user/high_tide_ws/install/ht_messages/share/ht_messages/environment/pythonpath.dsv
[2.246s] -- Up-to-date: /home/user/high_tide_ws/install/ht_messages/local/lib/python3.10/dist-packages/ht_messages-0.0.0-py3.10.egg-info
[2.248s] -- Installing: /home/user/high_tide_ws/install/ht_messages/local/lib/python3.10/dist-packages/ht_messages-0.0.0-py3.10.egg-info/PKG-INFO
[2.249s] -- Installing: /home/user/high_tide_ws/install/ht_messages/local/lib/python3.10/dist-packages/ht_messages-0.0.0-py3.10.egg-info/dependency_links.txt
[2.249s] -- Installing: /home/user/high_tide_ws/install/ht_messages/local/lib/python3.10/dist-packages/ht_messages-0.0.0-py3.10.egg-info/SOURCES.txt
[2.249s] -- Installing: /home/user/high_tide_ws/install/ht_messages/local/lib/python3.10/dist-packages/ht_messages-0.0.0-py3.10.egg-info/top_level.txt
[2.249s] -- Up-to-date: /home/user/high_tide_ws/install/ht_messages/local/lib/python3.10/dist-packages/ht_messages
[2.249s] -- Up-to-date: /home/user/high_tide_ws/install/ht_messages/local/lib/python3.10/dist-packages/ht_messages/msg
[2.250s] -- Up-to-date: /home/user/high_tide_ws/install/ht_messages/local/lib/python3.10/dist-packages/ht_messages/msg/__init__.py
[2.250s] -- Up-to-date: /home/user/high_tide_ws/install/ht_messages/local/lib/python3.10/dist-packages/ht_messages/msg/_example.py
[2.250s] -- Up-to-date: /home/user/high_tide_ws/install/ht_messages/local/lib/python3.10/dist-packages/ht_messages/msg/_example_s.c
[2.250s] -- Up-to-date: /home/user/high_tide_ws/install/ht_messages/local/lib/python3.10/dist-packages/ht_messages/libht_messages__rosidl_generator_py.so
[2.251s] -- Up-to-date: /home/user/high_tide_ws/install/ht_messages/local/lib/python3.10/dist-packages/ht_messages/ht_messages_s__rosidl_typesupport_introspection_c.cpython-310-aarch64-linux-gnu.so
[2.251s] -- Up-to-date: /home/user/high_tide_ws/install/ht_messages/local/lib/python3.10/dist-packages/ht_messages/_ht_messages_s.ep.rosidl_typesupport_fastrtps_c.c
[2.251s] -- Up-to-date: /home/user/high_tide_ws/install/ht_messages/local/lib/python3.10/dist-packages/ht_messages/_ht_messages_s.ep.rosidl_typesupport_c.c
[2.251s] -- Up-to-date: /home/user/high_tide_ws/install/ht_messages/local/lib/python3.10/dist-packages/ht_messages/ht_messages_s__rosidl_typesupport_fastrtps_c.cpython-310-aarch64-linux-gnu.so
[2.252s] -- Up-to-date: /home/user/high_tide_ws/install/ht_messages/local/lib/python3.10/dist-packages/ht_messages/__init__.py
[2.252s] -- Up-to-date: /home/user/high_tide_ws/install/ht_messages/local/lib/python3.10/dist-packages/ht_messages/_ht_messages_s.ep.rosidl_typesupport_introspection_c.c
[2.252s] -- Up-to-date: /home/user/high_tide_ws/install/ht_messages/local/lib/python3.10/dist-packages/ht_messages/ht_messages_s__rosidl_typesupport_c.cpython-310-aarch64-linux-gnu.so
[2.377s] Listing '/home/user/high_tide_ws/install/ht_messages/local/lib/python3.10/dist-packages/ht_messages'...
[2.378s] Listing '/home/user/high_tide_ws/install/ht_messages/local/lib/python3.10/dist-packages/ht_messages/msg'...
[2.405s] -- Up-to-date: /home/user/high_tide_ws/install/ht_messages/local/lib/python3.10/dist-packages/ht_messages/ht_messages_s__rosidl_typesupport_fastrtps_c.cpython-310-aarch64-linux-gnu.so
[2.406s] -- Up-to-date: /home/user/high_tide_ws/install/ht_messages/local/lib/python3.10/dist-packages/ht_messages/ht_messages_s__rosidl_typesupport_introspection_c.cpython-310-aarch64-linux-gnu.so
[2.408s] -- Up-to-date: /home/user/high_tide_ws/install/ht_messages/local/lib/python3.10/dist-packages/ht_messages/ht_messages_s__rosidl_typesupport_c.cpython-310-aarch64-linux-gnu.so
[2.410s] -- Up-to-date: /home/user/high_tide_ws/install/ht_messages/lib/libht_messages__rosidl_generator_py.so
[2.412s] -- Up-to-date: /home/user/high_tide_ws/install/ht_messages/share/ht_messages/msg/Example.idl
[2.413s] -- Up-to-date: /home/user/high_tide_ws/install/ht_messages/share/ht_messages/msg/Example.msg
[2.415s] -- Up-to-date: /home/user/high_tide_ws/install/ht_messages/share/ament_index/resource_index/package_run_dependencies/ht_messages
[2.416s] -- Up-to-date: /home/user/high_tide_ws/install/ht_messages/share/ament_index/resource_index/parent_prefix_path/ht_messages
[2.417s] -- Up-to-date: /home/user/high_tide_ws/install/ht_messages/share/ht_messages/environment/ament_prefix_path.sh
[2.419s] -- Up-to-date: /home/user/high_tide_ws/install/ht_messages/share/ht_messages/environment/ament_prefix_path.dsv
[2.420s] -- Up-to-date: /home/user/high_tide_ws/install/ht_messages/share/ht_messages/environment/path.sh
[2.421s] -- Up-to-date: /home/user/high_tide_ws/install/ht_messages/share/ht_messages/environment/path.dsv
[2.421s] -- Up-to-date: /home/user/high_tide_ws/install/ht_messages/share/ht_messages/local_setup.bash
[2.422s] -- Up-to-date: /home/user/high_tide_ws/install/ht_messages/share/ht_messages/local_setup.sh
[2.423s] -- Up-to-date: /home/user/high_tide_ws/install/ht_messages/share/ht_messages/local_setup.zsh
[2.427s] -- Up-to-date: /home/user/high_tide_ws/install/ht_messages/share/ht_messages/local_setup.dsv
[2.427s] -- Installing: /home/user/high_tide_ws/install/ht_messages/share/ht_messages/package.dsv
[2.429s] -- Up-to-date: /home/user/high_tide_ws/install/ht_messages/share/ament_index/resource_index/packages/ht_messages
[2.429s] -- Up-to-date: /home/user/high_tide_ws/install/ht_messages/share/ht_messages/cmake/export_ht_messages__rosidl_generator_cExport.cmake
[2.430s] -- Up-to-date: /home/user/high_tide_ws/install/ht_messages/share/ht_messages/cmake/export_ht_messages__rosidl_generator_cExport-noconfig.cmake
[2.431s] -- Up-to-date: /home/user/high_tide_ws/install/ht_messages/share/ht_messages/cmake/export_ht_messages__rosidl_typesupport_fastrtps_cExport.cmake
[2.432s] -- Up-to-date: /home/user/high_tide_ws/install/ht_messages/share/ht_messages/cmake/export_ht_messages__rosidl_typesupport_fastrtps_cExport-noconfig.cmake
[2.434s] -- Up-to-date: /home/user/high_tide_ws/install/ht_messages/share/ht_messages/cmake/ht_messages__rosidl_typesupport_introspection_cExport.cmake
[2.435s] -- Up-to-date: /home/user/high_tide_ws/install/ht_messages/share/ht_messages/cmake/ht_messages__rosidl_typesupport_introspection_cExport-noconfig.cmake
[2.436s] -- Up-to-date: /home/user/high_tide_ws/install/ht_messages/share/ht_messages/cmake/ht_messages__rosidl_typesupport_cExport.cmake
[2.436s] -- Up-to-date: /home/user/high_tide_ws/install/ht_messages/share/ht_messages/cmake/ht_messages__rosidl_typesupport_cExport-noconfig.cmake
[2.437s] -- Up-to-date: /home/user/high_tide_ws/install/ht_messages/share/ht_messages/cmake/export_ht_messages__rosidl_generator_cppExport.cmake
[2.440s] -- Up-to-date: /home/user/high_tide_ws/install/ht_messages/share/ht_messages/cmake/export_ht_messages__rosidl_typesupport_fastrtps_cppExport.cmake
[2.446s] -- Up-to-date: /home/user/high_tide_ws/install/ht_messages/share/ht_messages/cmake/export_ht_messages__rosidl_typesupport_fastrtps_cppExport-noconfig.cmake
[2.448s] -- Up-to-date: /home/user/high_tide_ws/install/ht_messages/share/ht_messages/cmake/ht_messages__rosidl_typesupport_introspection_cppExport.cmake
[2.448s] -- Up-to-date: /home/user/high_tide_ws/install/ht_messages/share/ht_messages/cmake/ht_messages__rosidl_typesupport_introspection_cppExport-noconfig.cmake
[2.449s] -- Up-to-date: /home/user/high_tide_ws/install/ht_messages/share/ht_messages/cmake/ht_messages__rosidl_typesupport_cppExport.cmake
[2.451s] -- Up-to-date: /home/user/high_tide_ws/install/ht_messages/share/ht_messages/cmake/ht_messages__rosidl_typesupport_cppExport-noconfig.cmake
[2.452s] -- Up-to-date: /home/user/high_tide_ws/install/ht_messages/share/ht_messages/cmake/export_ht_messages__rosidl_generator_pyExport.cmake
[2.453s] -- Up-to-date: /home/user/high_tide_ws/install/ht_messages/share/ht_messages/cmake/export_ht_messages__rosidl_generator_pyExport-noconfig.cmake
[2.454s] -- Up-to-date: /home/user/high_tide_ws/install/ht_messages/share/ht_messages/cmake/rosidl_cmake-extras.cmake
[2.454s] -- Up-to-date: /home/user/high_tide_ws/install/ht_messages/share/ht_messages/cmake/ament_cmake_export_dependencies-extras.cmake
[2.455s] -- Up-to-date: /home/user/high_tide_ws/install/ht_messages/share/ht_messages/cmake/ament_cmake_export_include_directories-extras.cmake
[2.456s] -- Up-to-date: /home/user/high_tide_ws/install/ht_messages/share/ht_messages/cmake/ament_cmake_export_libraries-extras.cmake
[2.456s] -- Up-to-date: /home/user/high_tide_ws/install/ht_messages/share/ht_messages/cmake/ament_cmake_export_targets-extras.cmake
[2.457s] -- Up-to-date: /home/user/high_tide_ws/install/ht_messages/share/ht_messages/cmake/rosidl_cmake_export_typesupport_targets-extras.cmake
[2.458s] -- Up-to-date: /home/user/high_tide_ws/install/ht_messages/share/ht_messages/cmake/rosidl_cmake_export_typesupport_libraries-extras.cmake
[2.459s] -- Up-to-date: /home/user/high_tide_ws/install/ht_messages/share/ht_messages/cmake/ht_messagesConfig.cmake
[2.459s] -- Up-to-date: /home/user/high_tide_ws/install/ht_messages/share/ht_messages/cmake/ht_messagesConfig-version.cmake
[2.459s] -- Up-to-date: /home/user/high_tide_ws/install/ht_messages/share/ht_messages/package.xml
[2.476s] Invoked command in '/home/user/high_tide_ws/build/ht_messages' returned '0': CMAKE_PREFIX_PATH=${CMAKE_PREFIX_PATH}:/home/user/high_tide_ws/install/my_gyro_pkg:/home/user/high_tide_ws/install/ht_core:/opt/ros/humble /usr/bin/cmake --install /home/user/high_tide_ws/build/ht_messages
