[0.828s] Invoking command in '/home/user/high_tide_ws/build/ht_messages': CMAKE_PREFIX_PATH=${CMAKE_PREFIX_PATH}:/home/user/high_tide_ws/install/my_gyro_pkg:/home/user/high_tide_ws/install/ht_core:/opt/ros/humble /usr/bin/cmake --build /home/user/high_tide_ws/build/ht_messages -- -j4 -l4
[0.956s] [  3%] Built target ht_messages__cpp
[1.002s] [  3%] Built target ament_cmake_python_copy_ht_messages
[1.022s] [ 12%] Built target ht_messages__rosidl_generator_c
[1.053s] [ 22%] Built target ht_messages__rosidl_typesupport_fastrtps_cpp
[1.066s] [ 32%] Built target ht_messages__rosidl_typesupport_cpp
[1.084s] [ 41%] Built target ht_messages__rosidl_typesupport_introspection_cpp
[1.153s] [ 51%] Built target ht_messages__rosidl_typesupport_fastrtps_c
[1.179s] [ 61%] Built target ht_messages__rosidl_typesupport_introspection_c
[1.205s] [ 70%] Built target ht_messages__rosidl_typesupport_c
[1.275s] [ 70%] Built target ht_messages
[1.357s] [ 74%] Built target ht_messages__py
[1.437s] [ 80%] Built target ht_messages__rosidl_generator_py
[1.540s] [ 87%] Built target ht_messages__rosidl_typesupport_fastrtps_c__pyext
[1.554s] [ 93%] Built target ht_messages__rosidl_typesupport_c__pyext
[1.580s] [100%] Built target ht_messages__rosidl_typesupport_introspection_c__pyext
[1.851s] running egg_info
[1.854s] writing ht_messages.egg-info/PKG-INFO
[1.854s] writing dependency_links to ht_messages.egg-info/dependency_links.txt
[1.855s] writing top-level names to ht_messages.egg-info/top_level.txt
[1.862s] reading manifest file 'ht_messages.egg-info/SOURCES.txt'
[1.864s] writing manifest file 'ht_messages.egg-info/SOURCES.txt'
[1.962s] [100%] Built target ament_cmake_python_build_ht_messages_egg
[1.998s] Invoked command in '/home/user/high_tide_ws/build/ht_messages' returned '0': CMAKE_PREFIX_PATH=${CMAKE_PREFIX_PATH}:/home/user/high_tide_ws/install/my_gyro_pkg:/home/user/high_tide_ws/install/ht_core:/opt/ros/humble /usr/bin/cmake --build /home/user/high_tide_ws/build/ht_messages -- -j4 -l4
[2.025s] Invoking command in '/home/user/high_tide_ws/build/ht_messages': CMAKE_PREFIX_PATH=${CMAKE_PREFIX_PATH}:/home/user/high_tide_ws/install/my_gyro_pkg:/home/user/high_tide_ws/install/ht_core:/opt/ros/humble /usr/bin/cmake --install /home/user/high_tide_ws/build/ht_messages
[2.050s] -- Install configuration: ""
[2.050s] -- Up-to-date: /home/user/high_tide_ws/install/ht_messages/share/ament_index/resource_index/rosidl_interfaces/ht_messages
[2.051s] -- Up-to-date: /home/user/high_tide_ws/install/ht_messages/include/ht_messages/ht_messages
[2.053s] -- Up-to-date: /home/user/high_tide_ws/install/ht_messages/include/ht_messages/ht_messages/msg
[2.054s] -- Up-to-date: /home/user/high_tide_ws/install/ht_messages/include/ht_messages/ht_messages/msg/rosidl_generator_c__visibility_control.h
[2.054s] -- Up-to-date: /home/user/high_tide_ws/install/ht_messages/include/ht_messages/ht_messages/msg/detail
[2.056s] -- Up-to-date: /home/user/high_tide_ws/install/ht_messages/include/ht_messages/ht_messages/msg/detail/example__functions.h
[2.056s] -- Up-to-date: /home/user/high_tide_ws/install/ht_messages/include/ht_messages/ht_messages/msg/detail/example__struct.h
[2.057s] -- Up-to-date: /home/user/high_tide_ws/install/ht_messages/include/ht_messages/ht_messages/msg/detail/example__functions.c
[2.060s] -- Up-to-date: /home/user/high_tide_ws/install/ht_messages/include/ht_messages/ht_messages/msg/detail/example__type_support.h
[2.062s] -- Up-to-date: /home/user/high_tide_ws/install/ht_messages/include/ht_messages/ht_messages/msg/example.h
[2.063s] -- Up-to-date: /home/user/high_tide_ws/install/ht_messages/share/ht_messages/environment/library_path.sh
[2.063s] -- Up-to-date: /home/user/high_tide_ws/install/ht_messages/share/ht_messages/environment/library_path.dsv
[2.064s] -- Up-to-date: /home/user/high_tide_ws/install/ht_messages/lib/libht_messages__rosidl_generator_c.so
[2.067s] -- Up-to-date: /home/user/high_tide_ws/install/ht_messages/include/ht_messages/ht_messages
[2.067s] -- Up-to-date: /home/user/high_tide_ws/install/ht_messages/include/ht_messages/ht_messages/msg
[2.069s] -- Up-to-date: /home/user/high_tide_ws/install/ht_messages/include/ht_messages/ht_messages/msg/rosidl_typesupport_fastrtps_c__visibility_control.h
[2.069s] -- Up-to-date: /home/user/high_tide_ws/install/ht_messages/include/ht_messages/ht_messages/msg/detail
[2.071s] -- Up-to-date: /home/user/high_tide_ws/install/ht_messages/include/ht_messages/ht_messages/msg/detail/example__rosidl_typesupport_fastrtps_c.h
[2.072s] -- Up-to-date: /home/user/high_tide_ws/install/ht_messages/lib/libht_messages__rosidl_typesupport_fastrtps_c.so
[2.072s] -- Up-to-date: /home/user/high_tide_ws/install/ht_messages/include/ht_messages/ht_messages
[2.072s] -- Up-to-date: /home/user/high_tide_ws/install/ht_messages/include/ht_messages/ht_messages/msg
[2.072s] -- Up-to-date: /home/user/high_tide_ws/install/ht_messages/include/ht_messages/ht_messages/msg/detail
[2.072s] -- Up-to-date: /home/user/high_tide_ws/install/ht_messages/include/ht_messages/ht_messages/msg/detail/example__rosidl_typesupport_introspection_c.h
[2.073s] -- Up-to-date: /home/user/high_tide_ws/install/ht_messages/include/ht_messages/ht_messages/msg/detail/example__type_support.c
[2.073s] -- Up-to-date: /home/user/high_tide_ws/install/ht_messages/include/ht_messages/ht_messages/msg/rosidl_typesupport_introspection_c__visibility_control.h
[2.073s] -- Up-to-date: /home/user/high_tide_ws/install/ht_messages/lib/libht_messages__rosidl_typesupport_introspection_c.so
[2.073s] -- Up-to-date: /home/user/high_tide_ws/install/ht_messages/lib/libht_messages__rosidl_typesupport_c.so
[2.074s] -- Up-to-date: /home/user/high_tide_ws/install/ht_messages/include/ht_messages/ht_messages
[2.074s] -- Up-to-date: /home/user/high_tide_ws/install/ht_messages/include/ht_messages/ht_messages/msg
[2.074s] -- Up-to-date: /home/user/high_tide_ws/install/ht_messages/include/ht_messages/ht_messages/msg/rosidl_generator_cpp__visibility_control.hpp
[2.074s] -- Up-to-date: /home/user/high_tide_ws/install/ht_messages/include/ht_messages/ht_messages/msg/example.hpp
[2.074s] -- Up-to-date: /home/user/high_tide_ws/install/ht_messages/include/ht_messages/ht_messages/msg/detail
[2.074s] -- Up-to-date: /home/user/high_tide_ws/install/ht_messages/include/ht_messages/ht_messages/msg/detail/example__struct.hpp
[2.075s] -- Up-to-date: /home/user/high_tide_ws/install/ht_messages/include/ht_messages/ht_messages/msg/detail/example__builder.hpp
[2.075s] -- Up-to-date: /home/user/high_tide_ws/install/ht_messages/include/ht_messages/ht_messages/msg/detail/example__traits.hpp
[2.075s] -- Up-to-date: /home/user/high_tide_ws/install/ht_messages/include/ht_messages/ht_messages/msg/detail/example__type_support.hpp
[2.075s] -- Up-to-date: /home/user/high_tide_ws/install/ht_messages/include/ht_messages/ht_messages
[2.075s] -- Up-to-date: /home/user/high_tide_ws/install/ht_messages/include/ht_messages/ht_messages/msg
[2.076s] -- Up-to-date: /home/user/high_tide_ws/install/ht_messages/include/ht_messages/ht_messages/msg/rosidl_typesupport_fastrtps_cpp__visibility_control.h
[2.076s] -- Up-to-date: /home/user/high_tide_ws/install/ht_messages/include/ht_messages/ht_messages/msg/detail
[2.076s] -- Up-to-date: /home/user/high_tide_ws/install/ht_messages/include/ht_messages/ht_messages/msg/detail/example__rosidl_typesupport_fastrtps_cpp.hpp
[2.076s] -- Up-to-date: /home/user/high_tide_ws/install/ht_messages/include/ht_messages/ht_messages/msg/detail/dds_fastrtps
[2.076s] -- Up-to-date: /home/user/high_tide_ws/install/ht_messages/lib/libht_messages__rosidl_typesupport_fastrtps_cpp.so
[2.077s] -- Up-to-date: /home/user/high_tide_ws/install/ht_messages/include/ht_messages/ht_messages
[2.077s] -- Up-to-date: /home/user/high_tide_ws/install/ht_messages/include/ht_messages/ht_messages/msg
[2.077s] -- Up-to-date: /home/user/high_tide_ws/install/ht_messages/include/ht_messages/ht_messages/msg/detail
[2.077s] -- Up-to-date: /home/user/high_tide_ws/install/ht_messages/include/ht_messages/ht_messages/msg/detail/example__type_support.cpp
[2.077s] -- Up-to-date: /home/user/high_tide_ws/install/ht_messages/include/ht_messages/ht_messages/msg/detail/example__rosidl_typesupport_introspection_cpp.hpp
[2.078s] -- Up-to-date: /home/user/high_tide_ws/install/ht_messages/lib/libht_messages__rosidl_typesupport_introspection_cpp.so
[2.078s] -- Up-to-date: /home/user/high_tide_ws/install/ht_messages/lib/libht_messages__rosidl_typesupport_cpp.so
[2.078s] -- Up-to-date: /home/user/high_tide_ws/install/ht_messages/share/ht_messages/environment/pythonpath.sh
[2.078s] -- Up-to-date: /home/user/high_tide_ws/install/ht_messages/share/ht_messages/environment/pythonpath.dsv
[2.078s] -- Up-to-date: /home/user/high_tide_ws/install/ht_messages/local/lib/python3.10/dist-packages/ht_messages-0.0.0-py3.10.egg-info
[2.078s] -- Installing: /home/user/high_tide_ws/install/ht_messages/local/lib/python3.10/dist-packages/ht_messages-0.0.0-py3.10.egg-info/PKG-INFO
[2.097s] -- Installing: /home/user/high_tide_ws/install/ht_messages/local/lib/python3.10/dist-packages/ht_messages-0.0.0-py3.10.egg-info/dependency_links.txt
[2.098s] -- Installing: /home/user/high_tide_ws/install/ht_messages/local/lib/python3.10/dist-packages/ht_messages-0.0.0-py3.10.egg-info/SOURCES.txt
[2.098s] -- Installing: /home/user/high_tide_ws/install/ht_messages/local/lib/python3.10/dist-packages/ht_messages-0.0.0-py3.10.egg-info/top_level.txt
[2.099s] -- Up-to-date: /home/user/high_tide_ws/install/ht_messages/local/lib/python3.10/dist-packages/ht_messages
[2.099s] -- Up-to-date: /home/user/high_tide_ws/install/ht_messages/local/lib/python3.10/dist-packages/ht_messages/msg
[2.099s] -- Up-to-date: /home/user/high_tide_ws/install/ht_messages/local/lib/python3.10/dist-packages/ht_messages/msg/__init__.py
[2.099s] -- Up-to-date: /home/user/high_tide_ws/install/ht_messages/local/lib/python3.10/dist-packages/ht_messages/msg/_example.py
[2.100s] -- Up-to-date: /home/user/high_tide_ws/install/ht_messages/local/lib/python3.10/dist-packages/ht_messages/msg/_example_s.c
[2.100s] -- Up-to-date: /home/user/high_tide_ws/install/ht_messages/local/lib/python3.10/dist-packages/ht_messages/libht_messages__rosidl_generator_py.so
[2.100s] -- Up-to-date: /home/user/high_tide_ws/install/ht_messages/local/lib/python3.10/dist-packages/ht_messages/ht_messages_s__rosidl_typesupport_introspection_c.cpython-310-aarch64-linux-gnu.so
[2.100s] -- Up-to-date: /home/user/high_tide_ws/install/ht_messages/local/lib/python3.10/dist-packages/ht_messages/_ht_messages_s.ep.rosidl_typesupport_fastrtps_c.c
[2.100s] -- Up-to-date: /home/user/high_tide_ws/install/ht_messages/local/lib/python3.10/dist-packages/ht_messages/_ht_messages_s.ep.rosidl_typesupport_c.c
[2.101s] -- Up-to-date: /home/user/high_tide_ws/install/ht_messages/local/lib/python3.10/dist-packages/ht_messages/ht_messages_s__rosidl_typesupport_fastrtps_c.cpython-310-aarch64-linux-gnu.so
[2.101s] -- Up-to-date: /home/user/high_tide_ws/install/ht_messages/local/lib/python3.10/dist-packages/ht_messages/__init__.py
[2.101s] -- Up-to-date: /home/user/high_tide_ws/install/ht_messages/local/lib/python3.10/dist-packages/ht_messages/_ht_messages_s.ep.rosidl_typesupport_introspection_c.c
[2.101s] -- Up-to-date: /home/user/high_tide_ws/install/ht_messages/local/lib/python3.10/dist-packages/ht_messages/ht_messages_s__rosidl_typesupport_c.cpython-310-aarch64-linux-gnu.so
[2.174s] Listing '/home/user/high_tide_ws/install/ht_messages/local/lib/python3.10/dist-packages/ht_messages'...
[2.174s] Listing '/home/user/high_tide_ws/install/ht_messages/local/lib/python3.10/dist-packages/ht_messages/msg'...
[2.193s] -- Up-to-date: /home/user/high_tide_ws/install/ht_messages/local/lib/python3.10/dist-packages/ht_messages/ht_messages_s__rosidl_typesupport_fastrtps_c.cpython-310-aarch64-linux-gnu.so
[2.194s] -- Up-to-date: /home/user/high_tide_ws/install/ht_messages/local/lib/python3.10/dist-packages/ht_messages/ht_messages_s__rosidl_typesupport_introspection_c.cpython-310-aarch64-linux-gnu.so
[2.195s] -- Up-to-date: /home/user/high_tide_ws/install/ht_messages/local/lib/python3.10/dist-packages/ht_messages/ht_messages_s__rosidl_typesupport_c.cpython-310-aarch64-linux-gnu.so
[2.196s] -- Up-to-date: /home/user/high_tide_ws/install/ht_messages/lib/libht_messages__rosidl_generator_py.so
[2.197s] -- Up-to-date: /home/user/high_tide_ws/install/ht_messages/share/ht_messages/msg/Example.idl
[2.199s] -- Up-to-date: /home/user/high_tide_ws/install/ht_messages/share/ht_messages/msg/Example.msg
[2.199s] -- Up-to-date: /home/user/high_tide_ws/install/ht_messages/share/ament_index/resource_index/package_run_dependencies/ht_messages
[2.204s] -- Up-to-date: /home/user/high_tide_ws/install/ht_messages/share/ament_index/resource_index/parent_prefix_path/ht_messages
[2.204s] -- Up-to-date: /home/user/high_tide_ws/install/ht_messages/share/ht_messages/environment/ament_prefix_path.sh
[2.205s] -- Up-to-date: /home/user/high_tide_ws/install/ht_messages/share/ht_messages/environment/ament_prefix_path.dsv
[2.205s] -- Up-to-date: /home/user/high_tide_ws/install/ht_messages/share/ht_messages/environment/path.sh
[2.205s] -- Up-to-date: /home/user/high_tide_ws/install/ht_messages/share/ht_messages/environment/path.dsv
[2.209s] -- Up-to-date: /home/user/high_tide_ws/install/ht_messages/share/ht_messages/local_setup.bash
[2.212s] -- Up-to-date: /home/user/high_tide_ws/install/ht_messages/share/ht_messages/local_setup.sh
[2.214s] -- Up-to-date: /home/user/high_tide_ws/install/ht_messages/share/ht_messages/local_setup.zsh
[2.214s] -- Up-to-date: /home/user/high_tide_ws/install/ht_messages/share/ht_messages/local_setup.dsv
[2.215s] -- Installing: /home/user/high_tide_ws/install/ht_messages/share/ht_messages/package.dsv
[2.215s] -- Up-to-date: /home/user/high_tide_ws/install/ht_messages/share/ament_index/resource_index/packages/ht_messages
[2.215s] -- Up-to-date: /home/user/high_tide_ws/install/ht_messages/share/ht_messages/cmake/export_ht_messages__rosidl_generator_cExport.cmake
[2.215s] -- Up-to-date: /home/user/high_tide_ws/install/ht_messages/share/ht_messages/cmake/export_ht_messages__rosidl_generator_cExport-noconfig.cmake
[2.216s] -- Up-to-date: /home/user/high_tide_ws/install/ht_messages/share/ht_messages/cmake/export_ht_messages__rosidl_typesupport_fastrtps_cExport.cmake
[2.216s] -- Up-to-date: /home/user/high_tide_ws/install/ht_messages/share/ht_messages/cmake/export_ht_messages__rosidl_typesupport_fastrtps_cExport-noconfig.cmake
[2.216s] -- Up-to-date: /home/user/high_tide_ws/install/ht_messages/share/ht_messages/cmake/ht_messages__rosidl_typesupport_introspection_cExport.cmake
[2.216s] -- Up-to-date: /home/user/high_tide_ws/install/ht_messages/share/ht_messages/cmake/ht_messages__rosidl_typesupport_introspection_cExport-noconfig.cmake
[2.216s] -- Up-to-date: /home/user/high_tide_ws/install/ht_messages/share/ht_messages/cmake/ht_messages__rosidl_typesupport_cExport.cmake
[2.217s] -- Up-to-date: /home/user/high_tide_ws/install/ht_messages/share/ht_messages/cmake/ht_messages__rosidl_typesupport_cExport-noconfig.cmake
[2.217s] -- Up-to-date: /home/user/high_tide_ws/install/ht_messages/share/ht_messages/cmake/export_ht_messages__rosidl_generator_cppExport.cmake
[2.217s] -- Up-to-date: /home/user/high_tide_ws/install/ht_messages/share/ht_messages/cmake/export_ht_messages__rosidl_typesupport_fastrtps_cppExport.cmake
[2.217s] -- Up-to-date: /home/user/high_tide_ws/install/ht_messages/share/ht_messages/cmake/export_ht_messages__rosidl_typesupport_fastrtps_cppExport-noconfig.cmake
[2.217s] -- Up-to-date: /home/user/high_tide_ws/install/ht_messages/share/ht_messages/cmake/ht_messages__rosidl_typesupport_introspection_cppExport.cmake
[2.218s] -- Up-to-date: /home/user/high_tide_ws/install/ht_messages/share/ht_messages/cmake/ht_messages__rosidl_typesupport_introspection_cppExport-noconfig.cmake
[2.222s] -- Up-to-date: /home/user/high_tide_ws/install/ht_messages/share/ht_messages/cmake/ht_messages__rosidl_typesupport_cppExport.cmake
[2.222s] -- Up-to-date: /home/user/high_tide_ws/install/ht_messages/share/ht_messages/cmake/ht_messages__rosidl_typesupport_cppExport-noconfig.cmake
[2.222s] -- Up-to-date: /home/user/high_tide_ws/install/ht_messages/share/ht_messages/cmake/export_ht_messages__rosidl_generator_pyExport.cmake
[2.222s] -- Up-to-date: /home/user/high_tide_ws/install/ht_messages/share/ht_messages/cmake/export_ht_messages__rosidl_generator_pyExport-noconfig.cmake
[2.223s] -- Up-to-date: /home/user/high_tide_ws/install/ht_messages/share/ht_messages/cmake/rosidl_cmake-extras.cmake
[2.223s] -- Up-to-date: /home/user/high_tide_ws/install/ht_messages/share/ht_messages/cmake/ament_cmake_export_dependencies-extras.cmake
[2.223s] -- Up-to-date: /home/user/high_tide_ws/install/ht_messages/share/ht_messages/cmake/ament_cmake_export_include_directories-extras.cmake
[2.223s] -- Up-to-date: /home/user/high_tide_ws/install/ht_messages/share/ht_messages/cmake/ament_cmake_export_libraries-extras.cmake
[2.223s] -- Up-to-date: /home/user/high_tide_ws/install/ht_messages/share/ht_messages/cmake/ament_cmake_export_targets-extras.cmake
[2.224s] -- Up-to-date: /home/user/high_tide_ws/install/ht_messages/share/ht_messages/cmake/rosidl_cmake_export_typesupport_targets-extras.cmake
[2.224s] -- Up-to-date: /home/user/high_tide_ws/install/ht_messages/share/ht_messages/cmake/rosidl_cmake_export_typesupport_libraries-extras.cmake
[2.224s] -- Up-to-date: /home/user/high_tide_ws/install/ht_messages/share/ht_messages/cmake/ht_messagesConfig.cmake
[2.224s] -- Up-to-date: /home/user/high_tide_ws/install/ht_messages/share/ht_messages/cmake/ht_messagesConfig-version.cmake
[2.224s] -- Up-to-date: /home/user/high_tide_ws/install/ht_messages/share/ht_messages/package.xml
[2.242s] Invoked command in '/home/user/high_tide_ws/build/ht_messages' returned '0': CMAKE_PREFIX_PATH=${CMAKE_PREFIX_PATH}:/home/user/high_tide_ws/install/my_gyro_pkg:/home/user/high_tide_ws/install/ht_core:/opt/ros/humble /usr/bin/cmake --install /home/user/high_tide_ws/build/ht_messages
